Creating Junction Tree
DONE creating Junction Tree
Segment 0, after CE, log(prob(evidence)) = -1501.217223, per frame =-1.698210, per numUFrams = -1.698210
EMIter0: Total data log prob from 884 frames processed is: -1.501217223e+03
NOTE: storing current accumulators (from training 1 segments) to file 'accumulators/acc_0_1_32comp.data' and exiting.
WARNING: zero accumulator values for mean vector 'mean0_cl2_cl0_cl0'
WARNING: zero accumulator values for mean vector 'mean0_cl1_cl1_cl0'
WARNING: zero accumulator values for mean vector 'mean0_cl0_cl2_cl0'
WARNING: zero accumulator values for mean vector 'mean0_cl0_cl1_cl0'
WARNING: zero accumulator values for mean vector 'mean0_cl0_cl0_cl0_cl0'
WARNING: zero accumulator values for mean vector 'mean1_cl2_cl0'
WARNING: zero accumulator values for mean vector 'mean1_cl1_cl0_cl0_cl0'
WARNING: zero accumulator values for mean vector 'mean1_cl0_cl2_cl0'
WARNING: zero accumulator values for mean vector 'mean1_cl0_cl1_cl0'
WARNING: zero accumulator values for covariance vector 'covar0_cl2_cl0_cl0'
WARNING: zero accumulator values for covariance vector 'covar0_cl1_cl1_cl0'
WARNING: zero accumulator values for covariance vector 'covar0_cl0_cl2_cl0'
WARNING: zero accumulator values for covariance vector 'covar0_cl0_cl1_cl0'
WARNING: zero accumulator values for covariance vector 'covar0_cl0_cl0_cl0_cl0'
WARNING: zero accumulator values for covariance vector 'covar1_cl2_cl0'
WARNING: zero accumulator values for covariance vector 'covar1_cl1_cl0_cl0_cl0'
WARNING: zero accumulator values for covariance vector 'covar1_cl0_cl2_cl0'
WARNING: zero accumulator values for covariance vector 'covar1_cl0_cl1_cl0'
WARNING: zero accumulator values for Diag Gaussian 'gc_0_cl2_cl0_cl0'
WARNING: zero accumulator values for Diag Gaussian 'gc_0_cl1_cl1_cl0'
WARNING: zero accumulator values for Diag Gaussian 'gc_0_cl0_cl2_cl0'
WARNING: zero accumulator values for Diag Gaussian 'gc_0_cl0_cl1_cl0'
WARNING: zero accumulator values for Diag Gaussian 'gc_0_cl0_cl0_cl0_cl0'
WARNING: zero accumulator values for Diag Gaussian 'gc_1_cl2_cl0'
WARNING: zero accumulator values for Diag Gaussian 'gc_1_cl1_cl0_cl0_cl0'
WARNING: zero accumulator values for Diag Gaussian 'gc_1_cl0_cl2_cl0'
WARNING: zero accumulator values for Diag Gaussian 'gc_1_cl0_cl1_cl0'
____ PROGRAM ENDED SUCCESSFULLY WITH STATUS 0 AT Monday August 10 2015, 02:51:53 PDT ____
