Creating Junction Tree
DONE creating Junction Tree
Loading accumulators from 'accumulators/acc_0_9_64comp.data'
WARNING: covariance vector named 'covar1_cl5' had 25 variances floored, minimum variance found was -4.938215e-07.
WARNING: covariance vector named 'covar1_cl4' had 25 variances floored, minimum variance found was -4.061276e-07.
WARNING: covariance vector named 'covar1_cl2' had 25 variances floored, minimum variance found was -7.923438e-08.
WARNING: covariance vector named 'covar1_cl1_cl4' had 25 variances floored, minimum variance found was -2.367937e-07.
WARNING: covariance vector named 'covar1_cl1_cl3' had 25 variances floored, minimum variance found was -1.149597e-07.
WARNING: covariance vector named 'covar1_cl1_cl2_cl0' had 25 variances floored, minimum variance found was -1.779094e-07.
WARNING: covariance vector named 'covar1_cl1_cl1' had 2 variances floored, minimum variance found was 1.455416e-06.
WARNING: covariance vector named 'covar1_cl1_cl1_cl0' had 25 variances floored, minimum variance found was -9.243040e-08.
WARNING: covariance vector named 'covar1_cl1_cl0_cl1' had 25 variances floored, minimum variance found was -5.487618e-08.
WARNING: covariance vector named 'covar1_cl1_cl0_cl0' had 25 variances floored, minimum variance found was -1.765419e-07.
WARNING: covariance vector named 'covar1_cl0_cl4' had 25 variances floored, minimum variance found was -1.112536e-07.
WARNING: covariance vector named 'covar1_cl0_cl3' had 2 variances floored, minimum variance found was -3.721739e-09.
WARNING: covariance vector named 'covar1_cl0_cl1' had 25 variances floored, minimum variance found was -2.080988e-07.
WARNING: covariance vector named 'covar1_cl0_cl0_cl3' had 25 variances floored, minimum variance found was -6.925981e-08.
WARNING: covariance vector named 'covar1_cl0_cl0_cl2' had 1 variances floored, minimum variance found was 3.130730e-06.
WARNING: covariance vector named 'covar1_cl0_cl0_cl1_cl1' had 1 variances floored, minimum variance found was 1.429950e-06.
WARNING: covariance vector named 'covar1_cl0_cl0_cl1_cl0' had 25 variances floored, minimum variance found was -9.069226e-08.
WARNING: covariance vector named 'covar1_cl0_cl0_cl0_cl1' had 25 variances floored, minimum variance found was -1.125550e-07.
WARNING: covariance vector named 'covar1_cl0_cl0_cl0_cl0' had 1 variances floored, minimum variance found was 9.828410e-06.
Maximum number of EM iterations reached (1). Stopping
### Final time (seconds) just for EM stage: User: 0.002137, System: 0.000550, CPU 0.002687
____ PROGRAM ENDED SUCCESSFULLY WITH STATUS 0 AT Monday August 10 2015, 02:51:56 PDT ____
