Creating Junction Tree
DONE creating Junction Tree
Loading accumulators from 'accumulators/acc_0_10_64comp.data'
WARNING: covariance vector named 'covar1_cl5' had 25 variances floored, minimum variance found was -4.938176e-07.
WARNING: covariance vector named 'covar1_cl4' had 25 variances floored, minimum variance found was -4.061276e-07.
WARNING: covariance vector named 'covar1_cl2' had 25 variances floored, minimum variance found was -7.923438e-08.
WARNING: covariance vector named 'covar1_cl1_cl4' had 25 variances floored, minimum variance found was -2.367913e-07.
WARNING: covariance vector named 'covar1_cl1_cl3' had 25 variances floored, minimum variance found was -1.149585e-07.
WARNING: covariance vector named 'covar1_cl1_cl2_cl0' had 25 variances floored, minimum variance found was -1.779050e-07.
WARNING: covariance vector named 'covar1_cl1_cl1' had 2 variances floored, minimum variance found was 1.455418e-06.
WARNING: covariance vector named 'covar1_cl1_cl1_cl0' had 25 variances floored, minimum variance found was -9.242898e-08.
WARNING: covariance vector named 'covar1_cl1_cl0_cl1' had 25 variances floored, minimum variance found was -5.487530e-08.
WARNING: covariance vector named 'covar1_cl1_cl0_cl0' had 25 variances floored, minimum variance found was -1.765390e-07.
WARNING: covariance vector named 'covar1_cl0_cl4' had 25 variances floored, minimum variance found was -9.710007e-08.
WARNING: covariance vector named 'covar1_cl0_cl3' had 2 variances floored, minimum variance found was -3.721513e-09.
WARNING: covariance vector named 'covar1_cl0_cl1' had 25 variances floored, minimum variance found was -2.080874e-07.
WARNING: covariance vector named 'covar1_cl0_cl0_cl3' had 25 variances floored, minimum variance found was -6.925877e-08.
WARNING: covariance vector named 'covar1_cl0_cl0_cl2' had 1 variances floored, minimum variance found was 3.130730e-06.
WARNING: covariance vector named 'covar1_cl0_cl0_cl1_cl1' had 1 variances floored, minimum variance found was 1.429950e-06.
WARNING: covariance vector named 'covar1_cl0_cl0_cl1_cl0' had 25 variances floored, minimum variance found was -9.069125e-08.
WARNING: covariance vector named 'covar1_cl0_cl0_cl0_cl1' had 25 variances floored, minimum variance found was -1.125539e-07.
WARNING: covariance vector named 'covar1_cl0_cl0_cl0_cl0' had 1 variances floored, minimum variance found was 9.828410e-06.
Maximum number of EM iterations reached (1). Stopping
### Final time (seconds) just for EM stage: User: 0.002069, System: 0.000636, CPU 0.002705
____ PROGRAM ENDED SUCCESSFULLY WITH STATUS 0 AT Monday August 10 2015, 02:51:56 PDT ____
