Creating Junction Tree
DONE creating Junction Tree
Loading accumulators from 'accumulators/acc_0_1_32comp.data'
WARNING: Gaussian Component named 'gc_0_cl2_cl0_cl0' did not receive any accumulated probability in EM iteration. Global missed increment count is 0. Also check child mean 'mean0_cl2_cl0_cl0' and covar 'covar0_cl2_cl0_cl0'
WARNING: Mean vec 'mean0_cl2_cl0_cl0' received only -1.000000e+17 accumulated log probability (min is -6.000000e+02) in EM iteration, using previous meansWARNING: Diag covariance vec 'covar0_cl2_cl0_cl0' received only -1.000000e+17 accumulated log probability (min is -6.000000e+02) in EM iteration, using previous values.WARNING: covariance vector named 'covar0_cl1_cl1' had 25 variances floored, minimum variance found was -1.837529e-06.
WARNING: Gaussian Component named 'gc_0_cl1_cl1_cl0' did not receive any accumulated probability in EM iteration. Global missed increment count is 0. Also check child mean 'mean0_cl1_cl1_cl0' and covar 'covar0_cl1_cl1_cl0'
WARNING: Mean vec 'mean0_cl1_cl1_cl0' received only -1.000000e+17 accumulated log probability (min is -6.000000e+02) in EM iteration, using previous meansWARNING: Diag covariance vec 'covar0_cl1_cl1_cl0' received only -1.000000e+17 accumulated log probability (min is -6.000000e+02) in EM iteration, using previous values.WARNING: covariance vector named 'covar0_cl1_cl0' had 1 variances floored, minimum variance found was 4.153826e-06.
WARNING: Gaussian Component named 'gc_0_cl0_cl2_cl0' did not receive any accumulated probability in EM iteration. Global missed increment count is 0. Also check child mean 'mean0_cl0_cl2_cl0' and covar 'covar0_cl0_cl2_cl0'
WARNING: Mean vec 'mean0_cl0_cl2_cl0' received only -1.000000e+17 accumulated log probability (min is -6.000000e+02) in EM iteration, using previous meansWARNING: Diag covariance vec 'covar0_cl0_cl2_cl0' received only -1.000000e+17 accumulated log probability (min is -6.000000e+02) in EM iteration, using previous values.WARNING: covariance vector named 'covar0_cl0_cl1' had 2 variances floored, minimum variance found was 2.319239e-07.
WARNING: Gaussian Component named 'gc_0_cl0_cl1_cl0' did not receive any accumulated probability in EM iteration. Global missed increment count is 0. Also check child mean 'mean0_cl0_cl1_cl0' and covar 'covar0_cl0_cl1_cl0'
WARNING: Mean vec 'mean0_cl0_cl1_cl0' received only -1.000000e+17 accumulated log probability (min is -6.000000e+02) in EM iteration, using previous meansWARNING: Diag covariance vec 'covar0_cl0_cl1_cl0' received only -1.000000e+17 accumulated log probability (min is -6.000000e+02) in EM iteration, using previous values.WARNING: covariance vector named 'covar0_cl0_cl0' had 17 variances floored, minimum variance found was 5.237155e-08.
WARNING: covariance vector named 'covar0_cl0_cl0_cl2' had 3 variances floored, minimum variance found was 2.760043e-06.
WARNING: covariance vector named 'covar0_cl0_cl0_cl1' had 17 variances floored, minimum variance found was -4.755420e-08.
WARNING: covariance vector named 'covar0_cl0_cl0_cl1_cl0' had 18 variances floored, minimum variance found was -1.093817e-09.
WARNING: covariance vector named 'covar0_cl0_cl0_cl0' had 25 variances floored, minimum variance found was -5.108723e-08.
WARNING: Gaussian Component named 'gc_0_cl0_cl0_cl0_cl0' did not receive any accumulated probability in EM iteration. Global missed increment count is 0. Also check child mean 'mean0_cl0_cl0_cl0_cl0' and covar 'covar0_cl0_cl0_cl0_cl0'
WARNING: Mean vec 'mean0_cl0_cl0_cl0_cl0' received only -1.000000e+17 accumulated log probability (min is -6.000000e+02) in EM iteration, using previous meansWARNING: Diag covariance vec 'covar0_cl0_cl0_cl0_cl0' received only -1.000000e+17 accumulated log probability (min is -6.000000e+02) in EM iteration, using previous values.WARNING: covariance vector named 'covar1_cl3_cl0' had 25 variances floored, minimum variance found was -4.794824e-07.
WARNING: covariance vector named 'covar1_cl2' had 25 variances floored, minimum variance found was -7.923438e-08.
WARNING: Gaussian Component named 'gc_1_cl2_cl0' did not receive any accumulated probability in EM iteration. Global missed increment count is 0. Also check child mean 'mean1_cl2_cl0' and covar 'covar1_cl2_cl0'
WARNING: Mean vec 'mean1_cl2_cl0' received only -1.000000e+17 accumulated log probability (min is -6.000000e+02) in EM iteration, using previous meansWARNING: Diag covariance vec 'covar1_cl2_cl0' received only -1.000000e+17 accumulated log probability (min is -6.000000e+02) in EM iteration, using previous values.WARNING: covariance vector named 'covar1_cl1_cl0_cl1' had 2 variances floored, minimum variance found was 9.541152e-07.
WARNING: covariance vector named 'covar1_cl1_cl0_cl0' had 25 variances floored, minimum variance found was -1.765390e-07.
WARNING: Gaussian Component named 'gc_1_cl1_cl0_cl0_cl0' did not receive any accumulated probability in EM iteration. Global missed increment count is 0. Also check child mean 'mean1_cl1_cl0_cl0_cl0' and covar 'covar1_cl1_cl0_cl0_cl0'
WARNING: Mean vec 'mean1_cl1_cl0_cl0_cl0' received only -1.000000e+17 accumulated log probability (min is -6.000000e+02) in EM iteration, using previous meansWARNING: Diag covariance vec 'covar1_cl1_cl0_cl0_cl0' received only -1.000000e+17 accumulated log probability (min is -6.000000e+02) in EM iteration, using previous values.WARNING: Gaussian Component named 'gc_1_cl0_cl2_cl0' did not receive any accumulated probability in EM iteration. Global missed increment count is 0. Also check child mean 'mean1_cl0_cl2_cl0' and covar 'covar1_cl0_cl2_cl0'
WARNING: Mean vec 'mean1_cl0_cl2_cl0' received only -1.000000e+17 accumulated log probability (min is -6.000000e+02) in EM iteration, using previous meansWARNING: Diag covariance vec 'covar1_cl0_cl2_cl0' received only -1.000000e+17 accumulated log probability (min is -6.000000e+02) in EM iteration, using previous values.WARNING: covariance vector named 'covar1_cl0_cl1' had 25 variances floored, minimum variance found was -2.084120e-07.
WARNING: Gaussian Component named 'gc_1_cl0_cl1_cl0' did not receive any accumulated probability in EM iteration. Global missed increment count is 0. Also check child mean 'mean1_cl0_cl1_cl0' and covar 'covar1_cl0_cl1_cl0'
WARNING: Mean vec 'mean1_cl0_cl1_cl0' received only -1.000000e+17 accumulated log probability (min is -6.000000e+02) in EM iteration, using previous meansWARNING: Diag covariance vec 'covar1_cl0_cl1_cl0' received only -1.000000e+17 accumulated log probability (min is -6.000000e+02) in EM iteration, using previous values.NOTE: DPMF 'dpmf0' has 8/0 elements vanishing/splitting
NOTE: DPMF 'dpmf1' has 4/0 elements vanishing/splitting
NOTE: saving only 40 used means out of a total of 52
NOTE: saving only 40 used covariances out of a total of 52
NOTE: saving only 40 used components out of a total of 52
NOTE: saving only 40 used means out of a total of 52
NOTE: saving only 40 used covariances out of a total of 52
NOTE: saving only 40 used components out of a total of 52
Maximum number of EM iterations reached (1). Stopping
### Final time (seconds) just for EM stage: User: 0.002113, System: 0.000575, CPU 0.002688
____ PROGRAM ENDED SUCCESSFULLY WITH STATUS 0 AT Monday August 10 2015, 02:51:53 PDT ____
