Creating Junction Tree
DONE creating Junction Tree
Loading accumulators from 'accumulators/acc_0_0_16comp.data'
WARNING: covariance vector named 'covar0_cl5_cl0' had 25 variances floored, minimum variance found was -6.455914e-11.
WARNING: covariance vector named 'covar0_cl4' had 1 variances floored, minimum variance found was 1.195086e-06.
WARNING: covariance vector named 'covar0_cl4_cl4' had 5 variances floored, minimum variance found was 1.413804e-09.
WARNING: covariance vector named 'covar0_cl4_cl1_cl1' had 3 variances floored, minimum variance found was 3.941177e-06.
WARNING: covariance vector named 'covar0_cl4_cl1_cl0' had 4 variances floored, minimum variance found was 3.884052e-06.
WARNING: covariance vector named 'covar0_cl4_cl0' had 2 variances floored, minimum variance found was 1.486269e-07.
WARNING: covariance vector named 'covar0_cl4_cl0_cl0' had 6 variances floored, minimum variance found was 3.142180e-09.
WARNING: covariance vector named 'covar0_cl3_cl6' had 12 variances floored, minimum variance found was 8.775982e-07.
WARNING: covariance vector named 'covar0_cl3_cl4' had 2 variances floored, minimum variance found was 2.665024e-08.
WARNING: covariance vector named 'covar0_cl3_cl4_cl0' had 4 variances floored, minimum variance found was 1.248980e-07.
WARNING: covariance vector named 'covar0_cl3_cl3' had 2 variances floored, minimum variance found was 1.106842e-07.
WARNING: covariance vector named 'covar0_cl3_cl3_cl2' had 3 variances floored, minimum variance found was 5.087492e-07.
WARNING: covariance vector named 'covar0_cl3_cl3_cl1' had 2 variances floored, minimum variance found was 3.302255e-09.
WARNING: covariance vector named 'covar0_cl3_cl3_cl0' had 3 variances floored, minimum variance found was 1.747241e-09.
WARNING: covariance vector named 'covar0_cl3_cl2' had 1 variances floored, minimum variance found was 7.435729e-06.
WARNING: covariance vector named 'covar0_cl3_cl2_cl3' had 25 variances floored, minimum variance found was -1.148628e-10.
WARNING: covariance vector named 'covar0_cl3_cl2_cl2' had 4 variances floored, minimum variance found was 1.674677e-06.
WARNING: covariance vector named 'covar0_cl3_cl2_cl1' had 4 variances floored, minimum variance found was 1.473522e-06.
WARNING: covariance vector named 'covar0_cl3_cl2_cl0' had 1 variances floored, minimum variance found was 7.874602e-06.
WARNING: covariance vector named 'covar0_cl3_cl1_cl1_cl0' had 1 variances floored, minimum variance found was 2.836523e-06.
WARNING: covariance vector named 'covar0_cl3_cl0' had 2 variances floored, minimum variance found was 1.440225e-07.
WARNING: covariance vector named 'covar0_cl3_cl0_cl7' had 2 variances floored, minimum variance found was 2.686901e-07.
WARNING: covariance vector named 'covar0_cl3_cl0_cl6' had 8 variances floored, minimum variance found was 1.087187e-08.
WARNING: covariance vector named 'covar0_cl3_cl0_cl5' had 2 variances floored, minimum variance found was 1.286582e-07.
WARNING: covariance vector named 'covar0_cl3_cl0_cl5_cl0' had 25 variances floored, minimum variance found was -7.190046e-11.
WARNING: covariance vector named 'covar0_cl3_cl0_cl4' had 3 variances floored, minimum variance found was 3.577568e-07.
WARNING: covariance vector named 'covar0_cl3_cl0_cl4_cl0' had 8 variances floored, minimum variance found was 3.494916e-07.
WARNING: covariance vector named 'covar0_cl3_cl0_cl3' had 2 variances floored, minimum variance found was 1.673661e-06.
WARNING: covariance vector named 'covar0_cl3_cl0_cl3_cl2' had 2 variances floored, minimum variance found was 5.695102e-07.
WARNING: covariance vector named 'covar0_cl3_cl0_cl3_cl1' had 7 variances floored, minimum variance found was 1.548561e-06.
WARNING: covariance vector named 'covar0_cl3_cl0_cl3_cl0' had 2 variances floored, minimum variance found was 6.059090e-07.
WARNING: covariance vector named 'covar0_cl3_cl0_cl2' had 2 variances floored, minimum variance found was 3.978095e-07.
WARNING: covariance vector named 'covar0_cl3_cl0_cl2_cl1' had 5 variances floored, minimum variance found was 2.104973e-07.
WARNING: covariance vector named 'covar0_cl3_cl0_cl2_cl0' had 6 variances floored, minimum variance found was 1.147809e-06.
WARNING: covariance vector named 'covar0_cl3_cl0_cl1' had 2 variances floored, minimum variance found was 2.151545e-06.
WARNING: covariance vector named 'covar0_cl3_cl0_cl1_cl5' had 14 variances floored, minimum variance found was 4.021453e-09.
WARNING: covariance vector named 'covar0_cl3_cl0_cl1_cl4' had 9 variances floored, minimum variance found was 3.306090e-07.
WARNING: covariance vector named 'covar0_cl3_cl0_cl1_cl3' had 9 variances floored, minimum variance found was 3.462571e-07.
WARNING: covariance vector named 'covar0_cl3_cl0_cl1_cl2' had 2 variances floored, minimum variance found was 4.933900e-07.
WARNING: covariance vector named 'covar0_cl3_cl0_cl1_cl1' had 4 variances floored, minimum variance found was 1.960068e-08.
WARNING: covariance vector named 'covar0_cl3_cl0_cl1_cl0' had 6 variances floored, minimum variance found was 3.038628e-06.
WARNING: covariance vector named 'covar0_cl3_cl0_cl1_cl0_cl3' had 19 variances floored, minimum variance found was 1.626997e-09.
WARNING: covariance vector named 'covar0_cl3_cl0_cl1_cl0_cl2' had 25 variances floored, minimum variance found was 2.699951e-07.
WARNING: covariance vector named 'covar0_cl3_cl0_cl1_cl0_cl1' had 9 variances floored, minimum variance found was 7.765988e-07.
WARNING: covariance vector named 'covar0_cl3_cl0_cl1_cl0_cl0' had 4 variances floored, minimum variance found was 1.630842e-06.
WARNING: covariance vector named 'covar0_cl3_cl0_cl1_cl0_cl0_cl0' had 13 variances floored, minimum variance found was 5.637077e-08.
WARNING: covariance vector named 'covar0_cl3_cl0_cl0' had 2 variances floored, minimum variance found was 3.527831e-08.
WARNING: covariance vector named 'covar0_cl3_cl0_cl0_cl3' had 6 variances floored, minimum variance found was 7.575487e-09.
WARNING: covariance vector named 'covar0_cl3_cl0_cl0_cl2' had 8 variances floored, minimum variance found was 3.716092e-07.
WARNING: covariance vector named 'covar0_cl3_cl0_cl0_cl1' had 9 variances floored, minimum variance found was 7.728746e-10.
WARNING: covariance vector named 'covar0_cl3_cl0_cl0_cl0' had 2 variances floored, minimum variance found was 5.426521e-09.
WARNING: covariance vector named 'covar0_cl2_cl5' had 2 variances floored, minimum variance found was 3.315658e-06.
WARNING: covariance vector named 'covar0_cl2_cl4' had 2 variances floored, minimum variance found was 4.138989e-06.
WARNING: covariance vector named 'covar0_cl2_cl1_cl6' had 6 variances floored, minimum variance found was 9.513063e-08.
WARNING: covariance vector named 'covar0_cl2_cl1_cl5' had 1 variances floored, minimum variance found was 7.567906e-06.
WARNING: covariance vector named 'covar0_cl2_cl1_cl1_cl0' had 2 variances floored, minimum variance found was 3.700631e-06.
WARNING: covariance vector named 'covar0_cl2_cl0_cl5' had 12 variances floored, minimum variance found was 8.179929e-08.
WARNING: covariance vector named 'covar0_cl2_cl0_cl4' had 1 variances floored, minimum variance found was 9.936915e-06.
WARNING: covariance vector named 'covar0_cl2_cl0_cl3' had 2 variances floored, minimum variance found was 5.313485e-06.
WARNING: covariance vector named 'covar0_cl2_cl0_cl2_cl1' had 7 variances floored, minimum variance found was 2.545744e-07.
WARNING: covariance vector named 'covar0_cl2_cl0_cl2_cl0' had 3 variances floored, minimum variance found was 2.406448e-06.
WARNING: covariance vector named 'covar0_cl2_cl0_cl1_cl1' had 7 variances floored, minimum variance found was 1.348853e-06.
WARNING: covariance vector named 'covar0_cl2_cl0_cl1_cl0' had 2 variances floored, minimum variance found was 2.666066e-07.
WARNING: covariance vector named 'covar0_cl2_cl0_cl0_cl5' had 8 variances floored, minimum variance found was 1.089746e-08.
WARNING: covariance vector named 'covar0_cl2_cl0_cl0_cl4' had 2 variances floored, minimum variance found was 5.300989e-06.
WARNING: covariance vector named 'covar0_cl2_cl0_cl0_cl3' had 1 variances floored, minimum variance found was 6.942676e-06.
WARNING: covariance vector named 'covar0_cl2_cl0_cl0_cl2' had 2 variances floored, minimum variance found was 5.369863e-06.
WARNING: covariance vector named 'covar0_cl2_cl0_cl0_cl1' had 1 variances floored, minimum variance found was 5.898060e-06.
WARNING: covariance vector named 'covar0_cl2_cl0_cl0_cl0_cl1' had 3 variances floored, minimum variance found was 1.942549e-06.
WARNING: covariance vector named 'covar0_cl2_cl0_cl0_cl0_cl0' had 1 variances floored, minimum variance found was 6.798667e-06.
WARNING: covariance vector named 'covar0_cl1_cl8' had 1 variances floored, minimum variance found was 4.703380e-06.
WARNING: covariance vector named 'covar0_cl1_cl7' had 3 variances floored, minimum variance found was 2.535153e-06.
WARNING: covariance vector named 'covar0_cl1_cl5' had 1 variances floored, minimum variance found was 6.760059e-06.
WARNING: covariance vector named 'covar0_cl1_cl4_cl0' had 8 variances floored, minimum variance found was 9.944723e-09.
WARNING: covariance vector named 'covar0_cl1_cl3_cl4' had 3 variances floored, minimum variance found was 3.748115e-06.
WARNING: covariance vector named 'covar0_cl1_cl3_cl3' had 1 variances floored, minimum variance found was 9.839675e-06.
WARNING: covariance vector named 'covar0_cl1_cl3_cl2' had 3 variances floored, minimum variance found was 3.034834e-06.
WARNING: covariance vector named 'covar0_cl1_cl3_cl1_cl0' had 12 variances floored, minimum variance found was 6.574867e-08.
WARNING: covariance vector named 'covar0_cl1_cl3_cl0' had 1 variances floored, minimum variance found was 8.592629e-06.
WARNING: covariance vector named 'covar0_cl1_cl2_cl6' had 9 variances floored, minimum variance found was 9.224975e-08.
WARNING: covariance vector named 'covar0_cl1_cl2_cl5' had 4 variances floored, minimum variance found was 2.373366e-06.
WARNING: covariance vector named 'covar0_cl1_cl2_cl4' had 1 variances floored, minimum variance found was 6.638626e-06.
WARNING: covariance vector named 'covar0_cl1_cl2_cl3' had 3 variances floored, minimum variance found was 5.401294e-06.
WARNING: covariance vector named 'covar0_cl1_cl2_cl2' had 1 variances floored, minimum variance found was 9.764026e-06.
WARNING: covariance vector named 'covar0_cl1_cl2_cl1' had 1 variances floored, minimum variance found was 6.450669e-06.
WARNING: covariance vector named 'covar0_cl1_cl2_cl0' had 1 variances floored, minimum variance found was 8.202164e-06.
WARNING: covariance vector named 'covar0_cl1_cl2_cl0_cl1' had 9 variances floored, minimum variance found was 8.129464e-07.
WARNING: covariance vector named 'covar0_cl1_cl0_cl8' had 5 variances floored, minimum variance found was 1.275923e-06.
WARNING: covariance vector named 'covar0_cl1_cl0_cl7' had 1 variances floored, minimum variance found was 7.171047e-06.
WARNING: covariance vector named 'covar0_cl1_cl0_cl5' had 1 variances floored, minimum variance found was 5.432156e-06.
WARNING: covariance vector named 'covar0_cl1_cl0_cl4' had 1 variances floored, minimum variance found was 9.575608e-06.
WARNING: covariance vector named 'covar0_cl1_cl0_cl3_cl2' had 7 variances floored, minimum variance found was 2.405041e-07.
WARNING: covariance vector named 'covar0_cl1_cl0_cl3_cl1' had 6 variances floored, minimum variance found was 2.173947e-06.
WARNING: covariance vector named 'covar0_cl1_cl0_cl3_cl0' had 3 variances floored, minimum variance found was 3.454776e-06.
WARNING: covariance vector named 'covar0_cl1_cl0_cl3_cl0_cl0' had 11 variances floored, minimum variance found was 1.627229e-06.
WARNING: covariance vector named 'covar0_cl1_cl0_cl2' had 2 variances floored, minimum variance found was 5.239982e-06.
WARNING: covariance vector named 'covar0_cl1_cl0_cl2_cl0' had 6 variances floored, minimum variance found was 1.148118e-06.
WARNING: covariance vector named 'covar0_cl1_cl0_cl1_cl5' had 10 variances floored, minimum variance found was 3.318187e-07.
WARNING: covariance vector named 'covar0_cl1_cl0_cl1_cl4' had 5 variances floored, minimum variance found was 3.794622e-06.
WARNING: covariance vector named 'covar0_cl1_cl0_cl1_cl3' had 1 variances floored, minimum variance found was 9.282412e-06.
WARNING: covariance vector named 'covar0_cl1_cl0_cl1_cl2' had 2 variances floored, minimum variance found was 6.523659e-06.
WARNING: covariance vector named 'covar0_cl1_cl0_cl1_cl0_cl1' had 8 variances floored, minimum variance found was 7.953576e-09.
WARNING: covariance vector named 'covar0_cl1_cl0_cl1_cl0_cl0' had 6 variances floored, minimum variance found was 1.993053e-06.
WARNING: covariance vector named 'covar0_cl1_cl0_cl0' had 1 variances floored, minimum variance found was 8.347799e-06.
WARNING: covariance vector named 'covar0_cl1_cl0_cl0_cl6' had 25 variances floored, minimum variance found was -1.651597e-09.
WARNING: covariance vector named 'covar0_cl1_cl0_cl0_cl5' had 5 variances floored, minimum variance found was 2.752530e-06.
WARNING: covariance vector named 'covar0_cl1_cl0_cl0_cl4' had 16 variances floored, minimum variance found was 8.315681e-08.
WARNING: covariance vector named 'covar0_cl1_cl0_cl0_cl3' had 4 variances floored, minimum variance found was 4.593754e-06.
WARNING: covariance vector named 'covar0_cl1_cl0_cl0_cl2' had 8 variances floored, minimum variance found was 2.590753e-06.
WARNING: covariance vector named 'covar0_cl1_cl0_cl0_cl1_cl0' had 15 variances floored, minimum variance found was 4.885211e-08.
WARNING: covariance vector named 'covar0_cl1_cl0_cl0_cl0' had 2 variances floored, minimum variance found was 6.028145e-06.
WARNING: covariance vector named 'covar0_cl1_cl0_cl0_cl0_cl0' had 5 variances floored, minimum variance found was 4.603218e-06.
WARNING: covariance vector named 'covar0_cl0' had 2 variances floored, minimum variance found was 8.817885e-06.
WARNING: covariance vector named 'covar0_cl0_cl11' had 15 variances floored, minimum variance found was 2.649480e-09.
WARNING: covariance vector named 'covar0_cl0_cl10' had 7 variances floored, minimum variance found was 3.116102e-06.
WARNING: covariance vector named 'covar0_cl0_cl9' had 14 variances floored, minimum variance found was 3.697678e-07.
WARNING: covariance vector named 'covar0_cl0_cl8' had 3 variances floored, minimum variance found was 8.974364e-06.
WARNING: covariance vector named 'covar0_cl0_cl7' had 1 variances floored, minimum variance found was 6.899849e-06.
WARNING: covariance vector named 'covar0_cl0_cl7_cl2' had 14 variances floored, minimum variance found was 2.787782e-08.
WARNING: covariance vector named 'covar0_cl0_cl7_cl1' had 2 variances floored, minimum variance found was 5.506934e-06.
WARNING: covariance vector named 'covar0_cl0_cl7_cl0' had 2 variances floored, minimum variance found was 2.824377e-06.
WARNING: covariance vector named 'covar0_cl0_cl6_cl0' had 14 variances floored, minimum variance found was 2.587122e-07.
WARNING: covariance vector named 'covar0_cl0_cl5' had 4 variances floored, minimum variance found was 5.415593e-06.
WARNING: covariance vector named 'covar0_cl0_cl5_cl1' had 14 variances floored, minimum variance found was 1.653948e-08.
WARNING: covariance vector named 'covar0_cl0_cl5_cl0' had 13 variances floored, minimum variance found was 9.520267e-07.
WARNING: covariance vector named 'covar0_cl0_cl4' had 2 variances floored, minimum variance found was 7.451279e-06.
WARNING: covariance vector named 'covar0_cl0_cl4_cl5' had 9 variances floored, minimum variance found was 2.973261e-06.
WARNING: covariance vector named 'covar0_cl0_cl4_cl4' had 12 variances floored, minimum variance found was 3.584430e-07.
WARNING: covariance vector named 'covar0_cl0_cl4_cl3' had 18 variances floored, minimum variance found was 7.485239e-09.
WARNING: covariance vector named 'covar0_cl0_cl4_cl2' had 10 variances floored, minimum variance found was 2.490960e-06.
WARNING: covariance vector named 'covar0_cl0_cl4_cl1' had 3 variances floored, minimum variance found was 6.754078e-06.
WARNING: covariance vector named 'covar0_cl0_cl4_cl1_cl0' had 9 variances floored, minimum variance found was 2.304026e-06.
WARNING: covariance vector named 'covar0_cl0_cl4_cl0' had 5 variances floored, minimum variance found was 5.885843e-06.
WARNING: covariance vector named 'covar0_cl0_cl3' had 2 variances floored, minimum variance found was 8.900369e-06.
WARNING: covariance vector named 'covar0_cl0_cl3_cl4' had 13 variances floored, minimum variance found was 5.239776e-09.
WARNING: covariance vector named 'covar0_cl0_cl3_cl3' had 8 variances floored, minimum variance found was 5.032502e-06.
WARNING: covariance vector named 'covar0_cl0_cl3_cl2' had 9 variances floored, minimum variance found was 2.186903e-06.
WARNING: covariance vector named 'covar0_cl0_cl3_cl1' had 6 variances floored, minimum variance found was 5.655095e-06.
WARNING: covariance vector named 'covar0_cl0_cl3_cl1_cl2' had 14 variances floored, minimum variance found was 2.771531e-07.
WARNING: covariance vector named 'covar0_cl0_cl3_cl1_cl0' had 6 variances floored, minimum variance found was 4.500198e-06.
WARNING: covariance vector named 'covar0_cl0_cl3_cl0' had 4 variances floored, minimum variance found was 2.757754e-06.
WARNING: covariance vector named 'covar0_cl0_cl2' had 11 variances floored, minimum variance found was 4.797792e-06.
WARNING: covariance vector named 'covar0_cl0_cl2_cl6' had 21 variances floored, minimum variance found was 1.157532e-07.
WARNING: covariance vector named 'covar0_cl0_cl2_cl5' had 11 variances floored, minimum variance found was 3.698548e-06.
WARNING: covariance vector named 'covar0_cl0_cl2_cl4' had 14 variances floored, minimum variance found was 1.054232e-06.
WARNING: covariance vector named 'covar0_cl0_cl2_cl3' had 23 variances floored, minimum variance found was 3.191032e-06.
WARNING: covariance vector named 'covar0_cl0_cl2_cl3_cl1' had 23 variances floored, minimum variance found was 1.923079e-06.
WARNING: covariance vector named 'covar0_cl0_cl2_cl3_cl0' had 18 variances floored, minimum variance found was 4.535432e-06.
WARNING: covariance vector named 'covar0_cl0_cl2_cl3_cl0_cl0' had 16 variances floored, minimum variance found was 1.093062e-07.
WARNING: covariance vector named 'covar0_cl0_cl2_cl2' had 11 variances floored, minimum variance found was 3.764833e-07.
WARNING: covariance vector named 'covar0_cl0_cl2_cl1' had 10 variances floored, minimum variance found was 4.243730e-06.
WARNING: covariance vector named 'covar0_cl0_cl2_cl0' had 5 variances floored, minimum variance found was 5.053192e-06.
WARNING: covariance vector named 'covar0_cl0_cl2_cl0_cl2' had 11 variances floored, minimum variance found was 1.431765e-06.
WARNING: covariance vector named 'covar0_cl0_cl2_cl0_cl1' had 10 variances floored, minimum variance found was 2.576806e-06.
WARNING: covariance vector named 'covar0_cl0_cl2_cl0_cl0' had 7 variances floored, minimum variance found was 1.422756e-06.
WARNING: covariance vector named 'covar0_cl0_cl2_cl0_cl0_cl1' had 9 variances floored, minimum variance found was 1.683514e-06.
WARNING: covariance vector named 'covar0_cl0_cl2_cl0_cl0_cl0' had 19 variances floored, minimum variance found was 2.643401e-07.
WARNING: covariance vector named 'covar0_cl0_cl1' had 4 variances floored, minimum variance found was 6.769499e-06.
WARNING: covariance vector named 'covar0_cl0_cl1_cl0' had 1 variances floored, minimum variance found was 7.316224e-06.
WARNING: covariance vector named 'covar0_cl0_cl1_cl0_cl0' had 17 variances floored, minimum variance found was 4.277097e-09.
WARNING: covariance vector named 'covar0_cl0_cl0_cl3' had 23 variances floored, minimum variance found was 3.591303e-07.
WARNING: covariance vector named 'covar0_cl0_cl0_cl3_cl3' had 25 variances floored, minimum variance found was 3.067580e-08.
WARNING: covariance vector named 'covar0_cl0_cl0_cl3_cl1' had 21 variances floored, minimum variance found was 1.792824e-06.
WARNING: covariance vector named 'covar0_cl0_cl0_cl3_cl1_cl1' had 20 variances floored, minimum variance found was 1.027803e-06.
WARNING: covariance vector named 'covar0_cl0_cl0_cl3_cl1_cl0' had 24 variances floored, minimum variance found was 4.586515e-08.
WARNING: covariance vector named 'covar0_cl0_cl0_cl3_cl0' had 23 variances floored, minimum variance found was 3.205639e-06.
WARNING: covariance vector named 'covar0_cl0_cl0_cl3_cl0_cl5' had 23 variances floored, minimum variance found was 3.351698e-06.
WARNING: covariance vector named 'covar0_cl0_cl0_cl3_cl0_cl4' had 23 variances floored, minimum variance found was 8.520627e-07.
WARNING: covariance vector named 'covar0_cl0_cl0_cl3_cl0_cl4_cl0' had 23 variances floored, minimum variance found was 7.547308e-07.
WARNING: covariance vector named 'covar0_cl0_cl0_cl3_cl0_cl3' had 23 variances floored, minimum variance found was 1.902492e-06.
WARNING: covariance vector named 'covar0_cl0_cl0_cl3_cl0_cl3_cl1' had 23 variances floored, minimum variance found was 1.817653e-06.
WARNING: covariance vector named 'covar0_cl0_cl0_cl3_cl0_cl3_cl0' had 23 variances floored, minimum variance found was 1.726638e-06.
WARNING: covariance vector named 'covar0_cl0_cl0_cl3_cl0_cl3_cl0_cl0' had 23 variances floored, minimum variance found was 2.165978e-06.
WARNING: covariance vector named 'covar0_cl0_cl0_cl3_cl0_cl2' had 23 variances floored, minimum variance found was 1.206832e-06.
WARNING: covariance vector named 'covar0_cl0_cl0_cl3_cl0_cl2_cl2' had 23 variances floored, minimum variance found was 1.925251e-06.
WARNING: covariance vector named 'covar0_cl0_cl0_cl3_cl0_cl2_cl1' had 23 variances floored, minimum variance found was 2.820618e-07.
WARNING: covariance vector named 'covar0_cl0_cl0_cl3_cl0_cl2_cl1_cl0' had 23 variances floored, minimum variance found was 6.227023e-07.
WARNING: covariance vector named 'covar0_cl0_cl0_cl3_cl0_cl2_cl0' had 23 variances floored, minimum variance found was 3.643358e-07.
WARNING: covariance vector named 'covar0_cl0_cl0_cl3_cl0_cl2_cl0_cl1' had 23 variances floored, minimum variance found was 2.444199e-06.
WARNING: covariance vector named 'covar0_cl0_cl0_cl3_cl0_cl2_cl0_cl0' had 23 variances floored, minimum variance found was 4.867991e-08.
WARNING: covariance vector named 'covar0_cl0_cl0_cl3_cl0_cl1' had 22 variances floored, minimum variance found was 9.051749e-07.
WARNING: covariance vector named 'covar0_cl0_cl0_cl3_cl0_cl1_cl3' had 22 variances floored, minimum variance found was 2.441476e-07.
WARNING: covariance vector named 'covar0_cl0_cl0_cl3_cl0_cl1_cl2' had 22 variances floored, minimum variance found was 1.076566e-06.
WARNING: covariance vector named 'covar0_cl0_cl0_cl3_cl0_cl1_cl1' had 23 variances floored, minimum variance found was 1.564757e-06.
WARNING: covariance vector named 'covar0_cl0_cl0_cl3_cl0_cl0' had 23 variances floored, minimum variance found was 7.128647e-07.
WARNING: covariance vector named 'covar0_cl0_cl0_cl3_cl0_cl0_cl1' had 23 variances floored, minimum variance found was 6.413616e-07.
WARNING: covariance vector named 'covar0_cl0_cl0_cl2' had 20 variances floored, minimum variance found was 1.845041e-06.
WARNING: covariance vector named 'covar0_cl0_cl0_cl2_cl4' had 22 variances floored, minimum variance found was 1.178193e-06.
WARNING: covariance vector named 'covar0_cl0_cl0_cl2_cl3' had 15 variances floored, minimum variance found was 6.209676e-07.
WARNING: covariance vector named 'covar0_cl0_cl0_cl2_cl2' had 22 variances floored, minimum variance found was 1.476435e-08.
WARNING: covariance vector named 'covar0_cl0_cl0_cl2_cl0' had 23 variances floored, minimum variance found was 4.459921e-08.
WARNING: covariance vector named 'covar0_cl0_cl0_cl2_cl0_cl1' had 23 variances floored, minimum variance found was 3.796987e-08.
WARNING: covariance vector named 'covar0_cl0_cl0_cl1_cl1_cl0' had 24 variances floored, minimum variance found was 3.293885e-08.
WARNING: covariance vector named 'covar0_cl0_cl0_cl0_cl4' had 23 variances floored, minimum variance found was 6.393463e-09.
WARNING: covariance vector named 'covar0_cl0_cl0_cl0_cl3' had 23 variances floored, minimum variance found was 1.053075e-07.
WARNING: covariance vector named 'covar0_cl0_cl0_cl0_cl2' had 23 variances floored, minimum variance found was 3.266807e-08.
WARNING: covariance vector named 'covar0_cl0_cl0_cl0_cl2_cl0' had 23 variances floored, minimum variance found was 8.260136e-08.
WARNING: covariance vector named 'covar0_cl0_cl0_cl0_cl0' had 23 variances floored, minimum variance found was 2.846562e-06.
WARNING: covariance vector named 'covar0_cl0_cl0_cl0_cl0_cl3' had 21 variances floored, minimum variance found was 6.251457e-07.
WARNING: covariance vector named 'covar0_cl0_cl0_cl0_cl0_cl2' had 21 variances floored, minimum variance found was 1.212462e-06.
WARNING: covariance vector named 'covar0_cl0_cl0_cl0_cl0_cl2_cl1' had 22 variances floored, minimum variance found was 8.568092e-07.
WARNING: covariance vector named 'covar0_cl0_cl0_cl0_cl0_cl2_cl0' had 20 variances floored, minimum variance found was 2.312975e-06.
WARNING: covariance vector named 'covar1' had 1 variances floored, minimum variance found was 3.277496e-06.
WARNING: covariance vector named 'covar1_cl4' had 2 variances floored, minimum variance found was 1.009166e-06.
WARNING: covariance vector named 'covar1_cl3_cl2' had 1 variances floored, minimum variance found was 2.033533e-06.
WARNING: covariance vector named 'covar1_cl3_cl1' had 3 variances floored, minimum variance found was 1.065007e-06.
WARNING: covariance vector named 'covar1_cl3_cl0' had 1 variances floored, minimum variance found was 2.199989e-06.
WARNING: covariance vector named 'covar1_cl1_cl8' had 1 variances floored, minimum variance found was 1.999650e-06.
WARNING: covariance vector named 'covar1_cl1_cl7' had 2 variances floored, minimum variance found was 5.434937e-07.
WARNING: covariance vector named 'covar1_cl1_cl6' had 3 variances floored, minimum variance found was 2.053383e-06.
WARNING: covariance vector named 'covar1_cl1_cl3_cl1' had 4 variances floored, minimum variance found was 3.961854e-06.
WARNING: covariance vector named 'covar1_cl1_cl3_cl0' had 4 variances floored, minimum variance found was 1.512946e-07.
WARNING: covariance vector named 'covar1_cl1_cl2_cl4' had 8 variances floored, minimum variance found was 3.059194e-09.
WARNING: covariance vector named 'covar1_cl1_cl2_cl3' had 12 variances floored, minimum variance found was 2.159912e-11.
WARNING: covariance vector named 'covar1_cl1_cl2_cl2' had 2 variances floored, minimum variance found was 3.198028e-06.
WARNING: covariance vector named 'covar1_cl1_cl2_cl1_cl0' had 5 variances floored, minimum variance found was 1.795616e-06.
WARNING: covariance vector named 'covar1_cl1_cl1_cl5' had 1 variances floored, minimum variance found was 4.603880e-06.
WARNING: covariance vector named 'covar1_cl1_cl1_cl4' had 4 variances floored, minimum variance found was 7.604355e-07.
WARNING: covariance vector named 'covar1_cl0_cl7' had 1 variances floored, minimum variance found was 9.825793e-06.
WARNING: covariance vector named 'covar1_cl0_cl6' had 3 variances floored, minimum variance found was 6.462212e-06.
WARNING: covariance vector named 'covar1_cl0_cl5_cl0' had 9 variances floored, minimum variance found was 2.906279e-08.
WARNING: covariance vector named 'covar1_cl0_cl3_cl1' had 9 variances floored, minimum variance found was 2.980099e-09.
WARNING: covariance vector named 'covar1_cl0_cl3_cl0' had 5 variances floored, minimum variance found was 4.513799e-06.
WARNING: covariance vector named 'covar1_cl0_cl2_cl3' had 7 variances floored, minimum variance found was 2.105872e-06.
WARNING: covariance vector named 'covar1_cl0_cl2_cl1' had 2 variances floored, minimum variance found was 5.910994e-06.
WARNING: covariance vector named 'covar1_cl0_cl1_cl6' had 6 variances floored, minimum variance found was 1.898187e-06.
WARNING: covariance vector named 'covar1_cl0_cl1_cl5' had 4 variances floored, minimum variance found was 4.768617e-06.
WARNING: covariance vector named 'covar1_cl0_cl1_cl4' had 5 variances floored, minimum variance found was 1.855423e-06.
WARNING: covariance vector named 'covar1_cl0_cl1_cl3_cl1' had 25 variances floored, minimum variance found was -7.452768e-08.
WARNING: covariance vector named 'covar1_cl0_cl1_cl3_cl0' had 12 variances floored, minimum variance found was 6.558141e-08.
WARNING: covariance vector named 'covar1_cl0_cl1_cl2' had 3 variances floored, minimum variance found was 2.818015e-06.
WARNING: covariance vector named 'covar1_cl0_cl1_cl1' had 1 variances floored, minimum variance found was 8.823552e-06.
WARNING: covariance vector named 'covar1_cl0_cl1_cl1_cl1' had 2 variances floored, minimum variance found was 3.311493e-06.
WARNING: covariance vector named 'covar1_cl0_cl1_cl1_cl0' had 3 variances floored, minimum variance found was 4.621606e-06.
WARNING: covariance vector named 'covar1_cl0_cl1_cl0_cl2' had 10 variances floored, minimum variance found was 3.293085e-08.
WARNING: covariance vector named 'covar1_cl0_cl1_cl0_cl1' had 1 variances floored, minimum variance found was 8.985687e-06.
WARNING: covariance vector named 'covar1_cl0_cl1_cl0_cl0' had 9 variances floored, minimum variance found was 2.460610e-06.
WARNING: covariance vector named 'covar1_cl0_cl0_cl9' had 3 variances floored, minimum variance found was 1.711487e-06.
WARNING: covariance vector named 'covar1_cl0_cl0_cl8' had 3 variances floored, minimum variance found was 6.700971e-06.
WARNING: covariance vector named 'covar1_cl0_cl0_cl7' had 13 variances floored, minimum variance found was 1.760902e-06.
WARNING: covariance vector named 'covar1_cl0_cl0_cl6' had 8 variances floored, minimum variance found was 1.952435e-06.
WARNING: covariance vector named 'covar1_cl0_cl0_cl5' had 9 variances floored, minimum variance found was 4.168777e-06.
WARNING: covariance vector named 'covar1_cl0_cl0_cl4' had 6 variances floored, minimum variance found was 2.989318e-06.
WARNING: covariance vector named 'covar1_cl0_cl0_cl2' had 2 variances floored, minimum variance found was 8.740723e-06.
WARNING: covariance vector named 'covar1_cl0_cl0_cl2_cl3' had 17 variances floored, minimum variance found was 9.408554e-08.
WARNING: covariance vector named 'covar1_cl0_cl0_cl2_cl2' had 6 variances floored, minimum variance found was 3.098608e-06.
WARNING: covariance vector named 'covar1_cl0_cl0_cl2_cl1' had 7 variances floored, minimum variance found was 4.077549e-06.
WARNING: covariance vector named 'covar1_cl0_cl0_cl2_cl1_cl0' had 18 variances floored, minimum variance found was 3.595411e-08.
WARNING: covariance vector named 'covar1_cl0_cl0_cl2_cl0_cl0' had 7 variances floored, minimum variance found was 4.704718e-06.
WARNING: covariance vector named 'covar1_cl0_cl0_cl1_cl3' had 2 variances floored, minimum variance found was 8.642984e-06.
WARNING: covariance vector named 'covar1_cl0_cl0_cl1_cl2' had 1 variances floored, minimum variance found was 8.510395e-06.
WARNING: covariance vector named 'covar1_cl0_cl0_cl1_cl1' had 2 variances floored, minimum variance found was 6.930319e-06.
WARNING: covariance vector named 'covar1_cl0_cl0_cl1_cl0' had 5 variances floored, minimum variance found was 4.685159e-06.
WARNING: covariance vector named 'covar1_cl0_cl0_cl0' had 23 variances floored, minimum variance found was 7.984564e-07.
WARNING: covariance vector named 'covar1_cl0_cl0_cl0_cl3' had 23 variances floored, minimum variance found was 7.737544e-07.
WARNING: covariance vector named 'covar1_cl0_cl0_cl0_cl2' had 21 variances floored, minimum variance found was 3.521461e-08.
WARNING: covariance vector named 'covar1_cl0_cl0_cl0_cl1' had 23 variances floored, minimum variance found was 6.913859e-07.
WARNING: covariance vector named 'covar1_cl0_cl0_cl0_cl1_cl1' had 23 variances floored, minimum variance found was 3.843922e-07.
WARNING: covariance vector named 'covar1_cl0_cl0_cl0_cl1_cl0' had 23 variances floored, minimum variance found was 8.623801e-09.
WARNING: covariance vector named 'covar1_cl0_cl0_cl0_cl0' had 15 variances floored, minimum variance found was 4.277027e-06.
WARNING: covariance vector named 'covar1_cl0_cl0_cl0_cl0_cl3' had 11 variances floored, minimum variance found was 2.638263e-06.
WARNING: covariance vector named 'covar1_cl0_cl0_cl0_cl0_cl2' had 13 variances floored, minimum variance found was 6.436900e-09.
WARNING: covariance vector named 'covar1_cl0_cl0_cl0_cl0_cl1' had 15 variances floored, minimum variance found was 8.535333e-07.
WARNING: covariance vector named 'covar1_cl0_cl0_cl0_cl0_cl0' had 20 variances floored, minimum variance found was 2.254444e-06.
WARNING: covariance vector named 'covar1_cl0_cl0_cl0_cl0_cl0_cl1' had 22 variances floored, minimum variance found was 3.755927e-07.
WARNING: covariance vector named 'covar1_cl0_cl0_cl0_cl0_cl0_cl0' had 17 variances floored, minimum variance found was 1.615731e-06.
NOTE: DPMF 'dpmf0' has 17/2 elements vanishing/splitting
NOTE: DPMF 'dpmf1' has 0/2 elements vanishing/splitting
NOTE: saving only 337 used means out of a total of 354
NOTE: saving only 337 used covariances out of a total of 354
NOTE: saving only 337 used components out of a total of 354
NOTE: saving only 337 used means out of a total of 354
NOTE: saving only 337 used covariances out of a total of 354
NOTE: saving only 337 used components out of a total of 354
Maximum number of EM iterations reached (1). Stopping
### Final time (seconds) just for EM stage: User: 0.021713, System: 0.003100, CPU 0.024813
____ PROGRAM ENDED SUCCESSFULLY WITH STATUS 0 AT Wednesday August 19 2015, 01:55:53 PDT ____
