Creating Junction Tree
DONE creating Junction Tree
Loading accumulators from 'accumulators/acc_0_2_16comp.data'
WARNING: covariance vector named 'covar0_cl4' had 1 variances floored, minimum variance found was 1.194937e-06.
WARNING: covariance vector named 'covar0_cl4_cl4' had 5 variances floored, minimum variance found was 1.413785e-09.
WARNING: covariance vector named 'covar0_cl4_cl1_cl1' had 3 variances floored, minimum variance found was 3.941086e-06.
WARNING: covariance vector named 'covar0_cl4_cl1_cl0' had 4 variances floored, minimum variance found was 3.884053e-06.
WARNING: covariance vector named 'covar0_cl4_cl0' had 2 variances floored, minimum variance found was 1.486676e-07.
WARNING: covariance vector named 'covar0_cl4_cl0_cl0' had 6 variances floored, minimum variance found was 3.142180e-09.
WARNING: covariance vector named 'covar0_cl3_cl6' had 12 variances floored, minimum variance found was 8.775982e-07.
WARNING: covariance vector named 'covar0_cl3_cl4' had 2 variances floored, minimum variance found was 2.740000e-08.
WARNING: covariance vector named 'covar0_cl3_cl4_cl0' had 4 variances floored, minimum variance found was 1.248980e-07.
WARNING: covariance vector named 'covar0_cl3_cl3' had 2 variances floored, minimum variance found was 1.098197e-07.
WARNING: covariance vector named 'covar0_cl3_cl3_cl2' had 3 variances floored, minimum variance found was 5.086520e-07.
WARNING: covariance vector named 'covar0_cl3_cl3_cl1' had 2 variances floored, minimum variance found was 3.304458e-09.
WARNING: covariance vector named 'covar0_cl3_cl3_cl0' had 3 variances floored, minimum variance found was 1.756516e-09.
WARNING: covariance vector named 'covar0_cl3_cl2_cl2' had 4 variances floored, minimum variance found was 1.674558e-06.
WARNING: covariance vector named 'covar0_cl3_cl2_cl1' had 4 variances floored, minimum variance found was 1.473516e-06.
WARNING: covariance vector named 'covar0_cl3_cl2_cl0' had 1 variances floored, minimum variance found was 7.874819e-06.
WARNING: covariance vector named 'covar0_cl3_cl1_cl1_cl0' had 1 variances floored, minimum variance found was 2.835189e-06.
WARNING: covariance vector named 'covar0_cl3_cl0' had 2 variances floored, minimum variance found was 1.367030e-07.
WARNING: covariance vector named 'covar0_cl3_cl0_cl7' had 2 variances floored, minimum variance found was 2.612245e-07.
WARNING: covariance vector named 'covar0_cl3_cl0_cl6' had 8 variances floored, minimum variance found was 1.087187e-08.
WARNING: covariance vector named 'covar0_cl3_cl0_cl5' had 2 variances floored, minimum variance found was 1.311185e-07.
WARNING: covariance vector named 'covar0_cl3_cl0_cl4' had 3 variances floored, minimum variance found was 3.432483e-07.
WARNING: covariance vector named 'covar0_cl3_cl0_cl4_cl0' had 8 variances floored, minimum variance found was 3.403237e-07.
WARNING: covariance vector named 'covar0_cl3_cl0_cl3' had 2 variances floored, minimum variance found was 1.689747e-06.
WARNING: covariance vector named 'covar0_cl3_cl0_cl3_cl2' had 2 variances floored, minimum variance found was 4.771904e-07.
WARNING: covariance vector named 'covar0_cl3_cl0_cl3_cl1' had 7 variances floored, minimum variance found was 1.533527e-06.
WARNING: covariance vector named 'covar0_cl3_cl0_cl3_cl0' had 2 variances floored, minimum variance found was 6.052572e-07.
WARNING: covariance vector named 'covar0_cl3_cl0_cl2' had 2 variances floored, minimum variance found was 3.997772e-07.
WARNING: covariance vector named 'covar0_cl3_cl0_cl2_cl1' had 5 variances floored, minimum variance found was 2.102529e-07.
WARNING: covariance vector named 'covar0_cl3_cl0_cl2_cl0' had 6 variances floored, minimum variance found was 1.148102e-06.
WARNING: covariance vector named 'covar0_cl3_cl0_cl1' had 2 variances floored, minimum variance found was 2.151684e-06.
WARNING: covariance vector named 'covar0_cl3_cl0_cl1_cl5' had 14 variances floored, minimum variance found was 3.960233e-09.
WARNING: covariance vector named 'covar0_cl3_cl0_cl1_cl4' had 9 variances floored, minimum variance found was 3.305295e-07.
WARNING: covariance vector named 'covar0_cl3_cl0_cl1_cl3' had 9 variances floored, minimum variance found was 3.462591e-07.
WARNING: covariance vector named 'covar0_cl3_cl0_cl1_cl2' had 2 variances floored, minimum variance found was 4.934735e-07.
WARNING: covariance vector named 'covar0_cl3_cl0_cl1_cl1' had 4 variances floored, minimum variance found was 1.959972e-08.
WARNING: covariance vector named 'covar0_cl3_cl0_cl1_cl0' had 7 variances floored, minimum variance found was 3.033338e-06.
WARNING: covariance vector named 'covar0_cl3_cl0_cl1_cl0_cl3' had 19 variances floored, minimum variance found was 1.607896e-09.
WARNING: covariance vector named 'covar0_cl3_cl0_cl1_cl0_cl2' had 25 variances floored, minimum variance found was 2.699950e-07.
WARNING: covariance vector named 'covar0_cl3_cl0_cl1_cl0_cl1' had 9 variances floored, minimum variance found was 7.727319e-07.
WARNING: covariance vector named 'covar0_cl3_cl0_cl1_cl0_cl0' had 4 variances floored, minimum variance found was 1.630836e-06.
WARNING: covariance vector named 'covar0_cl3_cl0_cl1_cl0_cl0_cl0' had 13 variances floored, minimum variance found was 5.625905e-08.
WARNING: covariance vector named 'covar0_cl3_cl0_cl0' had 2 variances floored, minimum variance found was 3.524411e-08.
WARNING: covariance vector named 'covar0_cl3_cl0_cl0_cl3' had 6 variances floored, minimum variance found was 7.576931e-09.
WARNING: covariance vector named 'covar0_cl3_cl0_cl0_cl2' had 8 variances floored, minimum variance found was 3.716092e-07.
WARNING: covariance vector named 'covar0_cl3_cl0_cl0_cl1' had 9 variances floored, minimum variance found was 7.728497e-10.
WARNING: covariance vector named 'covar0_cl3_cl0_cl0_cl0' had 2 variances floored, minimum variance found was 5.391940e-09.
WARNING: covariance vector named 'covar0_cl2_cl5' had 2 variances floored, minimum variance found was 3.315571e-06.
WARNING: covariance vector named 'covar0_cl2_cl4' had 2 variances floored, minimum variance found was 4.138989e-06.
WARNING: covariance vector named 'covar0_cl2_cl1_cl6' had 6 variances floored, minimum variance found was 9.515364e-08.
WARNING: covariance vector named 'covar0_cl2_cl1_cl5' had 1 variances floored, minimum variance found was 7.567857e-06.
WARNING: covariance vector named 'covar0_cl2_cl1_cl1_cl0' had 2 variances floored, minimum variance found was 3.700682e-06.
WARNING: covariance vector named 'covar0_cl2_cl0_cl5' had 12 variances floored, minimum variance found was 8.179931e-08.
WARNING: covariance vector named 'covar0_cl2_cl0_cl4' had 1 variances floored, minimum variance found was 9.937677e-06.
WARNING: covariance vector named 'covar0_cl2_cl0_cl3' had 2 variances floored, minimum variance found was 5.313441e-06.
WARNING: covariance vector named 'covar0_cl2_cl0_cl2_cl1' had 7 variances floored, minimum variance found was 2.541029e-07.
WARNING: covariance vector named 'covar0_cl2_cl0_cl2_cl0' had 3 variances floored, minimum variance found was 1.031729e-06.
WARNING: covariance vector named 'covar0_cl2_cl0_cl1_cl1' had 7 variances floored, minimum variance found was 1.348828e-06.
WARNING: covariance vector named 'covar0_cl2_cl0_cl1_cl0' had 2 variances floored, minimum variance found was 2.668231e-07.
WARNING: covariance vector named 'covar0_cl2_cl0_cl0_cl5' had 8 variances floored, minimum variance found was 1.085700e-08.
WARNING: covariance vector named 'covar0_cl2_cl0_cl0_cl4' had 2 variances floored, minimum variance found was 5.301119e-06.
WARNING: covariance vector named 'covar0_cl2_cl0_cl0_cl3' had 1 variances floored, minimum variance found was 6.941302e-06.
WARNING: covariance vector named 'covar0_cl2_cl0_cl0_cl2' had 2 variances floored, minimum variance found was 5.133500e-06.
WARNING: covariance vector named 'covar0_cl2_cl0_cl0_cl1' had 1 variances floored, minimum variance found was 5.899096e-06.
WARNING: covariance vector named 'covar0_cl2_cl0_cl0_cl0_cl1' had 3 variances floored, minimum variance found was 1.944132e-06.
WARNING: covariance vector named 'covar0_cl2_cl0_cl0_cl0_cl0' had 1 variances floored, minimum variance found was 6.797268e-06.
WARNING: covariance vector named 'covar0_cl1_cl8' had 1 variances floored, minimum variance found was 4.704139e-06.
WARNING: covariance vector named 'covar0_cl1_cl7' had 3 variances floored, minimum variance found was 2.535235e-06.
WARNING: covariance vector named 'covar0_cl1_cl5' had 1 variances floored, minimum variance found was 6.745937e-06.
WARNING: covariance vector named 'covar0_cl1_cl4_cl0' had 8 variances floored, minimum variance found was 6.950519e-09.
WARNING: covariance vector named 'covar0_cl1_cl3_cl4' had 3 variances floored, minimum variance found was 3.748102e-06.
WARNING: covariance vector named 'covar0_cl1_cl3_cl3' had 1 variances floored, minimum variance found was 9.839002e-06.
WARNING: covariance vector named 'covar0_cl1_cl3_cl2' had 3 variances floored, minimum variance found was 2.531530e-06.
WARNING: covariance vector named 'covar0_cl1_cl3_cl1_cl0' had 12 variances floored, minimum variance found was 6.574806e-08.
WARNING: covariance vector named 'covar0_cl1_cl3_cl0' had 1 variances floored, minimum variance found was 8.563783e-06.
WARNING: covariance vector named 'covar0_cl1_cl2_cl6' had 9 variances floored, minimum variance found was 9.190170e-08.
WARNING: covariance vector named 'covar0_cl1_cl2_cl5' had 4 variances floored, minimum variance found was 2.396604e-06.
WARNING: covariance vector named 'covar0_cl1_cl2_cl4' had 1 variances floored, minimum variance found was 6.607940e-06.
WARNING: covariance vector named 'covar0_cl1_cl2_cl3' had 3 variances floored, minimum variance found was 5.399589e-06.
WARNING: covariance vector named 'covar0_cl1_cl2_cl2' had 2 variances floored, minimum variance found was 7.639738e-06.
WARNING: covariance vector named 'covar0_cl1_cl2_cl1' had 1 variances floored, minimum variance found was 6.442637e-06.
WARNING: covariance vector named 'covar0_cl1_cl2_cl0' had 1 variances floored, minimum variance found was 8.199435e-06.
WARNING: covariance vector named 'covar0_cl1_cl2_cl0_cl1' had 9 variances floored, minimum variance found was 8.129440e-07.
WARNING: covariance vector named 'covar0_cl1_cl0_cl8' had 5 variances floored, minimum variance found was 1.536422e-06.
WARNING: covariance vector named 'covar0_cl1_cl0_cl7' had 1 variances floored, minimum variance found was 7.214335e-06.
WARNING: covariance vector named 'covar0_cl1_cl0_cl5' had 1 variances floored, minimum variance found was 5.435404e-06.
WARNING: covariance vector named 'covar0_cl1_cl0_cl4' had 1 variances floored, minimum variance found was 9.585776e-06.
WARNING: covariance vector named 'covar0_cl1_cl0_cl3_cl2' had 7 variances floored, minimum variance found was 2.403282e-07.
WARNING: covariance vector named 'covar0_cl1_cl0_cl3_cl1' had 6 variances floored, minimum variance found was 2.174140e-06.
WARNING: covariance vector named 'covar0_cl1_cl0_cl3_cl0' had 3 variances floored, minimum variance found was 3.451240e-06.
WARNING: covariance vector named 'covar0_cl1_cl0_cl3_cl0_cl0' had 8 variances floored, minimum variance found was 2.158914e-06.
WARNING: covariance vector named 'covar0_cl1_cl0_cl2' had 2 variances floored, minimum variance found was 5.399738e-06.
WARNING: covariance vector named 'covar0_cl1_cl0_cl2_cl0' had 6 variances floored, minimum variance found was 1.148128e-06.
WARNING: covariance vector named 'covar0_cl1_cl0_cl1_cl5' had 10 variances floored, minimum variance found was 3.318281e-07.
WARNING: covariance vector named 'covar0_cl1_cl0_cl1_cl4' had 5 variances floored, minimum variance found was 3.753124e-06.
WARNING: covariance vector named 'covar0_cl1_cl0_cl1_cl3' had 1 variances floored, minimum variance found was 9.318438e-06.
WARNING: covariance vector named 'covar0_cl1_cl0_cl1_cl2' had 2 variances floored, minimum variance found was 6.525956e-06.
WARNING: covariance vector named 'covar0_cl1_cl0_cl1_cl0_cl1' had 8 variances floored, minimum variance found was 7.971920e-09.
WARNING: covariance vector named 'covar0_cl1_cl0_cl1_cl0_cl0' had 6 variances floored, minimum variance found was 1.992233e-06.
WARNING: covariance vector named 'covar0_cl1_cl0_cl0' had 1 variances floored, minimum variance found was 7.585328e-06.
WARNING: covariance vector named 'covar0_cl1_cl0_cl0_cl5' had 5 variances floored, minimum variance found was 2.841870e-06.
WARNING: covariance vector named 'covar0_cl1_cl0_cl0_cl4' had 16 variances floored, minimum variance found was 8.314760e-08.
WARNING: covariance vector named 'covar0_cl1_cl0_cl0_cl3' had 4 variances floored, minimum variance found was 4.597146e-06.
WARNING: covariance vector named 'covar0_cl1_cl0_cl0_cl2' had 8 variances floored, minimum variance found was 2.591046e-06.
WARNING: covariance vector named 'covar0_cl1_cl0_cl0_cl1_cl0' had 15 variances floored, minimum variance found was 4.884170e-08.
WARNING: covariance vector named 'covar0_cl1_cl0_cl0_cl0' had 2 variances floored, minimum variance found was 5.709060e-06.
WARNING: covariance vector named 'covar0_cl1_cl0_cl0_cl0_cl0' had 7 variances floored, minimum variance found was 3.286097e-06.
WARNING: covariance vector named 'covar0_cl0' had 2 variances floored, minimum variance found was 8.329339e-06.
WARNING: covariance vector named 'covar0_cl0_cl11' had 15 variances floored, minimum variance found was 2.874964e-09.
WARNING: covariance vector named 'covar0_cl0_cl10' had 7 variances floored, minimum variance found was 3.051644e-06.
WARNING: covariance vector named 'covar0_cl0_cl9' had 14 variances floored, minimum variance found was 3.739815e-07.
WARNING: covariance vector named 'covar0_cl0_cl8' had 2 variances floored, minimum variance found was 8.919043e-06.
WARNING: covariance vector named 'covar0_cl0_cl7' had 1 variances floored, minimum variance found was 6.402083e-06.
WARNING: covariance vector named 'covar0_cl0_cl7_cl2' had 14 variances floored, minimum variance found was 2.938763e-08.
WARNING: covariance vector named 'covar0_cl0_cl7_cl1' had 2 variances floored, minimum variance found was 5.505500e-06.
WARNING: covariance vector named 'covar0_cl0_cl7_cl0' had 2 variances floored, minimum variance found was 2.819904e-06.
WARNING: covariance vector named 'covar0_cl0_cl6_cl0' had 14 variances floored, minimum variance found was 2.586505e-07.
WARNING: covariance vector named 'covar0_cl0_cl5' had 4 variances floored, minimum variance found was 5.406225e-06.
WARNING: covariance vector named 'covar0_cl0_cl5_cl1' had 14 variances floored, minimum variance found was 1.213724e-08.
WARNING: covariance vector named 'covar0_cl0_cl5_cl0' had 13 variances floored, minimum variance found was 9.751851e-07.
WARNING: covariance vector named 'covar0_cl0_cl4' had 2 variances floored, minimum variance found was 7.183211e-06.
WARNING: covariance vector named 'covar0_cl0_cl4_cl5' had 7 variances floored, minimum variance found was 8.685905e-07.
WARNING: covariance vector named 'covar0_cl0_cl4_cl4' had 12 variances floored, minimum variance found was 3.523945e-07.
WARNING: covariance vector named 'covar0_cl0_cl4_cl3' had 18 variances floored, minimum variance found was 7.471910e-09.
WARNING: covariance vector named 'covar0_cl0_cl4_cl2' had 10 variances floored, minimum variance found was 2.490104e-06.
WARNING: covariance vector named 'covar0_cl0_cl4_cl1' had 3 variances floored, minimum variance found was 6.591193e-06.
WARNING: covariance vector named 'covar0_cl0_cl4_cl1_cl0' had 9 variances floored, minimum variance found was 3.016745e-06.
WARNING: covariance vector named 'covar0_cl0_cl4_cl0' had 5 variances floored, minimum variance found was 5.879086e-06.
WARNING: covariance vector named 'covar0_cl0_cl3' had 2 variances floored, minimum variance found was 8.969047e-06.
WARNING: covariance vector named 'covar0_cl0_cl3_cl4' had 13 variances floored, minimum variance found was 5.193906e-09.
WARNING: covariance vector named 'covar0_cl0_cl3_cl3' had 8 variances floored, minimum variance found was 5.042625e-06.
WARNING: covariance vector named 'covar0_cl0_cl3_cl2' had 9 variances floored, minimum variance found was 2.191977e-06.
WARNING: covariance vector named 'covar0_cl0_cl3_cl1' had 6 variances floored, minimum variance found was 5.641657e-06.
WARNING: covariance vector named 'covar0_cl0_cl3_cl1_cl2' had 14 variances floored, minimum variance found was 1.606012e-07.
WARNING: covariance vector named 'covar0_cl0_cl3_cl1_cl0' had 6 variances floored, minimum variance found was 4.352335e-06.
WARNING: covariance vector named 'covar0_cl0_cl3_cl0' had 4 variances floored, minimum variance found was 2.752558e-06.
WARNING: covariance vector named 'covar0_cl0_cl2' had 11 variances floored, minimum variance found was 4.874870e-06.
WARNING: covariance vector named 'covar0_cl0_cl2_cl6' had 21 variances floored, minimum variance found was 1.157633e-07.
WARNING: covariance vector named 'covar0_cl0_cl2_cl5' had 11 variances floored, minimum variance found was 3.709719e-06.
WARNING: covariance vector named 'covar0_cl0_cl2_cl4' had 14 variances floored, minimum variance found was 1.027182e-06.
WARNING: covariance vector named 'covar0_cl0_cl2_cl3' had 23 variances floored, minimum variance found was 3.280428e-06.
WARNING: covariance vector named 'covar0_cl0_cl2_cl3_cl3' had 23 variances floored, minimum variance found was 2.917269e-06.
WARNING: covariance vector named 'covar0_cl0_cl2_cl3_cl2' had 23 variances floored, minimum variance found was 2.995793e-06.
WARNING: covariance vector named 'covar0_cl0_cl2_cl3_cl2_cl0' had 23 variances floored, minimum variance found was 2.364388e-06.
WARNING: covariance vector named 'covar0_cl0_cl2_cl3_cl1' had 23 variances floored, minimum variance found was 1.608135e-06.
WARNING: covariance vector named 'covar0_cl0_cl2_cl3_cl1_cl1' had 23 variances floored, minimum variance found was 9.062206e-07.
WARNING: covariance vector named 'covar0_cl0_cl2_cl3_cl1_cl0' had 23 variances floored, minimum variance found was 1.780761e-06.
WARNING: covariance vector named 'covar0_cl0_cl2_cl3_cl0' had 19 variances floored, minimum variance found was 4.534359e-06.
WARNING: covariance vector named 'covar0_cl0_cl2_cl3_cl0_cl0' had 17 variances floored, minimum variance found was 6.441270e-09.
WARNING: covariance vector named 'covar0_cl0_cl2_cl2' had 11 variances floored, minimum variance found was 3.662984e-07.
WARNING: covariance vector named 'covar0_cl0_cl2_cl1' had 10 variances floored, minimum variance found was 4.265359e-06.
WARNING: covariance vector named 'covar0_cl0_cl2_cl0' had 5 variances floored, minimum variance found was 5.488079e-06.
WARNING: covariance vector named 'covar0_cl0_cl2_cl0_cl2' had 11 variances floored, minimum variance found was 1.158758e-06.
WARNING: covariance vector named 'covar0_cl0_cl2_cl0_cl1' had 10 variances floored, minimum variance found was 2.721754e-06.
WARNING: covariance vector named 'covar0_cl0_cl2_cl0_cl0' had 7 variances floored, minimum variance found was 1.431408e-06.
WARNING: covariance vector named 'covar0_cl0_cl2_cl0_cl0_cl1' had 9 variances floored, minimum variance found was 1.479501e-06.
WARNING: covariance vector named 'covar0_cl0_cl2_cl0_cl0_cl0' had 18 variances floored, minimum variance found was 2.946518e-07.
WARNING: covariance vector named 'covar0_cl0_cl1' had 4 variances floored, minimum variance found was 6.769500e-06.
WARNING: covariance vector named 'covar0_cl0_cl1_cl0' had 1 variances floored, minimum variance found was 7.302428e-06.
WARNING: covariance vector named 'covar0_cl0_cl1_cl0_cl0' had 17 variances floored, minimum variance found was 4.259670e-09.
WARNING: covariance vector named 'covar0_cl0_cl0_cl3_cl1' had 22 variances floored, minimum variance found was 2.343516e-07.
WARNING: covariance vector named 'covar0_cl0_cl0_cl3_cl1_cl1' had 20 variances floored, minimum variance found was 3.125591e-07.
WARNING: covariance vector named 'covar0_cl0_cl0_cl3_cl1_cl0' had 24 variances floored, minimum variance found was 6.270636e-08.
WARNING: covariance vector named 'covar0_cl0_cl0_cl3_cl0_cl4_cl0' had 23 variances floored, minimum variance found was 5.149490e-07.
WARNING: covariance vector named 'covar0_cl0_cl0_cl3_cl0_cl2_cl1' had 23 variances floored, minimum variance found was 1.087958e-08.
WARNING: covariance vector named 'covar0_cl0_cl0_cl3_cl0_cl1' had 22 variances floored, minimum variance found was 2.419974e-07.
WARNING: covariance vector named 'covar0_cl0_cl0_cl3_cl0_cl1_cl3' had 22 variances floored, minimum variance found was 5.085920e-08.
WARNING: covariance vector named 'covar0_cl0_cl0_cl3_cl0_cl1_cl1' had 23 variances floored, minimum variance found was 6.196801e-07.
WARNING: covariance vector named 'covar0_cl0_cl0_cl3_cl0_cl0_cl1' had 23 variances floored, minimum variance found was 3.067341e-07.
WARNING: covariance vector named 'covar0_cl0_cl0_cl2' had 21 variances floored, minimum variance found was 6.860961e-07.
WARNING: covariance vector named 'covar0_cl0_cl0_cl2_cl3' had 15 variances floored, minimum variance found was 1.659409e-07.
WARNING: covariance vector named 'covar0_cl0_cl0_cl2_cl2' had 23 variances floored, minimum variance found was 3.024352e-09.
WARNING: covariance vector named 'covar0_cl0_cl0_cl2_cl0' had 23 variances floored, minimum variance found was 2.018005e-08.
WARNING: covariance vector named 'covar0_cl0_cl0_cl2_cl0_cl1' had 25 variances floored, minimum variance found was 1.458951e-09.
WARNING: covariance vector named 'covar0_cl0_cl0_cl0_cl4' had 23 variances floored, minimum variance found was 1.108233e-09.
WARNING: covariance vector named 'covar0_cl0_cl0_cl0_cl3' had 23 variances floored, minimum variance found was 8.710253e-08.
WARNING: covariance vector named 'covar0_cl0_cl0_cl0_cl2' had 23 variances floored, minimum variance found was 1.042662e-08.
WARNING: covariance vector named 'covar0_cl0_cl0_cl0_cl2_cl0' had 23 variances floored, minimum variance found was 6.298070e-08.
WARNING: covariance vector named 'covar0_cl0_cl0_cl0_cl0_cl3' had 21 variances floored, minimum variance found was 2.650415e-07.
WARNING: covariance vector named 'covar0_cl0_cl0_cl0_cl0_cl2' had 21 variances floored, minimum variance found was 7.991107e-07.
WARNING: covariance vector named 'covar0_cl0_cl0_cl0_cl0_cl2_cl1' had 23 variances floored, minimum variance found was 4.768527e-07.
WARNING: covariance vector named 'covar0_cl0_cl0_cl0_cl0_cl2_cl0' had 21 variances floored, minimum variance found was 1.083659e-06.
WARNING: covariance vector named 'covar1' had 1 variances floored, minimum variance found was 3.457038e-06.
WARNING: covariance vector named 'covar1_cl6' had 1 variances floored, minimum variance found was 2.731083e-06.
WARNING: covariance vector named 'covar1_cl4' had 2 variances floored, minimum variance found was 1.056998e-06.
WARNING: covariance vector named 'covar1_cl3_cl2' had 1 variances floored, minimum variance found was 2.042105e-06.
WARNING: covariance vector named 'covar1_cl3_cl1' had 3 variances floored, minimum variance found was 1.065047e-06.
WARNING: covariance vector named 'covar1_cl3_cl0' had 1 variances floored, minimum variance found was 2.199849e-06.
WARNING: covariance vector named 'covar1_cl1_cl8' had 1 variances floored, minimum variance found was 1.999586e-06.
WARNING: covariance vector named 'covar1_cl1_cl7' had 2 variances floored, minimum variance found was 5.438251e-07.
WARNING: covariance vector named 'covar1_cl1_cl6' had 3 variances floored, minimum variance found was 2.053308e-06.
WARNING: covariance vector named 'covar1_cl1_cl3_cl1' had 4 variances floored, minimum variance found was 3.961854e-06.
WARNING: covariance vector named 'covar1_cl1_cl3_cl0' had 4 variances floored, minimum variance found was 1.512946e-07.
WARNING: covariance vector named 'covar1_cl1_cl2_cl4' had 8 variances floored, minimum variance found was 3.059194e-09.
WARNING: covariance vector named 'covar1_cl1_cl2_cl3' had 12 variances floored, minimum variance found was 2.159913e-11.
WARNING: covariance vector named 'covar1_cl1_cl2_cl2' had 2 variances floored, minimum variance found was 3.198028e-06.
WARNING: covariance vector named 'covar1_cl1_cl2_cl1_cl0' had 5 variances floored, minimum variance found was 1.795616e-06.
WARNING: covariance vector named 'covar1_cl1_cl1_cl5' had 1 variances floored, minimum variance found was 4.603628e-06.
WARNING: covariance vector named 'covar1_cl1_cl1_cl4' had 4 variances floored, minimum variance found was 7.604357e-07.
WARNING: covariance vector named 'covar1_cl1_cl0_cl2' had 1 variances floored, minimum variance found was 9.135082e-06.
WARNING: covariance vector named 'covar1_cl0_cl6' had 3 variances floored, minimum variance found was 6.462309e-06.
WARNING: covariance vector named 'covar1_cl0_cl5_cl0' had 9 variances floored, minimum variance found was 2.905695e-08.
WARNING: covariance vector named 'covar1_cl0_cl3_cl1' had 9 variances floored, minimum variance found was 2.980054e-09.
WARNING: covariance vector named 'covar1_cl0_cl3_cl0' had 5 variances floored, minimum variance found was 4.513749e-06.
WARNING: covariance vector named 'covar1_cl0_cl2_cl3' had 7 variances floored, minimum variance found was 2.105874e-06.
WARNING: covariance vector named 'covar1_cl0_cl2_cl1' had 2 variances floored, minimum variance found was 5.910351e-06.
WARNING: covariance vector named 'covar1_cl0_cl1_cl6' had 6 variances floored, minimum variance found was 1.886243e-06.
WARNING: covariance vector named 'covar1_cl0_cl1_cl5' had 4 variances floored, minimum variance found was 4.775817e-06.
WARNING: covariance vector named 'covar1_cl0_cl1_cl4' had 5 variances floored, minimum variance found was 1.856424e-06.
WARNING: covariance vector named 'covar1_cl0_cl1_cl3_cl1' had 25 variances floored, minimum variance found was -2.025792e-08.
WARNING: covariance vector named 'covar1_cl0_cl1_cl3_cl0' had 12 variances floored, minimum variance found was 7.560972e-08.
WARNING: covariance vector named 'covar1_cl0_cl1_cl2' had 3 variances floored, minimum variance found was 2.818015e-06.
WARNING: covariance vector named 'covar1_cl0_cl1_cl1' had 1 variances floored, minimum variance found was 8.752606e-06.
WARNING: covariance vector named 'covar1_cl0_cl1_cl1_cl1' had 2 variances floored, minimum variance found was 3.001290e-06.
WARNING: covariance vector named 'covar1_cl0_cl1_cl1_cl0' had 2 variances floored, minimum variance found was 4.617209e-06.
WARNING: covariance vector named 'covar1_cl0_cl1_cl0_cl2' had 10 variances floored, minimum variance found was 3.297226e-08.
WARNING: covariance vector named 'covar1_cl0_cl1_cl0_cl1' had 1 variances floored, minimum variance found was 8.986682e-06.
WARNING: covariance vector named 'covar1_cl0_cl1_cl0_cl0' had 9 variances floored, minimum variance found was 2.460607e-06.
WARNING: covariance vector named 'covar1_cl0_cl0_cl9' had 4 variances floored, minimum variance found was 7.232459e-06.
WARNING: covariance vector named 'covar1_cl0_cl0_cl8' had 2 variances floored, minimum variance found was 6.909644e-06.
WARNING: covariance vector named 'covar1_cl0_cl0_cl7' had 13 variances floored, minimum variance found was 1.760913e-06.
WARNING: covariance vector named 'covar1_cl0_cl0_cl6' had 8 variances floored, minimum variance found was 1.953422e-06.
WARNING: covariance vector named 'covar1_cl0_cl0_cl5' had 9 variances floored, minimum variance found was 4.213401e-06.
WARNING: covariance vector named 'covar1_cl0_cl0_cl4' had 6 variances floored, minimum variance found was 3.008449e-06.
WARNING: covariance vector named 'covar1_cl0_cl0_cl2' had 1 variances floored, minimum variance found was 8.406572e-06.
WARNING: covariance vector named 'covar1_cl0_cl0_cl2_cl3' had 17 variances floored, minimum variance found was 9.304500e-08.
WARNING: covariance vector named 'covar1_cl0_cl0_cl2_cl2' had 6 variances floored, minimum variance found was 3.225941e-06.
WARNING: covariance vector named 'covar1_cl0_cl0_cl2_cl1' had 6 variances floored, minimum variance found was 3.944357e-06.
WARNING: covariance vector named 'covar1_cl0_cl0_cl2_cl1_cl0' had 18 variances floored, minimum variance found was 3.578444e-08.
WARNING: covariance vector named 'covar1_cl0_cl0_cl2_cl0' had 1 variances floored, minimum variance found was 9.550488e-06.
WARNING: covariance vector named 'covar1_cl0_cl0_cl2_cl0_cl0' had 7 variances floored, minimum variance found was 5.040368e-06.
WARNING: covariance vector named 'covar1_cl0_cl0_cl1_cl5' had 25 variances floored, minimum variance found was 8.238969e-09.
WARNING: covariance vector named 'covar1_cl0_cl0_cl1_cl4' had 3 variances floored, minimum variance found was 4.096717e-06.
WARNING: covariance vector named 'covar1_cl0_cl0_cl1_cl3' had 2 variances floored, minimum variance found was 8.583751e-06.
WARNING: covariance vector named 'covar1_cl0_cl0_cl1_cl2' had 1 variances floored, minimum variance found was 8.309719e-06.
WARNING: covariance vector named 'covar1_cl0_cl0_cl1_cl1' had 2 variances floored, minimum variance found was 6.904329e-06.
WARNING: covariance vector named 'covar1_cl0_cl0_cl1_cl0' had 5 variances floored, minimum variance found was 4.685194e-06.
WARNING: covariance vector named 'covar1_cl0_cl0_cl0' had 23 variances floored, minimum variance found was 5.371425e-07.
WARNING: covariance vector named 'covar1_cl0_cl0_cl0_cl3' had 22 variances floored, minimum variance found was 9.361416e-07.
WARNING: covariance vector named 'covar1_cl0_cl0_cl0_cl2' had 21 variances floored, minimum variance found was 3.520157e-08.
WARNING: covariance vector named 'covar1_cl0_cl0_cl0_cl1' had 23 variances floored, minimum variance found was 6.071230e-07.
WARNING: covariance vector named 'covar1_cl0_cl0_cl0_cl1_cl1' had 23 variances floored, minimum variance found was 4.389823e-07.
WARNING: covariance vector named 'covar1_cl0_cl0_cl0_cl1_cl0' had 23 variances floored, minimum variance found was 6.971637e-09.
WARNING: covariance vector named 'covar1_cl0_cl0_cl0_cl0' had 15 variances floored, minimum variance found was 3.712311e-06.
WARNING: covariance vector named 'covar1_cl0_cl0_cl0_cl0_cl3' had 11 variances floored, minimum variance found was 2.686442e-06.
WARNING: covariance vector named 'covar1_cl0_cl0_cl0_cl0_cl2' had 13 variances floored, minimum variance found was 6.432732e-09.
WARNING: covariance vector named 'covar1_cl0_cl0_cl0_cl0_cl1' had 15 variances floored, minimum variance found was 8.587963e-07.
WARNING: covariance vector named 'covar1_cl0_cl0_cl0_cl0_cl0' had 20 variances floored, minimum variance found was 2.064368e-06.
WARNING: covariance vector named 'covar1_cl0_cl0_cl0_cl0_cl0_cl1' had 22 variances floored, minimum variance found was 3.811077e-07.
WARNING: covariance vector named 'covar1_cl0_cl0_cl0_cl0_cl0_cl0' had 16 variances floored, minimum variance found was 1.989879e-06.
Maximum number of EM iterations reached (1). Stopping
### Final time (seconds) just for EM stage: User: 0.027485, System: 0.003800, CPU 0.031285
____ PROGRAM ENDED SUCCESSFULLY WITH STATUS 0 AT Wednesday August 19 2015, 01:55:55 PDT ____
