Creating Junction Tree
DONE creating Junction Tree
Loading accumulators from 'accumulators/acc_0_2_8comp.data'
WARNING: covariance vector named 'covar0_cl5' had 1 variances floored, minimum variance found was 6.010681e-06.
WARNING: covariance vector named 'covar0_cl3_cl5' had 1 variances floored, minimum variance found was 3.552972e-06.
WARNING: covariance vector named 'covar0_cl3_cl4' had 1 variances floored, minimum variance found was 7.921231e-06.
WARNING: covariance vector named 'covar0_cl3_cl4_cl1' had 3 variances floored, minimum variance found was 3.266213e-06.
WARNING: covariance vector named 'covar0_cl3_cl4_cl0' had 2 variances floored, minimum variance found was 3.508590e-06.
WARNING: covariance vector named 'covar0_cl3_cl3_cl1' had 2 variances floored, minimum variance found was 4.061673e-06.
WARNING: covariance vector named 'covar0_cl3_cl2_cl2' had 1 variances floored, minimum variance found was 4.652909e-06.
WARNING: covariance vector named 'covar0_cl3_cl1' had 2 variances floored, minimum variance found was 1.653090e-07.
WARNING: covariance vector named 'covar0_cl3_cl1_cl3' had 2 variances floored, minimum variance found was 4.318009e-07.
WARNING: covariance vector named 'covar0_cl3_cl1_cl2' had 2 variances floored, minimum variance found was 9.985730e-07.
WARNING: covariance vector named 'covar0_cl3_cl1_cl1' had 1 variances floored, minimum variance found was 3.182005e-07.
WARNING: covariance vector named 'covar0_cl3_cl1_cl1_cl0' had 3 variances floored, minimum variance found was 1.480386e-06.
WARNING: covariance vector named 'covar0_cl3_cl0' had 2 variances floored, minimum variance found was 3.741907e-07.
WARNING: covariance vector named 'covar0_cl3_cl0_cl5' had 4 variances floored, minimum variance found was 1.407886e-07.
WARNING: covariance vector named 'covar0_cl3_cl0_cl4' had 2 variances floored, minimum variance found was 3.288093e-07.
WARNING: covariance vector named 'covar0_cl3_cl0_cl3' had 1 variances floored, minimum variance found was 1.489211e-06.
WARNING: covariance vector named 'covar0_cl3_cl0_cl2' had 2 variances floored, minimum variance found was 5.348631e-07.
WARNING: covariance vector named 'covar0_cl3_cl0_cl1' had 2 variances floored, minimum variance found was 1.594958e-08.
WARNING: covariance vector named 'covar0_cl3_cl0_cl1_cl2' had 2 variances floored, minimum variance found was 1.235710e-07.
WARNING: covariance vector named 'covar0_cl3_cl0_cl1_cl1' had 4 variances floored, minimum variance found was 6.364011e-09.
WARNING: covariance vector named 'covar0_cl3_cl0_cl1_cl0' had 1 variances floored, minimum variance found was 5.068383e-07.
WARNING: covariance vector named 'covar0_cl3_cl0_cl0' had 2 variances floored, minimum variance found was 2.366312e-07.
WARNING: covariance vector named 'covar0_cl2' had 1 variances floored, minimum variance found was 7.542534e-06.
WARNING: covariance vector named 'covar0_cl2_cl2_cl2' had 7 variances floored, minimum variance found was 1.281794e-07.
WARNING: covariance vector named 'covar0_cl2_cl1_cl3' had 1 variances floored, minimum variance found was 6.572196e-06.
WARNING: covariance vector named 'covar0_cl2_cl0_cl1' had 2 variances floored, minimum variance found was 8.933202e-06.
WARNING: covariance vector named 'covar0_cl2_cl0_cl0' had 2 variances floored, minimum variance found was 2.268204e-06.
WARNING: covariance vector named 'covar0_cl2_cl0_cl0_cl3' had 2 variances floored, minimum variance found was 1.662912e-06.
WARNING: covariance vector named 'covar0_cl2_cl0_cl0_cl2' had 3 variances floored, minimum variance found was 8.712615e-07.
WARNING: covariance vector named 'covar0_cl2_cl0_cl0_cl1' had 4 variances floored, minimum variance found was 3.093458e-06.
WARNING: covariance vector named 'covar0_cl2_cl0_cl0_cl1_cl0' had 2 variances floored, minimum variance found was 4.155939e-07.
WARNING: covariance vector named 'covar0_cl2_cl0_cl0_cl0' had 2 variances floored, minimum variance found was 1.646865e-06.
WARNING: covariance vector named 'covar0_cl2_cl0_cl0_cl0_cl1' had 4 variances floored, minimum variance found was 3.240958e-08.
WARNING: covariance vector named 'covar0_cl2_cl0_cl0_cl0_cl0' had 5 variances floored, minimum variance found was 3.098716e-07.
WARNING: covariance vector named 'covar0_cl1_cl6' had 1 variances floored, minimum variance found was 4.088016e-06.
WARNING: covariance vector named 'covar0_cl1_cl5' had 1 variances floored, minimum variance found was 7.877695e-06.
WARNING: covariance vector named 'covar0_cl1_cl4_cl1' had 3 variances floored, minimum variance found was 2.561497e-06.
WARNING: covariance vector named 'covar0_cl1_cl4_cl0' had 1 variances floored, minimum variance found was 3.847727e-06.
WARNING: covariance vector named 'covar0_cl1_cl3_cl1' had 2 variances floored, minimum variance found was 1.418786e-06.
WARNING: covariance vector named 'covar0_cl1_cl3_cl0' had 3 variances floored, minimum variance found was 1.863400e-06.
WARNING: covariance vector named 'covar0_cl1_cl2' had 1 variances floored, minimum variance found was 9.591633e-06.
WARNING: covariance vector named 'covar0_cl1_cl2_cl2' had 3 variances floored, minimum variance found was 1.038039e-06.
WARNING: covariance vector named 'covar0_cl1_cl2_cl1' had 4 variances floored, minimum variance found was 2.892604e-06.
WARNING: covariance vector named 'covar0_cl1_cl2_cl0' had 3 variances floored, minimum variance found was 6.458968e-06.
WARNING: covariance vector named 'covar0_cl1_cl1_cl7' had 10 variances floored, minimum variance found was 2.140220e-07.
WARNING: covariance vector named 'covar0_cl1_cl1_cl4_cl0' had 3 variances floored, minimum variance found was 5.109743e-07.
WARNING: covariance vector named 'covar0_cl1_cl1_cl3_cl1' had 3 variances floored, minimum variance found was 6.909007e-06.
WARNING: covariance vector named 'covar0_cl1_cl1_cl3_cl0' had 6 variances floored, minimum variance found was 1.087789e-06.
WARNING: covariance vector named 'covar0_cl1_cl1_cl2_cl1' had 2 variances floored, minimum variance found was 4.463995e-06.
WARNING: covariance vector named 'covar0_cl1_cl1_cl2_cl0' had 2 variances floored, minimum variance found was 7.653964e-06.
WARNING: covariance vector named 'covar0_cl1_cl1_cl0_cl4' had 1 variances floored, minimum variance found was 7.407968e-06.
WARNING: covariance vector named 'covar0_cl1_cl1_cl0_cl3' had 10 variances floored, minimum variance found was 4.326949e-09.
WARNING: covariance vector named 'covar0_cl1_cl1_cl0_cl1' had 2 variances floored, minimum variance found was 4.454646e-06.
WARNING: covariance vector named 'covar0_cl1_cl1_cl0_cl0' had 5 variances floored, minimum variance found was 2.619078e-06.
WARNING: covariance vector named 'covar0_cl1_cl0_cl7' had 7 variances floored, minimum variance found was 6.634447e-07.
WARNING: covariance vector named 'covar0_cl1_cl0_cl6' had 4 variances floored, minimum variance found was 8.575589e-06.
WARNING: covariance vector named 'covar0_cl1_cl0_cl5_cl0' had 11 variances floored, minimum variance found was 3.158482e-07.
WARNING: covariance vector named 'covar0_cl1_cl0_cl4' had 4 variances floored, minimum variance found was 1.678965e-06.
WARNING: covariance vector named 'covar0_cl1_cl0_cl3' had 1 variances floored, minimum variance found was 9.358646e-06.
WARNING: covariance vector named 'covar0_cl1_cl0_cl3_cl0' had 3 variances floored, minimum variance found was 3.759892e-07.
WARNING: covariance vector named 'covar0_cl1_cl0_cl1_cl4' had 4 variances floored, minimum variance found was 2.833467e-06.
WARNING: covariance vector named 'covar0_cl1_cl0_cl1_cl3' had 13 variances floored, minimum variance found was 7.897417e-08.
WARNING: covariance vector named 'covar0_cl1_cl0_cl1_cl2' had 5 variances floored, minimum variance found was 9.177717e-06.
WARNING: covariance vector named 'covar0_cl1_cl0_cl1_cl1' had 13 variances floored, minimum variance found was 5.672151e-07.
WARNING: covariance vector named 'covar0_cl1_cl0_cl1_cl0' had 1 variances floored, minimum variance found was 4.606251e-06.
WARNING: covariance vector named 'covar0_cl1_cl0_cl1_cl0_cl0' had 10 variances floored, minimum variance found was 1.519501e-06.
WARNING: covariance vector named 'covar0_cl1_cl0_cl0_cl5' had 6 variances floored, minimum variance found was 4.837540e-06.
WARNING: covariance vector named 'covar0_cl1_cl0_cl0_cl4' had 5 variances floored, minimum variance found was 3.460317e-06.
WARNING: covariance vector named 'covar0_cl1_cl0_cl0_cl3' had 1 variances floored, minimum variance found was 7.325828e-06.
WARNING: covariance vector named 'covar0_cl1_cl0_cl0_cl2' had 1 variances floored, minimum variance found was 6.854490e-06.
WARNING: covariance vector named 'covar0_cl1_cl0_cl0_cl2_cl0' had 12 variances floored, minimum variance found was 3.499853e-07.
WARNING: covariance vector named 'covar0_cl1_cl0_cl0_cl1' had 2 variances floored, minimum variance found was 5.586733e-06.
WARNING: covariance vector named 'covar0_cl1_cl0_cl0_cl0_cl0' had 5 variances floored, minimum variance found was 5.398729e-06.
WARNING: covariance vector named 'covar0_cl0' had 1 variances floored, minimum variance found was 8.541676e-06.
WARNING: covariance vector named 'covar0_cl0_cl9' had 11 variances floored, minimum variance found was 7.835280e-07.
WARNING: covariance vector named 'covar0_cl0_cl8_cl0' had 6 variances floored, minimum variance found was 2.622973e-06.
WARNING: covariance vector named 'covar0_cl0_cl7' had 1 variances floored, minimum variance found was 9.027653e-06.
WARNING: covariance vector named 'covar0_cl0_cl6' had 2 variances floored, minimum variance found was 7.848100e-06.
WARNING: covariance vector named 'covar0_cl0_cl6_cl0' had 7 variances floored, minimum variance found was 6.861522e-07.
WARNING: covariance vector named 'covar0_cl0_cl5' had 3 variances floored, minimum variance found was 6.269541e-06.
WARNING: covariance vector named 'covar0_cl0_cl5_cl0' had 5 variances floored, minimum variance found was 3.365902e-06.
WARNING: covariance vector named 'covar0_cl0_cl4' had 2 variances floored, minimum variance found was 6.264830e-06.
WARNING: covariance vector named 'covar0_cl0_cl4_cl3' had 10 variances floored, minimum variance found was 9.546873e-07.
WARNING: covariance vector named 'covar0_cl0_cl4_cl2' had 10 variances floored, minimum variance found was 2.732762e-06.
WARNING: covariance vector named 'covar0_cl0_cl4_cl1' had 4 variances floored, minimum variance found was 4.384733e-06.
WARNING: covariance vector named 'covar0_cl0_cl4_cl0' had 8 variances floored, minimum variance found was 6.690606e-06.
WARNING: covariance vector named 'covar0_cl0_cl3' had 2 variances floored, minimum variance found was 7.428005e-06.
WARNING: covariance vector named 'covar0_cl0_cl3_cl3' had 15 variances floored, minimum variance found was 1.509962e-07.
WARNING: covariance vector named 'covar0_cl0_cl3_cl2' had 7 variances floored, minimum variance found was 3.143143e-06.
WARNING: covariance vector named 'covar0_cl0_cl3_cl1' had 5 variances floored, minimum variance found was 7.228397e-06.
WARNING: covariance vector named 'covar0_cl0_cl3_cl1_cl1' had 12 variances floored, minimum variance found was 6.345774e-07.
WARNING: covariance vector named 'covar0_cl0_cl3_cl1_cl0' had 17 variances floored, minimum variance found was 1.690680e-07.
WARNING: covariance vector named 'covar0_cl0_cl3_cl0' had 7 variances floored, minimum variance found was 4.357379e-06.
WARNING: covariance vector named 'covar0_cl0_cl3_cl0_cl0' had 16 variances floored, minimum variance found was 3.693282e-06.
WARNING: covariance vector named 'covar0_cl0_cl2_cl2' had 12 variances floored, minimum variance found was 1.531677e-06.
WARNING: covariance vector named 'covar0_cl0_cl2_cl1' had 6 variances floored, minimum variance found was 5.198332e-06.
WARNING: covariance vector named 'covar0_cl0_cl2_cl0' had 3 variances floored, minimum variance found was 8.962083e-06.
WARNING: covariance vector named 'covar0_cl0_cl1' had 6 variances floored, minimum variance found was 5.144861e-06.
WARNING: covariance vector named 'covar0_cl0_cl1_cl0' had 9 variances floored, minimum variance found was 4.530285e-06.
WARNING: covariance vector named 'covar0_cl0_cl0' had 23 variances floored, minimum variance found was 1.800741e-06.
WARNING: covariance vector named 'covar0_cl0_cl0_cl10' had 23 variances floored, minimum variance found was 1.889611e-06.
WARNING: covariance vector named 'covar0_cl0_cl0_cl9' had 23 variances floored, minimum variance found was 2.865223e-06.
WARNING: covariance vector named 'covar0_cl0_cl0_cl9_cl0' had 23 variances floored, minimum variance found was 2.162318e-06.
WARNING: covariance vector named 'covar0_cl0_cl0_cl8' had 23 variances floored, minimum variance found was 2.335116e-06.
WARNING: covariance vector named 'covar0_cl0_cl0_cl8_cl1' had 23 variances floored, minimum variance found was 2.433877e-06.
WARNING: covariance vector named 'covar0_cl0_cl0_cl8_cl0' had 23 variances floored, minimum variance found was 1.686833e-06.
WARNING: covariance vector named 'covar0_cl0_cl0_cl8_cl0_cl0' had 22 variances floored, minimum variance found was 1.154953e-06.
WARNING: covariance vector named 'covar0_cl0_cl0_cl7' had 23 variances floored, minimum variance found was 1.727321e-06.
WARNING: covariance vector named 'covar0_cl0_cl0_cl7_cl0' had 23 variances floored, minimum variance found was 2.283725e-06.
WARNING: covariance vector named 'covar0_cl0_cl0_cl6' had 23 variances floored, minimum variance found was 1.957886e-06.
WARNING: covariance vector named 'covar0_cl0_cl0_cl6_cl1' had 23 variances floored, minimum variance found was 1.871152e-06.
WARNING: covariance vector named 'covar0_cl0_cl0_cl6_cl0' had 23 variances floored, minimum variance found was 1.755758e-06.
WARNING: covariance vector named 'covar0_cl0_cl0_cl6_cl0_cl0' had 23 variances floored, minimum variance found was 9.125333e-08.
WARNING: covariance vector named 'covar0_cl0_cl0_cl5' had 23 variances floored, minimum variance found was 2.907575e-06.
WARNING: covariance vector named 'covar0_cl0_cl0_cl5_cl2' had 23 variances floored, minimum variance found was 1.631177e-06.
WARNING: covariance vector named 'covar0_cl0_cl0_cl5_cl1' had 23 variances floored, minimum variance found was 1.909880e-06.
WARNING: covariance vector named 'covar0_cl0_cl0_cl5_cl1_cl0' had 23 variances floored, minimum variance found was 1.309179e-06.
WARNING: covariance vector named 'covar0_cl0_cl0_cl5_cl0' had 23 variances floored, minimum variance found was 2.731839e-06.
WARNING: covariance vector named 'covar0_cl0_cl0_cl5_cl0_cl0' had 23 variances floored, minimum variance found was 1.791146e-06.
WARNING: covariance vector named 'covar0_cl0_cl0_cl4' had 23 variances floored, minimum variance found was 3.358447e-06.
WARNING: covariance vector named 'covar0_cl0_cl0_cl4_cl6' had 23 variances floored, minimum variance found was 3.163853e-06.
WARNING: covariance vector named 'covar0_cl0_cl0_cl4_cl5' had 23 variances floored, minimum variance found was 3.084206e-06.
WARNING: covariance vector named 'covar0_cl0_cl0_cl4_cl5_cl0' had 23 variances floored, minimum variance found was 2.490852e-06.
WARNING: covariance vector named 'covar0_cl0_cl0_cl4_cl4' had 23 variances floored, minimum variance found was 3.042413e-06.
WARNING: covariance vector named 'covar0_cl0_cl0_cl4_cl4_cl1' had 23 variances floored, minimum variance found was 1.970661e-06.
WARNING: covariance vector named 'covar0_cl0_cl0_cl4_cl4_cl0' had 23 variances floored, minimum variance found was 3.114402e-06.
WARNING: covariance vector named 'covar0_cl0_cl0_cl4_cl3' had 23 variances floored, minimum variance found was 2.051989e-06.
WARNING: covariance vector named 'covar0_cl0_cl0_cl4_cl3_cl0' had 23 variances floored, minimum variance found was 1.558334e-06.
WARNING: covariance vector named 'covar0_cl0_cl0_cl4_cl2' had 23 variances floored, minimum variance found was 3.016100e-06.
WARNING: covariance vector named 'covar0_cl0_cl0_cl4_cl2_cl1' had 23 variances floored, minimum variance found was 3.177422e-06.
WARNING: covariance vector named 'covar0_cl0_cl0_cl4_cl2_cl0' had 23 variances floored, minimum variance found was 2.765581e-06.
WARNING: covariance vector named 'covar0_cl0_cl0_cl4_cl1' had 23 variances floored, minimum variance found was 3.115564e-06.
WARNING: covariance vector named 'covar0_cl0_cl0_cl4_cl1_cl1' had 23 variances floored, minimum variance found was 2.677221e-06.
WARNING: covariance vector named 'covar0_cl0_cl0_cl4_cl1_cl0' had 23 variances floored, minimum variance found was 2.360757e-06.
WARNING: covariance vector named 'covar0_cl0_cl0_cl4_cl1_cl0_cl0' had 22 variances floored, minimum variance found was 1.133277e-06.
WARNING: covariance vector named 'covar0_cl0_cl0_cl4_cl0' had 23 variances floored, minimum variance found was 3.141736e-06.
WARNING: covariance vector named 'covar0_cl0_cl0_cl4_cl0_cl1' had 23 variances floored, minimum variance found was 2.297087e-06.
WARNING: covariance vector named 'covar0_cl0_cl0_cl4_cl0_cl0' had 21 variances floored, minimum variance found was 2.121495e-06.
WARNING: covariance vector named 'covar0_cl0_cl0_cl3_cl4' had 23 variances floored, minimum variance found was 2.135771e-06.
WARNING: covariance vector named 'covar0_cl0_cl0_cl3_cl3' had 23 variances floored, minimum variance found was 1.524562e-06.
WARNING: covariance vector named 'covar0_cl0_cl0_cl3_cl2' had 23 variances floored, minimum variance found was 3.279727e-06.
WARNING: covariance vector named 'covar0_cl0_cl0_cl3_cl2_cl0' had 23 variances floored, minimum variance found was 1.850694e-06.
WARNING: covariance vector named 'covar0_cl0_cl0_cl3_cl1' had 23 variances floored, minimum variance found was 1.648538e-06.
WARNING: covariance vector named 'covar0_cl0_cl0_cl3_cl0' had 23 variances floored, minimum variance found was 1.696783e-06.
WARNING: covariance vector named 'covar0_cl0_cl0_cl3_cl0_cl1' had 23 variances floored, minimum variance found was 8.197465e-07.
WARNING: covariance vector named 'covar0_cl0_cl0_cl3_cl0_cl0' had 23 variances floored, minimum variance found was 2.037096e-06.
WARNING: covariance vector named 'covar0_cl0_cl0_cl2' had 23 variances floored, minimum variance found was 1.801375e-06.
WARNING: covariance vector named 'covar0_cl0_cl0_cl2_cl4' had 23 variances floored, minimum variance found was 1.699683e-06.
WARNING: covariance vector named 'covar0_cl0_cl0_cl2_cl2' had 23 variances floored, minimum variance found was 1.154903e-06.
WARNING: covariance vector named 'covar0_cl0_cl0_cl2_cl2_cl0' had 23 variances floored, minimum variance found was 1.019353e-06.
WARNING: covariance vector named 'covar0_cl0_cl0_cl2_cl1' had 23 variances floored, minimum variance found was 4.992613e-07.
WARNING: covariance vector named 'covar0_cl0_cl0_cl2_cl0' had 23 variances floored, minimum variance found was 4.948454e-07.
WARNING: covariance vector named 'covar0_cl0_cl0_cl2_cl0_cl0' had 23 variances floored, minimum variance found was 5.984443e-07.
WARNING: covariance vector named 'covar0_cl0_cl0_cl1' had 22 variances floored, minimum variance found was 3.652493e-06.
WARNING: covariance vector named 'covar0_cl0_cl0_cl1_cl2' had 23 variances floored, minimum variance found was 2.742694e-06.
WARNING: covariance vector named 'covar0_cl0_cl0_cl1_cl1' had 23 variances floored, minimum variance found was 3.328419e-06.
WARNING: covariance vector named 'covar0_cl0_cl0_cl1_cl1_cl2' had 23 variances floored, minimum variance found was 3.175888e-06.
WARNING: covariance vector named 'covar0_cl0_cl0_cl1_cl1_cl1' had 22 variances floored, minimum variance found was 3.785997e-06.
WARNING: covariance vector named 'covar0_cl0_cl0_cl1_cl1_cl1_cl0' had 23 variances floored, minimum variance found was 1.799745e-06.
WARNING: covariance vector named 'covar0_cl0_cl0_cl1_cl1_cl0' had 23 variances floored, minimum variance found was 1.126751e-06.
WARNING: covariance vector named 'covar0_cl0_cl0_cl1_cl1_cl0_cl0' had 22 variances floored, minimum variance found was 1.061371e-06.
WARNING: covariance vector named 'covar0_cl0_cl0_cl1_cl0' had 23 variances floored, minimum variance found was 8.232357e-07.
WARNING: covariance vector named 'covar0_cl0_cl0_cl1_cl0_cl1' had 23 variances floored, minimum variance found was 3.938814e-07.
WARNING: covariance vector named 'covar0_cl0_cl0_cl1_cl0_cl0' had 23 variances floored, minimum variance found was 8.639133e-07.
WARNING: covariance vector named 'covar0_cl0_cl0_cl0_cl1' had 23 variances floored, minimum variance found was 3.630323e-06.
WARNING: covariance vector named 'covar0_cl0_cl0_cl0_cl1_cl1' had 22 variances floored, minimum variance found was 2.261074e-06.
WARNING: covariance vector named 'covar0_cl0_cl0_cl0_cl1_cl0' had 22 variances floored, minimum variance found was 3.021609e-06.
WARNING: covariance vector named 'covar0_cl0_cl0_cl0_cl0' had 23 variances floored, minimum variance found was 9.583439e-08.
WARNING: covariance vector named 'covar1' had 2 variances floored, minimum variance found was 2.406774e-06.
WARNING: covariance vector named 'covar1_cl5' had 3 variances floored, minimum variance found was 1.040053e-06.
WARNING: covariance vector named 'covar1_cl3' had 1 variances floored, minimum variance found was 3.420772e-06.
WARNING: covariance vector named 'covar1_cl3_cl2' had 2 variances floored, minimum variance found was 1.464103e-06.
WARNING: covariance vector named 'covar1_cl3_cl0' had 2 variances floored, minimum variance found was 2.678397e-06.
WARNING: covariance vector named 'covar1_cl1_cl4' had 3 variances floored, minimum variance found was 5.466128e-06.
WARNING: covariance vector named 'covar1_cl1_cl0_cl5' had 1 variances floored, minimum variance found was 8.809843e-06.
WARNING: covariance vector named 'covar1_cl1_cl0_cl2' had 1 variances floored, minimum variance found was 1.975338e-06.
WARNING: covariance vector named 'covar1_cl1_cl0_cl2_cl0' had 1 variances floored, minimum variance found was 3.562007e-06.
WARNING: covariance vector named 'covar1_cl1_cl0_cl0_cl2' had 7 variances floored, minimum variance found was 6.792014e-08.
WARNING: covariance vector named 'covar1_cl0_cl2_cl2' had 7 variances floored, minimum variance found was 4.815830e-07.
WARNING: covariance vector named 'covar1_cl0_cl1_cl5' had 5 variances floored, minimum variance found was 2.237380e-06.
WARNING: covariance vector named 'covar1_cl0_cl1_cl4' had 2 variances floored, minimum variance found was 8.147541e-06.
WARNING: covariance vector named 'covar1_cl0_cl1_cl0_cl4' had 12 variances floored, minimum variance found was 2.613860e-06.
WARNING: covariance vector named 'covar1_cl0_cl1_cl0_cl3' had 1 variances floored, minimum variance found was 8.572465e-06.
WARNING: covariance vector named 'covar1_cl0_cl1_cl0_cl2' had 3 variances floored, minimum variance found was 6.681085e-06.
WARNING: covariance vector named 'covar1_cl0_cl1_cl0_cl1' had 1 variances floored, minimum variance found was 8.325701e-06.
WARNING: covariance vector named 'covar1_cl0_cl0_cl8' had 2 variances floored, minimum variance found was 5.778258e-06.
WARNING: covariance vector named 'covar1_cl0_cl0_cl6' had 2 variances floored, minimum variance found was 7.312948e-06.
WARNING: covariance vector named 'covar1_cl0_cl0_cl5' had 5 variances floored, minimum variance found was 1.081701e-07.
WARNING: covariance vector named 'covar1_cl0_cl0_cl4' had 1 variances floored, minimum variance found was 8.765703e-06.
WARNING: covariance vector named 'covar1_cl0_cl0_cl4_cl1' had 1 variances floored, minimum variance found was 9.658477e-06.
WARNING: covariance vector named 'covar1_cl0_cl0_cl4_cl0' had 4 variances floored, minimum variance found was 7.659290e-06.
WARNING: covariance vector named 'covar1_cl0_cl0_cl3' had 7 variances floored, minimum variance found was 6.442578e-06.
WARNING: covariance vector named 'covar1_cl0_cl0_cl3_cl1' had 6 variances floored, minimum variance found was 3.230101e-06.
WARNING: covariance vector named 'covar1_cl0_cl0_cl3_cl0' had 9 variances floored, minimum variance found was 2.523897e-06.
WARNING: covariance vector named 'covar1_cl0_cl0_cl2' had 2 variances floored, minimum variance found was 9.231356e-06.
WARNING: covariance vector named 'covar1_cl0_cl0_cl2_cl1' had 12 variances floored, minimum variance found was 4.155033e-07.
WARNING: covariance vector named 'covar1_cl0_cl0_cl2_cl0' had 12 variances floored, minimum variance found was 4.626610e-06.
WARNING: covariance vector named 'covar1_cl0_cl0_cl1_cl3' had 5 variances floored, minimum variance found was 2.022317e-06.
WARNING: covariance vector named 'covar1_cl0_cl0_cl1_cl2' had 13 variances floored, minimum variance found was 9.705195e-08.
WARNING: covariance vector named 'covar1_cl0_cl0_cl1_cl1' had 11 variances floored, minimum variance found was 5.018310e-08.
WARNING: covariance vector named 'covar1_cl0_cl0_cl1_cl0' had 2 variances floored, minimum variance found was 5.864304e-06.
WARNING: covariance vector named 'covar1_cl0_cl0_cl0' had 23 variances floored, minimum variance found was 1.311204e-06.
WARNING: covariance vector named 'covar1_cl0_cl0_cl0_cl2' had 23 variances floored, minimum variance found was 1.181087e-06.
WARNING: covariance vector named 'covar1_cl0_cl0_cl0_cl1' had 22 variances floored, minimum variance found was 2.616456e-06.
WARNING: covariance vector named 'covar1_cl0_cl0_cl0_cl1_cl0' had 16 variances floored, minimum variance found was 3.104394e-07.
WARNING: covariance vector named 'covar1_cl0_cl0_cl0_cl0' had 21 variances floored, minimum variance found was 1.144145e-07.
Maximum number of EM iterations reached (1). Stopping
### Final time (seconds) just for EM stage: User: 0.019095, System: 0.002844, CPU 0.021939
____ PROGRAM ENDED SUCCESSFULLY WITH STATUS 0 AT Wednesday August 19 2015, 01:58:45 PDT ____
