Creating Junction Tree
DONE creating Junction Tree
Loading accumulators from 'accumulators/acc_0_1_8comp.data'
WARNING: covariance vector named 'covar0_cl5' had 1 variances floored, minimum variance found was 5.866938e-06.
WARNING: covariance vector named 'covar0_cl3_cl5' had 1 variances floored, minimum variance found was 3.552914e-06.
WARNING: covariance vector named 'covar0_cl3_cl4' had 1 variances floored, minimum variance found was 7.895384e-06.
WARNING: covariance vector named 'covar0_cl3_cl4_cl1' had 3 variances floored, minimum variance found was 3.329282e-06.
WARNING: covariance vector named 'covar0_cl3_cl4_cl0' had 2 variances floored, minimum variance found was 3.238783e-06.
WARNING: covariance vector named 'covar0_cl3_cl3_cl1' had 2 variances floored, minimum variance found was 4.060984e-06.
WARNING: covariance vector named 'covar0_cl3_cl2_cl2' had 1 variances floored, minimum variance found was 4.652996e-06.
WARNING: covariance vector named 'covar0_cl3_cl1' had 2 variances floored, minimum variance found was 1.618222e-07.
WARNING: covariance vector named 'covar0_cl3_cl1_cl3' had 2 variances floored, minimum variance found was 4.294564e-07.
WARNING: covariance vector named 'covar0_cl3_cl1_cl2' had 2 variances floored, minimum variance found was 9.970428e-07.
WARNING: covariance vector named 'covar0_cl3_cl1_cl1' had 1 variances floored, minimum variance found was 3.180361e-07.
WARNING: covariance vector named 'covar0_cl3_cl1_cl1_cl0' had 3 variances floored, minimum variance found was 1.480327e-06.
WARNING: covariance vector named 'covar0_cl3_cl0' had 2 variances floored, minimum variance found was 5.922382e-07.
WARNING: covariance vector named 'covar0_cl3_cl0_cl5' had 3 variances floored, minimum variance found was 8.559521e-07.
WARNING: covariance vector named 'covar0_cl3_cl0_cl4' had 2 variances floored, minimum variance found was 3.288033e-07.
WARNING: covariance vector named 'covar0_cl3_cl0_cl3' had 1 variances floored, minimum variance found was 1.486590e-06.
WARNING: covariance vector named 'covar0_cl3_cl0_cl2' had 2 variances floored, minimum variance found was 5.367854e-07.
WARNING: covariance vector named 'covar0_cl3_cl0_cl1' had 2 variances floored, minimum variance found was 4.237229e-08.
WARNING: covariance vector named 'covar0_cl3_cl0_cl1_cl2' had 2 variances floored, minimum variance found was 9.840838e-08.
WARNING: covariance vector named 'covar0_cl3_cl0_cl1_cl1' had 4 variances floored, minimum variance found was 6.364393e-09.
WARNING: covariance vector named 'covar0_cl3_cl0_cl1_cl0' had 1 variances floored, minimum variance found was 4.796299e-07.
WARNING: covariance vector named 'covar0_cl3_cl0_cl0' had 1 variances floored, minimum variance found was 2.858610e-07.
WARNING: covariance vector named 'covar0_cl2_cl2_cl2' had 7 variances floored, minimum variance found was 1.282611e-07.
WARNING: covariance vector named 'covar0_cl2_cl1_cl3' had 1 variances floored, minimum variance found was 6.572495e-06.
WARNING: covariance vector named 'covar0_cl2_cl0_cl1' had 2 variances floored, minimum variance found was 8.933187e-06.
WARNING: covariance vector named 'covar0_cl2_cl0_cl0' had 2 variances floored, minimum variance found was 2.308434e-06.
WARNING: covariance vector named 'covar0_cl2_cl0_cl0_cl3' had 2 variances floored, minimum variance found was 1.655472e-06.
WARNING: covariance vector named 'covar0_cl2_cl0_cl0_cl2' had 3 variances floored, minimum variance found was 8.946615e-07.
WARNING: covariance vector named 'covar0_cl2_cl0_cl0_cl1' had 4 variances floored, minimum variance found was 3.003139e-06.
WARNING: covariance vector named 'covar0_cl2_cl0_cl0_cl1_cl0' had 2 variances floored, minimum variance found was 4.211281e-07.
WARNING: covariance vector named 'covar0_cl2_cl0_cl0_cl0' had 2 variances floored, minimum variance found was 1.647973e-06.
WARNING: covariance vector named 'covar0_cl2_cl0_cl0_cl0_cl1' had 4 variances floored, minimum variance found was 3.247536e-08.
WARNING: covariance vector named 'covar0_cl2_cl0_cl0_cl0_cl0' had 5 variances floored, minimum variance found was 3.098752e-07.
WARNING: covariance vector named 'covar0_cl1_cl6' had 1 variances floored, minimum variance found was 3.992075e-06.
WARNING: covariance vector named 'covar0_cl1_cl5' had 1 variances floored, minimum variance found was 7.880052e-06.
WARNING: covariance vector named 'covar0_cl1_cl4_cl1' had 3 variances floored, minimum variance found was 2.643769e-06.
WARNING: covariance vector named 'covar0_cl1_cl4_cl0' had 1 variances floored, minimum variance found was 3.847606e-06.
WARNING: covariance vector named 'covar0_cl1_cl3_cl1' had 1 variances floored, minimum variance found was 2.627963e-06.
WARNING: covariance vector named 'covar0_cl1_cl3_cl0' had 3 variances floored, minimum variance found was 1.863381e-06.
WARNING: covariance vector named 'covar0_cl1_cl2' had 1 variances floored, minimum variance found was 9.619300e-06.
WARNING: covariance vector named 'covar0_cl1_cl2_cl2' had 3 variances floored, minimum variance found was 1.147153e-06.
WARNING: covariance vector named 'covar0_cl1_cl2_cl1' had 4 variances floored, minimum variance found was 2.894929e-06.
WARNING: covariance vector named 'covar0_cl1_cl2_cl0' had 3 variances floored, minimum variance found was 6.458528e-06.
WARNING: covariance vector named 'covar0_cl1_cl1_cl7' had 10 variances floored, minimum variance found was 2.140222e-07.
WARNING: covariance vector named 'covar0_cl1_cl1_cl4_cl0' had 3 variances floored, minimum variance found was 5.109750e-07.
WARNING: covariance vector named 'covar0_cl1_cl1_cl3_cl1' had 3 variances floored, minimum variance found was 6.908887e-06.
WARNING: covariance vector named 'covar0_cl1_cl1_cl3_cl0' had 6 variances floored, minimum variance found was 1.087779e-06.
WARNING: covariance vector named 'covar0_cl1_cl1_cl2_cl1' had 2 variances floored, minimum variance found was 4.489003e-06.
WARNING: covariance vector named 'covar0_cl1_cl1_cl2_cl0' had 2 variances floored, minimum variance found was 7.641820e-06.
WARNING: covariance vector named 'covar0_cl1_cl1_cl0_cl4' had 1 variances floored, minimum variance found was 7.451865e-06.
WARNING: covariance vector named 'covar0_cl1_cl1_cl0_cl3' had 10 variances floored, minimum variance found was 4.373738e-09.
WARNING: covariance vector named 'covar0_cl1_cl1_cl0_cl1' had 2 variances floored, minimum variance found was 4.452969e-06.
WARNING: covariance vector named 'covar0_cl1_cl1_cl0_cl0' had 5 variances floored, minimum variance found was 2.619440e-06.
WARNING: covariance vector named 'covar0_cl1_cl0_cl7' had 7 variances floored, minimum variance found was 6.675952e-07.
WARNING: covariance vector named 'covar0_cl1_cl0_cl6' had 4 variances floored, minimum variance found was 8.737324e-06.
WARNING: covariance vector named 'covar0_cl1_cl0_cl5_cl0' had 11 variances floored, minimum variance found was 3.241161e-07.
WARNING: covariance vector named 'covar0_cl1_cl0_cl4' had 4 variances floored, minimum variance found was 1.676470e-06.
WARNING: covariance vector named 'covar0_cl1_cl0_cl3' had 1 variances floored, minimum variance found was 9.509699e-06.
WARNING: covariance vector named 'covar0_cl1_cl0_cl3_cl0' had 3 variances floored, minimum variance found was 3.777498e-07.
WARNING: covariance vector named 'covar0_cl1_cl0_cl1_cl4' had 3 variances floored, minimum variance found was 2.399585e-06.
WARNING: covariance vector named 'covar0_cl1_cl0_cl1_cl3' had 13 variances floored, minimum variance found was 7.914377e-08.
WARNING: covariance vector named 'covar0_cl1_cl0_cl1_cl2' had 2 variances floored, minimum variance found was 9.552740e-06.
WARNING: covariance vector named 'covar0_cl1_cl0_cl1_cl1' had 13 variances floored, minimum variance found was 5.672122e-07.
WARNING: covariance vector named 'covar0_cl1_cl0_cl1_cl0' had 1 variances floored, minimum variance found was 4.836174e-06.
WARNING: covariance vector named 'covar0_cl1_cl0_cl1_cl0_cl0' had 10 variances floored, minimum variance found was 1.520791e-06.
WARNING: covariance vector named 'covar0_cl1_cl0_cl0_cl5' had 5 variances floored, minimum variance found was 5.788793e-06.
WARNING: covariance vector named 'covar0_cl1_cl0_cl0_cl4' had 5 variances floored, minimum variance found was 3.460502e-06.
WARNING: covariance vector named 'covar0_cl1_cl0_cl0_cl3' had 1 variances floored, minimum variance found was 7.305883e-06.
WARNING: covariance vector named 'covar0_cl1_cl0_cl0_cl2' had 1 variances floored, minimum variance found was 6.839382e-06.
WARNING: covariance vector named 'covar0_cl1_cl0_cl0_cl2_cl0' had 12 variances floored, minimum variance found was 3.524425e-07.
WARNING: covariance vector named 'covar0_cl1_cl0_cl0_cl1' had 2 variances floored, minimum variance found was 5.573851e-06.
WARNING: covariance vector named 'covar0_cl1_cl0_cl0_cl0_cl0' had 5 variances floored, minimum variance found was 5.398773e-06.
WARNING: covariance vector named 'covar0_cl0' had 1 variances floored, minimum variance found was 9.666503e-06.
WARNING: covariance vector named 'covar0_cl0_cl9' had 11 variances floored, minimum variance found was 8.002031e-07.
WARNING: covariance vector named 'covar0_cl0_cl8_cl0' had 7 variances floored, minimum variance found was 2.485729e-06.
WARNING: covariance vector named 'covar0_cl0_cl7' had 1 variances floored, minimum variance found was 9.180389e-06.
WARNING: covariance vector named 'covar0_cl0_cl6' had 2 variances floored, minimum variance found was 7.923895e-06.
WARNING: covariance vector named 'covar0_cl0_cl6_cl0' had 7 variances floored, minimum variance found was 6.861177e-07.
WARNING: covariance vector named 'covar0_cl0_cl5' had 3 variances floored, minimum variance found was 6.329658e-06.
WARNING: covariance vector named 'covar0_cl0_cl5_cl0' had 6 variances floored, minimum variance found was 3.352675e-06.
WARNING: covariance vector named 'covar0_cl0_cl4' had 2 variances floored, minimum variance found was 6.196786e-06.
WARNING: covariance vector named 'covar0_cl0_cl4_cl3' had 10 variances floored, minimum variance found was 9.635897e-07.
WARNING: covariance vector named 'covar0_cl0_cl4_cl2' had 10 variances floored, minimum variance found was 2.788012e-06.
WARNING: covariance vector named 'covar0_cl0_cl4_cl1' had 4 variances floored, minimum variance found was 4.396415e-06.
WARNING: covariance vector named 'covar0_cl0_cl4_cl0' had 8 variances floored, minimum variance found was 6.691415e-06.
WARNING: covariance vector named 'covar0_cl0_cl3' had 2 variances floored, minimum variance found was 7.462257e-06.
WARNING: covariance vector named 'covar0_cl0_cl3_cl3' had 15 variances floored, minimum variance found was 1.452673e-07.
WARNING: covariance vector named 'covar0_cl0_cl3_cl2' had 7 variances floored, minimum variance found was 3.086359e-06.
WARNING: covariance vector named 'covar0_cl0_cl3_cl1' had 5 variances floored, minimum variance found was 7.130303e-06.
WARNING: covariance vector named 'covar0_cl0_cl3_cl1_cl1' had 12 variances floored, minimum variance found was 6.413873e-07.
WARNING: covariance vector named 'covar0_cl0_cl3_cl1_cl0' had 17 variances floored, minimum variance found was 1.689697e-07.
WARNING: covariance vector named 'covar0_cl0_cl3_cl0' had 7 variances floored, minimum variance found was 4.097453e-06.
WARNING: covariance vector named 'covar0_cl0_cl3_cl0_cl0' had 16 variances floored, minimum variance found was 2.835338e-06.
WARNING: covariance vector named 'covar0_cl0_cl2_cl2' had 12 variances floored, minimum variance found was 1.539871e-06.
WARNING: covariance vector named 'covar0_cl0_cl2_cl1' had 6 variances floored, minimum variance found was 4.967410e-06.
WARNING: covariance vector named 'covar0_cl0_cl2_cl0' had 3 variances floored, minimum variance found was 9.010476e-06.
WARNING: covariance vector named 'covar0_cl0_cl1' had 6 variances floored, minimum variance found was 5.145102e-06.
WARNING: covariance vector named 'covar0_cl0_cl1_cl0' had 9 variances floored, minimum variance found was 4.530279e-06.
WARNING: covariance vector named 'covar0_cl0_cl0' had 23 variances floored, minimum variance found was 1.731864e-06.
WARNING: covariance vector named 'covar0_cl0_cl0_cl10' had 23 variances floored, minimum variance found was 1.862753e-06.
WARNING: covariance vector named 'covar0_cl0_cl0_cl9' had 23 variances floored, minimum variance found was 2.804576e-06.
WARNING: covariance vector named 'covar0_cl0_cl0_cl9_cl0' had 23 variances floored, minimum variance found was 2.250907e-06.
WARNING: covariance vector named 'covar0_cl0_cl0_cl8' had 23 variances floored, minimum variance found was 2.273601e-06.
WARNING: covariance vector named 'covar0_cl0_cl0_cl8_cl1' had 23 variances floored, minimum variance found was 2.615531e-06.
WARNING: covariance vector named 'covar0_cl0_cl0_cl8_cl0' had 23 variances floored, minimum variance found was 1.610414e-06.
WARNING: covariance vector named 'covar0_cl0_cl0_cl8_cl0_cl0' had 23 variances floored, minimum variance found was 1.226659e-06.
WARNING: covariance vector named 'covar0_cl0_cl0_cl7' had 23 variances floored, minimum variance found was 1.965754e-06.
WARNING: covariance vector named 'covar0_cl0_cl0_cl7_cl0' had 23 variances floored, minimum variance found was 2.503345e-06.
WARNING: covariance vector named 'covar0_cl0_cl0_cl6' had 23 variances floored, minimum variance found was 2.068447e-06.
WARNING: covariance vector named 'covar0_cl0_cl0_cl6_cl2' had 23 variances floored, minimum variance found was 1.915081e-06.
WARNING: covariance vector named 'covar0_cl0_cl0_cl6_cl1' had 23 variances floored, minimum variance found was 1.928094e-06.
WARNING: covariance vector named 'covar0_cl0_cl0_cl6_cl0' had 23 variances floored, minimum variance found was 1.546518e-06.
WARNING: covariance vector named 'covar0_cl0_cl0_cl6_cl0_cl0' had 23 variances floored, minimum variance found was 1.213662e-07.
WARNING: covariance vector named 'covar0_cl0_cl0_cl5' had 23 variances floored, minimum variance found was 2.982575e-06.
WARNING: covariance vector named 'covar0_cl0_cl0_cl5_cl2' had 23 variances floored, minimum variance found was 1.720626e-06.
WARNING: covariance vector named 'covar0_cl0_cl0_cl5_cl1' had 23 variances floored, minimum variance found was 2.194924e-06.
WARNING: covariance vector named 'covar0_cl0_cl0_cl5_cl1_cl0' had 23 variances floored, minimum variance found was 1.457187e-06.
WARNING: covariance vector named 'covar0_cl0_cl0_cl5_cl0' had 23 variances floored, minimum variance found was 2.721733e-06.
WARNING: covariance vector named 'covar0_cl0_cl0_cl5_cl0_cl0' had 23 variances floored, minimum variance found was 1.849287e-06.
WARNING: covariance vector named 'covar0_cl0_cl0_cl4' had 23 variances floored, minimum variance found was 3.329291e-06.
WARNING: covariance vector named 'covar0_cl0_cl0_cl4_cl5' had 23 variances floored, minimum variance found was 3.123398e-06.
WARNING: covariance vector named 'covar0_cl0_cl0_cl4_cl4' had 23 variances floored, minimum variance found was 3.087663e-06.
WARNING: covariance vector named 'covar0_cl0_cl0_cl4_cl4_cl0' had 23 variances floored, minimum variance found was 2.807622e-06.
WARNING: covariance vector named 'covar0_cl0_cl0_cl4_cl3' had 23 variances floored, minimum variance found was 2.273503e-06.
WARNING: covariance vector named 'covar0_cl0_cl0_cl4_cl3_cl0' had 23 variances floored, minimum variance found was 1.618663e-06.
WARNING: covariance vector named 'covar0_cl0_cl0_cl4_cl2' had 23 variances floored, minimum variance found was 3.052396e-06.
WARNING: covariance vector named 'covar0_cl0_cl0_cl4_cl2_cl1' had 23 variances floored, minimum variance found was 3.167336e-06.
WARNING: covariance vector named 'covar0_cl0_cl0_cl4_cl2_cl0' had 23 variances floored, minimum variance found was 2.721936e-06.
WARNING: covariance vector named 'covar0_cl0_cl0_cl4_cl1' had 23 variances floored, minimum variance found was 3.089711e-06.
WARNING: covariance vector named 'covar0_cl0_cl0_cl4_cl1_cl1' had 22 variances floored, minimum variance found was 2.554863e-06.
WARNING: covariance vector named 'covar0_cl0_cl0_cl4_cl1_cl0' had 23 variances floored, minimum variance found was 2.352926e-06.
WARNING: covariance vector named 'covar0_cl0_cl0_cl4_cl1_cl0_cl0' had 23 variances floored, minimum variance found was 1.392831e-06.
WARNING: covariance vector named 'covar0_cl0_cl0_cl4_cl0' had 23 variances floored, minimum variance found was 3.181695e-06.
WARNING: covariance vector named 'covar0_cl0_cl0_cl4_cl0_cl1' had 23 variances floored, minimum variance found was 2.336181e-06.
WARNING: covariance vector named 'covar0_cl0_cl0_cl4_cl0_cl0' had 21 variances floored, minimum variance found was 2.298952e-06.
WARNING: covariance vector named 'covar0_cl0_cl0_cl3' had 23 variances floored, minimum variance found was 2.983492e-06.
WARNING: covariance vector named 'covar0_cl0_cl0_cl3_cl5' had 23 variances floored, minimum variance found was 1.718481e-06.
WARNING: covariance vector named 'covar0_cl0_cl0_cl3_cl4' had 23 variances floored, minimum variance found was 2.201057e-06.
WARNING: covariance vector named 'covar0_cl0_cl0_cl3_cl3' had 23 variances floored, minimum variance found was 1.671623e-06.
WARNING: covariance vector named 'covar0_cl0_cl0_cl3_cl2' had 23 variances floored, minimum variance found was 3.398906e-06.
WARNING: covariance vector named 'covar0_cl0_cl0_cl3_cl2_cl0' had 23 variances floored, minimum variance found was 1.789675e-06.
WARNING: covariance vector named 'covar0_cl0_cl0_cl3_cl1' had 23 variances floored, minimum variance found was 1.786388e-06.
WARNING: covariance vector named 'covar0_cl0_cl0_cl3_cl0' had 23 variances floored, minimum variance found was 1.727584e-06.
WARNING: covariance vector named 'covar0_cl0_cl0_cl3_cl0_cl1' had 23 variances floored, minimum variance found was 8.756361e-07.
WARNING: covariance vector named 'covar0_cl0_cl0_cl3_cl0_cl0' had 23 variances floored, minimum variance found was 2.109180e-06.
WARNING: covariance vector named 'covar0_cl0_cl0_cl2' had 23 variances floored, minimum variance found was 1.825215e-06.
WARNING: covariance vector named 'covar0_cl0_cl0_cl2_cl4' had 23 variances floored, minimum variance found was 1.872463e-06.
WARNING: covariance vector named 'covar0_cl0_cl0_cl2_cl3' had 23 variances floored, minimum variance found was 2.040962e-06.
WARNING: covariance vector named 'covar0_cl0_cl0_cl2_cl2' had 23 variances floored, minimum variance found was 1.413498e-06.
WARNING: covariance vector named 'covar0_cl0_cl0_cl2_cl2_cl0' had 23 variances floored, minimum variance found was 1.294294e-06.
WARNING: covariance vector named 'covar0_cl0_cl0_cl2_cl1' had 23 variances floored, minimum variance found was 5.598629e-07.
WARNING: covariance vector named 'covar0_cl0_cl0_cl2_cl0' had 23 variances floored, minimum variance found was 5.160145e-07.
WARNING: covariance vector named 'covar0_cl0_cl0_cl2_cl0_cl0' had 23 variances floored, minimum variance found was 6.752150e-07.
WARNING: covariance vector named 'covar0_cl0_cl0_cl1' had 23 variances floored, minimum variance found was 3.641153e-06.
WARNING: covariance vector named 'covar0_cl0_cl0_cl1_cl3' had 23 variances floored, minimum variance found was 3.644740e-06.
WARNING: covariance vector named 'covar0_cl0_cl0_cl1_cl2' had 23 variances floored, minimum variance found was 2.778281e-06.
WARNING: covariance vector named 'covar0_cl0_cl0_cl1_cl1' had 23 variances floored, minimum variance found was 3.328108e-06.
WARNING: covariance vector named 'covar0_cl0_cl0_cl1_cl1_cl2' had 23 variances floored, minimum variance found was 3.137792e-06.
WARNING: covariance vector named 'covar0_cl0_cl0_cl1_cl1_cl1' had 23 variances floored, minimum variance found was 3.947096e-06.
WARNING: covariance vector named 'covar0_cl0_cl0_cl1_cl1_cl1_cl0' had 23 variances floored, minimum variance found was 1.861127e-06.
WARNING: covariance vector named 'covar0_cl0_cl0_cl1_cl1_cl0' had 23 variances floored, minimum variance found was 1.265324e-06.
WARNING: covariance vector named 'covar0_cl0_cl0_cl1_cl1_cl0_cl0' had 23 variances floored, minimum variance found was 1.204033e-06.
WARNING: covariance vector named 'covar0_cl0_cl0_cl1_cl0' had 23 variances floored, minimum variance found was 9.433047e-07.
WARNING: covariance vector named 'covar0_cl0_cl0_cl1_cl0_cl1' had 23 variances floored, minimum variance found was 5.391250e-07.
WARNING: covariance vector named 'covar0_cl0_cl0_cl1_cl0_cl0' had 23 variances floored, minimum variance found was 9.495665e-07.
WARNING: covariance vector named 'covar0_cl0_cl0_cl0_cl1' had 23 variances floored, minimum variance found was 3.636734e-06.
WARNING: covariance vector named 'covar0_cl0_cl0_cl0_cl1_cl1' had 23 variances floored, minimum variance found was 2.723680e-06.
WARNING: covariance vector named 'covar0_cl0_cl0_cl0_cl1_cl0' had 21 variances floored, minimum variance found was 2.925671e-06.
WARNING: covariance vector named 'covar0_cl0_cl0_cl0_cl0' had 23 variances floored, minimum variance found was 9.254473e-08.
WARNING: covariance vector named 'covar1' had 2 variances floored, minimum variance found was 2.406788e-06.
WARNING: covariance vector named 'covar1_cl5' had 3 variances floored, minimum variance found was 1.040053e-06.
WARNING: covariance vector named 'covar1_cl3' had 1 variances floored, minimum variance found was 3.338538e-06.
WARNING: covariance vector named 'covar1_cl3_cl2' had 2 variances floored, minimum variance found was 1.464077e-06.
WARNING: covariance vector named 'covar1_cl3_cl0' had 2 variances floored, minimum variance found was 2.678381e-06.
WARNING: covariance vector named 'covar1_cl1_cl4' had 3 variances floored, minimum variance found was 5.466184e-06.
WARNING: covariance vector named 'covar1_cl1_cl0_cl5' had 1 variances floored, minimum variance found was 8.823497e-06.
WARNING: covariance vector named 'covar1_cl1_cl0_cl2' had 1 variances floored, minimum variance found was 1.976294e-06.
WARNING: covariance vector named 'covar1_cl1_cl0_cl2_cl0' had 1 variances floored, minimum variance found was 3.562197e-06.
WARNING: covariance vector named 'covar1_cl1_cl0_cl0_cl2' had 7 variances floored, minimum variance found was 6.792033e-08.
WARNING: covariance vector named 'covar1_cl0_cl2_cl2' had 7 variances floored, minimum variance found was 4.815856e-07.
WARNING: covariance vector named 'covar1_cl0_cl1_cl5' had 5 variances floored, minimum variance found was 2.236763e-06.
WARNING: covariance vector named 'covar1_cl0_cl1_cl4' had 2 variances floored, minimum variance found was 8.332008e-06.
WARNING: covariance vector named 'covar1_cl0_cl1_cl0_cl4' had 12 variances floored, minimum variance found was 2.614644e-06.
WARNING: covariance vector named 'covar1_cl0_cl1_cl0_cl3' had 1 variances floored, minimum variance found was 8.600568e-06.
WARNING: covariance vector named 'covar1_cl0_cl1_cl0_cl2' had 3 variances floored, minimum variance found was 6.795713e-06.
WARNING: covariance vector named 'covar1_cl0_cl1_cl0_cl1' had 1 variances floored, minimum variance found was 8.325598e-06.
WARNING: covariance vector named 'covar1_cl0_cl0_cl9' had 12 variances floored, minimum variance found was 6.110233e-08.
WARNING: covariance vector named 'covar1_cl0_cl0_cl8' had 2 variances floored, minimum variance found was 6.037851e-06.
WARNING: covariance vector named 'covar1_cl0_cl0_cl6' had 2 variances floored, minimum variance found was 7.738403e-06.
WARNING: covariance vector named 'covar1_cl0_cl0_cl5' had 5 variances floored, minimum variance found was 1.090182e-07.
WARNING: covariance vector named 'covar1_cl0_cl0_cl4' had 1 variances floored, minimum variance found was 8.819156e-06.
WARNING: covariance vector named 'covar1_cl0_cl0_cl4_cl1' had 2 variances floored, minimum variance found was 8.675282e-06.
WARNING: covariance vector named 'covar1_cl0_cl0_cl4_cl0' had 5 variances floored, minimum variance found was 8.220047e-06.
WARNING: covariance vector named 'covar1_cl0_cl0_cl3' had 7 variances floored, minimum variance found was 6.611466e-06.
WARNING: covariance vector named 'covar1_cl0_cl0_cl3_cl1' had 6 variances floored, minimum variance found was 2.987047e-06.
WARNING: covariance vector named 'covar1_cl0_cl0_cl3_cl0' had 9 variances floored, minimum variance found was 2.506931e-06.
WARNING: covariance vector named 'covar1_cl0_cl0_cl2' had 2 variances floored, minimum variance found was 9.217640e-06.
WARNING: covariance vector named 'covar1_cl0_cl0_cl2_cl1' had 12 variances floored, minimum variance found was 4.182762e-07.
WARNING: covariance vector named 'covar1_cl0_cl0_cl2_cl0' had 12 variances floored, minimum variance found was 4.623080e-06.
WARNING: covariance vector named 'covar1_cl0_cl0_cl1_cl3' had 5 variances floored, minimum variance found was 2.149318e-06.
WARNING: covariance vector named 'covar1_cl0_cl0_cl1_cl2' had 13 variances floored, minimum variance found was 9.811268e-08.
WARNING: covariance vector named 'covar1_cl0_cl0_cl1_cl1' had 11 variances floored, minimum variance found was 5.017938e-08.
WARNING: covariance vector named 'covar1_cl0_cl0_cl1_cl0' had 2 variances floored, minimum variance found was 6.458382e-06.
WARNING: covariance vector named 'covar1_cl0_cl0_cl0' had 23 variances floored, minimum variance found was 1.361810e-06.
WARNING: covariance vector named 'covar1_cl0_cl0_cl0_cl2' had 23 variances floored, minimum variance found was 1.207628e-06.
WARNING: covariance vector named 'covar1_cl0_cl0_cl0_cl1' had 22 variances floored, minimum variance found was 2.623777e-06.
WARNING: covariance vector named 'covar1_cl0_cl0_cl0_cl1_cl0' had 16 variances floored, minimum variance found was 7.212234e-07.
WARNING: covariance vector named 'covar1_cl0_cl0_cl0_cl0' had 21 variances floored, minimum variance found was 1.144124e-07.
NOTE: DPMF 'dpmf0' has 5/3 elements vanishing/splitting
NOTE: DPMF 'dpmf1' has 1/0 elements vanishing/splitting
NOTE: saving only 288 used means out of a total of 294
NOTE: saving only 288 used covariances out of a total of 294
NOTE: saving only 288 used components out of a total of 294
NOTE: saving only 288 used means out of a total of 294
NOTE: saving only 288 used covariances out of a total of 294
NOTE: saving only 288 used components out of a total of 294
Maximum number of EM iterations reached (1). Stopping
### Final time (seconds) just for EM stage: User: 0.016428, System: 0.002150, CPU 0.018578
____ PROGRAM ENDED SUCCESSFULLY WITH STATUS 0 AT Wednesday August 19 2015, 01:58:44 PDT ____
