Creating Junction Tree
DONE creating Junction Tree
Loading accumulators from 'accumulators/acc_0_1_16comp.data'
WARNING: covariance vector named 'covar0_cl5_cl0' had 25 variances floored, minimum variance found was -6.466311e-11.
WARNING: covariance vector named 'covar0_cl4' had 1 variances floored, minimum variance found was 1.194965e-06.
WARNING: covariance vector named 'covar0_cl4_cl4' had 5 variances floored, minimum variance found was 1.413789e-09.
WARNING: covariance vector named 'covar0_cl4_cl1_cl1' had 3 variances floored, minimum variance found was 3.941172e-06.
WARNING: covariance vector named 'covar0_cl4_cl1_cl0' had 4 variances floored, minimum variance found was 3.884053e-06.
WARNING: covariance vector named 'covar0_cl4_cl0' had 2 variances floored, minimum variance found was 1.486674e-07.
WARNING: covariance vector named 'covar0_cl4_cl0_cl0' had 6 variances floored, minimum variance found was 3.142180e-09.
WARNING: covariance vector named 'covar0_cl3_cl6' had 12 variances floored, minimum variance found was 8.775982e-07.
WARNING: covariance vector named 'covar0_cl3_cl4' had 2 variances floored, minimum variance found was 2.698658e-08.
WARNING: covariance vector named 'covar0_cl3_cl4_cl0' had 4 variances floored, minimum variance found was 1.248979e-07.
WARNING: covariance vector named 'covar0_cl3_cl3' had 2 variances floored, minimum variance found was 1.103127e-07.
WARNING: covariance vector named 'covar0_cl3_cl3_cl2' had 3 variances floored, minimum variance found was 5.086505e-07.
WARNING: covariance vector named 'covar0_cl3_cl3_cl1' had 2 variances floored, minimum variance found was 3.303871e-09.
WARNING: covariance vector named 'covar0_cl3_cl3_cl0' had 3 variances floored, minimum variance found was 1.755053e-09.
WARNING: covariance vector named 'covar0_cl3_cl2' had 1 variances floored, minimum variance found was 7.322416e-06.
WARNING: covariance vector named 'covar0_cl3_cl2_cl3' had 25 variances floored, minimum variance found was -1.148628e-10.
WARNING: covariance vector named 'covar0_cl3_cl2_cl2' had 4 variances floored, minimum variance found was 1.674757e-06.
WARNING: covariance vector named 'covar0_cl3_cl2_cl1' had 4 variances floored, minimum variance found was 1.473521e-06.
WARNING: covariance vector named 'covar0_cl3_cl2_cl0' had 1 variances floored, minimum variance found was 7.874737e-06.
WARNING: covariance vector named 'covar0_cl3_cl1_cl1_cl0' had 1 variances floored, minimum variance found was 2.835509e-06.
WARNING: covariance vector named 'covar0_cl3_cl0' had 2 variances floored, minimum variance found was 1.401527e-07.
WARNING: covariance vector named 'covar0_cl3_cl0_cl7' had 2 variances floored, minimum variance found was 2.618042e-07.
WARNING: covariance vector named 'covar0_cl3_cl0_cl6' had 8 variances floored, minimum variance found was 1.087187e-08.
WARNING: covariance vector named 'covar0_cl3_cl0_cl5' had 2 variances floored, minimum variance found was 1.298288e-07.
WARNING: covariance vector named 'covar0_cl3_cl0_cl5_cl0' had 25 variances floored, minimum variance found was -2.843485e-10.
WARNING: covariance vector named 'covar0_cl3_cl0_cl4' had 3 variances floored, minimum variance found was 3.505709e-07.
WARNING: covariance vector named 'covar0_cl3_cl0_cl4_cl0' had 8 variances floored, minimum variance found was 3.401963e-07.
WARNING: covariance vector named 'covar0_cl3_cl0_cl3' had 2 variances floored, minimum variance found was 1.686511e-06.
WARNING: covariance vector named 'covar0_cl3_cl0_cl3_cl2' had 2 variances floored, minimum variance found was 4.959056e-07.
WARNING: covariance vector named 'covar0_cl3_cl0_cl3_cl1' had 7 variances floored, minimum variance found was 1.538536e-06.
WARNING: covariance vector named 'covar0_cl3_cl0_cl3_cl0' had 2 variances floored, minimum variance found was 6.055657e-07.
WARNING: covariance vector named 'covar0_cl3_cl0_cl2' had 2 variances floored, minimum variance found was 3.981418e-07.
WARNING: covariance vector named 'covar0_cl3_cl0_cl2_cl1' had 5 variances floored, minimum variance found was 2.102340e-07.
WARNING: covariance vector named 'covar0_cl3_cl0_cl2_cl0' had 6 variances floored, minimum variance found was 1.147916e-06.
WARNING: covariance vector named 'covar0_cl3_cl0_cl1' had 2 variances floored, minimum variance found was 2.151681e-06.
WARNING: covariance vector named 'covar0_cl3_cl0_cl1_cl5' had 14 variances floored, minimum variance found was 3.959700e-09.
WARNING: covariance vector named 'covar0_cl3_cl0_cl1_cl4' had 9 variances floored, minimum variance found was 3.305677e-07.
WARNING: covariance vector named 'covar0_cl3_cl0_cl1_cl3' had 9 variances floored, minimum variance found was 3.462586e-07.
WARNING: covariance vector named 'covar0_cl3_cl0_cl1_cl2' had 2 variances floored, minimum variance found was 4.934263e-07.
WARNING: covariance vector named 'covar0_cl3_cl0_cl1_cl1' had 4 variances floored, minimum variance found was 1.960028e-08.
WARNING: covariance vector named 'covar0_cl3_cl0_cl1_cl0' had 7 variances floored, minimum variance found was 3.033204e-06.
WARNING: covariance vector named 'covar0_cl3_cl0_cl1_cl0_cl3' had 19 variances floored, minimum variance found was 1.607892e-09.
WARNING: covariance vector named 'covar0_cl3_cl0_cl1_cl0_cl2' had 25 variances floored, minimum variance found was 2.699950e-07.
WARNING: covariance vector named 'covar0_cl3_cl0_cl1_cl0_cl1' had 9 variances floored, minimum variance found was 7.727282e-07.
WARNING: covariance vector named 'covar0_cl3_cl0_cl1_cl0_cl0' had 4 variances floored, minimum variance found was 1.630834e-06.
WARNING: covariance vector named 'covar0_cl3_cl0_cl1_cl0_cl0_cl0' had 13 variances floored, minimum variance found was 5.631436e-08.
WARNING: covariance vector named 'covar0_cl3_cl0_cl0' had 2 variances floored, minimum variance found was 3.520253e-08.
WARNING: covariance vector named 'covar0_cl3_cl0_cl0_cl3' had 6 variances floored, minimum variance found was 7.576952e-09.
WARNING: covariance vector named 'covar0_cl3_cl0_cl0_cl2' had 8 variances floored, minimum variance found was 3.716092e-07.
WARNING: covariance vector named 'covar0_cl3_cl0_cl0_cl1' had 9 variances floored, minimum variance found was 7.728511e-10.
WARNING: covariance vector named 'covar0_cl3_cl0_cl0_cl0' had 2 variances floored, minimum variance found was 5.404832e-09.
WARNING: covariance vector named 'covar0_cl2_cl5' had 2 variances floored, minimum variance found was 3.315570e-06.
WARNING: covariance vector named 'covar0_cl2_cl4' had 2 variances floored, minimum variance found was 4.138989e-06.
WARNING: covariance vector named 'covar0_cl2_cl1_cl6' had 6 variances floored, minimum variance found was 9.514653e-08.
WARNING: covariance vector named 'covar0_cl2_cl1_cl5' had 1 variances floored, minimum variance found was 7.567652e-06.
WARNING: covariance vector named 'covar0_cl2_cl1_cl1_cl0' had 2 variances floored, minimum variance found was 3.700794e-06.
WARNING: covariance vector named 'covar0_cl2_cl0_cl5' had 12 variances floored, minimum variance found was 8.179931e-08.
WARNING: covariance vector named 'covar0_cl2_cl0_cl4' had 1 variances floored, minimum variance found was 9.937703e-06.
WARNING: covariance vector named 'covar0_cl2_cl0_cl3' had 2 variances floored, minimum variance found was 5.313449e-06.
WARNING: covariance vector named 'covar0_cl2_cl0_cl2_cl1' had 7 variances floored, minimum variance found was 2.540734e-07.
WARNING: covariance vector named 'covar0_cl2_cl0_cl2_cl0' had 3 variances floored, minimum variance found was 1.039971e-06.
WARNING: covariance vector named 'covar0_cl2_cl0_cl1_cl1' had 7 variances floored, minimum variance found was 1.348822e-06.
WARNING: covariance vector named 'covar0_cl2_cl0_cl1_cl0' had 2 variances floored, minimum variance found was 2.667946e-07.
WARNING: covariance vector named 'covar0_cl2_cl0_cl0_cl5' had 8 variances floored, minimum variance found was 1.086065e-08.
WARNING: covariance vector named 'covar0_cl2_cl0_cl0_cl4' had 2 variances floored, minimum variance found was 5.300840e-06.
WARNING: covariance vector named 'covar0_cl2_cl0_cl0_cl3' had 1 variances floored, minimum variance found was 6.942560e-06.
WARNING: covariance vector named 'covar0_cl2_cl0_cl0_cl2' had 2 variances floored, minimum variance found was 5.271322e-06.
WARNING: covariance vector named 'covar0_cl2_cl0_cl0_cl1' had 1 variances floored, minimum variance found was 5.898515e-06.
WARNING: covariance vector named 'covar0_cl2_cl0_cl0_cl0_cl1' had 3 variances floored, minimum variance found was 1.943368e-06.
WARNING: covariance vector named 'covar0_cl2_cl0_cl0_cl0_cl0' had 1 variances floored, minimum variance found was 6.797542e-06.
WARNING: covariance vector named 'covar0_cl1_cl8' had 1 variances floored, minimum variance found was 4.703662e-06.
WARNING: covariance vector named 'covar0_cl1_cl7' had 3 variances floored, minimum variance found was 2.535109e-06.
WARNING: covariance vector named 'covar0_cl1_cl5' had 1 variances floored, minimum variance found was 6.752200e-06.
WARNING: covariance vector named 'covar0_cl1_cl4_cl0' had 8 variances floored, minimum variance found was 6.660363e-09.
WARNING: covariance vector named 'covar0_cl1_cl3_cl4' had 3 variances floored, minimum variance found was 3.748137e-06.
WARNING: covariance vector named 'covar0_cl1_cl3_cl3' had 1 variances floored, minimum variance found was 9.839100e-06.
WARNING: covariance vector named 'covar0_cl1_cl3_cl2' had 3 variances floored, minimum variance found was 2.564769e-06.
WARNING: covariance vector named 'covar0_cl1_cl3_cl1_cl0' had 12 variances floored, minimum variance found was 6.574979e-08.
WARNING: covariance vector named 'covar0_cl1_cl3_cl0' had 1 variances floored, minimum variance found was 8.569392e-06.
WARNING: covariance vector named 'covar0_cl1_cl2_cl6' had 9 variances floored, minimum variance found was 9.223044e-08.
WARNING: covariance vector named 'covar0_cl1_cl2_cl5' had 4 variances floored, minimum variance found was 2.389113e-06.
WARNING: covariance vector named 'covar0_cl1_cl2_cl4' had 1 variances floored, minimum variance found was 6.601631e-06.
WARNING: covariance vector named 'covar0_cl1_cl2_cl3' had 3 variances floored, minimum variance found was 5.399429e-06.
WARNING: covariance vector named 'covar0_cl1_cl2_cl2' had 2 variances floored, minimum variance found was 7.940848e-06.
WARNING: covariance vector named 'covar0_cl1_cl2_cl1' had 1 variances floored, minimum variance found was 6.443672e-06.
WARNING: covariance vector named 'covar0_cl1_cl2_cl0' had 1 variances floored, minimum variance found was 8.200786e-06.
WARNING: covariance vector named 'covar0_cl1_cl2_cl0_cl1' had 9 variances floored, minimum variance found was 8.129484e-07.
WARNING: covariance vector named 'covar0_cl1_cl0_cl8' had 5 variances floored, minimum variance found was 1.518030e-06.
WARNING: covariance vector named 'covar0_cl1_cl0_cl7' had 1 variances floored, minimum variance found was 7.224103e-06.
WARNING: covariance vector named 'covar0_cl1_cl0_cl5' had 1 variances floored, minimum variance found was 5.433754e-06.
WARNING: covariance vector named 'covar0_cl1_cl0_cl4' had 1 variances floored, minimum variance found was 9.580055e-06.
WARNING: covariance vector named 'covar0_cl1_cl0_cl3_cl2' had 7 variances floored, minimum variance found was 2.403134e-07.
WARNING: covariance vector named 'covar0_cl1_cl0_cl3_cl1' had 6 variances floored, minimum variance found was 2.174075e-06.
WARNING: covariance vector named 'covar0_cl1_cl0_cl3_cl0' had 3 variances floored, minimum variance found was 3.453525e-06.
WARNING: covariance vector named 'covar0_cl1_cl0_cl3_cl0_cl0' had 10 variances floored, minimum variance found was 2.224948e-06.
WARNING: covariance vector named 'covar0_cl1_cl0_cl2' had 2 variances floored, minimum variance found was 5.231354e-06.
WARNING: covariance vector named 'covar0_cl1_cl0_cl2_cl0' had 6 variances floored, minimum variance found was 1.148119e-06.
WARNING: covariance vector named 'covar0_cl1_cl0_cl1_cl5' had 10 variances floored, minimum variance found was 3.318285e-07.
WARNING: covariance vector named 'covar0_cl1_cl0_cl1_cl4' had 5 variances floored, minimum variance found was 3.752026e-06.
WARNING: covariance vector named 'covar0_cl1_cl0_cl1_cl3' had 1 variances floored, minimum variance found was 9.288746e-06.
WARNING: covariance vector named 'covar0_cl1_cl0_cl1_cl2' had 2 variances floored, minimum variance found was 6.523092e-06.
WARNING: covariance vector named 'covar0_cl1_cl0_cl1_cl0_cl1' had 8 variances floored, minimum variance found was 7.964053e-09.
WARNING: covariance vector named 'covar0_cl1_cl0_cl1_cl0_cl0' had 6 variances floored, minimum variance found was 1.992585e-06.
WARNING: covariance vector named 'covar0_cl1_cl0_cl0' had 1 variances floored, minimum variance found was 7.951478e-06.
WARNING: covariance vector named 'covar0_cl1_cl0_cl0_cl6' had 25 variances floored, minimum variance found was -1.649812e-09.
WARNING: covariance vector named 'covar0_cl1_cl0_cl0_cl5' had 5 variances floored, minimum variance found was 2.765884e-06.
WARNING: covariance vector named 'covar0_cl1_cl0_cl0_cl4' had 16 variances floored, minimum variance found was 8.314928e-08.
WARNING: covariance vector named 'covar0_cl1_cl0_cl0_cl3' had 4 variances floored, minimum variance found was 4.594587e-06.
WARNING: covariance vector named 'covar0_cl1_cl0_cl0_cl2' had 8 variances floored, minimum variance found was 2.590809e-06.
WARNING: covariance vector named 'covar0_cl1_cl0_cl0_cl1_cl0' had 15 variances floored, minimum variance found was 4.886259e-08.
WARNING: covariance vector named 'covar0_cl1_cl0_cl0_cl0' had 2 variances floored, minimum variance found was 5.855441e-06.
WARNING: covariance vector named 'covar0_cl1_cl0_cl0_cl0_cl0' had 5 variances floored, minimum variance found was 4.553976e-06.
WARNING: covariance vector named 'covar0_cl0' had 2 variances floored, minimum variance found was 8.464534e-06.
WARNING: covariance vector named 'covar0_cl0_cl11' had 15 variances floored, minimum variance found was 2.741800e-09.
WARNING: covariance vector named 'covar0_cl0_cl10' had 7 variances floored, minimum variance found was 3.068472e-06.
WARNING: covariance vector named 'covar0_cl0_cl9' had 14 variances floored, minimum variance found was 3.733845e-07.
WARNING: covariance vector named 'covar0_cl0_cl8' had 2 variances floored, minimum variance found was 8.933392e-06.
WARNING: covariance vector named 'covar0_cl0_cl7' had 1 variances floored, minimum variance found was 6.617575e-06.
WARNING: covariance vector named 'covar0_cl0_cl7_cl2' had 14 variances floored, minimum variance found was 2.805487e-08.
WARNING: covariance vector named 'covar0_cl0_cl7_cl1' had 2 variances floored, minimum variance found was 5.506849e-06.
WARNING: covariance vector named 'covar0_cl0_cl7_cl0' had 2 variances floored, minimum variance found was 2.824070e-06.
WARNING: covariance vector named 'covar0_cl0_cl6_cl0' had 14 variances floored, minimum variance found was 2.586420e-07.
WARNING: covariance vector named 'covar0_cl0_cl5' had 4 variances floored, minimum variance found was 5.410604e-06.
WARNING: covariance vector named 'covar0_cl0_cl5_cl1' had 14 variances floored, minimum variance found was 1.406667e-08.
WARNING: covariance vector named 'covar0_cl0_cl5_cl0' had 13 variances floored, minimum variance found was 9.608567e-07.
WARNING: covariance vector named 'covar0_cl0_cl4' had 2 variances floored, minimum variance found was 7.351962e-06.
WARNING: covariance vector named 'covar0_cl0_cl4_cl5' had 8 variances floored, minimum variance found was 9.137792e-07.
WARNING: covariance vector named 'covar0_cl0_cl4_cl4' had 12 variances floored, minimum variance found was 3.567832e-07.
WARNING: covariance vector named 'covar0_cl0_cl4_cl3' had 18 variances floored, minimum variance found was 7.472950e-09.
WARNING: covariance vector named 'covar0_cl0_cl4_cl2' had 10 variances floored, minimum variance found was 2.490522e-06.
WARNING: covariance vector named 'covar0_cl0_cl4_cl1' had 3 variances floored, minimum variance found was 6.689341e-06.
WARNING: covariance vector named 'covar0_cl0_cl4_cl1_cl0' had 10 variances floored, minimum variance found was 3.008088e-06.
WARNING: covariance vector named 'covar0_cl0_cl4_cl0' had 5 variances floored, minimum variance found was 5.883962e-06.
WARNING: covariance vector named 'covar0_cl0_cl3' had 2 variances floored, minimum variance found was 8.941066e-06.
WARNING: covariance vector named 'covar0_cl0_cl3_cl4' had 13 variances floored, minimum variance found was 5.203243e-09.
WARNING: covariance vector named 'covar0_cl0_cl3_cl3' had 8 variances floored, minimum variance found was 5.036262e-06.
WARNING: covariance vector named 'covar0_cl0_cl3_cl2' had 9 variances floored, minimum variance found was 2.193651e-06.
WARNING: covariance vector named 'covar0_cl0_cl3_cl1' had 6 variances floored, minimum variance found was 5.651762e-06.
WARNING: covariance vector named 'covar0_cl0_cl3_cl1_cl2' had 14 variances floored, minimum variance found was 1.611676e-07.
WARNING: covariance vector named 'covar0_cl0_cl3_cl1_cl0' had 6 variances floored, minimum variance found was 4.445806e-06.
WARNING: covariance vector named 'covar0_cl0_cl3_cl0' had 4 variances floored, minimum variance found was 2.752273e-06.
WARNING: covariance vector named 'covar0_cl0_cl2' had 11 variances floored, minimum variance found was 4.891077e-06.
WARNING: covariance vector named 'covar0_cl0_cl2_cl6' had 21 variances floored, minimum variance found was 1.158074e-07.
WARNING: covariance vector named 'covar0_cl0_cl2_cl5' had 11 variances floored, minimum variance found was 3.710649e-06.
WARNING: covariance vector named 'covar0_cl0_cl2_cl4' had 14 variances floored, minimum variance found was 1.030416e-06.
WARNING: covariance vector named 'covar0_cl0_cl2_cl3' had 23 variances floored, minimum variance found was 3.269311e-06.
WARNING: covariance vector named 'covar0_cl0_cl2_cl3_cl2' had 23 variances floored, minimum variance found was 2.837322e-06.
WARNING: covariance vector named 'covar0_cl0_cl2_cl3_cl1' had 23 variances floored, minimum variance found was 1.780382e-06.
WARNING: covariance vector named 'covar0_cl0_cl2_cl3_cl1_cl0' had 23 variances floored, minimum variance found was 1.799993e-06.
WARNING: covariance vector named 'covar0_cl0_cl2_cl3_cl0' had 19 variances floored, minimum variance found was 4.524978e-06.
WARNING: covariance vector named 'covar0_cl0_cl2_cl3_cl0_cl0' had 17 variances floored, minimum variance found was 6.915833e-09.
WARNING: covariance vector named 'covar0_cl0_cl2_cl2' had 11 variances floored, minimum variance found was 3.661438e-07.
WARNING: covariance vector named 'covar0_cl0_cl2_cl1' had 10 variances floored, minimum variance found was 4.248956e-06.
WARNING: covariance vector named 'covar0_cl0_cl2_cl0' had 5 variances floored, minimum variance found was 5.312046e-06.
WARNING: covariance vector named 'covar0_cl0_cl2_cl0_cl2' had 11 variances floored, minimum variance found was 1.401974e-06.
WARNING: covariance vector named 'covar0_cl0_cl2_cl0_cl1' had 10 variances floored, minimum variance found was 2.612220e-06.
WARNING: covariance vector named 'covar0_cl0_cl2_cl0_cl0' had 7 variances floored, minimum variance found was 1.428406e-06.
WARNING: covariance vector named 'covar0_cl0_cl2_cl0_cl0_cl1' had 8 variances floored, minimum variance found was 1.535987e-06.
WARNING: covariance vector named 'covar0_cl0_cl2_cl0_cl0_cl0' had 18 variances floored, minimum variance found was 2.938578e-07.
WARNING: covariance vector named 'covar0_cl0_cl1' had 4 variances floored, minimum variance found was 6.769506e-06.
WARNING: covariance vector named 'covar0_cl0_cl1_cl0' had 1 variances floored, minimum variance found was 7.305259e-06.
WARNING: covariance vector named 'covar0_cl0_cl1_cl0_cl0' had 17 variances floored, minimum variance found was 4.285130e-09.
WARNING: covariance vector named 'covar0_cl0_cl0_cl3_cl3' had 25 variances floored, minimum variance found was 5.390779e-09.
WARNING: covariance vector named 'covar0_cl0_cl0_cl3_cl1' had 21 variances floored, minimum variance found was 9.925335e-07.
WARNING: covariance vector named 'covar0_cl0_cl0_cl3_cl1_cl1' had 20 variances floored, minimum variance found was 4.522222e-07.
WARNING: covariance vector named 'covar0_cl0_cl0_cl3_cl1_cl0' had 24 variances floored, minimum variance found was 5.892311e-08.
WARNING: covariance vector named 'covar0_cl0_cl0_cl3_cl0_cl4_cl0' had 23 variances floored, minimum variance found was 6.747051e-07.
WARNING: covariance vector named 'covar0_cl0_cl0_cl3_cl0_cl2_cl1' had 23 variances floored, minimum variance found was 9.476470e-08.
WARNING: covariance vector named 'covar0_cl0_cl0_cl3_cl0_cl2_cl0' had 23 variances floored, minimum variance found was 2.942376e-07.
WARNING: covariance vector named 'covar0_cl0_cl0_cl3_cl0_cl1' had 22 variances floored, minimum variance found was 5.091914e-07.
WARNING: covariance vector named 'covar0_cl0_cl0_cl3_cl0_cl1_cl3' had 22 variances floored, minimum variance found was 1.675581e-07.
WARNING: covariance vector named 'covar0_cl0_cl0_cl3_cl0_cl1_cl1' had 23 variances floored, minimum variance found was 1.262191e-06.
WARNING: covariance vector named 'covar0_cl0_cl0_cl3_cl0_cl0_cl1' had 23 variances floored, minimum variance found was 5.342169e-07.
WARNING: covariance vector named 'covar0_cl0_cl0_cl2' had 20 variances floored, minimum variance found was 1.362455e-06.
WARNING: covariance vector named 'covar0_cl0_cl0_cl2_cl3' had 15 variances floored, minimum variance found was 2.279464e-07.
WARNING: covariance vector named 'covar0_cl0_cl0_cl2_cl2' had 22 variances floored, minimum variance found was 1.116261e-08.
WARNING: covariance vector named 'covar0_cl0_cl0_cl2_cl0' had 23 variances floored, minimum variance found was 2.787643e-08.
WARNING: covariance vector named 'covar0_cl0_cl0_cl2_cl0_cl1' had 23 variances floored, minimum variance found was 1.157548e-08.
WARNING: covariance vector named 'covar0_cl0_cl0_cl1_cl1_cl0' had 25 variances floored, minimum variance found was 7.995050e-11.
WARNING: covariance vector named 'covar0_cl0_cl0_cl0_cl4' had 23 variances floored, minimum variance found was 3.461158e-09.
WARNING: covariance vector named 'covar0_cl0_cl0_cl0_cl3' had 23 variances floored, minimum variance found was 1.050171e-07.
WARNING: covariance vector named 'covar0_cl0_cl0_cl0_cl2' had 23 variances floored, minimum variance found was 1.160517e-08.
WARNING: covariance vector named 'covar0_cl0_cl0_cl0_cl2_cl0' had 23 variances floored, minimum variance found was 8.097047e-08.
WARNING: covariance vector named 'covar0_cl0_cl0_cl0_cl0_cl3' had 21 variances floored, minimum variance found was 4.642743e-07.
WARNING: covariance vector named 'covar0_cl0_cl0_cl0_cl0_cl2' had 21 variances floored, minimum variance found was 9.664925e-07.
WARNING: covariance vector named 'covar0_cl0_cl0_cl0_cl0_cl2_cl1' had 22 variances floored, minimum variance found was 4.554051e-07.
WARNING: covariance vector named 'covar0_cl0_cl0_cl0_cl0_cl2_cl0' had 20 variances floored, minimum variance found was 1.818395e-06.
WARNING: covariance vector named 'covar1' had 1 variances floored, minimum variance found was 3.336548e-06.
WARNING: covariance vector named 'covar1_cl5' had 4 variances floored, minimum variance found was 2.951039e-07.
WARNING: covariance vector named 'covar1_cl4' had 2 variances floored, minimum variance found was 1.092793e-06.
WARNING: covariance vector named 'covar1_cl3_cl2' had 1 variances floored, minimum variance found was 2.033918e-06.
WARNING: covariance vector named 'covar1_cl3_cl1' had 3 variances floored, minimum variance found was 1.065042e-06.
WARNING: covariance vector named 'covar1_cl3_cl0' had 1 variances floored, minimum variance found was 2.199891e-06.
WARNING: covariance vector named 'covar1_cl1_cl8' had 1 variances floored, minimum variance found was 1.999730e-06.
WARNING: covariance vector named 'covar1_cl1_cl7' had 2 variances floored, minimum variance found was 5.436806e-07.
WARNING: covariance vector named 'covar1_cl1_cl6' had 3 variances floored, minimum variance found was 2.053390e-06.
WARNING: covariance vector named 'covar1_cl1_cl3_cl1' had 4 variances floored, minimum variance found was 3.961854e-06.
WARNING: covariance vector named 'covar1_cl1_cl3_cl0' had 4 variances floored, minimum variance found was 1.512946e-07.
WARNING: covariance vector named 'covar1_cl1_cl2_cl4' had 8 variances floored, minimum variance found was 3.059194e-09.
WARNING: covariance vector named 'covar1_cl1_cl2_cl3' had 12 variances floored, minimum variance found was 2.159913e-11.
WARNING: covariance vector named 'covar1_cl1_cl2_cl2' had 2 variances floored, minimum variance found was 3.198028e-06.
WARNING: covariance vector named 'covar1_cl1_cl2_cl1_cl0' had 5 variances floored, minimum variance found was 1.795616e-06.
WARNING: covariance vector named 'covar1_cl1_cl1_cl5' had 1 variances floored, minimum variance found was 4.603746e-06.
WARNING: covariance vector named 'covar1_cl1_cl1_cl4' had 4 variances floored, minimum variance found was 7.604357e-07.
WARNING: covariance vector named 'covar1_cl0_cl6' had 3 variances floored, minimum variance found was 6.462280e-06.
WARNING: covariance vector named 'covar1_cl0_cl5_cl0' had 9 variances floored, minimum variance found was 2.905678e-08.
WARNING: covariance vector named 'covar1_cl0_cl3_cl1' had 9 variances floored, minimum variance found was 2.980048e-09.
WARNING: covariance vector named 'covar1_cl0_cl3_cl0' had 5 variances floored, minimum variance found was 4.513801e-06.
WARNING: covariance vector named 'covar1_cl0_cl2_cl3' had 7 variances floored, minimum variance found was 2.105873e-06.
WARNING: covariance vector named 'covar1_cl0_cl2_cl1' had 2 variances floored, minimum variance found was 5.910469e-06.
WARNING: covariance vector named 'covar1_cl0_cl1_cl6' had 6 variances floored, minimum variance found was 1.892606e-06.
WARNING: covariance vector named 'covar1_cl0_cl1_cl5' had 4 variances floored, minimum variance found was 4.780235e-06.
WARNING: covariance vector named 'covar1_cl0_cl1_cl4' had 5 variances floored, minimum variance found was 1.853153e-06.
WARNING: covariance vector named 'covar1_cl0_cl1_cl3_cl1' had 25 variances floored, minimum variance found was -2.605095e-08.
WARNING: covariance vector named 'covar1_cl0_cl1_cl3_cl0' had 12 variances floored, minimum variance found was 7.337729e-08.
WARNING: covariance vector named 'covar1_cl0_cl1_cl2' had 3 variances floored, minimum variance found was 2.818015e-06.
WARNING: covariance vector named 'covar1_cl0_cl1_cl1' had 1 variances floored, minimum variance found was 8.803037e-06.
WARNING: covariance vector named 'covar1_cl0_cl1_cl1_cl1' had 2 variances floored, minimum variance found was 3.202248e-06.
WARNING: covariance vector named 'covar1_cl0_cl1_cl1_cl0' had 2 variances floored, minimum variance found was 4.587044e-06.
WARNING: covariance vector named 'covar1_cl0_cl1_cl0_cl2' had 10 variances floored, minimum variance found was 3.297400e-08.
WARNING: covariance vector named 'covar1_cl0_cl1_cl0_cl1' had 1 variances floored, minimum variance found was 8.988386e-06.
WARNING: covariance vector named 'covar1_cl0_cl1_cl0_cl0' had 9 variances floored, minimum variance found was 2.460631e-06.
WARNING: covariance vector named 'covar1_cl0_cl0_cl9' had 3 variances floored, minimum variance found was 5.167552e-06.
WARNING: covariance vector named 'covar1_cl0_cl0_cl8' had 3 variances floored, minimum variance found was 6.788068e-06.
WARNING: covariance vector named 'covar1_cl0_cl0_cl7' had 13 variances floored, minimum variance found was 1.760914e-06.
WARNING: covariance vector named 'covar1_cl0_cl0_cl6' had 8 variances floored, minimum variance found was 1.953766e-06.
WARNING: covariance vector named 'covar1_cl0_cl0_cl5' had 9 variances floored, minimum variance found was 4.203280e-06.
WARNING: covariance vector named 'covar1_cl0_cl0_cl4' had 6 variances floored, minimum variance found was 3.047179e-06.
WARNING: covariance vector named 'covar1_cl0_cl0_cl2' had 1 variances floored, minimum variance found was 8.457567e-06.
WARNING: covariance vector named 'covar1_cl0_cl0_cl2_cl3' had 17 variances floored, minimum variance found was 9.304446e-08.
WARNING: covariance vector named 'covar1_cl0_cl0_cl2_cl2' had 6 variances floored, minimum variance found was 3.219805e-06.
WARNING: covariance vector named 'covar1_cl0_cl0_cl2_cl1' had 7 variances floored, minimum variance found was 4.033049e-06.
WARNING: covariance vector named 'covar1_cl0_cl0_cl2_cl1_cl0' had 18 variances floored, minimum variance found was 3.586677e-08.
WARNING: covariance vector named 'covar1_cl0_cl0_cl2_cl0_cl0' had 7 variances floored, minimum variance found was 4.983204e-06.
WARNING: covariance vector named 'covar1_cl0_cl0_cl1_cl4' had 1 variances floored, minimum variance found was 9.712198e-06.
WARNING: covariance vector named 'covar1_cl0_cl0_cl1_cl3' had 2 variances floored, minimum variance found was 8.583321e-06.
WARNING: covariance vector named 'covar1_cl0_cl0_cl1_cl2' had 1 variances floored, minimum variance found was 8.407217e-06.
WARNING: covariance vector named 'covar1_cl0_cl0_cl1_cl1' had 2 variances floored, minimum variance found was 6.969049e-06.
WARNING: covariance vector named 'covar1_cl0_cl0_cl1_cl0' had 5 variances floored, minimum variance found was 4.685182e-06.
WARNING: covariance vector named 'covar1_cl0_cl0_cl0' had 23 variances floored, minimum variance found was 6.321175e-07.
WARNING: covariance vector named 'covar1_cl0_cl0_cl0_cl3' had 23 variances floored, minimum variance found was 8.456701e-07.
WARNING: covariance vector named 'covar1_cl0_cl0_cl0_cl2' had 21 variances floored, minimum variance found was 3.520673e-08.
WARNING: covariance vector named 'covar1_cl0_cl0_cl0_cl1' had 23 variances floored, minimum variance found was 6.328740e-07.
WARNING: covariance vector named 'covar1_cl0_cl0_cl0_cl1_cl1' had 23 variances floored, minimum variance found was 4.300863e-07.
WARNING: covariance vector named 'covar1_cl0_cl0_cl0_cl1_cl0' had 23 variances floored, minimum variance found was 7.834562e-09.
WARNING: covariance vector named 'covar1_cl0_cl0_cl0_cl0' had 15 variances floored, minimum variance found was 3.713501e-06.
WARNING: covariance vector named 'covar1_cl0_cl0_cl0_cl0_cl3' had 11 variances floored, minimum variance found was 2.650942e-06.
WARNING: covariance vector named 'covar1_cl0_cl0_cl0_cl0_cl2' had 13 variances floored, minimum variance found was 6.443551e-09.
WARNING: covariance vector named 'covar1_cl0_cl0_cl0_cl0_cl1' had 15 variances floored, minimum variance found was 8.549696e-07.
WARNING: covariance vector named 'covar1_cl0_cl0_cl0_cl0_cl0' had 20 variances floored, minimum variance found was 2.108201e-06.
WARNING: covariance vector named 'covar1_cl0_cl0_cl0_cl0_cl0_cl1' had 22 variances floored, minimum variance found was 3.782457e-07.
WARNING: covariance vector named 'covar1_cl0_cl0_cl0_cl0_cl0_cl0' had 15 variances floored, minimum variance found was 2.288519e-06.
NOTE: DPMF 'dpmf0' has 7/3 elements vanishing/splitting
NOTE: DPMF 'dpmf1' has 1/2 elements vanishing/splitting
NOTE: saving only 334 used means out of a total of 342
NOTE: saving only 334 used covariances out of a total of 342
NOTE: saving only 334 used components out of a total of 342
NOTE: saving only 334 used means out of a total of 342
NOTE: saving only 334 used covariances out of a total of 342
NOTE: saving only 334 used components out of a total of 342
Maximum number of EM iterations reached (1). Stopping
### Final time (seconds) just for EM stage: User: 0.022524, System: 0.003519, CPU 0.026043
____ PROGRAM ENDED SUCCESSFULLY WITH STATUS 0 AT Wednesday August 19 2015, 01:55:54 PDT ____
