Creating Junction Tree
DONE creating Junction Tree
Loading accumulators from 'accumulators/acc_0_0_8comp.data'
WARNING: covariance vector named 'covar0_cl5' had 1 variances floored, minimum variance found was 5.281459e-06.
WARNING: covariance vector named 'covar0_cl3_cl5' had 1 variances floored, minimum variance found was 3.552969e-06.
WARNING: covariance vector named 'covar0_cl3_cl4' had 1 variances floored, minimum variance found was 7.885424e-06.
WARNING: covariance vector named 'covar0_cl3_cl4_cl1' had 2 variances floored, minimum variance found was 4.098831e-06.
WARNING: covariance vector named 'covar0_cl3_cl4_cl0' had 2 variances floored, minimum variance found was 2.974050e-06.
WARNING: covariance vector named 'covar0_cl3_cl3_cl1' had 2 variances floored, minimum variance found was 4.058943e-06.
WARNING: covariance vector named 'covar0_cl3_cl2_cl2' had 1 variances floored, minimum variance found was 4.665698e-06.
WARNING: covariance vector named 'covar0_cl3_cl1' had 2 variances floored, minimum variance found was 1.385264e-07.
WARNING: covariance vector named 'covar0_cl3_cl1_cl3' had 2 variances floored, minimum variance found was 4.272183e-07.
WARNING: covariance vector named 'covar0_cl3_cl1_cl2' had 2 variances floored, minimum variance found was 9.986755e-07.
WARNING: covariance vector named 'covar0_cl3_cl1_cl1' had 1 variances floored, minimum variance found was 3.203647e-07.
WARNING: covariance vector named 'covar0_cl3_cl1_cl1_cl0' had 3 variances floored, minimum variance found was 1.481009e-06.
WARNING: covariance vector named 'covar0_cl3_cl0' had 2 variances floored, minimum variance found was 5.179394e-07.
WARNING: covariance vector named 'covar0_cl3_cl0_cl5' had 3 variances floored, minimum variance found was 2.589368e-06.
WARNING: covariance vector named 'covar0_cl3_cl0_cl4' had 2 variances floored, minimum variance found was 3.287981e-07.
WARNING: covariance vector named 'covar0_cl3_cl0_cl3' had 1 variances floored, minimum variance found was 1.480346e-06.
WARNING: covariance vector named 'covar0_cl3_cl0_cl2' had 2 variances floored, minimum variance found was 5.375978e-07.
WARNING: covariance vector named 'covar0_cl3_cl0_cl1' had 2 variances floored, minimum variance found was 6.519237e-08.
WARNING: covariance vector named 'covar0_cl3_cl0_cl1_cl2' had 2 variances floored, minimum variance found was 7.360075e-08.
WARNING: covariance vector named 'covar0_cl3_cl0_cl1_cl1' had 4 variances floored, minimum variance found was 6.364380e-09.
WARNING: covariance vector named 'covar0_cl3_cl0_cl1_cl0' had 1 variances floored, minimum variance found was 4.644108e-07.
WARNING: covariance vector named 'covar0_cl3_cl0_cl0' had 1 variances floored, minimum variance found was 2.997310e-07.
WARNING: covariance vector named 'covar0_cl2_cl2_cl2' had 7 variances floored, minimum variance found was 1.824091e-07.
WARNING: covariance vector named 'covar0_cl2_cl1_cl3' had 1 variances floored, minimum variance found was 6.572564e-06.
WARNING: covariance vector named 'covar0_cl2_cl0_cl1' had 2 variances floored, minimum variance found was 8.933134e-06.
WARNING: covariance vector named 'covar0_cl2_cl0_cl0' had 2 variances floored, minimum variance found was 2.206048e-06.
WARNING: covariance vector named 'covar0_cl2_cl0_cl0_cl3' had 2 variances floored, minimum variance found was 1.560980e-06.
WARNING: covariance vector named 'covar0_cl2_cl0_cl0_cl2' had 3 variances floored, minimum variance found was 9.396176e-07.
WARNING: covariance vector named 'covar0_cl2_cl0_cl0_cl1' had 4 variances floored, minimum variance found was 2.940562e-06.
WARNING: covariance vector named 'covar0_cl2_cl0_cl0_cl1_cl0' had 2 variances floored, minimum variance found was 4.281666e-07.
WARNING: covariance vector named 'covar0_cl2_cl0_cl0_cl0' had 2 variances floored, minimum variance found was 1.646968e-06.
WARNING: covariance vector named 'covar0_cl2_cl0_cl0_cl0_cl1' had 4 variances floored, minimum variance found was 3.262566e-08.
WARNING: covariance vector named 'covar0_cl2_cl0_cl0_cl0_cl0' had 5 variances floored, minimum variance found was 3.099278e-07.
WARNING: covariance vector named 'covar0_cl1_cl6' had 1 variances floored, minimum variance found was 3.818639e-06.
WARNING: covariance vector named 'covar0_cl1_cl5' had 1 variances floored, minimum variance found was 7.938364e-06.
WARNING: covariance vector named 'covar0_cl1_cl4_cl1' had 3 variances floored, minimum variance found was 2.942460e-06.
WARNING: covariance vector named 'covar0_cl1_cl4_cl0' had 1 variances floored, minimum variance found was 3.847525e-06.
WARNING: covariance vector named 'covar0_cl1_cl3_cl1' had 1 variances floored, minimum variance found was 2.889936e-06.
WARNING: covariance vector named 'covar0_cl1_cl3_cl0' had 3 variances floored, minimum variance found was 1.863382e-06.
WARNING: covariance vector named 'covar0_cl1_cl2_cl2' had 3 variances floored, minimum variance found was 1.598449e-06.
WARNING: covariance vector named 'covar0_cl1_cl2_cl1' had 4 variances floored, minimum variance found was 2.915890e-06.
WARNING: covariance vector named 'covar0_cl1_cl2_cl0' had 3 variances floored, minimum variance found was 6.457867e-06.
WARNING: covariance vector named 'covar0_cl1_cl1_cl7' had 3 variances floored, minimum variance found was 3.842960e-06.
WARNING: covariance vector named 'covar0_cl1_cl1_cl4_cl0' had 3 variances floored, minimum variance found was 5.117125e-07.
WARNING: covariance vector named 'covar0_cl1_cl1_cl3_cl1' had 3 variances floored, minimum variance found was 6.908887e-06.
WARNING: covariance vector named 'covar0_cl1_cl1_cl3_cl0' had 6 variances floored, minimum variance found was 1.087798e-06.
WARNING: covariance vector named 'covar0_cl1_cl1_cl2_cl1' had 1 variances floored, minimum variance found was 6.360633e-06.
WARNING: covariance vector named 'covar0_cl1_cl1_cl2_cl0' had 2 variances floored, minimum variance found was 7.643253e-06.
WARNING: covariance vector named 'covar0_cl1_cl1_cl0_cl4' had 1 variances floored, minimum variance found was 7.522212e-06.
WARNING: covariance vector named 'covar0_cl1_cl1_cl0_cl3' had 10 variances floored, minimum variance found was 4.326135e-09.
WARNING: covariance vector named 'covar0_cl1_cl1_cl0_cl1' had 2 variances floored, minimum variance found was 4.449793e-06.
WARNING: covariance vector named 'covar0_cl1_cl1_cl0_cl0' had 5 variances floored, minimum variance found was 2.631440e-06.
WARNING: covariance vector named 'covar0_cl1_cl0_cl7' had 7 variances floored, minimum variance found was 6.814593e-07.
WARNING: covariance vector named 'covar0_cl1_cl0_cl6' had 4 variances floored, minimum variance found was 8.232002e-06.
WARNING: covariance vector named 'covar0_cl1_cl0_cl5_cl0' had 11 variances floored, minimum variance found was 4.492682e-07.
WARNING: covariance vector named 'covar0_cl1_cl0_cl4' had 4 variances floored, minimum variance found was 1.684031e-06.
WARNING: covariance vector named 'covar0_cl1_cl0_cl3' had 1 variances floored, minimum variance found was 9.710406e-06.
WARNING: covariance vector named 'covar0_cl1_cl0_cl3_cl0' had 3 variances floored, minimum variance found was 5.672252e-07.
WARNING: covariance vector named 'covar0_cl1_cl0_cl1_cl4' had 3 variances floored, minimum variance found was 2.023942e-06.
WARNING: covariance vector named 'covar0_cl1_cl0_cl1_cl3' had 13 variances floored, minimum variance found was 7.936175e-08.
WARNING: covariance vector named 'covar0_cl1_cl0_cl1_cl2' had 2 variances floored, minimum variance found was 9.370658e-06.
WARNING: covariance vector named 'covar0_cl1_cl0_cl1_cl1' had 13 variances floored, minimum variance found was 5.672140e-07.
WARNING: covariance vector named 'covar0_cl1_cl0_cl1_cl0' had 2 variances floored, minimum variance found was 5.075331e-06.
WARNING: covariance vector named 'covar0_cl1_cl0_cl1_cl0_cl0' had 10 variances floored, minimum variance found was 1.526954e-06.
WARNING: covariance vector named 'covar0_cl1_cl0_cl0_cl5' had 4 variances floored, minimum variance found was 6.101201e-06.
WARNING: covariance vector named 'covar0_cl1_cl0_cl0_cl4' had 5 variances floored, minimum variance found was 3.460200e-06.
WARNING: covariance vector named 'covar0_cl1_cl0_cl0_cl3' had 1 variances floored, minimum variance found was 7.288117e-06.
WARNING: covariance vector named 'covar0_cl1_cl0_cl0_cl2' had 1 variances floored, minimum variance found was 6.877538e-06.
WARNING: covariance vector named 'covar0_cl1_cl0_cl0_cl2_cl0' had 12 variances floored, minimum variance found was 3.504708e-07.
WARNING: covariance vector named 'covar0_cl1_cl0_cl0_cl1' had 2 variances floored, minimum variance found was 5.537874e-06.
WARNING: covariance vector named 'covar0_cl1_cl0_cl0_cl0_cl0' had 5 variances floored, minimum variance found was 5.399158e-06.
WARNING: covariance vector named 'covar0_cl0' had 1 variances floored, minimum variance found was 9.075517e-06.
WARNING: covariance vector named 'covar0_cl0_cl9' had 11 variances floored, minimum variance found was 8.153743e-07.
WARNING: covariance vector named 'covar0_cl0_cl8_cl0' had 7 variances floored, minimum variance found was 2.537009e-06.
WARNING: covariance vector named 'covar0_cl0_cl7' had 1 variances floored, minimum variance found was 9.364448e-06.
WARNING: covariance vector named 'covar0_cl0_cl6' had 2 variances floored, minimum variance found was 8.037915e-06.
WARNING: covariance vector named 'covar0_cl0_cl6_cl0' had 7 variances floored, minimum variance found was 6.861348e-07.
WARNING: covariance vector named 'covar0_cl0_cl5' had 3 variances floored, minimum variance found was 6.400520e-06.
WARNING: covariance vector named 'covar0_cl0_cl5_cl0' had 6 variances floored, minimum variance found was 3.475077e-06.
WARNING: covariance vector named 'covar0_cl0_cl4' had 2 variances floored, minimum variance found was 6.058357e-06.
WARNING: covariance vector named 'covar0_cl0_cl4_cl3' had 9 variances floored, minimum variance found was 1.620987e-06.
WARNING: covariance vector named 'covar0_cl0_cl4_cl2' had 10 variances floored, minimum variance found was 3.667098e-06.
WARNING: covariance vector named 'covar0_cl0_cl4_cl1' had 4 variances floored, minimum variance found was 4.401721e-06.
WARNING: covariance vector named 'covar0_cl0_cl4_cl0' had 8 variances floored, minimum variance found was 6.692042e-06.
WARNING: covariance vector named 'covar0_cl0_cl3' had 2 variances floored, minimum variance found was 7.531799e-06.
WARNING: covariance vector named 'covar0_cl0_cl3_cl3' had 15 variances floored, minimum variance found was 1.349952e-07.
WARNING: covariance vector named 'covar0_cl0_cl3_cl2' had 7 variances floored, minimum variance found was 3.074931e-06.
WARNING: covariance vector named 'covar0_cl0_cl3_cl1' had 5 variances floored, minimum variance found was 6.908977e-06.
WARNING: covariance vector named 'covar0_cl0_cl3_cl1_cl1' had 12 variances floored, minimum variance found was 6.504750e-07.
WARNING: covariance vector named 'covar0_cl0_cl3_cl1_cl0' had 17 variances floored, minimum variance found was 1.688367e-07.
WARNING: covariance vector named 'covar0_cl0_cl3_cl0' had 7 variances floored, minimum variance found was 3.939978e-06.
WARNING: covariance vector named 'covar0_cl0_cl3_cl0_cl0' had 16 variances floored, minimum variance found was 1.318245e-06.
WARNING: covariance vector named 'covar0_cl0_cl2_cl2' had 12 variances floored, minimum variance found was 1.770050e-06.
WARNING: covariance vector named 'covar0_cl0_cl2_cl1' had 7 variances floored, minimum variance found was 4.878366e-06.
WARNING: covariance vector named 'covar0_cl0_cl2_cl0' had 3 variances floored, minimum variance found was 9.100992e-06.
WARNING: covariance vector named 'covar0_cl0_cl1' had 6 variances floored, minimum variance found was 5.145399e-06.
WARNING: covariance vector named 'covar0_cl0_cl1_cl0' had 9 variances floored, minimum variance found was 4.530265e-06.
WARNING: covariance vector named 'covar0_cl0_cl0' had 23 variances floored, minimum variance found was 1.713256e-06.
WARNING: covariance vector named 'covar0_cl0_cl0_cl10' had 23 variances floored, minimum variance found was 1.896048e-06.
WARNING: covariance vector named 'covar0_cl0_cl0_cl9' had 23 variances floored, minimum variance found was 2.679313e-06.
WARNING: covariance vector named 'covar0_cl0_cl0_cl9_cl0' had 23 variances floored, minimum variance found was 2.429969e-06.
WARNING: covariance vector named 'covar0_cl0_cl0_cl8' had 23 variances floored, minimum variance found was 2.309623e-06.
WARNING: covariance vector named 'covar0_cl0_cl0_cl8_cl1' had 23 variances floored, minimum variance found was 2.592288e-06.
WARNING: covariance vector named 'covar0_cl0_cl0_cl8_cl0' had 23 variances floored, minimum variance found was 1.550662e-06.
WARNING: covariance vector named 'covar0_cl0_cl0_cl8_cl0_cl0' had 23 variances floored, minimum variance found was 1.282166e-06.
WARNING: covariance vector named 'covar0_cl0_cl0_cl7' had 23 variances floored, minimum variance found was 2.007727e-06.
WARNING: covariance vector named 'covar0_cl0_cl0_cl7_cl1' had 23 variances floored, minimum variance found was 3.336066e-06.
WARNING: covariance vector named 'covar0_cl0_cl0_cl7_cl0' had 23 variances floored, minimum variance found was 2.740881e-06.
WARNING: covariance vector named 'covar0_cl0_cl0_cl6' had 23 variances floored, minimum variance found was 2.196565e-06.
WARNING: covariance vector named 'covar0_cl0_cl0_cl6_cl2' had 23 variances floored, minimum variance found was 1.835362e-06.
WARNING: covariance vector named 'covar0_cl0_cl0_cl6_cl1' had 23 variances floored, minimum variance found was 2.041165e-06.
WARNING: covariance vector named 'covar0_cl0_cl0_cl6_cl0' had 23 variances floored, minimum variance found was 1.419355e-06.
WARNING: covariance vector named 'covar0_cl0_cl0_cl6_cl0_cl0' had 23 variances floored, minimum variance found was 1.313653e-07.
WARNING: covariance vector named 'covar0_cl0_cl0_cl5' had 23 variances floored, minimum variance found was 2.984858e-06.
WARNING: covariance vector named 'covar0_cl0_cl0_cl5_cl2' had 23 variances floored, minimum variance found was 1.829276e-06.
WARNING: covariance vector named 'covar0_cl0_cl0_cl5_cl1' had 23 variances floored, minimum variance found was 2.491698e-06.
WARNING: covariance vector named 'covar0_cl0_cl0_cl5_cl1_cl0' had 23 variances floored, minimum variance found was 1.503982e-06.
WARNING: covariance vector named 'covar0_cl0_cl0_cl5_cl0' had 23 variances floored, minimum variance found was 2.740747e-06.
WARNING: covariance vector named 'covar0_cl0_cl0_cl5_cl0_cl0' had 23 variances floored, minimum variance found was 1.972099e-06.
WARNING: covariance vector named 'covar0_cl0_cl0_cl4' had 23 variances floored, minimum variance found was 3.320961e-06.
WARNING: covariance vector named 'covar0_cl0_cl0_cl4_cl4' had 23 variances floored, minimum variance found was 3.152214e-06.
WARNING: covariance vector named 'covar0_cl0_cl0_cl4_cl3' had 23 variances floored, minimum variance found was 2.348257e-06.
WARNING: covariance vector named 'covar0_cl0_cl0_cl4_cl3_cl0' had 23 variances floored, minimum variance found was 1.921526e-06.
WARNING: covariance vector named 'covar0_cl0_cl0_cl4_cl2' had 23 variances floored, minimum variance found was 3.110128e-06.
WARNING: covariance vector named 'covar0_cl0_cl0_cl4_cl2_cl1' had 23 variances floored, minimum variance found was 3.145577e-06.
WARNING: covariance vector named 'covar0_cl0_cl0_cl4_cl2_cl0' had 23 variances floored, minimum variance found was 2.733967e-06.
WARNING: covariance vector named 'covar0_cl0_cl0_cl4_cl1' had 22 variances floored, minimum variance found was 2.858136e-06.
WARNING: covariance vector named 'covar0_cl0_cl0_cl4_cl1_cl1' had 23 variances floored, minimum variance found was 2.696822e-06.
WARNING: covariance vector named 'covar0_cl0_cl0_cl4_cl1_cl0' had 23 variances floored, minimum variance found was 2.387887e-06.
WARNING: covariance vector named 'covar0_cl0_cl0_cl4_cl1_cl0_cl0' had 23 variances floored, minimum variance found was 1.097271e-06.
WARNING: covariance vector named 'covar0_cl0_cl0_cl4_cl0' had 23 variances floored, minimum variance found was 3.371583e-06.
WARNING: covariance vector named 'covar0_cl0_cl0_cl4_cl0_cl1' had 23 variances floored, minimum variance found was 2.496287e-06.
WARNING: covariance vector named 'covar0_cl0_cl0_cl4_cl0_cl0' had 20 variances floored, minimum variance found was 2.509160e-06.
WARNING: covariance vector named 'covar0_cl0_cl0_cl3' had 23 variances floored, minimum variance found was 2.837564e-06.
WARNING: covariance vector named 'covar0_cl0_cl0_cl3_cl5' had 23 variances floored, minimum variance found was 1.688601e-06.
WARNING: covariance vector named 'covar0_cl0_cl0_cl3_cl4' had 23 variances floored, minimum variance found was 2.357378e-06.
WARNING: covariance vector named 'covar0_cl0_cl0_cl3_cl3' had 23 variances floored, minimum variance found was 1.778734e-06.
WARNING: covariance vector named 'covar0_cl0_cl0_cl3_cl2' had 23 variances floored, minimum variance found was 3.321366e-06.
WARNING: covariance vector named 'covar0_cl0_cl0_cl3_cl2_cl0' had 23 variances floored, minimum variance found was 1.780392e-06.
WARNING: covariance vector named 'covar0_cl0_cl0_cl3_cl1' had 23 variances floored, minimum variance found was 1.961924e-06.
WARNING: covariance vector named 'covar0_cl0_cl0_cl3_cl0' had 23 variances floored, minimum variance found was 1.775473e-06.
WARNING: covariance vector named 'covar0_cl0_cl0_cl3_cl0_cl1' had 23 variances floored, minimum variance found was 8.962329e-07.
WARNING: covariance vector named 'covar0_cl0_cl0_cl3_cl0_cl0' had 23 variances floored, minimum variance found was 2.198370e-06.
WARNING: covariance vector named 'covar0_cl0_cl0_cl2' had 23 variances floored, minimum variance found was 1.919630e-06.
WARNING: covariance vector named 'covar0_cl0_cl0_cl2_cl4' had 23 variances floored, minimum variance found was 1.920353e-06.
WARNING: covariance vector named 'covar0_cl0_cl0_cl2_cl3' had 23 variances floored, minimum variance found was 1.991054e-06.
WARNING: covariance vector named 'covar0_cl0_cl0_cl2_cl2' had 23 variances floored, minimum variance found was 1.501222e-06.
WARNING: covariance vector named 'covar0_cl0_cl0_cl2_cl2_cl0' had 23 variances floored, minimum variance found was 1.578239e-06.
WARNING: covariance vector named 'covar0_cl0_cl0_cl2_cl1' had 23 variances floored, minimum variance found was 6.313875e-07.
WARNING: covariance vector named 'covar0_cl0_cl0_cl2_cl0' had 23 variances floored, minimum variance found was 5.388985e-07.
WARNING: covariance vector named 'covar0_cl0_cl0_cl2_cl0_cl0' had 23 variances floored, minimum variance found was 7.264447e-07.
WARNING: covariance vector named 'covar0_cl0_cl0_cl1' had 22 variances floored, minimum variance found was 3.567225e-06.
WARNING: covariance vector named 'covar0_cl0_cl0_cl1_cl3' had 23 variances floored, minimum variance found was 3.564746e-06.
WARNING: covariance vector named 'covar0_cl0_cl0_cl1_cl2' had 23 variances floored, minimum variance found was 2.825952e-06.
WARNING: covariance vector named 'covar0_cl0_cl0_cl1_cl1' had 23 variances floored, minimum variance found was 3.314113e-06.
WARNING: covariance vector named 'covar0_cl0_cl0_cl1_cl1_cl2' had 23 variances floored, minimum variance found was 3.125938e-06.
WARNING: covariance vector named 'covar0_cl0_cl0_cl1_cl1_cl1' had 23 variances floored, minimum variance found was 3.731244e-06.
WARNING: covariance vector named 'covar0_cl0_cl0_cl1_cl1_cl1_cl0' had 23 variances floored, minimum variance found was 1.947366e-06.
WARNING: covariance vector named 'covar0_cl0_cl0_cl1_cl1_cl0' had 23 variances floored, minimum variance found was 1.253266e-06.
WARNING: covariance vector named 'covar0_cl0_cl0_cl1_cl1_cl0_cl0' had 22 variances floored, minimum variance found was 1.168874e-06.
WARNING: covariance vector named 'covar0_cl0_cl0_cl1_cl0' had 23 variances floored, minimum variance found was 1.128862e-06.
WARNING: covariance vector named 'covar0_cl0_cl0_cl1_cl0_cl1' had 22 variances floored, minimum variance found was 7.972628e-07.
WARNING: covariance vector named 'covar0_cl0_cl0_cl1_cl0_cl0' had 23 variances floored, minimum variance found was 9.716141e-07.
WARNING: covariance vector named 'covar0_cl0_cl0_cl0' had 23 variances floored, minimum variance found was 1.256273e-06.
WARNING: covariance vector named 'covar0_cl0_cl0_cl0_cl1' had 23 variances floored, minimum variance found was 3.634581e-06.
WARNING: covariance vector named 'covar0_cl0_cl0_cl0_cl1_cl1' had 23 variances floored, minimum variance found was 3.309496e-06.
WARNING: covariance vector named 'covar0_cl0_cl0_cl0_cl1_cl0' had 22 variances floored, minimum variance found was 2.753166e-06.
WARNING: covariance vector named 'covar0_cl0_cl0_cl0_cl0' had 23 variances floored, minimum variance found was 9.204164e-08.
WARNING: covariance vector named 'covar1' had 2 variances floored, minimum variance found was 2.406802e-06.
WARNING: covariance vector named 'covar1_cl5' had 3 variances floored, minimum variance found was 1.040053e-06.
WARNING: covariance vector named 'covar1_cl3' had 1 variances floored, minimum variance found was 3.180688e-06.
WARNING: covariance vector named 'covar1_cl3_cl2' had 2 variances floored, minimum variance found was 1.463030e-06.
WARNING: covariance vector named 'covar1_cl3_cl0' had 2 variances floored, minimum variance found was 2.678385e-06.
WARNING: covariance vector named 'covar1_cl1_cl4' had 3 variances floored, minimum variance found was 5.465554e-06.
WARNING: covariance vector named 'covar1_cl1_cl0_cl5' had 1 variances floored, minimum variance found was 8.825468e-06.
WARNING: covariance vector named 'covar1_cl1_cl0_cl2' had 1 variances floored, minimum variance found was 1.978921e-06.
WARNING: covariance vector named 'covar1_cl1_cl0_cl2_cl0' had 1 variances floored, minimum variance found was 3.562614e-06.
WARNING: covariance vector named 'covar1_cl1_cl0_cl0_cl2' had 7 variances floored, minimum variance found was 6.791980e-08.
WARNING: covariance vector named 'covar1_cl0_cl2_cl2' had 7 variances floored, minimum variance found was 1.118479e-06.
WARNING: covariance vector named 'covar1_cl0_cl1_cl5' had 5 variances floored, minimum variance found was 2.238563e-06.
WARNING: covariance vector named 'covar1_cl0_cl1_cl4' had 2 variances floored, minimum variance found was 8.501361e-06.
WARNING: covariance vector named 'covar1_cl0_cl1_cl0_cl4' had 12 variances floored, minimum variance found was 2.614114e-06.
WARNING: covariance vector named 'covar1_cl0_cl1_cl0_cl3' had 1 variances floored, minimum variance found was 8.714912e-06.
WARNING: covariance vector named 'covar1_cl0_cl1_cl0_cl2' had 2 variances floored, minimum variance found was 7.035042e-06.
WARNING: covariance vector named 'covar1_cl0_cl1_cl0_cl1' had 1 variances floored, minimum variance found was 8.325516e-06.
WARNING: covariance vector named 'covar1_cl0_cl0_cl8' had 2 variances floored, minimum variance found was 4.992756e-06.
WARNING: covariance vector named 'covar1_cl0_cl0_cl7' had 1 variances floored, minimum variance found was 9.956145e-06.
WARNING: covariance vector named 'covar1_cl0_cl0_cl6' had 3 variances floored, minimum variance found was 8.093706e-06.
WARNING: covariance vector named 'covar1_cl0_cl0_cl5' had 5 variances floored, minimum variance found was 1.081869e-07.
WARNING: covariance vector named 'covar1_cl0_cl0_cl4' had 2 variances floored, minimum variance found was 8.433891e-06.
WARNING: covariance vector named 'covar1_cl0_cl0_cl4_cl1' had 2 variances floored, minimum variance found was 8.649195e-06.
WARNING: covariance vector named 'covar1_cl0_cl0_cl4_cl0' had 5 variances floored, minimum variance found was 7.610634e-06.
WARNING: covariance vector named 'covar1_cl0_cl0_cl3' had 6 variances floored, minimum variance found was 7.041266e-06.
WARNING: covariance vector named 'covar1_cl0_cl0_cl3_cl1' had 6 variances floored, minimum variance found was 2.567914e-06.
WARNING: covariance vector named 'covar1_cl0_cl0_cl3_cl0' had 9 variances floored, minimum variance found was 2.478784e-06.
WARNING: covariance vector named 'covar1_cl0_cl0_cl2' had 2 variances floored, minimum variance found was 9.013426e-06.
WARNING: covariance vector named 'covar1_cl0_cl0_cl2_cl1' had 12 variances floored, minimum variance found was 4.145413e-07.
WARNING: covariance vector named 'covar1_cl0_cl0_cl2_cl0' had 12 variances floored, minimum variance found was 4.606570e-06.
WARNING: covariance vector named 'covar1_cl0_cl0_cl1_cl3' had 5 variances floored, minimum variance found was 2.191349e-06.
WARNING: covariance vector named 'covar1_cl0_cl0_cl1_cl2' had 13 variances floored, minimum variance found was 9.873852e-08.
WARNING: covariance vector named 'covar1_cl0_cl0_cl1_cl1' had 11 variances floored, minimum variance found was 5.018704e-08.
WARNING: covariance vector named 'covar1_cl0_cl0_cl1_cl0' had 2 variances floored, minimum variance found was 6.388785e-06.
WARNING: covariance vector named 'covar1_cl0_cl0_cl0' had 23 variances floored, minimum variance found was 1.464780e-06.
WARNING: covariance vector named 'covar1_cl0_cl0_cl0_cl2' had 23 variances floored, minimum variance found was 1.216432e-06.
WARNING: covariance vector named 'covar1_cl0_cl0_cl0_cl1' had 22 variances floored, minimum variance found was 2.558446e-06.
WARNING: covariance vector named 'covar1_cl0_cl0_cl0_cl1_cl0' had 17 variances floored, minimum variance found was 8.261740e-07.
WARNING: covariance vector named 'covar1_cl0_cl0_cl0_cl0' had 21 variances floored, minimum variance found was 1.144264e-07.
NOTE: DPMF 'dpmf0' has 2/2 elements vanishing/splitting
NOTE: DPMF 'dpmf1' has 0/1 elements vanishing/splitting
NOTE: saving only 291 used means out of a total of 293
NOTE: saving only 291 used covariances out of a total of 293
NOTE: saving only 291 used components out of a total of 293
NOTE: saving only 291 used means out of a total of 293
NOTE: saving only 291 used covariances out of a total of 293
NOTE: saving only 291 used components out of a total of 293
Maximum number of EM iterations reached (1). Stopping
### Final time (seconds) just for EM stage: User: 0.017335, System: 0.002429, CPU 0.019764
____ PROGRAM ENDED SUCCESSFULLY WITH STATUS 0 AT Wednesday August 19 2015, 01:58:43 PDT ____
