Creating Junction Tree
DONE creating Junction Tree
Loading accumulators from 'accumulators/acc_0_0_32comp.data'
WARNING: covariance vector named 'covar0_cl2_cl4_cl0' had 5 variances floored, minimum variance found was 1.700508e-06.
WARNING: covariance vector named 'covar0_cl2_cl2_cl1' had 7 variances floored, minimum variance found was 5.363488e-09.
WARNING: covariance vector named 'covar0_cl2_cl1_cl3' had 2 variances floored, minimum variance found was 1.626777e-06.
WARNING: covariance vector named 'covar0_cl2_cl0_cl5' had 3 variances floored, minimum variance found was 7.337635e-09.
WARNING: covariance vector named 'covar0_cl2_cl0_cl3_cl0' had 3 variances floored, minimum variance found was 5.958303e-06.
WARNING: covariance vector named 'covar0_cl1_cl8' had 6 variances floored, minimum variance found was 9.582082e-08.
WARNING: covariance vector named 'covar0_cl1_cl6_cl0' had 4 variances floored, minimum variance found was 4.673975e-07.
WARNING: covariance vector named 'covar0_cl1_cl4_cl0' had 4 variances floored, minimum variance found was 3.828249e-09.
WARNING: covariance vector named 'covar0_cl1_cl3_cl3' had 4 variances floored, minimum variance found was 3.114098e-06.
WARNING: covariance vector named 'covar0_cl1_cl3_cl1_cl0' had 5 variances floored, minimum variance found was 6.683343e-07.
WARNING: covariance vector named 'covar0_cl1_cl3_cl0_cl1' had 36 variances floored, minimum variance found was -8.785721e-10.
WARNING: covariance vector named 'covar0_cl1_cl3_cl0_cl0' had 3 variances floored, minimum variance found was 1.332547e-06.
WARNING: covariance vector named 'covar0_cl1_cl2_cl0_cl2' had 4 variances floored, minimum variance found was 1.487161e-08.
WARNING: covariance vector named 'covar0_cl1_cl2_cl0_cl0' had 9 variances floored, minimum variance found was 2.212658e-08.
WARNING: covariance vector named 'covar0_cl1_cl1_cl6' had 1 variances floored, minimum variance found was 6.349886e-06.
WARNING: covariance vector named 'covar0_cl1_cl1_cl4_cl0' had 7 variances floored, minimum variance found was 1.674117e-07.
WARNING: covariance vector named 'covar0_cl1_cl1_cl0_cl3' had 4 variances floored, minimum variance found was 1.485616e-07.
WARNING: covariance vector named 'covar0_cl1_cl0_cl8' had 5 variances floored, minimum variance found was 7.057472e-07.
WARNING: covariance vector named 'covar0_cl1_cl0_cl7' had 1 variances floored, minimum variance found was 3.352238e-06.
WARNING: covariance vector named 'covar0_cl1_cl0_cl2_cl0' had 36 variances floored, minimum variance found was -2.646238e-08.
WARNING: covariance vector named 'covar0_cl1_cl0_cl0_cl0_cl4' had 1 variances floored, minimum variance found was 1.031737e-06.
WARNING: covariance vector named 'covar0_cl0_cl6_cl4' had 36 variances floored, minimum variance found was -4.637893e-08.
WARNING: covariance vector named 'covar0_cl0_cl6_cl3' had 4 variances floored, minimum variance found was 3.013821e-06.
WARNING: covariance vector named 'covar0_cl0_cl5_cl3' had 36 variances floored, minimum variance found was -8.579507e-10.
WARNING: covariance vector named 'covar0_cl0_cl5_cl2' had 3 variances floored, minimum variance found was 2.957985e-06.
WARNING: covariance vector named 'covar0_cl0_cl5_cl1' had 1 variances floored, minimum variance found was 6.816645e-06.
WARNING: covariance vector named 'covar0_cl0_cl4_cl4' had 3 variances floored, minimum variance found was 2.233240e-06.
WARNING: covariance vector named 'covar0_cl0_cl4_cl0' had 1 variances floored, minimum variance found was 8.732271e-06.
WARNING: covariance vector named 'covar0_cl0_cl2_cl5' had 7 variances floored, minimum variance found was 4.865594e-09.
WARNING: covariance vector named 'covar0_cl0_cl2_cl0_cl1' had 1 variances floored, minimum variance found was 4.680735e-06.
WARNING: covariance vector named 'covar0_cl0_cl1_cl4_cl0' had 3 variances floored, minimum variance found was 8.158829e-07.
WARNING: covariance vector named 'covar0_cl0_cl1_cl3_cl1' had 4 variances floored, minimum variance found was 2.393757e-07.
WARNING: covariance vector named 'covar0_cl0_cl1_cl3_cl0' had 1 variances floored, minimum variance found was 4.267221e-07.
WARNING: covariance vector named 'covar0_cl0_cl1_cl2_cl4' had 1 variances floored, minimum variance found was 8.613814e-06.
WARNING: covariance vector named 'covar0_cl0_cl1_cl2_cl3' had 3 variances floored, minimum variance found was 1.721896e-07.
WARNING: covariance vector named 'covar0_cl0_cl1_cl0_cl6' had 3 variances floored, minimum variance found was 2.012128e-06.
WARNING: covariance vector named 'covar0_cl0_cl1_cl0_cl4_cl0' had 36 variances floored, minimum variance found was -4.439854e-07.
WARNING: covariance vector named 'covar0_cl0_cl1_cl0_cl1_cl0' had 1 variances floored, minimum variance found was 5.431608e-07.
WARNING: covariance vector named 'covar0_cl0_cl0_cl1_cl0' had 1 variances floored, minimum variance found was 2.312519e-06.
WARNING: covariance vector named 'covar0_cl0_cl0_cl2_cl0' had 36 variances floored, minimum variance found was -2.285824e-09.
WARNING: covariance vector named 'covar1_cl3' had 36 variances floored, minimum variance found was -1.448992e-08.
WARNING: covariance vector named 'covar1_cl2' had 36 variances floored, minimum variance found was -2.516002e-08.
WARNING: covariance vector named 'covar1_cl2_cl0' had 36 variances floored, minimum variance found was -2.284389e-08.
WARNING: covariance vector named 'covar1_cl1_cl3' had 36 variances floored, minimum variance found was -6.801199e-09.
WARNING: covariance vector named 'covar1_cl1_cl2' had 36 variances floored, minimum variance found was -2.097349e-09.
WARNING: covariance vector named 'covar1_cl1_cl1' had 36 variances floored, minimum variance found was -1.099380e-08.
WARNING: covariance vector named 'covar1_cl1_cl0' had 36 variances floored, minimum variance found was -7.266464e-09.
WARNING: covariance vector named 'covar1_cl0' had 3 variances floored, minimum variance found was 7.798386e-07.
NOTE: DPMF 'dpmf0' has 5/1 elements vanishing/splitting
NOTE: saving only 205 used means out of a total of 210
NOTE: saving only 205 used covariances out of a total of 210
NOTE: saving only 205 used components out of a total of 210
NOTE: saving only 205 used means out of a total of 210
NOTE: saving only 205 used covariances out of a total of 210
NOTE: saving only 205 used components out of a total of 210
Maximum number of EM iterations reached (1). Stopping
### Final time (seconds) just for EM stage: User: 0.013608, System: 0.001937, CPU 0.015545
____ PROGRAM ENDED SUCCESSFULLY WITH STATUS 0 AT Monday August 17 2015, 11:47:59 PDT ____
