Creating Junction Tree
DONE creating Junction Tree
Segment 0, after CE, log(prob(evidence)) = -19244.279259, per frame =-4.547325, per numUFrams = -4.547325
EMIter0: Total data log prob from 4232 frames processed is: -1.924427926e+04
NOTE: storing current accumulators (from training 1 segments) to file 'accumulators/acc_0_1_32comp.data' and exiting.
WARNING: zero accumulator values for mean vector 'mean0_cl1_cl1_cl0'
WARNING: zero accumulator values for mean vector 'mean0_cl1_cl0_cl1'
WARNING: zero accumulator values for mean vector 'mean0_cl1_cl0_cl0_cl0'
WARNING: zero accumulator values for mean vector 'mean0_cl0_cl2_cl0'
WARNING: zero accumulator values for mean vector 'mean0_cl0_cl1_cl0'
WARNING: zero accumulator values for mean vector 'mean0_cl0_cl0_cl1_cl0'
WARNING: zero accumulator values for mean vector 'mean0_cl0_cl0_cl0_cl0'
WARNING: zero accumulator values for mean vector 'mean1_cl1_cl1_cl0'
WARNING: zero accumulator values for mean vector 'mean1_cl1_cl0_cl0'
WARNING: zero accumulator values for mean vector 'mean1_cl0_cl0_cl0_cl0_cl0'
WARNING: zero accumulator values for covariance vector 'covar0_cl1_cl1_cl0'
WARNING: zero accumulator values for covariance vector 'covar0_cl1_cl0_cl1'
WARNING: zero accumulator values for covariance vector 'covar0_cl1_cl0_cl0_cl0'
WARNING: zero accumulator values for covariance vector 'covar0_cl0_cl2_cl0'
WARNING: zero accumulator values for covariance vector 'covar0_cl0_cl1_cl0'
WARNING: zero accumulator values for covariance vector 'covar0_cl0_cl0_cl1_cl0'
WARNING: zero accumulator values for covariance vector 'covar0_cl0_cl0_cl0_cl0'
WARNING: zero accumulator values for covariance vector 'covar1_cl1_cl1_cl0'
WARNING: zero accumulator values for covariance vector 'covar1_cl1_cl0_cl0'
WARNING: zero accumulator values for covariance vector 'covar1_cl0_cl0_cl0_cl0_cl0'
WARNING: zero accumulator values for Diag Gaussian 'gc_0_cl1_cl1_cl0'
WARNING: zero accumulator values for Diag Gaussian 'gc_0_cl1_cl0_cl1'
WARNING: zero accumulator values for Diag Gaussian 'gc_0_cl1_cl0_cl0_cl0'
WARNING: zero accumulator values for Diag Gaussian 'gc_0_cl0_cl2_cl0'
WARNING: zero accumulator values for Diag Gaussian 'gc_0_cl0_cl1_cl0'
WARNING: zero accumulator values for Diag Gaussian 'gc_0_cl0_cl0_cl1_cl0'
WARNING: zero accumulator values for Diag Gaussian 'gc_0_cl0_cl0_cl0_cl0'
WARNING: zero accumulator values for Diag Gaussian 'gc_1_cl1_cl1_cl0'
WARNING: zero accumulator values for Diag Gaussian 'gc_1_cl1_cl0_cl0'
WARNING: zero accumulator values for Diag Gaussian 'gc_1_cl0_cl0_cl0_cl0_cl0'
____ PROGRAM ENDED SUCCESSFULLY WITH STATUS 0 AT Monday August 10 2015, 19:08:22 PDT ____
