Creating Junction Tree
DONE creating Junction Tree
Loading accumulators from 'accumulators/acc_0_1_32comp.data'
WARNING: covariance vector named 'covar0_cl1_cl1' had 25 variances floored, minimum variance found was -5.456809e-08.
WARNING: Gaussian Component named 'gc_0_cl1_cl1_cl0' did not receive any accumulated probability in EM iteration. Global missed increment count is 0. Also check child mean 'mean0_cl1_cl1_cl0' and covar 'covar0_cl1_cl1_cl0'
WARNING: Mean vec 'mean0_cl1_cl1_cl0' received only -1.000000e+17 accumulated log probability (min is -6.000000e+02) in EM iteration, using previous meansWARNING: Diag covariance vec 'covar0_cl1_cl1_cl0' received only -1.000000e+17 accumulated log probability (min is -6.000000e+02) in EM iteration, using previous values.WARNING: covariance vector named 'covar0_cl1_cl0' had 25 variances floored, minimum variance found was -3.839377e-07.
WARNING: Gaussian Component named 'gc_0_cl1_cl0_cl1' did not receive any accumulated probability in EM iteration. Global missed increment count is 0. Also check child mean 'mean0_cl1_cl0_cl1' and covar 'covar0_cl1_cl0_cl1'
WARNING: Mean vec 'mean0_cl1_cl0_cl1' received only -1.000000e+17 accumulated log probability (min is -6.000000e+02) in EM iteration, using previous meansWARNING: Diag covariance vec 'covar0_cl1_cl0_cl1' received only -1.000000e+17 accumulated log probability (min is -6.000000e+02) in EM iteration, using previous values.WARNING: covariance vector named 'covar0_cl1_cl0_cl0' had 3 variances floored, minimum variance found was 7.995956e-08.
WARNING: Gaussian Component named 'gc_0_cl1_cl0_cl0_cl0' did not receive any accumulated probability in EM iteration. Global missed increment count is 0. Also check child mean 'mean0_cl1_cl0_cl0_cl0' and covar 'covar0_cl1_cl0_cl0_cl0'
WARNING: Mean vec 'mean0_cl1_cl0_cl0_cl0' received only -1.000000e+17 accumulated log probability (min is -6.000000e+02) in EM iteration, using previous meansWARNING: Diag covariance vec 'covar0_cl1_cl0_cl0_cl0' received only -1.000000e+17 accumulated log probability (min is -6.000000e+02) in EM iteration, using previous values.WARNING: covariance vector named 'covar0_cl0_cl2' had 20 variances floored, minimum variance found was -5.530628e-08.
WARNING: Gaussian Component named 'gc_0_cl0_cl2_cl0' did not receive any accumulated probability in EM iteration. Global missed increment count is 0. Also check child mean 'mean0_cl0_cl2_cl0' and covar 'covar0_cl0_cl2_cl0'
WARNING: Mean vec 'mean0_cl0_cl2_cl0' received only -1.000000e+17 accumulated log probability (min is -6.000000e+02) in EM iteration, using previous meansWARNING: Diag covariance vec 'covar0_cl0_cl2_cl0' received only -1.000000e+17 accumulated log probability (min is -6.000000e+02) in EM iteration, using previous values.WARNING: Gaussian Component named 'gc_0_cl0_cl1_cl0' did not receive any accumulated probability in EM iteration. Global missed increment count is 0. Also check child mean 'mean0_cl0_cl1_cl0' and covar 'covar0_cl0_cl1_cl0'
WARNING: Mean vec 'mean0_cl0_cl1_cl0' received only -1.000000e+17 accumulated log probability (min is -6.000000e+02) in EM iteration, using previous meansWARNING: Diag covariance vec 'covar0_cl0_cl1_cl0' received only -1.000000e+17 accumulated log probability (min is -6.000000e+02) in EM iteration, using previous values.WARNING: covariance vector named 'covar0_cl0_cl0_cl1' had 25 variances floored, minimum variance found was -3.681820e-07.
WARNING: Gaussian Component named 'gc_0_cl0_cl0_cl1_cl0' did not receive any accumulated probability in EM iteration. Global missed increment count is 0. Also check child mean 'mean0_cl0_cl0_cl1_cl0' and covar 'covar0_cl0_cl0_cl1_cl0'
WARNING: Mean vec 'mean0_cl0_cl0_cl1_cl0' received only -1.000000e+17 accumulated log probability (min is -6.000000e+02) in EM iteration, using previous meansWARNING: Diag covariance vec 'covar0_cl0_cl0_cl1_cl0' received only -1.000000e+17 accumulated log probability (min is -6.000000e+02) in EM iteration, using previous values.WARNING: Gaussian Component named 'gc_0_cl0_cl0_cl0_cl0' did not receive any accumulated probability in EM iteration. Global missed increment count is 0. Also check child mean 'mean0_cl0_cl0_cl0_cl0' and covar 'covar0_cl0_cl0_cl0_cl0'
WARNING: Mean vec 'mean0_cl0_cl0_cl0_cl0' received only -1.000000e+17 accumulated log probability (min is -6.000000e+02) in EM iteration, using previous meansWARNING: Diag covariance vec 'covar0_cl0_cl0_cl0_cl0' received only -1.000000e+17 accumulated log probability (min is -6.000000e+02) in EM iteration, using previous values.WARNING: covariance vector named 'covar1_cl1_cl2' had 1 variances floored, minimum variance found was 2.703503e-06.
WARNING: covariance vector named 'covar1_cl1_cl1' had 25 variances floored, minimum variance found was -7.562485e-07.
WARNING: Gaussian Component named 'gc_1_cl1_cl1_cl0' did not receive any accumulated probability in EM iteration. Global missed increment count is 0. Also check child mean 'mean1_cl1_cl1_cl0' and covar 'covar1_cl1_cl1_cl0'
WARNING: Mean vec 'mean1_cl1_cl1_cl0' received only -1.000000e+17 accumulated log probability (min is -6.000000e+02) in EM iteration, using previous meansWARNING: Diag covariance vec 'covar1_cl1_cl1_cl0' received only -1.000000e+17 accumulated log probability (min is -6.000000e+02) in EM iteration, using previous values.WARNING: covariance vector named 'covar1_cl1_cl0' had 25 variances floored, minimum variance found was -2.688014e-07.
WARNING: Gaussian Component named 'gc_1_cl1_cl0_cl0' did not receive any accumulated probability in EM iteration. Global missed increment count is 0. Also check child mean 'mean1_cl1_cl0_cl0' and covar 'covar1_cl1_cl0_cl0'
WARNING: Mean vec 'mean1_cl1_cl0_cl0' received only -1.000000e+17 accumulated log probability (min is -6.000000e+02) in EM iteration, using previous meansWARNING: Diag covariance vec 'covar1_cl1_cl0_cl0' received only -1.000000e+17 accumulated log probability (min is -6.000000e+02) in EM iteration, using previous values.WARNING: covariance vector named 'covar1_cl0_cl1_cl0_cl0' had 25 variances floored, minimum variance found was -2.271926e-07.
WARNING: Gaussian Component named 'gc_1_cl0_cl0_cl0_cl0_cl0' did not receive any accumulated probability in EM iteration. Global missed increment count is 0. Also check child mean 'mean1_cl0_cl0_cl0_cl0_cl0' and covar 'covar1_cl0_cl0_cl0_cl0_cl0'
WARNING: Mean vec 'mean1_cl0_cl0_cl0_cl0_cl0' received only -1.000000e+17 accumulated log probability (min is -6.000000e+02) in EM iteration, using previous meansWARNING: Diag covariance vec 'covar1_cl0_cl0_cl0_cl0_cl0' received only -1.000000e+17 accumulated log probability (min is -6.000000e+02) in EM iteration, using previous values.NOTE: DPMF 'dpmf0' has 7/0 elements vanishing/splitting
NOTE: DPMF 'dpmf1' has 5/0 elements vanishing/splitting
NOTE: saving only 44 used means out of a total of 56
NOTE: saving only 44 used covariances out of a total of 56
NOTE: saving only 44 used components out of a total of 56
NOTE: saving only 44 used means out of a total of 56
NOTE: saving only 44 used covariances out of a total of 56
NOTE: saving only 44 used components out of a total of 56
Maximum number of EM iterations reached (1). Stopping
### Final time (seconds) just for EM stage: User: 0.002322, System: 0.000760, CPU 0.003082
____ PROGRAM ENDED SUCCESSFULLY WITH STATUS 0 AT Monday August 10 2015, 19:08:22 PDT ____
