Creating Junction Tree
DONE creating Junction Tree
Loading accumulators from 'accumulators/acc_0_7_32comp.data'
WARNING: covariance vector named 'covar0_cl3_cl0' had 3 variances floored, minimum variance found was 3.805282e-06.
WARNING: covariance vector named 'covar0_cl1_cl2' had 25 variances floored, minimum variance found was -1.185351e-08.
WARNING: covariance vector named 'covar0_cl1_cl1' had 25 variances floored, minimum variance found was -5.456709e-08.
WARNING: covariance vector named 'covar0_cl1_cl0' had 25 variances floored, minimum variance found was -3.839670e-07.
WARNING: covariance vector named 'covar0_cl1_cl0_cl0' had 3 variances floored, minimum variance found was 7.995947e-08.
WARNING: covariance vector named 'covar0_cl0_cl2' had 25 variances floored, minimum variance found was -8.491515e-08.
WARNING: covariance vector named 'covar0_cl0_cl0_cl2' had 25 variances floored, minimum variance found was -5.790727e-08.
WARNING: covariance vector named 'covar0_cl0_cl0_cl1' had 25 variances floored, minimum variance found was -8.462478e-08.
WARNING: covariance vector named 'covar1_cl1_cl2' had 25 variances floored, minimum variance found was -1.924151e-07.
WARNING: covariance vector named 'covar1_cl1_cl1' had 25 variances floored, minimum variance found was -7.562883e-07.
WARNING: covariance vector named 'covar1_cl1_cl0' had 25 variances floored, minimum variance found was -2.688205e-07.
WARNING: covariance vector named 'covar1_cl0_cl3' had 25 variances floored, minimum variance found was -5.451458e-08.
WARNING: covariance vector named 'covar1_cl0_cl2_cl0' had 25 variances floored, minimum variance found was -1.768131e-07.
WARNING: covariance vector named 'covar1_cl0_cl0_cl2' had 25 variances floored, minimum variance found was -8.235977e-08.
Maximum number of EM iterations reached (1). Stopping
### Final time (seconds) just for EM stage: User: 0.002233, System: 0.000616, CPU 0.002849
____ PROGRAM ENDED SUCCESSFULLY WITH STATUS 0 AT Monday August 10 2015, 19:08:25 PDT ____
