Creating Junction Tree
DONE creating Junction Tree
Loading accumulators from 'accumulators/acc_0_1_16comp.data'
WARNING: covariance vector named 'covar0_cl1_cl1' had 3 variances floored, minimum variance found was 1.789938e-06.
WARNING: covariance vector named 'covar0_cl1_cl0' had 1 variances floored, minimum variance found was 6.449895e-06.
WARNING: covariance vector named 'covar0_cl0_cl1_cl0' had 4 variances floored, minimum variance found was -2.330340e-08.
WARNING: Gaussian Component named 'gc_0_cl0_cl0_cl0_cl0' did not receive any accumulated probability in EM iteration. Global missed increment count is 0. Also check child mean 'mean0_cl0_cl0_cl0_cl0' and covar 'covar0_cl0_cl0_cl0_cl0'
WARNING: Mean vec 'mean0_cl0_cl0_cl0_cl0' received only -1.000000e+17 accumulated log probability (min is -6.000000e+02) in EM iteration, using previous meansWARNING: Diag covariance vec 'covar0_cl0_cl0_cl0_cl0' received only -1.000000e+17 accumulated log probability (min is -6.000000e+02) in EM iteration, using previous values.WARNING: Gaussian Component named 'gc_1_cl2_cl0' did not receive any accumulated probability in EM iteration. Global missed increment count is 0. Also check child mean 'mean1_cl2_cl0' and covar 'covar1_cl2_cl0'
WARNING: Mean vec 'mean1_cl2_cl0' received only -1.000000e+17 accumulated log probability (min is -6.000000e+02) in EM iteration, using previous meansWARNING: Diag covariance vec 'covar1_cl2_cl0' received only -1.000000e+17 accumulated log probability (min is -6.000000e+02) in EM iteration, using previous values.WARNING: covariance vector named 'covar1_cl1_cl0' had 25 variances floored, minimum variance found was -2.688014e-07.
WARNING: Gaussian Component named 'gc_1_cl1_cl0_cl0' did not receive any accumulated probability in EM iteration. Global missed increment count is 0. Also check child mean 'mean1_cl1_cl0_cl0' and covar 'covar1_cl1_cl0_cl0'
WARNING: Mean vec 'mean1_cl1_cl0_cl0' received only -1.000000e+17 accumulated log probability (min is -6.000000e+02) in EM iteration, using previous meansWARNING: Diag covariance vec 'covar1_cl1_cl0_cl0' received only -1.000000e+17 accumulated log probability (min is -6.000000e+02) in EM iteration, using previous values.NOTE: DPMF 'dpmf0' has 2/0 elements vanishing/splitting
NOTE: DPMF 'dpmf1' has 2/0 elements vanishing/splitting
NOTE: saving only 28 used means out of a total of 32
NOTE: saving only 28 used covariances out of a total of 32
NOTE: saving only 28 used components out of a total of 32
NOTE: saving only 28 used means out of a total of 32
NOTE: saving only 28 used covariances out of a total of 32
NOTE: saving only 28 used components out of a total of 32
Maximum number of EM iterations reached (1). Stopping
### Final time (seconds) just for EM stage: User: 0.002007, System: 0.000983, CPU 0.002990
____ PROGRAM ENDED SUCCESSFULLY WITH STATUS 0 AT Monday August 10 2015, 19:08:21 PDT ____
