Creating Junction Tree
DONE creating Junction Tree
Loading accumulators from 'accumulators/acc_0_6_32comp.data'
WARNING: covariance vector named 'covar0_cl3_cl0' had 3 variances floored, minimum variance found was 3.805259e-06.
WARNING: covariance vector named 'covar0_cl1_cl2' had 25 variances floored, minimum variance found was -1.184161e-08.
WARNING: covariance vector named 'covar0_cl1_cl1' had 25 variances floored, minimum variance found was -5.456828e-08.
WARNING: covariance vector named 'covar0_cl1_cl0' had 25 variances floored, minimum variance found was -3.839399e-07.
WARNING: covariance vector named 'covar0_cl1_cl0_cl0' had 3 variances floored, minimum variance found was 7.995955e-08.
WARNING: covariance vector named 'covar0_cl0_cl2' had 25 variances floored, minimum variance found was -8.492365e-08.
WARNING: covariance vector named 'covar0_cl0_cl0_cl2' had 25 variances floored, minimum variance found was -5.791199e-08.
WARNING: covariance vector named 'covar0_cl0_cl0_cl1' had 25 variances floored, minimum variance found was -8.464568e-08.
WARNING: covariance vector named 'covar1_cl1_cl2' had 25 variances floored, minimum variance found was -1.923942e-07.
WARNING: covariance vector named 'covar1_cl1_cl1' had 25 variances floored, minimum variance found was -7.562475e-07.
WARNING: covariance vector named 'covar1_cl1_cl0' had 25 variances floored, minimum variance found was -2.688000e-07.
WARNING: covariance vector named 'covar1_cl0_cl3' had 25 variances floored, minimum variance found was -5.450977e-08.
WARNING: covariance vector named 'covar1_cl0_cl2_cl0' had 25 variances floored, minimum variance found was -1.767950e-07.
WARNING: covariance vector named 'covar1_cl0_cl0_cl2' had 25 variances floored, minimum variance found was -8.235326e-08.
Maximum number of EM iterations reached (1). Stopping
### Final time (seconds) just for EM stage: User: 0.002728, System: 0.001444, CPU 0.004172
____ PROGRAM ENDED SUCCESSFULLY WITH STATUS 0 AT Monday August 10 2015, 19:08:24 PDT ____
