Creating Junction Tree
DONE creating Junction Tree
Loading accumulators from 'accumulators/acc_0_0_16comp.data'
WARNING: covariance vector named 'covar0_cl4_cl5' had 6 variances floored, minimum variance found was 3.155971e-06.
WARNING: covariance vector named 'covar0_cl4_cl4' had 5 variances floored, minimum variance found was 6.431078e-08.
WARNING: covariance vector named 'covar0_cl4_cl3_cl0' had 9 variances floored, minimum variance found was 5.406529e-08.
WARNING: covariance vector named 'covar0_cl4_cl1' had 1 variances floored, minimum variance found was 8.550365e-07.
WARNING: covariance vector named 'covar0_cl3_cl7' had 5 variances floored, minimum variance found was 4.332409e-07.
WARNING: covariance vector named 'covar0_cl3_cl6' had 3 variances floored, minimum variance found was 7.221191e-07.
WARNING: covariance vector named 'covar0_cl3_cl5' had 1 variances floored, minimum variance found was 8.329685e-06.
WARNING: covariance vector named 'covar0_cl3_cl5_cl0' had 7 variances floored, minimum variance found was 2.056592e-09.
WARNING: covariance vector named 'covar0_cl3_cl4_cl2' had 3 variances floored, minimum variance found was 4.134656e-06.
WARNING: covariance vector named 'covar0_cl3_cl4_cl1' had 3 variances floored, minimum variance found was 3.220486e-07.
WARNING: covariance vector named 'covar0_cl3_cl4_cl0' had 3 variances floored, minimum variance found was 6.093952e-06.
WARNING: covariance vector named 'covar0_cl3_cl3_cl0' had 20 variances floored, minimum variance found was -9.599630e-11.
WARNING: covariance vector named 'covar0_cl3_cl2' had 1 variances floored, minimum variance found was 7.474285e-06.
WARNING: covariance vector named 'covar0_cl3_cl2_cl0' had 20 variances floored, minimum variance found was -5.248912e-11.
WARNING: covariance vector named 'covar0_cl3_cl1_cl5' had 2 variances floored, minimum variance found was 1.366543e-06.
WARNING: covariance vector named 'covar0_cl3_cl1_cl4' had 3 variances floored, minimum variance found was 9.531348e-09.
WARNING: covariance vector named 'covar0_cl3_cl1_cl3' had 2 variances floored, minimum variance found was 9.152967e-07.
WARNING: covariance vector named 'covar0_cl3_cl1_cl2' had 1 variances floored, minimum variance found was 9.299087e-06.
WARNING: covariance vector named 'covar0_cl3_cl1_cl0_cl0' had 4 variances floored, minimum variance found was 4.049701e-09.
WARNING: covariance vector named 'covar0_cl3_cl0_cl4' had 8 variances floored, minimum variance found was 2.475664e-07.
WARNING: covariance vector named 'covar0_cl3_cl0_cl0_cl1' had 1 variances floored, minimum variance found was 4.638227e-06.
WARNING: covariance vector named 'covar0_cl2' had 1 variances floored, minimum variance found was 6.357958e-06.
WARNING: covariance vector named 'covar0_cl2_cl9' had 20 variances floored, minimum variance found was -2.714923e-11.
WARNING: covariance vector named 'covar0_cl2_cl8' had 2 variances floored, minimum variance found was 1.607895e-07.
WARNING: covariance vector named 'covar0_cl2_cl7' had 3 variances floored, minimum variance found was 2.457868e-06.
WARNING: covariance vector named 'covar0_cl2_cl6_cl0' had 20 variances floored, minimum variance found was -6.099791e-12.
WARNING: covariance vector named 'covar0_cl2_cl5' had 1 variances floored, minimum variance found was 3.625757e-06.
WARNING: covariance vector named 'covar0_cl2_cl4_cl3' had 6 variances floored, minimum variance found was 2.887359e-06.
WARNING: covariance vector named 'covar0_cl2_cl4_cl2' had 8 variances floored, minimum variance found was 1.487310e-07.
WARNING: covariance vector named 'covar0_cl2_cl4_cl1' had 4 variances floored, minimum variance found was 2.071439e-06.
WARNING: covariance vector named 'covar0_cl2_cl4_cl0' had 1 variances floored, minimum variance found was 9.252104e-06.
WARNING: covariance vector named 'covar0_cl2_cl3_cl3' had 1 variances floored, minimum variance found was 8.704887e-06.
WARNING: covariance vector named 'covar0_cl2_cl3_cl2' had 9 variances floored, minimum variance found was 1.419106e-07.
WARNING: covariance vector named 'covar0_cl2_cl3_cl0' had 1 variances floored, minimum variance found was 8.935865e-06.
WARNING: covariance vector named 'covar0_cl2_cl3_cl0_cl0' had 5 variances floored, minimum variance found was 2.709155e-06.
WARNING: covariance vector named 'covar0_cl2_cl2_cl4' had 6 variances floored, minimum variance found was 3.138959e-06.
WARNING: covariance vector named 'covar0_cl2_cl2_cl3' had 3 variances floored, minimum variance found was 2.223262e-06.
WARNING: covariance vector named 'covar0_cl2_cl2_cl2' had 1 variances floored, minimum variance found was 2.137176e-06.
WARNING: covariance vector named 'covar0_cl2_cl2_cl1_cl1' had 5 variances floored, minimum variance found was 6.911353e-07.
WARNING: covariance vector named 'covar0_cl2_cl2_cl1_cl0' had 3 variances floored, minimum variance found was 1.767677e-06.
WARNING: covariance vector named 'covar0_cl2_cl2_cl0_cl3' had 5 variances floored, minimum variance found was 2.746024e-06.
WARNING: covariance vector named 'covar0_cl2_cl2_cl0_cl2' had 2 variances floored, minimum variance found was 2.771130e-06.
WARNING: covariance vector named 'covar0_cl2_cl2_cl0_cl1' had 4 variances floored, minimum variance found was 2.957677e-06.
WARNING: covariance vector named 'covar0_cl2_cl2_cl0_cl0' had 2 variances floored, minimum variance found was 2.216810e-06.
WARNING: covariance vector named 'covar0_cl2_cl1' had 1 variances floored, minimum variance found was 4.984897e-07.
WARNING: covariance vector named 'covar0_cl2_cl1_cl6' had 1 variances floored, minimum variance found was 2.170832e-08.
WARNING: covariance vector named 'covar0_cl2_cl1_cl5' had 20 variances floored, minimum variance found was -7.033941e-11.
WARNING: covariance vector named 'covar0_cl2_cl1_cl4' had 11 variances floored, minimum variance found was 3.964562e-09.
WARNING: covariance vector named 'covar0_cl2_cl1_cl3' had 1 variances floored, minimum variance found was 2.362967e-07.
WARNING: covariance vector named 'covar0_cl2_cl1_cl3_cl1' had 8 variances floored, minimum variance found was 2.438325e-09.
WARNING: covariance vector named 'covar0_cl2_cl1_cl3_cl0' had 10 variances floored, minimum variance found was 2.998246e-09.
WARNING: covariance vector named 'covar0_cl2_cl1_cl2' had 1 variances floored, minimum variance found was 1.586718e-06.
WARNING: covariance vector named 'covar0_cl2_cl1_cl2_cl1' had 8 variances floored, minimum variance found was 8.347925e-08.
WARNING: covariance vector named 'covar0_cl2_cl1_cl2_cl0' had 4 variances floored, minimum variance found was 3.665047e-07.
WARNING: covariance vector named 'covar0_cl2_cl1_cl1' had 1 variances floored, minimum variance found was 6.888365e-06.
WARNING: covariance vector named 'covar0_cl2_cl1_cl1_cl1' had 20 variances floored, minimum variance found was -1.962971e-11.
WARNING: covariance vector named 'covar0_cl2_cl1_cl1_cl0' had 20 variances floored, minimum variance found was -7.355188e-11.
WARNING: covariance vector named 'covar0_cl2_cl1_cl0' had 2 variances floored, minimum variance found was 5.595077e-07.
WARNING: covariance vector named 'covar0_cl2_cl1_cl0_cl3' had 7 variances floored, minimum variance found was 2.769813e-07.
WARNING: covariance vector named 'covar0_cl2_cl1_cl0_cl2' had 5 variances floored, minimum variance found was 2.576418e-07.
WARNING: covariance vector named 'covar0_cl2_cl1_cl0_cl1' had 4 variances floored, minimum variance found was 2.009006e-08.
WARNING: covariance vector named 'covar0_cl2_cl1_cl0_cl0' had 3 variances floored, minimum variance found was 2.579524e-07.
WARNING: covariance vector named 'covar0_cl2_cl0_cl7' had 2 variances floored, minimum variance found was 1.967783e-06.
WARNING: covariance vector named 'covar0_cl2_cl0_cl6' had 2 variances floored, minimum variance found was 7.027363e-06.
WARNING: covariance vector named 'covar0_cl2_cl0_cl5' had 1 variances floored, minimum variance found was 6.563851e-06.
WARNING: covariance vector named 'covar0_cl2_cl0_cl3' had 1 variances floored, minimum variance found was 4.705777e-06.
WARNING: covariance vector named 'covar0_cl2_cl0_cl3_cl1' had 10 variances floored, minimum variance found was 1.765910e-07.
WARNING: covariance vector named 'covar0_cl2_cl0_cl3_cl0' had 9 variances floored, minimum variance found was 6.399036e-09.
WARNING: covariance vector named 'covar0_cl2_cl0_cl2_cl4' had 5 variances floored, minimum variance found was 3.450615e-07.
WARNING: covariance vector named 'covar0_cl2_cl0_cl2_cl3' had 2 variances floored, minimum variance found was 3.540562e-06.
WARNING: covariance vector named 'covar0_cl2_cl0_cl2_cl2' had 7 variances floored, minimum variance found was 7.838133e-07.
WARNING: covariance vector named 'covar0_cl2_cl0_cl2_cl1' had 4 variances floored, minimum variance found was 2.344394e-06.
WARNING: covariance vector named 'covar0_cl2_cl0_cl2_cl0' had 2 variances floored, minimum variance found was 3.312936e-06.
WARNING: covariance vector named 'covar0_cl2_cl0_cl1_cl5' had 4 variances floored, minimum variance found was 3.315625e-06.
WARNING: covariance vector named 'covar0_cl2_cl0_cl1_cl4' had 20 variances floored, minimum variance found was -2.867663e-11.
WARNING: covariance vector named 'covar0_cl2_cl0_cl1_cl3' had 1 variances floored, minimum variance found was 7.354302e-06.
WARNING: covariance vector named 'covar0_cl2_cl0_cl1_cl2' had 1 variances floored, minimum variance found was 7.674157e-06.
WARNING: covariance vector named 'covar0_cl2_cl0_cl1_cl0_cl0' had 5 variances floored, minimum variance found was 1.311620e-06.
WARNING: covariance vector named 'covar0_cl2_cl0_cl0_cl4' had 1 variances floored, minimum variance found was 2.652434e-06.
WARNING: covariance vector named 'covar0_cl2_cl0_cl0_cl3' had 1 variances floored, minimum variance found was 9.101298e-06.
WARNING: covariance vector named 'covar0_cl2_cl0_cl0_cl0' had 1 variances floored, minimum variance found was 9.752192e-06.
WARNING: covariance vector named 'covar0_cl2_cl0_cl0_cl0_cl1' had 20 variances floored, minimum variance found was -1.794638e-11.
WARNING: covariance vector named 'covar0_cl2_cl0_cl0_cl0_cl0' had 3 variances floored, minimum variance found was 3.264878e-06.
WARNING: covariance vector named 'covar0_cl1' had 2 variances floored, minimum variance found was 2.598190e-06.
WARNING: covariance vector named 'covar0_cl1_cl11' had 6 variances floored, minimum variance found was 1.073135e-06.
WARNING: covariance vector named 'covar0_cl1_cl10' had 12 variances floored, minimum variance found was 5.095499e-07.
WARNING: covariance vector named 'covar0_cl1_cl9' had 4 variances floored, minimum variance found was 4.557563e-07.
WARNING: covariance vector named 'covar0_cl1_cl8' had 3 variances floored, minimum variance found was 4.426528e-06.
WARNING: covariance vector named 'covar0_cl1_cl7' had 3 variances floored, minimum variance found was 3.596057e-06.
WARNING: covariance vector named 'covar0_cl1_cl6' had 2 variances floored, minimum variance found was 8.661174e-06.
WARNING: covariance vector named 'covar0_cl1_cl5_cl2' had 20 variances floored, minimum variance found was -6.726990e-09.
WARNING: covariance vector named 'covar0_cl1_cl5_cl1' had 7 variances floored, minimum variance found was 4.511018e-07.
WARNING: covariance vector named 'covar0_cl1_cl5_cl0' had 5 variances floored, minimum variance found was 2.057649e-06.
WARNING: covariance vector named 'covar0_cl1_cl4' had 1 variances floored, minimum variance found was 8.731387e-06.
WARNING: covariance vector named 'covar0_cl1_cl4_cl2' had 7 variances floored, minimum variance found was 3.191030e-08.
WARNING: covariance vector named 'covar0_cl1_cl4_cl1' had 4 variances floored, minimum variance found was 1.890681e-06.
WARNING: covariance vector named 'covar0_cl1_cl4_cl0' had 3 variances floored, minimum variance found was 6.032918e-06.
WARNING: covariance vector named 'covar0_cl1_cl3_cl4' had 10 variances floored, minimum variance found was 1.592542e-07.
WARNING: covariance vector named 'covar0_cl1_cl3_cl3' had 3 variances floored, minimum variance found was 1.754392e-06.
WARNING: covariance vector named 'covar0_cl1_cl3_cl2' had 5 variances floored, minimum variance found was 3.824573e-08.
WARNING: covariance vector named 'covar0_cl1_cl3_cl1' had 3 variances floored, minimum variance found was 3.985745e-06.
WARNING: covariance vector named 'covar0_cl1_cl2' had 2 variances floored, minimum variance found was 6.220117e-06.
WARNING: covariance vector named 'covar0_cl1_cl2_cl6' had 5 variances floored, minimum variance found was 4.951483e-06.
WARNING: covariance vector named 'covar0_cl1_cl2_cl5' had 1 variances floored, minimum variance found was 8.797228e-06.
WARNING: covariance vector named 'covar0_cl1_cl2_cl4' had 3 variances floored, minimum variance found was 4.904387e-06.
WARNING: covariance vector named 'covar0_cl1_cl2_cl3' had 4 variances floored, minimum variance found was 2.844857e-06.
WARNING: covariance vector named 'covar0_cl1_cl2_cl1' had 2 variances floored, minimum variance found was 5.805690e-06.
WARNING: covariance vector named 'covar0_cl1_cl2_cl1_cl3' had 5 variances floored, minimum variance found was 8.161282e-07.
WARNING: covariance vector named 'covar0_cl1_cl2_cl1_cl2' had 3 variances floored, minimum variance found was 4.718574e-06.
WARNING: covariance vector named 'covar0_cl1_cl2_cl1_cl1' had 4 variances floored, minimum variance found was 1.931783e-06.
WARNING: covariance vector named 'covar0_cl1_cl2_cl1_cl0' had 4 variances floored, minimum variance found was 1.391651e-06.
WARNING: covariance vector named 'covar0_cl1_cl2_cl0_cl3' had 7 variances floored, minimum variance found was 1.876577e-08.
WARNING: covariance vector named 'covar0_cl1_cl2_cl0_cl2' had 9 variances floored, minimum variance found was 2.184597e-07.
WARNING: covariance vector named 'covar0_cl1_cl2_cl0_cl1' had 5 variances floored, minimum variance found was 1.933264e-06.
WARNING: covariance vector named 'covar0_cl1_cl2_cl0_cl1_cl0' had 9 variances floored, minimum variance found was 5.521590e-07.
WARNING: covariance vector named 'covar0_cl1_cl2_cl0_cl0' had 4 variances floored, minimum variance found was 6.951889e-07.
WARNING: covariance vector named 'covar0_cl1_cl1_cl4' had 10 variances floored, minimum variance found was 6.568354e-09.
WARNING: covariance vector named 'covar0_cl1_cl1_cl3' had 2 variances floored, minimum variance found was 8.815355e-06.
WARNING: covariance vector named 'covar0_cl1_cl1_cl2' had 3 variances floored, minimum variance found was 4.110250e-06.
WARNING: covariance vector named 'covar0_cl1_cl1_cl1_cl1' had 8 variances floored, minimum variance found was 8.445724e-07.
WARNING: covariance vector named 'covar0_cl1_cl1_cl1_cl0' had 10 variances floored, minimum variance found was 6.851251e-09.
WARNING: covariance vector named 'covar0_cl1_cl0_cl3' had 7 variances floored, minimum variance found was 7.022757e-09.
WARNING: covariance vector named 'covar0_cl1_cl0_cl2' had 1 variances floored, minimum variance found was 7.626998e-06.
WARNING: covariance vector named 'covar0_cl1_cl0_cl1' had 3 variances floored, minimum variance found was 3.708757e-06.
WARNING: covariance vector named 'covar0_cl1_cl0_cl1_cl3' had 4 variances floored, minimum variance found was 6.072350e-06.
WARNING: covariance vector named 'covar0_cl1_cl0_cl1_cl2' had 5 variances floored, minimum variance found was 3.065334e-06.
WARNING: covariance vector named 'covar0_cl1_cl0_cl1_cl1' had 2 variances floored, minimum variance found was 6.310439e-06.
WARNING: covariance vector named 'covar0_cl1_cl0_cl1_cl0' had 3 variances floored, minimum variance found was 1.395041e-06.
WARNING: covariance vector named 'covar0_cl1_cl0_cl1_cl0_cl1' had 11 variances floored, minimum variance found was 1.518311e-07.
WARNING: covariance vector named 'covar0_cl1_cl0_cl1_cl0_cl0' had 4 variances floored, minimum variance found was 5.997444e-06.
WARNING: covariance vector named 'covar0_cl1_cl0_cl0' had 4 variances floored, minimum variance found was 5.054243e-06.
WARNING: covariance vector named 'covar0_cl1_cl0_cl0_cl7' had 11 variances floored, minimum variance found was 7.059855e-07.
WARNING: covariance vector named 'covar0_cl1_cl0_cl0_cl6' had 4 variances floored, minimum variance found was 1.796223e-06.
WARNING: covariance vector named 'covar0_cl1_cl0_cl0_cl5' had 4 variances floored, minimum variance found was 5.783168e-06.
WARNING: covariance vector named 'covar0_cl1_cl0_cl0_cl4' had 3 variances floored, minimum variance found was 5.118756e-06.
WARNING: covariance vector named 'covar0_cl1_cl0_cl0_cl3' had 3 variances floored, minimum variance found was 2.890153e-06.
WARNING: covariance vector named 'covar0_cl1_cl0_cl0_cl3_cl0' had 9 variances floored, minimum variance found was 8.772126e-08.
WARNING: covariance vector named 'covar0_cl1_cl0_cl0_cl2' had 5 variances floored, minimum variance found was 1.364963e-06.
WARNING: covariance vector named 'covar0_cl1_cl0_cl0_cl2_cl0' had 12 variances floored, minimum variance found was 2.255157e-08.
WARNING: covariance vector named 'covar0_cl1_cl0_cl0_cl1' had 6 variances floored, minimum variance found was 1.731666e-06.
WARNING: covariance vector named 'covar0_cl1_cl0_cl0_cl1_cl1' had 7 variances floored, minimum variance found was 1.081788e-06.
WARNING: covariance vector named 'covar0_cl1_cl0_cl0_cl1_cl0' had 7 variances floored, minimum variance found was 1.597296e-06.
WARNING: covariance vector named 'covar0_cl1_cl0_cl0_cl0' had 3 variances floored, minimum variance found was 3.274215e-06.
WARNING: covariance vector named 'covar0_cl1_cl0_cl0_cl0_cl0' had 6 variances floored, minimum variance found was 3.473983e-06.
WARNING: covariance vector named 'covar0_cl0' had 5 variances floored, minimum variance found was 3.518616e-06.
WARNING: covariance vector named 'covar0_cl0_cl11' had 14 variances floored, minimum variance found was 7.211443e-08.
WARNING: covariance vector named 'covar0_cl0_cl10' had 16 variances floored, minimum variance found was 1.607897e-08.
WARNING: covariance vector named 'covar0_cl0_cl9' had 8 variances floored, minimum variance found was 1.268506e-06.
WARNING: covariance vector named 'covar0_cl0_cl8' had 3 variances floored, minimum variance found was 3.552528e-06.
WARNING: covariance vector named 'covar0_cl0_cl7' had 6 variances floored, minimum variance found was 1.267491e-06.
WARNING: covariance vector named 'covar0_cl0_cl6' had 3 variances floored, minimum variance found was 7.417299e-06.
WARNING: covariance vector named 'covar0_cl0_cl5' had 4 variances floored, minimum variance found was 5.195111e-06.
WARNING: covariance vector named 'covar0_cl0_cl5_cl3' had 11 variances floored, minimum variance found was 3.585692e-07.
WARNING: covariance vector named 'covar0_cl0_cl5_cl2' had 7 variances floored, minimum variance found was 7.653931e-08.
WARNING: covariance vector named 'covar0_cl0_cl5_cl1' had 2 variances floored, minimum variance found was 8.321234e-06.
WARNING: covariance vector named 'covar0_cl0_cl5_cl1_cl0' had 12 variances floored, minimum variance found was 2.910120e-07.
WARNING: covariance vector named 'covar0_cl0_cl5_cl0' had 6 variances floored, minimum variance found was 4.677018e-06.
WARNING: covariance vector named 'covar0_cl0_cl5_cl0_cl0' had 8 variances floored, minimum variance found was 1.057844e-06.
WARNING: covariance vector named 'covar0_cl0_cl4' had 5 variances floored, minimum variance found was 3.450175e-06.
WARNING: covariance vector named 'covar0_cl0_cl4_cl2' had 8 variances floored, minimum variance found was 9.999717e-07.
WARNING: covariance vector named 'covar0_cl0_cl4_cl1' had 5 variances floored, minimum variance found was 3.438027e-06.
WARNING: covariance vector named 'covar0_cl0_cl4_cl1_cl0' had 10 variances floored, minimum variance found was 1.288320e-06.
WARNING: covariance vector named 'covar0_cl0_cl4_cl0' had 13 variances floored, minimum variance found was 6.066893e-08.
WARNING: covariance vector named 'covar0_cl0_cl3' had 7 variances floored, minimum variance found was 4.288773e-06.
WARNING: covariance vector named 'covar0_cl0_cl3_cl5' had 9 variances floored, minimum variance found was 3.201471e-06.
WARNING: covariance vector named 'covar0_cl0_cl3_cl4' had 11 variances floored, minimum variance found was 2.531804e-06.
WARNING: covariance vector named 'covar0_cl0_cl3_cl3' had 4 variances floored, minimum variance found was 2.269855e-06.
WARNING: covariance vector named 'covar0_cl0_cl3_cl2' had 4 variances floored, minimum variance found was 5.496089e-06.
WARNING: covariance vector named 'covar0_cl0_cl3_cl1' had 6 variances floored, minimum variance found was 2.425307e-06.
WARNING: covariance vector named 'covar0_cl0_cl3_cl1_cl1' had 16 variances floored, minimum variance found was 3.075894e-07.
WARNING: covariance vector named 'covar0_cl0_cl3_cl1_cl0' had 12 variances floored, minimum variance found was 1.188811e-06.
WARNING: covariance vector named 'covar0_cl0_cl3_cl0' had 7 variances floored, minimum variance found was 2.527417e-06.
WARNING: covariance vector named 'covar0_cl0_cl3_cl0_cl1' had 17 variances floored, minimum variance found was 8.445325e-09.
WARNING: covariance vector named 'covar0_cl0_cl3_cl0_cl0' had 10 variances floored, minimum variance found was 8.311164e-07.
WARNING: covariance vector named 'covar0_cl0_cl2' had 10 variances floored, minimum variance found was 2.927741e-06.
WARNING: covariance vector named 'covar0_cl0_cl2_cl7' had 20 variances floored, minimum variance found was 1.392329e-09.
WARNING: covariance vector named 'covar0_cl0_cl2_cl6' had 9 variances floored, minimum variance found was 2.694237e-07.
WARNING: covariance vector named 'covar0_cl0_cl2_cl5' had 11 variances floored, minimum variance found was 1.717602e-06.
WARNING: covariance vector named 'covar0_cl0_cl2_cl4' had 9 variances floored, minimum variance found was 2.096300e-06.
WARNING: covariance vector named 'covar0_cl0_cl2_cl3' had 8 variances floored, minimum variance found was 3.638192e-06.
WARNING: covariance vector named 'covar0_cl0_cl2_cl3_cl0' had 15 variances floored, minimum variance found was 1.336435e-07.
WARNING: covariance vector named 'covar0_cl0_cl2_cl2' had 6 variances floored, minimum variance found was 5.320440e-06.
WARNING: covariance vector named 'covar0_cl0_cl2_cl2_cl2' had 14 variances floored, minimum variance found was 1.812167e-07.
WARNING: covariance vector named 'covar0_cl0_cl2_cl2_cl1' had 20 variances floored, minimum variance found was 1.584815e-09.
WARNING: covariance vector named 'covar0_cl0_cl2_cl2_cl0' had 9 variances floored, minimum variance found was 4.794651e-06.
WARNING: covariance vector named 'covar0_cl0_cl2_cl1' had 3 variances floored, minimum variance found was 5.944107e-06.
WARNING: covariance vector named 'covar0_cl0_cl2_cl1_cl3' had 14 variances floored, minimum variance found was 2.247719e-06.
WARNING: covariance vector named 'covar0_cl0_cl2_cl1_cl2' had 10 variances floored, minimum variance found was 8.834275e-07.
WARNING: covariance vector named 'covar0_cl0_cl2_cl1_cl1' had 11 variances floored, minimum variance found was 8.456406e-07.
WARNING: covariance vector named 'covar0_cl0_cl2_cl1_cl0' had 10 variances floored, minimum variance found was 3.130534e-06.
WARNING: covariance vector named 'covar0_cl0_cl2_cl0' had 19 variances floored, minimum variance found was 2.681536e-06.
WARNING: covariance vector named 'covar0_cl0_cl2_cl0_cl5' had 19 variances floored, minimum variance found was 2.255354e-06.
WARNING: covariance vector named 'covar0_cl0_cl2_cl0_cl4' had 19 variances floored, minimum variance found was 3.030617e-06.
WARNING: covariance vector named 'covar0_cl0_cl2_cl0_cl4_cl0' had 19 variances floored, minimum variance found was 3.021815e-06.
WARNING: covariance vector named 'covar0_cl0_cl2_cl0_cl3' had 19 variances floored, minimum variance found was 3.708556e-06.
WARNING: covariance vector named 'covar0_cl0_cl2_cl0_cl3_cl1' had 19 variances floored, minimum variance found was 3.296217e-06.
WARNING: covariance vector named 'covar0_cl0_cl2_cl0_cl3_cl0' had 19 variances floored, minimum variance found was 4.088131e-06.
WARNING: covariance vector named 'covar0_cl0_cl2_cl0_cl3_cl0_cl0' had 19 variances floored, minimum variance found was 4.748467e-06.
WARNING: covariance vector named 'covar0_cl0_cl2_cl0_cl2' had 12 variances floored, minimum variance found was 3.312044e-06.
WARNING: covariance vector named 'covar0_cl0_cl2_cl0_cl2_cl1' had 12 variances floored, minimum variance found was 2.035012e-06.
WARNING: covariance vector named 'covar0_cl0_cl2_cl0_cl2_cl0' had 15 variances floored, minimum variance found was 9.195828e-07.
WARNING: covariance vector named 'covar0_cl0_cl2_cl0_cl1' had 10 variances floored, minimum variance found was 2.174700e-06.
WARNING: covariance vector named 'covar0_cl0_cl2_cl0_cl1_cl1' had 19 variances floored, minimum variance found was 2.906320e-08.
WARNING: covariance vector named 'covar0_cl0_cl2_cl0_cl1_cl0' had 15 variances floored, minimum variance found was 7.423226e-07.
WARNING: covariance vector named 'covar0_cl0_cl2_cl0_cl0' had 8 variances floored, minimum variance found was 1.449960e-06.
WARNING: covariance vector named 'covar0_cl0_cl2_cl0_cl0_cl2' had 9 variances floored, minimum variance found was 2.597674e-06.
WARNING: covariance vector named 'covar0_cl0_cl2_cl0_cl0_cl1' had 11 variances floored, minimum variance found was 2.710404e-07.
WARNING: covariance vector named 'covar0_cl0_cl2_cl0_cl0_cl0' had 15 variances floored, minimum variance found was 1.992836e-06.
WARNING: covariance vector named 'covar0_cl0_cl1' had 2 variances floored, minimum variance found was 7.931724e-06.
WARNING: covariance vector named 'covar0_cl0_cl1_cl9' had 11 variances floored, minimum variance found was 6.176708e-09.
WARNING: covariance vector named 'covar0_cl0_cl1_cl8' had 10 variances floored, minimum variance found was 6.324620e-08.
WARNING: covariance vector named 'covar0_cl0_cl1_cl7' had 7 variances floored, minimum variance found was 2.737138e-06.
WARNING: covariance vector named 'covar0_cl0_cl1_cl6' had 5 variances floored, minimum variance found was 3.705273e-06.
WARNING: covariance vector named 'covar0_cl0_cl1_cl5' had 5 variances floored, minimum variance found was 8.253805e-07.
WARNING: covariance vector named 'covar0_cl0_cl1_cl4' had 3 variances floored, minimum variance found was 2.465610e-06.
WARNING: covariance vector named 'covar0_cl0_cl1_cl4_cl0' had 6 variances floored, minimum variance found was 1.213933e-06.
WARNING: covariance vector named 'covar0_cl0_cl1_cl3' had 3 variances floored, minimum variance found was 7.433056e-06.
WARNING: covariance vector named 'covar0_cl0_cl1_cl3_cl3' had 11 variances floored, minimum variance found was 1.602586e-07.
WARNING: covariance vector named 'covar0_cl0_cl1_cl3_cl2' had 8 variances floored, minimum variance found was 1.334775e-06.
WARNING: covariance vector named 'covar0_cl0_cl1_cl3_cl1' had 11 variances floored, minimum variance found was 1.136884e-06.
WARNING: covariance vector named 'covar0_cl0_cl1_cl3_cl0' had 13 variances floored, minimum variance found was 7.291352e-08.
WARNING: covariance vector named 'covar0_cl0_cl1_cl2' had 3 variances floored, minimum variance found was 5.467204e-06.
WARNING: covariance vector named 'covar0_cl0_cl1_cl2_cl2' had 10 variances floored, minimum variance found was 4.287036e-07.
WARNING: covariance vector named 'covar0_cl0_cl1_cl2_cl1' had 10 variances floored, minimum variance found was 5.810448e-07.
WARNING: covariance vector named 'covar0_cl0_cl1_cl2_cl0' had 8 variances floored, minimum variance found was 4.165902e-06.
WARNING: covariance vector named 'covar0_cl0_cl1_cl1' had 2 variances floored, minimum variance found was 6.164515e-06.
WARNING: covariance vector named 'covar0_cl0_cl1_cl1_cl3' had 20 variances floored, minimum variance found was 3.637750e-10.
WARNING: covariance vector named 'covar0_cl0_cl1_cl1_cl2' had 11 variances floored, minimum variance found was 1.739298e-07.
WARNING: covariance vector named 'covar0_cl0_cl1_cl1_cl1' had 7 variances floored, minimum variance found was 3.632933e-06.
WARNING: covariance vector named 'covar0_cl0_cl1_cl1_cl0' had 4 variances floored, minimum variance found was 4.078924e-06.
WARNING: covariance vector named 'covar0_cl0_cl1_cl1_cl0_cl1' had 15 variances floored, minimum variance found was 1.705398e-08.
WARNING: covariance vector named 'covar0_cl0_cl1_cl1_cl0_cl0' had 9 variances floored, minimum variance found was 1.944962e-06.
WARNING: covariance vector named 'covar0_cl0_cl1_cl0' had 10 variances floored, minimum variance found was 2.125721e-06.
WARNING: covariance vector named 'covar0_cl0_cl1_cl0_cl3' had 20 variances floored, minimum variance found was 2.699913e-07.
WARNING: covariance vector named 'covar0_cl0_cl1_cl0_cl2' had 11 variances floored, minimum variance found was 5.876439e-07.
WARNING: covariance vector named 'covar0_cl0_cl1_cl0_cl1' had 8 variances floored, minimum variance found was 2.415399e-06.
WARNING: covariance vector named 'covar0_cl0_cl1_cl0_cl0' had 9 variances floored, minimum variance found was 3.891691e-06.
WARNING: covariance vector named 'covar0_cl0_cl1_cl0_cl0_cl2' had 11 variances floored, minimum variance found was 3.887920e-07.
WARNING: covariance vector named 'covar0_cl0_cl1_cl0_cl0_cl1' had 12 variances floored, minimum variance found was 2.618660e-06.
WARNING: covariance vector named 'covar0_cl0_cl1_cl0_cl0_cl0' had 7 variances floored, minimum variance found was 7.353461e-07.
WARNING: covariance vector named 'covar1_cl7' had 3 variances floored, minimum variance found was 1.434543e-07.
WARNING: covariance vector named 'covar1_cl6' had 2 variances floored, minimum variance found was 2.557832e-06.
WARNING: covariance vector named 'covar1_cl5' had 1 variances floored, minimum variance found was 7.077202e-06.
WARNING: covariance vector named 'covar1_cl3' had 1 variances floored, minimum variance found was 5.389078e-06.
WARNING: covariance vector named 'covar1_cl3_cl1' had 1 variances floored, minimum variance found was 1.537239e-06.
WARNING: covariance vector named 'covar1_cl2_cl3' had 9 variances floored, minimum variance found was 8.850969e-07.
WARNING: covariance vector named 'covar1_cl2_cl2' had 2 variances floored, minimum variance found was 2.371527e-08.
WARNING: covariance vector named 'covar1_cl2_cl1' had 1 variances floored, minimum variance found was 6.705050e-07.
WARNING: covariance vector named 'covar1_cl2_cl0_cl3' had 1 variances floored, minimum variance found was 1.218753e-06.
WARNING: covariance vector named 'covar1_cl2_cl0_cl2' had 6 variances floored, minimum variance found was 1.123975e-07.
WARNING: covariance vector named 'covar1_cl1' had 1 variances floored, minimum variance found was 8.782792e-06.
WARNING: covariance vector named 'covar1_cl1_cl0' had 6 variances floored, minimum variance found was 2.883189e-07.
WARNING: covariance vector named 'covar1_cl0' had 1 variances floored, minimum variance found was 8.766542e-06.
WARNING: covariance vector named 'covar1_cl0_cl6' had 2 variances floored, minimum variance found was 3.107380e-06.
WARNING: covariance vector named 'covar1_cl0_cl5_cl0' had 5 variances floored, minimum variance found was 1.913443e-07.
WARNING: covariance vector named 'covar1_cl0_cl4_cl0' had 10 variances floored, minimum variance found was 3.997598e-08.
WARNING: covariance vector named 'covar1_cl0_cl3_cl3' had 4 variances floored, minimum variance found was 4.100318e-06.
WARNING: covariance vector named 'covar1_cl0_cl3_cl2' had 1 variances floored, minimum variance found was 6.960233e-06.
WARNING: covariance vector named 'covar1_cl0_cl3_cl1_cl0' had 2 variances floored, minimum variance found was 1.433294e-06.
WARNING: covariance vector named 'covar1_cl0_cl2_cl5' had 2 variances floored, minimum variance found was 4.505233e-06.
WARNING: covariance vector named 'covar1_cl0_cl2_cl4' had 2 variances floored, minimum variance found was 3.894474e-06.
WARNING: covariance vector named 'covar1_cl0_cl2_cl3' had 1 variances floored, minimum variance found was 9.298783e-06.
WARNING: covariance vector named 'covar1_cl0_cl2_cl2' had 1 variances floored, minimum variance found was 6.315015e-06.
WARNING: covariance vector named 'covar1_cl0_cl2_cl1' had 1 variances floored, minimum variance found was 5.097742e-06.
WARNING: covariance vector named 'covar1_cl0_cl2_cl1_cl2' had 2 variances floored, minimum variance found was 5.347519e-06.
WARNING: covariance vector named 'covar1_cl0_cl2_cl1_cl1' had 5 variances floored, minimum variance found was 1.958088e-06.
WARNING: covariance vector named 'covar1_cl0_cl2_cl1_cl0' had 2 variances floored, minimum variance found was 6.559193e-06.
WARNING: covariance vector named 'covar1_cl0_cl1_cl2_cl2' had 1 variances floored, minimum variance found was 3.529364e-06.
WARNING: covariance vector named 'covar1_cl0_cl1_cl1_cl2' had 3 variances floored, minimum variance found was 8.799802e-07.
WARNING: covariance vector named 'covar1_cl0_cl1_cl1_cl1' had 1 variances floored, minimum variance found was 5.158142e-06.
WARNING: covariance vector named 'covar1_cl0_cl1_cl0_cl4' had 20 variances floored, minimum variance found was -3.171877e-10.
WARNING: covariance vector named 'covar1_cl0_cl1_cl0_cl2' had 1 variances floored, minimum variance found was 4.974625e-06.
WARNING: covariance vector named 'covar1_cl0_cl0_cl8' had 10 variances floored, minimum variance found was 9.740782e-09.
WARNING: covariance vector named 'covar1_cl0_cl0_cl7' had 3 variances floored, minimum variance found was 5.647255e-07.
WARNING: covariance vector named 'covar1_cl0_cl0_cl5' had 1 variances floored, minimum variance found was 8.874039e-06.
WARNING: covariance vector named 'covar1_cl0_cl0_cl5_cl0' had 6 variances floored, minimum variance found was 4.478930e-06.
WARNING: covariance vector named 'covar1_cl0_cl0_cl4_cl0' had 8 variances floored, minimum variance found was 2.281484e-06.
WARNING: covariance vector named 'covar1_cl0_cl0_cl3' had 1 variances floored, minimum variance found was 6.969449e-06.
WARNING: covariance vector named 'covar1_cl0_cl0_cl3_cl1' had 3 variances floored, minimum variance found was 1.031360e-06.
WARNING: covariance vector named 'covar1_cl0_cl0_cl3_cl0' had 3 variances floored, minimum variance found was 5.284845e-06.
WARNING: covariance vector named 'covar1_cl0_cl0_cl2_cl0' had 3 variances floored, minimum variance found was 1.491484e-06.
WARNING: covariance vector named 'covar1_cl0_cl0_cl1' had 2 variances floored, minimum variance found was 8.890438e-06.
WARNING: covariance vector named 'covar1_cl0_cl0_cl1_cl3' had 12 variances floored, minimum variance found was 1.246859e-07.
WARNING: covariance vector named 'covar1_cl0_cl0_cl1_cl2' had 5 variances floored, minimum variance found was 3.339735e-06.
WARNING: covariance vector named 'covar1_cl0_cl0_cl1_cl1' had 9 variances floored, minimum variance found was 2.398579e-06.
WARNING: covariance vector named 'covar1_cl0_cl0_cl1_cl0' had 3 variances floored, minimum variance found was 5.668132e-06.
WARNING: covariance vector named 'covar1_cl0_cl0_cl1_cl0_cl0' had 20 variances floored, minimum variance found was 6.645538e-11.
WARNING: covariance vector named 'covar1_cl0_cl0_cl0' had 2 variances floored, minimum variance found was 5.233548e-06.
WARNING: covariance vector named 'covar1_cl0_cl0_cl0_cl4' had 4 variances floored, minimum variance found was 5.636121e-06.
WARNING: covariance vector named 'covar1_cl0_cl0_cl0_cl3' had 5 variances floored, minimum variance found was 2.827948e-06.
WARNING: covariance vector named 'covar1_cl0_cl0_cl0_cl2' had 1 variances floored, minimum variance found was 8.069278e-06.
WARNING: covariance vector named 'covar1_cl0_cl0_cl0_cl2_cl2' had 11 variances floored, minimum variance found was 3.167199e-08.
WARNING: covariance vector named 'covar1_cl0_cl0_cl0_cl2_cl1' had 4 variances floored, minimum variance found was 7.819172e-06.
WARNING: covariance vector named 'covar1_cl0_cl0_cl0_cl2_cl0' had 1 variances floored, minimum variance found was 9.272873e-06.
WARNING: covariance vector named 'covar1_cl0_cl0_cl0_cl1' had 4 variances floored, minimum variance found was 4.249307e-06.
WARNING: covariance vector named 'covar1_cl0_cl0_cl0_cl1_cl1' had 16 variances floored, minimum variance found was 7.593670e-09.
WARNING: covariance vector named 'covar1_cl0_cl0_cl0_cl1_cl0' had 10 variances floored, minimum variance found was 3.428671e-06.
WARNING: covariance vector named 'covar1_cl0_cl0_cl0_cl0' had 3 variances floored, minimum variance found was 5.082954e-06.
WARNING: covariance vector named 'covar1_cl0_cl0_cl0_cl0_cl5' had 2 variances floored, minimum variance found was 1.730227e-06.
WARNING: covariance vector named 'covar1_cl0_cl0_cl0_cl0_cl4' had 15 variances floored, minimum variance found was 9.137304e-08.
WARNING: covariance vector named 'covar1_cl0_cl0_cl0_cl0_cl3' had 8 variances floored, minimum variance found was 2.984999e-06.
WARNING: covariance vector named 'covar1_cl0_cl0_cl0_cl0_cl2' had 5 variances floored, minimum variance found was 8.392113e-07.
WARNING: covariance vector named 'covar1_cl0_cl0_cl0_cl0_cl1' had 8 variances floored, minimum variance found was 4.665503e-06.
WARNING: covariance vector named 'covar1_cl0_cl0_cl0_cl0_cl1_cl3' had 16 variances floored, minimum variance found was 4.966675e-07.
WARNING: covariance vector named 'covar1_cl0_cl0_cl0_cl0_cl1_cl2' had 17 variances floored, minimum variance found was 4.123984e-08.
WARNING: covariance vector named 'covar1_cl0_cl0_cl0_cl0_cl1_cl1' had 10 variances floored, minimum variance found was 1.293199e-06.
WARNING: covariance vector named 'covar1_cl0_cl0_cl0_cl0_cl1_cl0' had 9 variances floored, minimum variance found was 2.425782e-06.
WARNING: covariance vector named 'covar1_cl0_cl0_cl0_cl0_cl0' had 7 variances floored, minimum variance found was 3.940375e-06.
NOTE: DPMF 'dpmf0' has 0/6 elements vanishing/splitting
NOTE: DPMF 'dpmf1' has 0/2 elements vanishing/splitting
Maximum number of EM iterations reached (1). Stopping
### Final time (seconds) just for EM stage: User: 0.017691, System: 0.002651, CPU 0.020342
____ PROGRAM ENDED SUCCESSFULLY WITH STATUS 0 AT Tuesday August 18 2015, 19:52:07 PDT ____
