Creating Junction Tree
DONE creating Junction Tree
Loading accumulators from 'accumulators/acc_0_1_16comp.data'
WARNING: covariance vector named 'covar0_cl4_cl5' had 6 variances floored, minimum variance found was 3.155999e-06.
WARNING: covariance vector named 'covar0_cl4_cl4' had 5 variances floored, minimum variance found was 6.431161e-08.
WARNING: covariance vector named 'covar0_cl4_cl3_cl0' had 9 variances floored, minimum variance found was 5.405167e-08.
WARNING: covariance vector named 'covar0_cl4_cl1' had 1 variances floored, minimum variance found was 8.550580e-07.
WARNING: covariance vector named 'covar0_cl3_cl7' had 5 variances floored, minimum variance found was 4.332409e-07.
WARNING: covariance vector named 'covar0_cl3_cl6' had 3 variances floored, minimum variance found was 7.221196e-07.
WARNING: covariance vector named 'covar0_cl3_cl5' had 1 variances floored, minimum variance found was 8.329669e-06.
WARNING: covariance vector named 'covar0_cl3_cl5_cl0' had 7 variances floored, minimum variance found was 2.056577e-09.
WARNING: covariance vector named 'covar0_cl3_cl4_cl2' had 6 variances floored, minimum variance found was 3.058896e-07.
WARNING: covariance vector named 'covar0_cl3_cl4_cl1' had 3 variances floored, minimum variance found was 3.217261e-07.
WARNING: covariance vector named 'covar0_cl3_cl4_cl0' had 3 variances floored, minimum variance found was 6.093777e-06.
WARNING: covariance vector named 'covar0_cl3_cl3_cl0' had 20 variances floored, minimum variance found was -9.592508e-11.
WARNING: covariance vector named 'covar0_cl3_cl2' had 1 variances floored, minimum variance found was 7.471264e-06.
WARNING: covariance vector named 'covar0_cl3_cl2_cl0' had 20 variances floored, minimum variance found was -5.245951e-11.
WARNING: covariance vector named 'covar0_cl3_cl1_cl5' had 3 variances floored, minimum variance found was 7.800040e-07.
WARNING: covariance vector named 'covar0_cl3_cl1_cl4' had 3 variances floored, minimum variance found was 9.574681e-09.
WARNING: covariance vector named 'covar0_cl3_cl1_cl3' had 2 variances floored, minimum variance found was 9.154900e-07.
WARNING: covariance vector named 'covar0_cl3_cl1_cl2' had 1 variances floored, minimum variance found was 9.298581e-06.
WARNING: covariance vector named 'covar0_cl3_cl1_cl0_cl0' had 4 variances floored, minimum variance found was 4.049710e-09.
WARNING: covariance vector named 'covar0_cl3_cl0_cl4' had 8 variances floored, minimum variance found was 2.475663e-07.
WARNING: covariance vector named 'covar0_cl3_cl0_cl0_cl1' had 1 variances floored, minimum variance found was 4.638188e-06.
WARNING: covariance vector named 'covar0_cl2' had 1 variances floored, minimum variance found was 6.357211e-06.
WARNING: covariance vector named 'covar0_cl2_cl9' had 20 variances floored, minimum variance found was -3.110381e-11.
WARNING: covariance vector named 'covar0_cl2_cl8' had 2 variances floored, minimum variance found was 1.610781e-07.
WARNING: covariance vector named 'covar0_cl2_cl7' had 3 variances floored, minimum variance found was 2.457862e-06.
WARNING: covariance vector named 'covar0_cl2_cl6_cl0' had 20 variances floored, minimum variance found was -1.036326e-11.
WARNING: covariance vector named 'covar0_cl2_cl5' had 1 variances floored, minimum variance found was 3.622558e-06.
WARNING: covariance vector named 'covar0_cl2_cl4_cl3' had 6 variances floored, minimum variance found was 2.885579e-06.
WARNING: covariance vector named 'covar0_cl2_cl4_cl2' had 8 variances floored, minimum variance found was 1.431924e-07.
WARNING: covariance vector named 'covar0_cl2_cl4_cl1' had 4 variances floored, minimum variance found was 2.071231e-06.
WARNING: covariance vector named 'covar0_cl2_cl4_cl0' had 1 variances floored, minimum variance found was 9.285501e-06.
WARNING: covariance vector named 'covar0_cl2_cl3_cl3' had 1 variances floored, minimum variance found was 8.688005e-06.
WARNING: covariance vector named 'covar0_cl2_cl3_cl2' had 9 variances floored, minimum variance found was 1.419306e-07.
WARNING: covariance vector named 'covar0_cl2_cl3_cl0' had 1 variances floored, minimum variance found was 8.931022e-06.
WARNING: covariance vector named 'covar0_cl2_cl3_cl0_cl0' had 5 variances floored, minimum variance found was 2.709156e-06.
WARNING: covariance vector named 'covar0_cl2_cl2_cl4' had 8 variances floored, minimum variance found was 3.130004e-08.
WARNING: covariance vector named 'covar0_cl2_cl2_cl3' had 3 variances floored, minimum variance found was 2.223306e-06.
WARNING: covariance vector named 'covar0_cl2_cl2_cl2' had 1 variances floored, minimum variance found was 2.137191e-06.
WARNING: covariance vector named 'covar0_cl2_cl2_cl1_cl1' had 5 variances floored, minimum variance found was 6.912513e-07.
WARNING: covariance vector named 'covar0_cl2_cl2_cl1_cl0' had 3 variances floored, minimum variance found was 1.769076e-06.
WARNING: covariance vector named 'covar0_cl2_cl2_cl0_cl3' had 5 variances floored, minimum variance found was 2.746021e-06.
WARNING: covariance vector named 'covar0_cl2_cl2_cl0_cl2' had 2 variances floored, minimum variance found was 2.771130e-06.
WARNING: covariance vector named 'covar0_cl2_cl2_cl0_cl1' had 4 variances floored, minimum variance found was 2.956621e-06.
WARNING: covariance vector named 'covar0_cl2_cl2_cl0_cl0' had 2 variances floored, minimum variance found was 2.216953e-06.
WARNING: covariance vector named 'covar0_cl2_cl1' had 1 variances floored, minimum variance found was 5.059126e-07.
WARNING: covariance vector named 'covar0_cl2_cl1_cl6' had 1 variances floored, minimum variance found was 1.401779e-08.
WARNING: covariance vector named 'covar0_cl2_cl1_cl5' had 20 variances floored, minimum variance found was -7.035935e-11.
WARNING: covariance vector named 'covar0_cl2_cl1_cl4' had 11 variances floored, minimum variance found was 3.939945e-09.
WARNING: covariance vector named 'covar0_cl2_cl1_cl3' had 1 variances floored, minimum variance found was 2.363181e-07.
WARNING: covariance vector named 'covar0_cl2_cl1_cl3_cl1' had 8 variances floored, minimum variance found was 2.442727e-09.
WARNING: covariance vector named 'covar0_cl2_cl1_cl3_cl0' had 10 variances floored, minimum variance found was 2.131726e-09.
WARNING: covariance vector named 'covar0_cl2_cl1_cl2' had 1 variances floored, minimum variance found was 1.503922e-06.
WARNING: covariance vector named 'covar0_cl2_cl1_cl2_cl1' had 9 variances floored, minimum variance found was 1.781687e-08.
WARNING: covariance vector named 'covar0_cl2_cl1_cl2_cl0' had 4 variances floored, minimum variance found was 3.684391e-07.
WARNING: covariance vector named 'covar0_cl2_cl1_cl1' had 1 variances floored, minimum variance found was 6.888298e-06.
WARNING: covariance vector named 'covar0_cl2_cl1_cl1_cl1' had 20 variances floored, minimum variance found was -1.962952e-11.
WARNING: covariance vector named 'covar0_cl2_cl1_cl1_cl0' had 20 variances floored, minimum variance found was -6.929593e-11.
WARNING: covariance vector named 'covar0_cl2_cl1_cl0' had 2 variances floored, minimum variance found was 6.531180e-07.
WARNING: covariance vector named 'covar0_cl2_cl1_cl0_cl3' had 7 variances floored, minimum variance found was 2.769455e-07.
WARNING: covariance vector named 'covar0_cl2_cl1_cl0_cl2' had 5 variances floored, minimum variance found was 2.576274e-07.
WARNING: covariance vector named 'covar0_cl2_cl1_cl0_cl1' had 4 variances floored, minimum variance found was 2.009005e-08.
WARNING: covariance vector named 'covar0_cl2_cl1_cl0_cl0' had 3 variances floored, minimum variance found was 2.629738e-07.
WARNING: covariance vector named 'covar0_cl2_cl0_cl7' had 2 variances floored, minimum variance found was 1.967765e-06.
WARNING: covariance vector named 'covar0_cl2_cl0_cl6' had 2 variances floored, minimum variance found was 7.027484e-06.
WARNING: covariance vector named 'covar0_cl2_cl0_cl5' had 1 variances floored, minimum variance found was 6.341167e-06.
WARNING: covariance vector named 'covar0_cl2_cl0_cl3' had 1 variances floored, minimum variance found was 4.704438e-06.
WARNING: covariance vector named 'covar0_cl2_cl0_cl3_cl1' had 10 variances floored, minimum variance found was 1.773377e-07.
WARNING: covariance vector named 'covar0_cl2_cl0_cl3_cl0' had 9 variances floored, minimum variance found was 6.399014e-09.
WARNING: covariance vector named 'covar0_cl2_cl0_cl2_cl4' had 5 variances floored, minimum variance found was 3.446301e-07.
WARNING: covariance vector named 'covar0_cl2_cl0_cl2_cl3' had 2 variances floored, minimum variance found was 3.539650e-06.
WARNING: covariance vector named 'covar0_cl2_cl0_cl2_cl2' had 7 variances floored, minimum variance found was 7.838399e-07.
WARNING: covariance vector named 'covar0_cl2_cl0_cl2_cl1' had 4 variances floored, minimum variance found was 2.327801e-06.
WARNING: covariance vector named 'covar0_cl2_cl0_cl2_cl0' had 2 variances floored, minimum variance found was 3.307800e-06.
WARNING: covariance vector named 'covar0_cl2_cl0_cl1_cl5' had 4 variances floored, minimum variance found was 3.115625e-06.
WARNING: covariance vector named 'covar0_cl2_cl0_cl1_cl4' had 20 variances floored, minimum variance found was -2.892375e-09.
WARNING: covariance vector named 'covar0_cl2_cl0_cl1_cl3' had 1 variances floored, minimum variance found was 7.354502e-06.
WARNING: covariance vector named 'covar0_cl2_cl0_cl1_cl2' had 1 variances floored, minimum variance found was 7.672642e-06.
WARNING: covariance vector named 'covar0_cl2_cl0_cl1_cl0_cl0' had 5 variances floored, minimum variance found was 1.311721e-06.
WARNING: covariance vector named 'covar0_cl2_cl0_cl0_cl4' had 1 variances floored, minimum variance found was 2.652348e-06.
WARNING: covariance vector named 'covar0_cl2_cl0_cl0_cl3' had 1 variances floored, minimum variance found was 9.108215e-06.
WARNING: covariance vector named 'covar0_cl2_cl0_cl0_cl0' had 1 variances floored, minimum variance found was 9.719892e-06.
WARNING: covariance vector named 'covar0_cl2_cl0_cl0_cl0_cl1' had 20 variances floored, minimum variance found was -1.807148e-11.
WARNING: covariance vector named 'covar0_cl2_cl0_cl0_cl0_cl0' had 3 variances floored, minimum variance found was 3.307491e-06.
WARNING: covariance vector named 'covar0_cl1' had 3 variances floored, minimum variance found was 2.609764e-06.
WARNING: covariance vector named 'covar0_cl1_cl11' had 6 variances floored, minimum variance found was 9.637969e-07.
WARNING: covariance vector named 'covar0_cl1_cl10' had 12 variances floored, minimum variance found was 5.095570e-07.
WARNING: covariance vector named 'covar0_cl1_cl9' had 4 variances floored, minimum variance found was 4.608565e-07.
WARNING: covariance vector named 'covar0_cl1_cl8' had 3 variances floored, minimum variance found was 4.427691e-06.
WARNING: covariance vector named 'covar0_cl1_cl7' had 3 variances floored, minimum variance found was 3.596134e-06.
WARNING: covariance vector named 'covar0_cl1_cl6' had 2 variances floored, minimum variance found was 8.661271e-06.
WARNING: covariance vector named 'covar0_cl1_cl5_cl2' had 20 variances floored, minimum variance found was -1.149120e-09.
WARNING: covariance vector named 'covar0_cl1_cl5_cl1' had 7 variances floored, minimum variance found was 4.416560e-07.
WARNING: covariance vector named 'covar0_cl1_cl5_cl0' had 5 variances floored, minimum variance found was 2.053992e-06.
WARNING: covariance vector named 'covar0_cl1_cl4' had 1 variances floored, minimum variance found was 8.722596e-06.
WARNING: covariance vector named 'covar0_cl1_cl4_cl2' had 7 variances floored, minimum variance found was 3.189545e-08.
WARNING: covariance vector named 'covar0_cl1_cl4_cl1' had 4 variances floored, minimum variance found was 1.886795e-06.
WARNING: covariance vector named 'covar0_cl1_cl4_cl0' had 3 variances floored, minimum variance found was 6.027510e-06.
WARNING: covariance vector named 'covar0_cl1_cl3_cl4' had 10 variances floored, minimum variance found was 1.454929e-07.
WARNING: covariance vector named 'covar0_cl1_cl3_cl3' had 4 variances floored, minimum variance found was 1.772240e-06.
WARNING: covariance vector named 'covar0_cl1_cl3_cl2' had 5 variances floored, minimum variance found was 3.823190e-08.
WARNING: covariance vector named 'covar0_cl1_cl3_cl1' had 3 variances floored, minimum variance found was 3.982495e-06.
WARNING: covariance vector named 'covar0_cl1_cl2' had 2 variances floored, minimum variance found was 6.198020e-06.
WARNING: covariance vector named 'covar0_cl1_cl2_cl6' had 5 variances floored, minimum variance found was 4.951715e-06.
WARNING: covariance vector named 'covar0_cl1_cl2_cl5' had 1 variances floored, minimum variance found was 8.792072e-06.
WARNING: covariance vector named 'covar0_cl1_cl2_cl4' had 3 variances floored, minimum variance found was 6.100323e-06.
WARNING: covariance vector named 'covar0_cl1_cl2_cl3' had 4 variances floored, minimum variance found was 2.844048e-06.
WARNING: covariance vector named 'covar0_cl1_cl2_cl1' had 2 variances floored, minimum variance found was 5.737767e-06.
WARNING: covariance vector named 'covar0_cl1_cl2_cl1_cl3' had 5 variances floored, minimum variance found was 8.163973e-07.
WARNING: covariance vector named 'covar0_cl1_cl2_cl1_cl2' had 3 variances floored, minimum variance found was 4.547868e-06.
WARNING: covariance vector named 'covar0_cl1_cl2_cl1_cl1' had 4 variances floored, minimum variance found was 1.846730e-06.
WARNING: covariance vector named 'covar0_cl1_cl2_cl1_cl0' had 4 variances floored, minimum variance found was 1.391727e-06.
WARNING: covariance vector named 'covar0_cl1_cl2_cl0_cl3' had 7 variances floored, minimum variance found was 1.910785e-08.
WARNING: covariance vector named 'covar0_cl1_cl2_cl0_cl2' had 9 variances floored, minimum variance found was 2.183939e-07.
WARNING: covariance vector named 'covar0_cl1_cl2_cl0_cl1' had 5 variances floored, minimum variance found was 1.935676e-06.
WARNING: covariance vector named 'covar0_cl1_cl2_cl0_cl1_cl0' had 9 variances floored, minimum variance found was 5.526451e-07.
WARNING: covariance vector named 'covar0_cl1_cl2_cl0_cl0' had 4 variances floored, minimum variance found was 6.964165e-07.
WARNING: covariance vector named 'covar0_cl1_cl1_cl4' had 10 variances floored, minimum variance found was 6.509387e-09.
WARNING: covariance vector named 'covar0_cl1_cl1_cl3' had 2 variances floored, minimum variance found was 8.821461e-06.
WARNING: covariance vector named 'covar0_cl1_cl1_cl2' had 3 variances floored, minimum variance found was 4.110043e-06.
WARNING: covariance vector named 'covar0_cl1_cl1_cl1_cl1' had 8 variances floored, minimum variance found was 8.446271e-07.
WARNING: covariance vector named 'covar0_cl1_cl1_cl1_cl0' had 10 variances floored, minimum variance found was 6.872188e-09.
WARNING: covariance vector named 'covar0_cl1_cl0_cl3' had 7 variances floored, minimum variance found was 7.029755e-09.
WARNING: covariance vector named 'covar0_cl1_cl0_cl2' had 1 variances floored, minimum variance found was 7.630015e-06.
WARNING: covariance vector named 'covar0_cl1_cl0_cl1' had 3 variances floored, minimum variance found was 3.708222e-06.
WARNING: covariance vector named 'covar0_cl1_cl0_cl1_cl3' had 4 variances floored, minimum variance found was 6.044146e-06.
WARNING: covariance vector named 'covar0_cl1_cl0_cl1_cl2' had 5 variances floored, minimum variance found was 3.065375e-06.
WARNING: covariance vector named 'covar0_cl1_cl0_cl1_cl1' had 2 variances floored, minimum variance found was 6.310966e-06.
WARNING: covariance vector named 'covar0_cl1_cl0_cl1_cl0' had 3 variances floored, minimum variance found was 1.399422e-06.
WARNING: covariance vector named 'covar0_cl1_cl0_cl1_cl0_cl1' had 11 variances floored, minimum variance found was 1.519814e-07.
WARNING: covariance vector named 'covar0_cl1_cl0_cl1_cl0_cl0' had 4 variances floored, minimum variance found was 4.186926e-06.
WARNING: covariance vector named 'covar0_cl1_cl0_cl0' had 4 variances floored, minimum variance found was 5.035639e-06.
WARNING: covariance vector named 'covar0_cl1_cl0_cl0_cl7' had 11 variances floored, minimum variance found was 7.443807e-07.
WARNING: covariance vector named 'covar0_cl1_cl0_cl0_cl6' had 4 variances floored, minimum variance found was 1.796257e-06.
WARNING: covariance vector named 'covar0_cl1_cl0_cl0_cl5' had 4 variances floored, minimum variance found was 5.770791e-06.
WARNING: covariance vector named 'covar0_cl1_cl0_cl0_cl4' had 3 variances floored, minimum variance found was 5.038183e-06.
WARNING: covariance vector named 'covar0_cl1_cl0_cl0_cl3' had 3 variances floored, minimum variance found was 2.904703e-06.
WARNING: covariance vector named 'covar0_cl1_cl0_cl0_cl3_cl0' had 9 variances floored, minimum variance found was 8.771170e-08.
WARNING: covariance vector named 'covar0_cl1_cl0_cl0_cl2' had 5 variances floored, minimum variance found was 1.365205e-06.
WARNING: covariance vector named 'covar0_cl1_cl0_cl0_cl2_cl0' had 12 variances floored, minimum variance found was 2.253750e-08.
WARNING: covariance vector named 'covar0_cl1_cl0_cl0_cl1' had 6 variances floored, minimum variance found was 1.731662e-06.
WARNING: covariance vector named 'covar0_cl1_cl0_cl0_cl1_cl1' had 5 variances floored, minimum variance found was 1.025811e-06.
WARNING: covariance vector named 'covar0_cl1_cl0_cl0_cl1_cl0' had 7 variances floored, minimum variance found was 1.597293e-06.
WARNING: covariance vector named 'covar0_cl1_cl0_cl0_cl0' had 3 variances floored, minimum variance found was 3.269323e-06.
WARNING: covariance vector named 'covar0_cl1_cl0_cl0_cl0_cl0' had 6 variances floored, minimum variance found was 3.473876e-06.
WARNING: covariance vector named 'covar0_cl0' had 5 variances floored, minimum variance found was 3.513907e-06.
WARNING: covariance vector named 'covar0_cl0_cl11' had 14 variances floored, minimum variance found was 7.563158e-08.
WARNING: covariance vector named 'covar0_cl0_cl10' had 16 variances floored, minimum variance found was 1.501675e-08.
WARNING: covariance vector named 'covar0_cl0_cl9' had 8 variances floored, minimum variance found was 1.268697e-06.
WARNING: covariance vector named 'covar0_cl0_cl8' had 3 variances floored, minimum variance found was 3.392582e-06.
WARNING: covariance vector named 'covar0_cl0_cl7' had 6 variances floored, minimum variance found was 1.269191e-06.
WARNING: covariance vector named 'covar0_cl0_cl6' had 3 variances floored, minimum variance found was 7.423502e-06.
WARNING: covariance vector named 'covar0_cl0_cl5' had 4 variances floored, minimum variance found was 5.197268e-06.
WARNING: covariance vector named 'covar0_cl0_cl5_cl3' had 12 variances floored, minimum variance found was 5.325761e-07.
WARNING: covariance vector named 'covar0_cl0_cl5_cl2' had 7 variances floored, minimum variance found was 6.744866e-08.
WARNING: covariance vector named 'covar0_cl0_cl5_cl1' had 2 variances floored, minimum variance found was 6.552443e-06.
WARNING: covariance vector named 'covar0_cl0_cl5_cl1_cl0' had 12 variances floored, minimum variance found was 2.902941e-07.
WARNING: covariance vector named 'covar0_cl0_cl5_cl0' had 6 variances floored, minimum variance found was 3.894082e-06.
WARNING: covariance vector named 'covar0_cl0_cl5_cl0_cl0' had 8 variances floored, minimum variance found was 9.948444e-07.
WARNING: covariance vector named 'covar0_cl0_cl4' had 5 variances floored, minimum variance found was 3.445576e-06.
WARNING: covariance vector named 'covar0_cl0_cl4_cl2' had 8 variances floored, minimum variance found was 1.000036e-06.
WARNING: covariance vector named 'covar0_cl0_cl4_cl1' had 5 variances floored, minimum variance found was 3.436388e-06.
WARNING: covariance vector named 'covar0_cl0_cl4_cl1_cl0' had 10 variances floored, minimum variance found was 1.288510e-06.
WARNING: covariance vector named 'covar0_cl0_cl4_cl0' had 13 variances floored, minimum variance found was 6.063513e-08.
WARNING: covariance vector named 'covar0_cl0_cl3' had 7 variances floored, minimum variance found was 2.233772e-06.
WARNING: covariance vector named 'covar0_cl0_cl3_cl5' had 9 variances floored, minimum variance found was 3.370513e-06.
WARNING: covariance vector named 'covar0_cl0_cl3_cl4' had 11 variances floored, minimum variance found was 2.531782e-06.
WARNING: covariance vector named 'covar0_cl0_cl3_cl3' had 4 variances floored, minimum variance found was 2.357245e-06.
WARNING: covariance vector named 'covar0_cl0_cl3_cl2' had 4 variances floored, minimum variance found was 5.495959e-06.
WARNING: covariance vector named 'covar0_cl0_cl3_cl1' had 5 variances floored, minimum variance found was 2.393728e-06.
WARNING: covariance vector named 'covar0_cl0_cl3_cl1_cl1' had 16 variances floored, minimum variance found was 3.000684e-07.
WARNING: covariance vector named 'covar0_cl0_cl3_cl1_cl0' had 12 variances floored, minimum variance found was 1.144304e-06.
WARNING: covariance vector named 'covar0_cl0_cl3_cl0' had 7 variances floored, minimum variance found was 2.525638e-06.
WARNING: covariance vector named 'covar0_cl0_cl3_cl0_cl1' had 17 variances floored, minimum variance found was 8.426460e-09.
WARNING: covariance vector named 'covar0_cl0_cl3_cl0_cl0' had 10 variances floored, minimum variance found was 8.304395e-07.
WARNING: covariance vector named 'covar0_cl0_cl2' had 8 variances floored, minimum variance found was 2.831595e-06.
WARNING: covariance vector named 'covar0_cl0_cl2_cl7' had 20 variances floored, minimum variance found was 1.175650e-09.
WARNING: covariance vector named 'covar0_cl0_cl2_cl6' had 9 variances floored, minimum variance found was 2.605169e-07.
WARNING: covariance vector named 'covar0_cl0_cl2_cl5' had 11 variances floored, minimum variance found was 1.754269e-06.
WARNING: covariance vector named 'covar0_cl0_cl2_cl4' had 9 variances floored, minimum variance found was 2.082881e-06.
WARNING: covariance vector named 'covar0_cl0_cl2_cl3' had 8 variances floored, minimum variance found was 3.709737e-06.
WARNING: covariance vector named 'covar0_cl0_cl2_cl3_cl0' had 15 variances floored, minimum variance found was 1.335156e-07.
WARNING: covariance vector named 'covar0_cl0_cl2_cl2' had 4 variances floored, minimum variance found was 5.217517e-06.
WARNING: covariance vector named 'covar0_cl0_cl2_cl2_cl2' had 14 variances floored, minimum variance found was 1.549115e-07.
WARNING: covariance vector named 'covar0_cl0_cl2_cl2_cl1' had 20 variances floored, minimum variance found was 1.603714e-09.
WARNING: covariance vector named 'covar0_cl0_cl2_cl2_cl0' had 9 variances floored, minimum variance found was 5.041222e-06.
WARNING: covariance vector named 'covar0_cl0_cl2_cl1' had 3 variances floored, minimum variance found was 5.932905e-06.
WARNING: covariance vector named 'covar0_cl0_cl2_cl1_cl3' had 14 variances floored, minimum variance found was 1.878913e-06.
WARNING: covariance vector named 'covar0_cl0_cl2_cl1_cl2' had 10 variances floored, minimum variance found was 8.835046e-07.
WARNING: covariance vector named 'covar0_cl0_cl2_cl1_cl1' had 11 variances floored, minimum variance found was 8.433102e-07.
WARNING: covariance vector named 'covar0_cl0_cl2_cl1_cl0' had 10 variances floored, minimum variance found was 3.132733e-06.
WARNING: covariance vector named 'covar0_cl0_cl2_cl0' had 19 variances floored, minimum variance found was 2.764760e-06.
WARNING: covariance vector named 'covar0_cl0_cl2_cl0_cl6' had 19 variances floored, minimum variance found was 2.488927e-06.
WARNING: covariance vector named 'covar0_cl0_cl2_cl0_cl5' had 19 variances floored, minimum variance found was 2.212756e-06.
WARNING: covariance vector named 'covar0_cl0_cl2_cl0_cl5_cl0' had 19 variances floored, minimum variance found was 1.993997e-06.
WARNING: covariance vector named 'covar0_cl0_cl2_cl0_cl4' had 19 variances floored, minimum variance found was 3.043400e-06.
WARNING: covariance vector named 'covar0_cl0_cl2_cl0_cl4_cl1' had 19 variances floored, minimum variance found was 2.956471e-06.
WARNING: covariance vector named 'covar0_cl0_cl2_cl0_cl4_cl0' had 19 variances floored, minimum variance found was 3.021653e-06.
WARNING: covariance vector named 'covar0_cl0_cl2_cl0_cl4_cl0_cl0' had 19 variances floored, minimum variance found was 2.488535e-06.
WARNING: covariance vector named 'covar0_cl0_cl2_cl0_cl3' had 19 variances floored, minimum variance found was 3.663876e-06.
WARNING: covariance vector named 'covar0_cl0_cl2_cl0_cl3_cl2' had 19 variances floored, minimum variance found was 3.140198e-06.
WARNING: covariance vector named 'covar0_cl0_cl2_cl0_cl3_cl1' had 19 variances floored, minimum variance found was 3.216247e-06.
WARNING: covariance vector named 'covar0_cl0_cl2_cl0_cl3_cl0' had 18 variances floored, minimum variance found was 4.070164e-06.
WARNING: covariance vector named 'covar0_cl0_cl2_cl0_cl3_cl0_cl1' had 19 variances floored, minimum variance found was 3.496085e-06.
WARNING: covariance vector named 'covar0_cl0_cl2_cl0_cl3_cl0_cl0' had 19 variances floored, minimum variance found was 4.623862e-06.
WARNING: covariance vector named 'covar0_cl0_cl2_cl0_cl2' had 12 variances floored, minimum variance found was 3.344177e-06.
WARNING: covariance vector named 'covar0_cl0_cl2_cl0_cl2_cl1' had 12 variances floored, minimum variance found was 1.935381e-06.
WARNING: covariance vector named 'covar0_cl0_cl2_cl0_cl2_cl0' had 15 variances floored, minimum variance found was 9.192787e-07.
WARNING: covariance vector named 'covar0_cl0_cl2_cl0_cl1' had 10 variances floored, minimum variance found was 2.198492e-06.
WARNING: covariance vector named 'covar0_cl0_cl2_cl0_cl1_cl1' had 19 variances floored, minimum variance found was 3.237255e-08.
WARNING: covariance vector named 'covar0_cl0_cl2_cl0_cl1_cl0' had 15 variances floored, minimum variance found was 7.166090e-07.
WARNING: covariance vector named 'covar0_cl0_cl2_cl0_cl0' had 8 variances floored, minimum variance found was 1.425592e-06.
WARNING: covariance vector named 'covar0_cl0_cl2_cl0_cl0_cl2' had 9 variances floored, minimum variance found was 2.390605e-06.
WARNING: covariance vector named 'covar0_cl0_cl2_cl0_cl0_cl1' had 11 variances floored, minimum variance found was 2.188150e-07.
WARNING: covariance vector named 'covar0_cl0_cl2_cl0_cl0_cl0' had 15 variances floored, minimum variance found was 1.992996e-06.
WARNING: covariance vector named 'covar0_cl0_cl1' had 2 variances floored, minimum variance found was 7.599172e-06.
WARNING: covariance vector named 'covar0_cl0_cl1_cl9' had 11 variances floored, minimum variance found was 6.181876e-09.
WARNING: covariance vector named 'covar0_cl0_cl1_cl8' had 10 variances floored, minimum variance found was 3.635374e-08.
WARNING: covariance vector named 'covar0_cl0_cl1_cl7' had 7 variances floored, minimum variance found was 2.733696e-06.
WARNING: covariance vector named 'covar0_cl0_cl1_cl6' had 5 variances floored, minimum variance found was 4.204192e-06.
WARNING: covariance vector named 'covar0_cl0_cl1_cl5' had 5 variances floored, minimum variance found was 5.669337e-07.
WARNING: covariance vector named 'covar0_cl0_cl1_cl4' had 3 variances floored, minimum variance found was 2.456651e-06.
WARNING: covariance vector named 'covar0_cl0_cl1_cl4_cl0' had 6 variances floored, minimum variance found was 1.210189e-06.
WARNING: covariance vector named 'covar0_cl0_cl1_cl3' had 3 variances floored, minimum variance found was 7.563929e-06.
WARNING: covariance vector named 'covar0_cl0_cl1_cl3_cl3' had 11 variances floored, minimum variance found was 2.995303e-08.
WARNING: covariance vector named 'covar0_cl0_cl1_cl3_cl2' had 8 variances floored, minimum variance found was 1.336980e-06.
WARNING: covariance vector named 'covar0_cl0_cl1_cl3_cl1' had 11 variances floored, minimum variance found was 1.135987e-06.
WARNING: covariance vector named 'covar0_cl0_cl1_cl3_cl0' had 13 variances floored, minimum variance found was 7.290043e-08.
WARNING: covariance vector named 'covar0_cl0_cl1_cl2' had 4 variances floored, minimum variance found was 5.472195e-06.
WARNING: covariance vector named 'covar0_cl0_cl1_cl2_cl2' had 10 variances floored, minimum variance found was 4.305202e-07.
WARNING: covariance vector named 'covar0_cl0_cl1_cl2_cl1' had 10 variances floored, minimum variance found was 5.808241e-07.
WARNING: covariance vector named 'covar0_cl0_cl1_cl2_cl0' had 8 variances floored, minimum variance found was 4.162690e-06.
WARNING: covariance vector named 'covar0_cl0_cl1_cl1' had 2 variances floored, minimum variance found was 6.097802e-06.
WARNING: covariance vector named 'covar0_cl0_cl1_cl1_cl3' had 20 variances floored, minimum variance found was 1.532372e-10.
WARNING: covariance vector named 'covar0_cl0_cl1_cl1_cl2' had 11 variances floored, minimum variance found was 1.731037e-07.
WARNING: covariance vector named 'covar0_cl0_cl1_cl1_cl1' had 7 variances floored, minimum variance found was 3.786650e-06.
WARNING: covariance vector named 'covar0_cl0_cl1_cl1_cl0' had 4 variances floored, minimum variance found was 4.044127e-06.
WARNING: covariance vector named 'covar0_cl0_cl1_cl1_cl0_cl1' had 15 variances floored, minimum variance found was 1.688256e-08.
WARNING: covariance vector named 'covar0_cl0_cl1_cl1_cl0_cl0' had 9 variances floored, minimum variance found was 1.760113e-06.
WARNING: covariance vector named 'covar0_cl0_cl1_cl0' had 10 variances floored, minimum variance found was 2.125651e-06.
WARNING: covariance vector named 'covar0_cl0_cl1_cl0_cl3' had 20 variances floored, minimum variance found was 2.699913e-07.
WARNING: covariance vector named 'covar0_cl0_cl1_cl0_cl2' had 11 variances floored, minimum variance found was 5.876473e-07.
WARNING: covariance vector named 'covar0_cl0_cl1_cl0_cl1' had 8 variances floored, minimum variance found was 2.415399e-06.
WARNING: covariance vector named 'covar0_cl0_cl1_cl0_cl0' had 10 variances floored, minimum variance found was 3.987013e-06.
WARNING: covariance vector named 'covar0_cl0_cl1_cl0_cl0_cl2' had 11 variances floored, minimum variance found was 3.408430e-07.
WARNING: covariance vector named 'covar0_cl0_cl1_cl0_cl0_cl1' had 12 variances floored, minimum variance found was 2.544889e-06.
WARNING: covariance vector named 'covar0_cl0_cl1_cl0_cl0_cl0' had 7 variances floored, minimum variance found was 7.512000e-07.
WARNING: covariance vector named 'covar1_cl7' had 3 variances floored, minimum variance found was 1.434763e-07.
WARNING: covariance vector named 'covar1_cl6' had 2 variances floored, minimum variance found was 2.557833e-06.
WARNING: covariance vector named 'covar1_cl5' had 1 variances floored, minimum variance found was 7.077100e-06.
WARNING: covariance vector named 'covar1_cl3' had 1 variances floored, minimum variance found was 6.063499e-06.
WARNING: covariance vector named 'covar1_cl3_cl1' had 1 variances floored, minimum variance found was 1.535542e-06.
WARNING: covariance vector named 'covar1_cl2_cl3' had 9 variances floored, minimum variance found was 8.482565e-07.
WARNING: covariance vector named 'covar1_cl2_cl2' had 2 variances floored, minimum variance found was 2.371776e-08.
WARNING: covariance vector named 'covar1_cl2_cl1' had 1 variances floored, minimum variance found was 6.685418e-07.
WARNING: covariance vector named 'covar1_cl2_cl0_cl3' had 1 variances floored, minimum variance found was 2.414551e-06.
WARNING: covariance vector named 'covar1_cl2_cl0_cl2' had 6 variances floored, minimum variance found was 1.124084e-07.
WARNING: covariance vector named 'covar1_cl1' had 1 variances floored, minimum variance found was 8.820084e-06.
WARNING: covariance vector named 'covar1_cl1_cl1' had 1 variances floored, minimum variance found was 5.103442e-06.
WARNING: covariance vector named 'covar1_cl1_cl0' had 6 variances floored, minimum variance found was 2.883189e-07.
WARNING: covariance vector named 'covar1_cl0' had 1 variances floored, minimum variance found was 8.750737e-06.
WARNING: covariance vector named 'covar1_cl0_cl6' had 2 variances floored, minimum variance found was 3.107218e-06.
WARNING: covariance vector named 'covar1_cl0_cl5_cl0' had 5 variances floored, minimum variance found was 8.066002e-08.
WARNING: covariance vector named 'covar1_cl0_cl4_cl0' had 10 variances floored, minimum variance found was 3.455019e-08.
WARNING: covariance vector named 'covar1_cl0_cl3_cl3' had 4 variances floored, minimum variance found was 4.120619e-06.
WARNING: covariance vector named 'covar1_cl0_cl3_cl2' had 1 variances floored, minimum variance found was 6.946384e-06.
WARNING: covariance vector named 'covar1_cl0_cl3_cl1_cl0' had 2 variances floored, minimum variance found was 1.516541e-06.
WARNING: covariance vector named 'covar1_cl0_cl2_cl5' had 2 variances floored, minimum variance found was 4.463454e-06.
WARNING: covariance vector named 'covar1_cl0_cl2_cl4' had 2 variances floored, minimum variance found was 3.894377e-06.
WARNING: covariance vector named 'covar1_cl0_cl2_cl3' had 1 variances floored, minimum variance found was 9.270238e-06.
WARNING: covariance vector named 'covar1_cl0_cl2_cl2' had 1 variances floored, minimum variance found was 6.314113e-06.
WARNING: covariance vector named 'covar1_cl0_cl2_cl1' had 1 variances floored, minimum variance found was 5.080624e-06.
WARNING: covariance vector named 'covar1_cl0_cl2_cl1_cl2' had 2 variances floored, minimum variance found was 5.283058e-06.
WARNING: covariance vector named 'covar1_cl0_cl2_cl1_cl1' had 5 variances floored, minimum variance found was 1.958773e-06.
WARNING: covariance vector named 'covar1_cl0_cl2_cl1_cl0' had 2 variances floored, minimum variance found was 6.558946e-06.
WARNING: covariance vector named 'covar1_cl0_cl1_cl2_cl2' had 1 variances floored, minimum variance found was 3.436928e-06.
WARNING: covariance vector named 'covar1_cl0_cl1_cl1_cl2' had 3 variances floored, minimum variance found was 7.692358e-07.
WARNING: covariance vector named 'covar1_cl0_cl1_cl1_cl1' had 1 variances floored, minimum variance found was 5.127259e-06.
WARNING: covariance vector named 'covar1_cl0_cl1_cl0_cl4' had 20 variances floored, minimum variance found was -3.168915e-10.
WARNING: covariance vector named 'covar1_cl0_cl1_cl0_cl2' had 1 variances floored, minimum variance found was 4.974662e-06.
WARNING: covariance vector named 'covar1_cl0_cl0_cl8' had 10 variances floored, minimum variance found was 4.474891e-10.
WARNING: covariance vector named 'covar1_cl0_cl0_cl7' had 3 variances floored, minimum variance found was 5.649524e-07.
WARNING: covariance vector named 'covar1_cl0_cl0_cl5' had 1 variances floored, minimum variance found was 9.115173e-06.
WARNING: covariance vector named 'covar1_cl0_cl0_cl5_cl0' had 6 variances floored, minimum variance found was 4.830801e-06.
WARNING: covariance vector named 'covar1_cl0_cl0_cl4_cl0' had 8 variances floored, minimum variance found was 2.281998e-06.
WARNING: covariance vector named 'covar1_cl0_cl0_cl3' had 1 variances floored, minimum variance found was 6.838413e-06.
WARNING: covariance vector named 'covar1_cl0_cl0_cl3_cl1' had 3 variances floored, minimum variance found was 1.031198e-06.
WARNING: covariance vector named 'covar1_cl0_cl0_cl3_cl0' had 3 variances floored, minimum variance found was 5.261488e-06.
WARNING: covariance vector named 'covar1_cl0_cl0_cl2_cl0' had 3 variances floored, minimum variance found was 1.491461e-06.
WARNING: covariance vector named 'covar1_cl0_cl0_cl1' had 2 variances floored, minimum variance found was 8.763339e-06.
WARNING: covariance vector named 'covar1_cl0_cl0_cl1_cl3' had 12 variances floored, minimum variance found was 1.238015e-07.
WARNING: covariance vector named 'covar1_cl0_cl0_cl1_cl2' had 5 variances floored, minimum variance found was 3.373851e-06.
WARNING: covariance vector named 'covar1_cl0_cl0_cl1_cl1' had 9 variances floored, minimum variance found was 2.398517e-06.
WARNING: covariance vector named 'covar1_cl0_cl0_cl1_cl0' had 3 variances floored, minimum variance found was 5.633438e-06.
WARNING: covariance vector named 'covar1_cl0_cl0_cl1_cl0_cl0' had 20 variances floored, minimum variance found was 5.216058e-11.
WARNING: covariance vector named 'covar1_cl0_cl0_cl0' had 2 variances floored, minimum variance found was 5.191966e-06.
WARNING: covariance vector named 'covar1_cl0_cl0_cl0_cl4' had 4 variances floored, minimum variance found was 5.706625e-06.
WARNING: covariance vector named 'covar1_cl0_cl0_cl0_cl3' had 5 variances floored, minimum variance found was 3.254794e-06.
WARNING: covariance vector named 'covar1_cl0_cl0_cl0_cl2' had 1 variances floored, minimum variance found was 8.054095e-06.
WARNING: covariance vector named 'covar1_cl0_cl0_cl0_cl2_cl2' had 10 variances floored, minimum variance found was 2.320165e-08.
WARNING: covariance vector named 'covar1_cl0_cl0_cl0_cl2_cl1' had 4 variances floored, minimum variance found was 7.804661e-06.
WARNING: covariance vector named 'covar1_cl0_cl0_cl0_cl2_cl0' had 1 variances floored, minimum variance found was 9.259618e-06.
WARNING: covariance vector named 'covar1_cl0_cl0_cl0_cl1' had 4 variances floored, minimum variance found was 4.210989e-06.
WARNING: covariance vector named 'covar1_cl0_cl0_cl0_cl1_cl1' had 20 variances floored, minimum variance found was 1.125733e-10.
WARNING: covariance vector named 'covar1_cl0_cl0_cl0_cl1_cl0' had 10 variances floored, minimum variance found was 3.478868e-06.
WARNING: covariance vector named 'covar1_cl0_cl0_cl0_cl0' had 3 variances floored, minimum variance found was 4.334991e-06.
WARNING: covariance vector named 'covar1_cl0_cl0_cl0_cl0_cl5' had 2 variances floored, minimum variance found was 1.929548e-06.
WARNING: covariance vector named 'covar1_cl0_cl0_cl0_cl0_cl4' had 12 variances floored, minimum variance found was 1.711025e-07.
WARNING: covariance vector named 'covar1_cl0_cl0_cl0_cl0_cl3' had 8 variances floored, minimum variance found was 2.977986e-06.
WARNING: covariance vector named 'covar1_cl0_cl0_cl0_cl0_cl2' had 5 variances floored, minimum variance found was 8.193060e-07.
WARNING: covariance vector named 'covar1_cl0_cl0_cl0_cl0_cl1' had 8 variances floored, minimum variance found was 4.605858e-06.
WARNING: covariance vector named 'covar1_cl0_cl0_cl0_cl0_cl1_cl3' had 17 variances floored, minimum variance found was 1.736916e-07.
WARNING: covariance vector named 'covar1_cl0_cl0_cl0_cl0_cl1_cl2' had 17 variances floored, minimum variance found was 3.989414e-08.
WARNING: covariance vector named 'covar1_cl0_cl0_cl0_cl0_cl1_cl1' had 10 variances floored, minimum variance found was 1.296281e-06.
WARNING: covariance vector named 'covar1_cl0_cl0_cl0_cl0_cl1_cl0' had 9 variances floored, minimum variance found was 2.427547e-06.
WARNING: covariance vector named 'covar1_cl0_cl0_cl0_cl0_cl0' had 7 variances floored, minimum variance found was 3.885297e-06.
NOTE: DPMF 'dpmf0' has 0/8 elements vanishing/splitting
NOTE: DPMF 'dpmf1' has 2/2 elements vanishing/splitting
NOTE: saving only 397 used means out of a total of 399
NOTE: saving only 397 used covariances out of a total of 399
NOTE: saving only 397 used components out of a total of 399
NOTE: saving only 397 used means out of a total of 399
NOTE: saving only 397 used covariances out of a total of 399
NOTE: saving only 397 used components out of a total of 399
Maximum number of EM iterations reached (1). Stopping
### Final time (seconds) just for EM stage: User: 0.016212, System: 0.002224, CPU 0.018436
____ PROGRAM ENDED SUCCESSFULLY WITH STATUS 0 AT Tuesday August 18 2015, 19:52:07 PDT ____
