Creating Junction Tree
DONE creating Junction Tree
Loading accumulators from 'accumulators/acc_0_2_16comp.data'
WARNING: covariance vector named 'covar0_cl4_cl5' had 6 variances floored, minimum variance found was 3.156010e-06.
WARNING: covariance vector named 'covar0_cl4_cl4' had 5 variances floored, minimum variance found was 6.431137e-08.
WARNING: covariance vector named 'covar0_cl4_cl3_cl0' had 9 variances floored, minimum variance found was 5.404171e-08.
WARNING: covariance vector named 'covar0_cl4_cl1' had 1 variances floored, minimum variance found was 8.550658e-07.
WARNING: covariance vector named 'covar0_cl3_cl7' had 5 variances floored, minimum variance found was 4.332409e-07.
WARNING: covariance vector named 'covar0_cl3_cl6' had 3 variances floored, minimum variance found was 7.221194e-07.
WARNING: covariance vector named 'covar0_cl3_cl5' had 1 variances floored, minimum variance found was 8.329650e-06.
WARNING: covariance vector named 'covar0_cl3_cl5_cl0' had 7 variances floored, minimum variance found was 2.056555e-09.
WARNING: covariance vector named 'covar0_cl3_cl4_cl2' had 7 variances floored, minimum variance found was 3.002791e-07.
WARNING: covariance vector named 'covar0_cl3_cl4_cl1' had 3 variances floored, minimum variance found was 3.216736e-07.
WARNING: covariance vector named 'covar0_cl3_cl4_cl0' had 3 variances floored, minimum variance found was 6.094290e-06.
WARNING: covariance vector named 'covar0_cl3_cl3_cl0' had 20 variances floored, minimum variance found was -9.596843e-11.
WARNING: covariance vector named 'covar0_cl3_cl2' had 1 variances floored, minimum variance found was 7.471897e-06.
WARNING: covariance vector named 'covar0_cl3_cl2_cl0' had 20 variances floored, minimum variance found was -5.245944e-11.
WARNING: covariance vector named 'covar0_cl3_cl1_cl5' had 3 variances floored, minimum variance found was 7.582523e-07.
WARNING: covariance vector named 'covar0_cl3_cl1_cl4' had 3 variances floored, minimum variance found was 9.742674e-09.
WARNING: covariance vector named 'covar0_cl3_cl1_cl3' had 2 variances floored, minimum variance found was 9.155194e-07.
WARNING: covariance vector named 'covar0_cl3_cl1_cl2' had 1 variances floored, minimum variance found was 9.298694e-06.
WARNING: covariance vector named 'covar0_cl3_cl1_cl0_cl0' had 4 variances floored, minimum variance found was 4.049709e-09.
WARNING: covariance vector named 'covar0_cl3_cl0_cl4' had 8 variances floored, minimum variance found was 2.475663e-07.
WARNING: covariance vector named 'covar0_cl3_cl0_cl0_cl1' had 1 variances floored, minimum variance found was 4.638004e-06.
WARNING: covariance vector named 'covar0_cl2' had 1 variances floored, minimum variance found was 6.357887e-06.
WARNING: covariance vector named 'covar0_cl2_cl9' had 20 variances floored, minimum variance found was -3.144599e-11.
WARNING: covariance vector named 'covar0_cl2_cl8' had 2 variances floored, minimum variance found was 1.605190e-07.
WARNING: covariance vector named 'covar0_cl2_cl7' had 3 variances floored, minimum variance found was 2.457869e-06.
WARNING: covariance vector named 'covar0_cl2_cl6_cl0' had 20 variances floored, minimum variance found was -1.061166e-11.
WARNING: covariance vector named 'covar0_cl2_cl5' had 1 variances floored, minimum variance found was 3.622020e-06.
WARNING: covariance vector named 'covar0_cl2_cl4_cl3' had 6 variances floored, minimum variance found was 2.885509e-06.
WARNING: covariance vector named 'covar0_cl2_cl4_cl2' had 8 variances floored, minimum variance found was 1.418337e-07.
WARNING: covariance vector named 'covar0_cl2_cl4_cl1' had 4 variances floored, minimum variance found was 2.071022e-06.
WARNING: covariance vector named 'covar0_cl2_cl4_cl0' had 1 variances floored, minimum variance found was 9.293167e-06.
WARNING: covariance vector named 'covar0_cl2_cl3_cl3' had 1 variances floored, minimum variance found was 8.679453e-06.
WARNING: covariance vector named 'covar0_cl2_cl3_cl2' had 9 variances floored, minimum variance found was 1.419393e-07.
WARNING: covariance vector named 'covar0_cl2_cl3_cl0' had 1 variances floored, minimum variance found was 8.926001e-06.
WARNING: covariance vector named 'covar0_cl2_cl3_cl0_cl0' had 5 variances floored, minimum variance found was 2.709156e-06.
WARNING: covariance vector named 'covar0_cl2_cl2_cl4' had 8 variances floored, minimum variance found was 2.329419e-08.
WARNING: covariance vector named 'covar0_cl2_cl2_cl3' had 3 variances floored, minimum variance found was 2.223289e-06.
WARNING: covariance vector named 'covar0_cl2_cl2_cl2' had 1 variances floored, minimum variance found was 2.137213e-06.
WARNING: covariance vector named 'covar0_cl2_cl2_cl1_cl1' had 5 variances floored, minimum variance found was 6.911287e-07.
WARNING: covariance vector named 'covar0_cl2_cl2_cl1_cl0' had 3 variances floored, minimum variance found was 1.769911e-06.
WARNING: covariance vector named 'covar0_cl2_cl2_cl0_cl3' had 5 variances floored, minimum variance found was 2.746026e-06.
WARNING: covariance vector named 'covar0_cl2_cl2_cl0_cl2' had 2 variances floored, minimum variance found was 2.771204e-06.
WARNING: covariance vector named 'covar0_cl2_cl2_cl0_cl1' had 4 variances floored, minimum variance found was 2.956616e-06.
WARNING: covariance vector named 'covar0_cl2_cl2_cl0_cl0' had 2 variances floored, minimum variance found was 2.216802e-06.
WARNING: covariance vector named 'covar0_cl2_cl1' had 1 variances floored, minimum variance found was 4.929805e-07.
WARNING: covariance vector named 'covar0_cl2_cl1_cl6' had 3 variances floored, minimum variance found was 1.556500e-08.
WARNING: covariance vector named 'covar0_cl2_cl1_cl5' had 20 variances floored, minimum variance found was -7.038216e-11.
WARNING: covariance vector named 'covar0_cl2_cl1_cl4' had 11 variances floored, minimum variance found was 3.945483e-09.
WARNING: covariance vector named 'covar0_cl2_cl1_cl3' had 1 variances floored, minimum variance found was 2.363266e-07.
WARNING: covariance vector named 'covar0_cl2_cl1_cl3_cl1' had 8 variances floored, minimum variance found was 2.443642e-09.
WARNING: covariance vector named 'covar0_cl2_cl1_cl3_cl0' had 10 variances floored, minimum variance found was 1.811159e-09.
WARNING: covariance vector named 'covar0_cl2_cl1_cl2' had 1 variances floored, minimum variance found was 1.381701e-06.
WARNING: covariance vector named 'covar0_cl2_cl1_cl2_cl1' had 9 variances floored, minimum variance found was 1.785975e-08.
WARNING: covariance vector named 'covar0_cl2_cl1_cl2_cl0' had 4 variances floored, minimum variance found was 3.693395e-07.
WARNING: covariance vector named 'covar0_cl2_cl1_cl1' had 1 variances floored, minimum variance found was 6.888384e-06.
WARNING: covariance vector named 'covar0_cl2_cl1_cl1_cl1' had 20 variances floored, minimum variance found was -1.962935e-11.
WARNING: covariance vector named 'covar0_cl2_cl1_cl1_cl0' had 20 variances floored, minimum variance found was -6.739775e-11.
WARNING: covariance vector named 'covar0_cl2_cl1_cl0' had 2 variances floored, minimum variance found was 7.635817e-07.
WARNING: covariance vector named 'covar0_cl2_cl1_cl0_cl3' had 7 variances floored, minimum variance found was 2.769463e-07.
WARNING: covariance vector named 'covar0_cl2_cl1_cl0_cl2' had 5 variances floored, minimum variance found was 2.576319e-07.
WARNING: covariance vector named 'covar0_cl2_cl1_cl0_cl1' had 4 variances floored, minimum variance found was 2.008995e-08.
WARNING: covariance vector named 'covar0_cl2_cl1_cl0_cl0' had 4 variances floored, minimum variance found was 2.768599e-07.
WARNING: covariance vector named 'covar0_cl2_cl0_cl7' had 2 variances floored, minimum variance found was 1.967778e-06.
WARNING: covariance vector named 'covar0_cl2_cl0_cl6' had 2 variances floored, minimum variance found was 7.027696e-06.
WARNING: covariance vector named 'covar0_cl2_cl0_cl5' had 1 variances floored, minimum variance found was 6.186262e-06.
WARNING: covariance vector named 'covar0_cl2_cl0_cl3' had 1 variances floored, minimum variance found was 4.704179e-06.
WARNING: covariance vector named 'covar0_cl2_cl0_cl3_cl1' had 10 variances floored, minimum variance found was 1.771529e-07.
WARNING: covariance vector named 'covar0_cl2_cl0_cl3_cl0' had 9 variances floored, minimum variance found was 6.398912e-09.
WARNING: covariance vector named 'covar0_cl2_cl0_cl2_cl4' had 5 variances floored, minimum variance found was 3.446345e-07.
WARNING: covariance vector named 'covar0_cl2_cl0_cl2_cl3' had 2 variances floored, minimum variance found was 3.539869e-06.
WARNING: covariance vector named 'covar0_cl2_cl0_cl2_cl2' had 7 variances floored, minimum variance found was 7.839107e-07.
WARNING: covariance vector named 'covar0_cl2_cl0_cl2_cl1' had 4 variances floored, minimum variance found was 2.327807e-06.
WARNING: covariance vector named 'covar0_cl2_cl0_cl2_cl0' had 2 variances floored, minimum variance found was 3.307201e-06.
WARNING: covariance vector named 'covar0_cl2_cl0_cl1_cl5' had 4 variances floored, minimum variance found was 3.092367e-06.
WARNING: covariance vector named 'covar0_cl2_cl0_cl1_cl4' had 20 variances floored, minimum variance found was -3.266799e-09.
WARNING: covariance vector named 'covar0_cl2_cl0_cl1_cl3' had 1 variances floored, minimum variance found was 7.354621e-06.
WARNING: covariance vector named 'covar0_cl2_cl0_cl1_cl2' had 1 variances floored, minimum variance found was 7.670574e-06.
WARNING: covariance vector named 'covar0_cl2_cl0_cl1_cl0_cl0' had 5 variances floored, minimum variance found was 1.311709e-06.
WARNING: covariance vector named 'covar0_cl2_cl0_cl0_cl4' had 1 variances floored, minimum variance found was 2.652348e-06.
WARNING: covariance vector named 'covar0_cl2_cl0_cl0_cl3' had 1 variances floored, minimum variance found was 9.109145e-06.
WARNING: covariance vector named 'covar0_cl2_cl0_cl0_cl0' had 1 variances floored, minimum variance found was 9.693877e-06.
WARNING: covariance vector named 'covar0_cl2_cl0_cl0_cl0_cl1' had 20 variances floored, minimum variance found was -1.806218e-11.
WARNING: covariance vector named 'covar0_cl2_cl0_cl0_cl0_cl0' had 3 variances floored, minimum variance found was 3.315002e-06.
WARNING: covariance vector named 'covar0_cl1' had 3 variances floored, minimum variance found was 2.542310e-06.
WARNING: covariance vector named 'covar0_cl1_cl11' had 6 variances floored, minimum variance found was 2.438611e-06.
WARNING: covariance vector named 'covar0_cl1_cl10' had 12 variances floored, minimum variance found was 5.095606e-07.
WARNING: covariance vector named 'covar0_cl1_cl9' had 4 variances floored, minimum variance found was 4.763558e-07.
WARNING: covariance vector named 'covar0_cl1_cl8' had 3 variances floored, minimum variance found was 4.427500e-06.
WARNING: covariance vector named 'covar0_cl1_cl7' had 3 variances floored, minimum variance found was 3.596127e-06.
WARNING: covariance vector named 'covar0_cl1_cl6' had 2 variances floored, minimum variance found was 8.660948e-06.
WARNING: covariance vector named 'covar0_cl1_cl5' had 1 variances floored, minimum variance found was 9.256406e-06.
WARNING: covariance vector named 'covar0_cl1_cl5_cl2' had 20 variances floored, minimum variance found was -1.149142e-09.
WARNING: covariance vector named 'covar0_cl1_cl5_cl1' had 7 variances floored, minimum variance found was 4.431804e-07.
WARNING: covariance vector named 'covar0_cl1_cl5_cl0' had 5 variances floored, minimum variance found was 2.048649e-06.
WARNING: covariance vector named 'covar0_cl1_cl4' had 1 variances floored, minimum variance found was 8.721345e-06.
WARNING: covariance vector named 'covar0_cl1_cl4_cl2' had 7 variances floored, minimum variance found was 3.179264e-08.
WARNING: covariance vector named 'covar0_cl1_cl4_cl1' had 4 variances floored, minimum variance found was 1.884516e-06.
WARNING: covariance vector named 'covar0_cl1_cl4_cl0' had 3 variances floored, minimum variance found was 6.024166e-06.
WARNING: covariance vector named 'covar0_cl1_cl3_cl4' had 10 variances floored, minimum variance found was 1.229208e-07.
WARNING: covariance vector named 'covar0_cl1_cl3_cl3' had 5 variances floored, minimum variance found was 1.798858e-06.
WARNING: covariance vector named 'covar0_cl1_cl3_cl2' had 5 variances floored, minimum variance found was 3.820089e-08.
WARNING: covariance vector named 'covar0_cl1_cl3_cl1' had 3 variances floored, minimum variance found was 3.982689e-06.
WARNING: covariance vector named 'covar0_cl1_cl2' had 2 variances floored, minimum variance found was 6.198334e-06.
WARNING: covariance vector named 'covar0_cl1_cl2_cl6' had 5 variances floored, minimum variance found was 4.951413e-06.
WARNING: covariance vector named 'covar0_cl1_cl2_cl5' had 1 variances floored, minimum variance found was 8.789577e-06.
WARNING: covariance vector named 'covar0_cl1_cl2_cl4' had 3 variances floored, minimum variance found was 7.453573e-06.
WARNING: covariance vector named 'covar0_cl1_cl2_cl3' had 4 variances floored, minimum variance found was 2.845334e-06.
WARNING: covariance vector named 'covar0_cl1_cl2_cl1' had 2 variances floored, minimum variance found was 5.656940e-06.
WARNING: covariance vector named 'covar0_cl1_cl2_cl1_cl3' had 5 variances floored, minimum variance found was 8.164378e-07.
WARNING: covariance vector named 'covar0_cl1_cl2_cl1_cl2' had 3 variances floored, minimum variance found was 4.476946e-06.
WARNING: covariance vector named 'covar0_cl1_cl2_cl1_cl1' had 4 variances floored, minimum variance found was 1.683224e-06.
WARNING: covariance vector named 'covar0_cl1_cl2_cl1_cl0' had 4 variances floored, minimum variance found was 1.392079e-06.
WARNING: covariance vector named 'covar0_cl1_cl2_cl0_cl3' had 7 variances floored, minimum variance found was 1.985208e-08.
WARNING: covariance vector named 'covar0_cl1_cl2_cl0_cl2' had 9 variances floored, minimum variance found was 2.183552e-07.
WARNING: covariance vector named 'covar0_cl1_cl2_cl0_cl1' had 5 variances floored, minimum variance found was 1.937733e-06.
WARNING: covariance vector named 'covar0_cl1_cl2_cl0_cl1_cl0' had 9 variances floored, minimum variance found was 5.527386e-07.
WARNING: covariance vector named 'covar0_cl1_cl2_cl0_cl0' had 4 variances floored, minimum variance found was 6.960602e-07.
WARNING: covariance vector named 'covar0_cl1_cl1_cl4' had 10 variances floored, minimum variance found was 6.514657e-09.
WARNING: covariance vector named 'covar0_cl1_cl1_cl3' had 1 variances floored, minimum variance found was 9.044283e-06.
WARNING: covariance vector named 'covar0_cl1_cl1_cl2' had 3 variances floored, minimum variance found was 4.110211e-06.
WARNING: covariance vector named 'covar0_cl1_cl1_cl1_cl1' had 8 variances floored, minimum variance found was 8.446051e-07.
WARNING: covariance vector named 'covar0_cl1_cl1_cl1_cl0' had 10 variances floored, minimum variance found was 6.895217e-09.
WARNING: covariance vector named 'covar0_cl1_cl0_cl3' had 7 variances floored, minimum variance found was 7.032795e-09.
WARNING: covariance vector named 'covar0_cl1_cl0_cl2' had 1 variances floored, minimum variance found was 7.638946e-06.
WARNING: covariance vector named 'covar0_cl1_cl0_cl1' had 3 variances floored, minimum variance found was 3.708298e-06.
WARNING: covariance vector named 'covar0_cl1_cl0_cl1_cl3' had 4 variances floored, minimum variance found was 6.043205e-06.
WARNING: covariance vector named 'covar0_cl1_cl0_cl1_cl2' had 5 variances floored, minimum variance found was 3.065238e-06.
WARNING: covariance vector named 'covar0_cl1_cl0_cl1_cl1' had 2 variances floored, minimum variance found was 6.310960e-06.
WARNING: covariance vector named 'covar0_cl1_cl0_cl1_cl0' had 3 variances floored, minimum variance found was 1.396939e-06.
WARNING: covariance vector named 'covar0_cl1_cl0_cl1_cl0_cl1' had 11 variances floored, minimum variance found was 1.520295e-07.
WARNING: covariance vector named 'covar0_cl1_cl0_cl1_cl0_cl0' had 4 variances floored, minimum variance found was 4.111571e-06.
WARNING: covariance vector named 'covar0_cl1_cl0_cl0' had 4 variances floored, minimum variance found was 5.027962e-06.
WARNING: covariance vector named 'covar0_cl1_cl0_cl0_cl7' had 11 variances floored, minimum variance found was 7.445412e-07.
WARNING: covariance vector named 'covar0_cl1_cl0_cl0_cl6' had 4 variances floored, minimum variance found was 1.796358e-06.
WARNING: covariance vector named 'covar0_cl1_cl0_cl0_cl5' had 4 variances floored, minimum variance found was 5.754093e-06.
WARNING: covariance vector named 'covar0_cl1_cl0_cl0_cl4' had 2 variances floored, minimum variance found was 4.848319e-06.
WARNING: covariance vector named 'covar0_cl1_cl0_cl0_cl3' had 3 variances floored, minimum variance found was 2.929818e-06.
WARNING: covariance vector named 'covar0_cl1_cl0_cl0_cl3_cl0' had 9 variances floored, minimum variance found was 8.771588e-08.
WARNING: covariance vector named 'covar0_cl1_cl0_cl0_cl2' had 5 variances floored, minimum variance found was 1.365420e-06.
WARNING: covariance vector named 'covar0_cl1_cl0_cl0_cl2_cl0' had 12 variances floored, minimum variance found was 2.248081e-08.
WARNING: covariance vector named 'covar0_cl1_cl0_cl0_cl1' had 6 variances floored, minimum variance found was 1.731648e-06.
WARNING: covariance vector named 'covar0_cl1_cl0_cl0_cl1_cl1' had 5 variances floored, minimum variance found was 1.020248e-06.
WARNING: covariance vector named 'covar0_cl1_cl0_cl0_cl1_cl0' had 7 variances floored, minimum variance found was 1.597296e-06.
WARNING: covariance vector named 'covar0_cl1_cl0_cl0_cl0' had 3 variances floored, minimum variance found was 3.267118e-06.
WARNING: covariance vector named 'covar0_cl1_cl0_cl0_cl0_cl0' had 6 variances floored, minimum variance found was 3.473923e-06.
WARNING: covariance vector named 'covar0_cl0' had 5 variances floored, minimum variance found was 3.514139e-06.
WARNING: covariance vector named 'covar0_cl0_cl11' had 14 variances floored, minimum variance found was 7.305140e-08.
WARNING: covariance vector named 'covar0_cl0_cl10' had 16 variances floored, minimum variance found was 1.583109e-08.
WARNING: covariance vector named 'covar0_cl0_cl9' had 8 variances floored, minimum variance found was 1.269378e-06.
WARNING: covariance vector named 'covar0_cl0_cl8' had 3 variances floored, minimum variance found was 3.392493e-06.
WARNING: covariance vector named 'covar0_cl0_cl7' had 6 variances floored, minimum variance found was 1.271623e-06.
WARNING: covariance vector named 'covar0_cl0_cl6' had 3 variances floored, minimum variance found was 7.429100e-06.
WARNING: covariance vector named 'covar0_cl0_cl5' had 4 variances floored, minimum variance found was 5.196936e-06.
WARNING: covariance vector named 'covar0_cl0_cl5_cl3' had 12 variances floored, minimum variance found was 5.240607e-07.
WARNING: covariance vector named 'covar0_cl0_cl5_cl2' had 7 variances floored, minimum variance found was 6.739966e-08.
WARNING: covariance vector named 'covar0_cl0_cl5_cl1' had 2 variances floored, minimum variance found was 6.525276e-06.
WARNING: covariance vector named 'covar0_cl0_cl5_cl1_cl0' had 12 variances floored, minimum variance found was 2.757151e-07.
WARNING: covariance vector named 'covar0_cl0_cl5_cl0' had 6 variances floored, minimum variance found was 3.895840e-06.
WARNING: covariance vector named 'covar0_cl0_cl5_cl0_cl0' had 8 variances floored, minimum variance found was 1.007939e-06.
WARNING: covariance vector named 'covar0_cl0_cl4' had 5 variances floored, minimum variance found was 3.442660e-06.
WARNING: covariance vector named 'covar0_cl0_cl4_cl2' had 8 variances floored, minimum variance found was 1.000070e-06.
WARNING: covariance vector named 'covar0_cl0_cl4_cl1' had 5 variances floored, minimum variance found was 3.433889e-06.
WARNING: covariance vector named 'covar0_cl0_cl4_cl1_cl0' had 10 variances floored, minimum variance found was 1.288208e-06.
WARNING: covariance vector named 'covar0_cl0_cl4_cl0' had 13 variances floored, minimum variance found was 6.063566e-08.
WARNING: covariance vector named 'covar0_cl0_cl3' had 7 variances floored, minimum variance found was 1.997719e-06.
WARNING: covariance vector named 'covar0_cl0_cl3_cl5' had 9 variances floored, minimum variance found was 3.578136e-06.
WARNING: covariance vector named 'covar0_cl0_cl3_cl4' had 11 variances floored, minimum variance found was 2.531934e-06.
WARNING: covariance vector named 'covar0_cl0_cl3_cl3' had 4 variances floored, minimum variance found was 2.379202e-06.
WARNING: covariance vector named 'covar0_cl0_cl3_cl2' had 4 variances floored, minimum variance found was 5.495888e-06.
WARNING: covariance vector named 'covar0_cl0_cl3_cl1' had 5 variances floored, minimum variance found was 2.332798e-06.
WARNING: covariance vector named 'covar0_cl0_cl3_cl1_cl1' had 16 variances floored, minimum variance found was 2.856341e-07.
WARNING: covariance vector named 'covar0_cl0_cl3_cl1_cl0' had 12 variances floored, minimum variance found was 9.645905e-07.
WARNING: covariance vector named 'covar0_cl0_cl3_cl0' had 7 variances floored, minimum variance found was 2.524622e-06.
WARNING: covariance vector named 'covar0_cl0_cl3_cl0_cl1' had 17 variances floored, minimum variance found was 8.449801e-09.
WARNING: covariance vector named 'covar0_cl0_cl3_cl0_cl0' had 10 variances floored, minimum variance found was 8.310898e-07.
WARNING: covariance vector named 'covar0_cl0_cl2' had 7 variances floored, minimum variance found was 2.677214e-06.
WARNING: covariance vector named 'covar0_cl0_cl2_cl7' had 20 variances floored, minimum variance found was 1.163632e-09.
WARNING: covariance vector named 'covar0_cl0_cl2_cl6' had 9 variances floored, minimum variance found was 2.597801e-07.
WARNING: covariance vector named 'covar0_cl0_cl2_cl5' had 10 variances floored, minimum variance found was 1.818132e-06.
WARNING: covariance vector named 'covar0_cl0_cl2_cl4' had 9 variances floored, minimum variance found was 2.081123e-06.
WARNING: covariance vector named 'covar0_cl0_cl2_cl3' had 8 variances floored, minimum variance found was 3.803047e-06.
WARNING: covariance vector named 'covar0_cl0_cl2_cl3_cl0' had 15 variances floored, minimum variance found was 1.334979e-07.
WARNING: covariance vector named 'covar0_cl0_cl2_cl2' had 4 variances floored, minimum variance found was 5.067026e-06.
WARNING: covariance vector named 'covar0_cl0_cl2_cl2_cl2' had 14 variances floored, minimum variance found was 1.535631e-07.
WARNING: covariance vector named 'covar0_cl0_cl2_cl2_cl1' had 20 variances floored, minimum variance found was 1.582877e-09.
WARNING: covariance vector named 'covar0_cl0_cl2_cl2_cl0' had 9 variances floored, minimum variance found was 5.073767e-06.
WARNING: covariance vector named 'covar0_cl0_cl2_cl1' had 3 variances floored, minimum variance found was 5.928847e-06.
WARNING: covariance vector named 'covar0_cl0_cl2_cl1_cl3' had 15 variances floored, minimum variance found was 1.183770e-06.
WARNING: covariance vector named 'covar0_cl0_cl2_cl1_cl2' had 10 variances floored, minimum variance found was 8.842217e-07.
WARNING: covariance vector named 'covar0_cl0_cl2_cl1_cl1' had 11 variances floored, minimum variance found was 8.427568e-07.
WARNING: covariance vector named 'covar0_cl0_cl2_cl1_cl0' had 10 variances floored, minimum variance found was 3.133376e-06.
WARNING: covariance vector named 'covar0_cl0_cl2_cl0' had 19 variances floored, minimum variance found was 2.811439e-06.
WARNING: covariance vector named 'covar0_cl0_cl2_cl0_cl7' had 19 variances floored, minimum variance found was 2.530333e-06.
WARNING: covariance vector named 'covar0_cl0_cl2_cl0_cl6' had 19 variances floored, minimum variance found was 2.682029e-06.
WARNING: covariance vector named 'covar0_cl0_cl2_cl0_cl6_cl0' had 19 variances floored, minimum variance found was 2.164871e-06.
WARNING: covariance vector named 'covar0_cl0_cl2_cl0_cl5' had 19 variances floored, minimum variance found was 2.148256e-06.
WARNING: covariance vector named 'covar0_cl0_cl2_cl0_cl5_cl1' had 19 variances floored, minimum variance found was 2.010435e-06.
WARNING: covariance vector named 'covar0_cl0_cl2_cl0_cl5_cl0' had 19 variances floored, minimum variance found was 2.145107e-06.
WARNING: covariance vector named 'covar0_cl0_cl2_cl0_cl5_cl0_cl0' had 19 variances floored, minimum variance found was 1.936824e-06.
WARNING: covariance vector named 'covar0_cl0_cl2_cl0_cl4' had 19 variances floored, minimum variance found was 2.986334e-06.
WARNING: covariance vector named 'covar0_cl0_cl2_cl0_cl4_cl2' had 19 variances floored, minimum variance found was 2.717294e-06.
WARNING: covariance vector named 'covar0_cl0_cl2_cl0_cl4_cl1' had 19 variances floored, minimum variance found was 3.152898e-06.
WARNING: covariance vector named 'covar0_cl0_cl2_cl0_cl4_cl1_cl0' had 19 variances floored, minimum variance found was 2.170244e-06.
WARNING: covariance vector named 'covar0_cl0_cl2_cl0_cl4_cl0' had 19 variances floored, minimum variance found was 2.992310e-06.
WARNING: covariance vector named 'covar0_cl0_cl2_cl0_cl4_cl0_cl1' had 19 variances floored, minimum variance found was 3.005043e-06.
WARNING: covariance vector named 'covar0_cl0_cl2_cl0_cl4_cl0_cl0' had 19 variances floored, minimum variance found was 2.557563e-06.
WARNING: covariance vector named 'covar0_cl0_cl2_cl0_cl3' had 19 variances floored, minimum variance found was 3.670374e-06.
WARNING: covariance vector named 'covar0_cl0_cl2_cl0_cl3_cl3' had 18 variances floored, minimum variance found was 3.759027e-06.
WARNING: covariance vector named 'covar0_cl0_cl2_cl0_cl3_cl2' had 19 variances floored, minimum variance found was 3.392414e-06.
WARNING: covariance vector named 'covar0_cl0_cl2_cl0_cl3_cl1' had 19 variances floored, minimum variance found was 3.148529e-06.
WARNING: covariance vector named 'covar0_cl0_cl2_cl0_cl3_cl0' had 18 variances floored, minimum variance found was 4.080045e-06.
WARNING: covariance vector named 'covar0_cl0_cl2_cl0_cl3_cl0_cl1' had 19 variances floored, minimum variance found was 3.281716e-06.
WARNING: covariance vector named 'covar0_cl0_cl2_cl0_cl3_cl0_cl0' had 18 variances floored, minimum variance found was 4.708254e-06.
WARNING: covariance vector named 'covar0_cl0_cl2_cl0_cl2' had 12 variances floored, minimum variance found was 3.221616e-06.
WARNING: covariance vector named 'covar0_cl0_cl2_cl0_cl2_cl1' had 12 variances floored, minimum variance found was 1.672581e-06.
WARNING: covariance vector named 'covar0_cl0_cl2_cl0_cl2_cl0' had 15 variances floored, minimum variance found was 9.188990e-07.
WARNING: covariance vector named 'covar0_cl0_cl2_cl0_cl1' had 10 variances floored, minimum variance found was 2.280602e-06.
WARNING: covariance vector named 'covar0_cl0_cl2_cl0_cl1_cl1' had 19 variances floored, minimum variance found was 2.987473e-08.
WARNING: covariance vector named 'covar0_cl0_cl2_cl0_cl1_cl0' had 15 variances floored, minimum variance found was 6.858323e-07.
WARNING: covariance vector named 'covar0_cl0_cl2_cl0_cl0' had 8 variances floored, minimum variance found was 1.592501e-06.
WARNING: covariance vector named 'covar0_cl0_cl2_cl0_cl0_cl2' had 11 variances floored, minimum variance found was 2.738467e-06.
WARNING: covariance vector named 'covar0_cl0_cl2_cl0_cl0_cl1' had 12 variances floored, minimum variance found was 1.930404e-07.
WARNING: covariance vector named 'covar0_cl0_cl2_cl0_cl0_cl0' had 15 variances floored, minimum variance found was 1.993020e-06.
WARNING: covariance vector named 'covar0_cl0_cl1' had 3 variances floored, minimum variance found was 7.427344e-06.
WARNING: covariance vector named 'covar0_cl0_cl1_cl9' had 11 variances floored, minimum variance found was 6.158074e-09.
WARNING: covariance vector named 'covar0_cl0_cl1_cl8' had 10 variances floored, minimum variance found was 3.424604e-08.
WARNING: covariance vector named 'covar0_cl0_cl1_cl7' had 7 variances floored, minimum variance found was 2.765410e-06.
WARNING: covariance vector named 'covar0_cl0_cl1_cl6' had 5 variances floored, minimum variance found was 4.756885e-06.
WARNING: covariance vector named 'covar0_cl0_cl1_cl5' had 5 variances floored, minimum variance found was 5.423175e-07.
WARNING: covariance vector named 'covar0_cl0_cl1_cl4' had 3 variances floored, minimum variance found was 2.447531e-06.
WARNING: covariance vector named 'covar0_cl0_cl1_cl4_cl0' had 6 variances floored, minimum variance found was 1.212312e-06.
WARNING: covariance vector named 'covar0_cl0_cl1_cl3' had 3 variances floored, minimum variance found was 7.696613e-06.
WARNING: covariance vector named 'covar0_cl0_cl1_cl3_cl3' had 11 variances floored, minimum variance found was 2.768172e-08.
WARNING: covariance vector named 'covar0_cl0_cl1_cl3_cl2' had 8 variances floored, minimum variance found was 1.337054e-06.
WARNING: covariance vector named 'covar0_cl0_cl1_cl3_cl1' had 11 variances floored, minimum variance found was 1.134618e-06.
WARNING: covariance vector named 'covar0_cl0_cl1_cl3_cl0' had 13 variances floored, minimum variance found was 7.290968e-08.
WARNING: covariance vector named 'covar0_cl0_cl1_cl2' had 4 variances floored, minimum variance found was 5.470293e-06.
WARNING: covariance vector named 'covar0_cl0_cl1_cl2_cl2' had 10 variances floored, minimum variance found was 4.322634e-07.
WARNING: covariance vector named 'covar0_cl0_cl1_cl2_cl1' had 10 variances floored, minimum variance found was 5.804088e-07.
WARNING: covariance vector named 'covar0_cl0_cl1_cl2_cl0' had 8 variances floored, minimum variance found was 4.161949e-06.
WARNING: covariance vector named 'covar0_cl0_cl1_cl1' had 2 variances floored, minimum variance found was 6.078538e-06.
WARNING: covariance vector named 'covar0_cl0_cl1_cl1_cl3' had 20 variances floored, minimum variance found was 1.593017e-10.
WARNING: covariance vector named 'covar0_cl0_cl1_cl1_cl2' had 11 variances floored, minimum variance found was 1.731119e-07.
WARNING: covariance vector named 'covar0_cl0_cl1_cl1_cl1' had 7 variances floored, minimum variance found was 3.891303e-06.
WARNING: covariance vector named 'covar0_cl0_cl1_cl1_cl0' had 4 variances floored, minimum variance found was 4.035288e-06.
WARNING: covariance vector named 'covar0_cl0_cl1_cl1_cl0_cl1' had 15 variances floored, minimum variance found was 1.693135e-08.
WARNING: covariance vector named 'covar0_cl0_cl1_cl1_cl0_cl0' had 10 variances floored, minimum variance found was 1.660097e-06.
WARNING: covariance vector named 'covar0_cl0_cl1_cl0' had 10 variances floored, minimum variance found was 2.125305e-06.
WARNING: covariance vector named 'covar0_cl0_cl1_cl0_cl3' had 20 variances floored, minimum variance found was 2.699913e-07.
WARNING: covariance vector named 'covar0_cl0_cl1_cl0_cl2' had 11 variances floored, minimum variance found was 5.876429e-07.
WARNING: covariance vector named 'covar0_cl0_cl1_cl0_cl1' had 8 variances floored, minimum variance found was 2.415409e-06.
WARNING: covariance vector named 'covar0_cl0_cl1_cl0_cl0' had 10 variances floored, minimum variance found was 3.934006e-06.
WARNING: covariance vector named 'covar0_cl0_cl1_cl0_cl0_cl2' had 11 variances floored, minimum variance found was 3.447168e-07.
WARNING: covariance vector named 'covar0_cl0_cl1_cl0_cl0_cl1' had 12 variances floored, minimum variance found was 2.508598e-06.
WARNING: covariance vector named 'covar0_cl0_cl1_cl0_cl0_cl0' had 7 variances floored, minimum variance found was 7.814564e-07.
WARNING: covariance vector named 'covar1_cl9' had 1 variances floored, minimum variance found was 6.917976e-06.
WARNING: covariance vector named 'covar1_cl7' had 3 variances floored, minimum variance found was 1.434886e-07.
WARNING: covariance vector named 'covar1_cl6' had 2 variances floored, minimum variance found was 2.557834e-06.
WARNING: covariance vector named 'covar1_cl5' had 1 variances floored, minimum variance found was 7.077149e-06.
WARNING: covariance vector named 'covar1_cl3' had 1 variances floored, minimum variance found was 6.852199e-06.
WARNING: covariance vector named 'covar1_cl3_cl1' had 1 variances floored, minimum variance found was 1.535485e-06.
WARNING: covariance vector named 'covar1_cl2_cl3' had 9 variances floored, minimum variance found was 8.482565e-07.
WARNING: covariance vector named 'covar1_cl2_cl2' had 2 variances floored, minimum variance found was 2.371777e-08.
WARNING: covariance vector named 'covar1_cl2_cl1' had 1 variances floored, minimum variance found was 6.684593e-07.
WARNING: covariance vector named 'covar1_cl2_cl0_cl3' had 1 variances floored, minimum variance found was 2.425623e-06.
WARNING: covariance vector named 'covar1_cl2_cl0_cl2' had 6 variances floored, minimum variance found was 1.122689e-07.
WARNING: covariance vector named 'covar1_cl1' had 1 variances floored, minimum variance found was 8.810416e-06.
WARNING: covariance vector named 'covar1_cl1_cl2' had 1 variances floored, minimum variance found was 2.645459e-06.
WARNING: covariance vector named 'covar1_cl1_cl0' had 6 variances floored, minimum variance found was 2.883189e-07.
WARNING: covariance vector named 'covar1_cl0' had 1 variances floored, minimum variance found was 8.750673e-06.
WARNING: covariance vector named 'covar1_cl0_cl6' had 2 variances floored, minimum variance found was 3.107273e-06.
WARNING: covariance vector named 'covar1_cl0_cl5_cl0' had 5 variances floored, minimum variance found was 8.065701e-08.
WARNING: covariance vector named 'covar1_cl0_cl4_cl0' had 10 variances floored, minimum variance found was 3.383291e-08.
WARNING: covariance vector named 'covar1_cl0_cl3_cl3' had 4 variances floored, minimum variance found was 4.121465e-06.
WARNING: covariance vector named 'covar1_cl0_cl3_cl2' had 1 variances floored, minimum variance found was 6.944833e-06.
WARNING: covariance vector named 'covar1_cl0_cl3_cl1_cl0' had 2 variances floored, minimum variance found was 1.612534e-06.
WARNING: covariance vector named 'covar1_cl0_cl2_cl5' had 2 variances floored, minimum variance found was 4.463315e-06.
WARNING: covariance vector named 'covar1_cl0_cl2_cl4' had 2 variances floored, minimum variance found was 3.894562e-06.
WARNING: covariance vector named 'covar1_cl0_cl2_cl3' had 1 variances floored, minimum variance found was 9.258009e-06.
WARNING: covariance vector named 'covar1_cl0_cl2_cl2' had 1 variances floored, minimum variance found was 6.313951e-06.
WARNING: covariance vector named 'covar1_cl0_cl2_cl1' had 1 variances floored, minimum variance found was 5.074405e-06.
WARNING: covariance vector named 'covar1_cl0_cl2_cl1_cl2' had 2 variances floored, minimum variance found was 5.308184e-06.
WARNING: covariance vector named 'covar1_cl0_cl2_cl1_cl1' had 5 variances floored, minimum variance found was 1.959231e-06.
WARNING: covariance vector named 'covar1_cl0_cl2_cl1_cl0' had 2 variances floored, minimum variance found was 6.558863e-06.
WARNING: covariance vector named 'covar1_cl0_cl1_cl2_cl2' had 1 variances floored, minimum variance found was 3.435963e-06.
WARNING: covariance vector named 'covar1_cl0_cl1_cl1_cl2' had 3 variances floored, minimum variance found was 7.567863e-07.
WARNING: covariance vector named 'covar1_cl0_cl1_cl1_cl1' had 1 variances floored, minimum variance found was 5.122638e-06.
WARNING: covariance vector named 'covar1_cl0_cl1_cl0_cl4' had 20 variances floored, minimum variance found was -3.168915e-10.
WARNING: covariance vector named 'covar1_cl0_cl1_cl0_cl2' had 1 variances floored, minimum variance found was 4.974700e-06.
WARNING: covariance vector named 'covar1_cl0_cl0_cl8' had 10 variances floored, minimum variance found was 4.438254e-10.
WARNING: covariance vector named 'covar1_cl0_cl0_cl7' had 3 variances floored, minimum variance found was 5.651915e-07.
WARNING: covariance vector named 'covar1_cl0_cl0_cl5' had 1 variances floored, minimum variance found was 9.421574e-06.
WARNING: covariance vector named 'covar1_cl0_cl0_cl5_cl0' had 6 variances floored, minimum variance found was 5.360692e-06.
WARNING: covariance vector named 'covar1_cl0_cl0_cl4_cl0' had 8 variances floored, minimum variance found was 2.282240e-06.
WARNING: covariance vector named 'covar1_cl0_cl0_cl3' had 1 variances floored, minimum variance found was 7.014935e-06.
WARNING: covariance vector named 'covar1_cl0_cl0_cl3_cl1' had 3 variances floored, minimum variance found was 1.030910e-06.
WARNING: covariance vector named 'covar1_cl0_cl0_cl3_cl0' had 3 variances floored, minimum variance found was 5.332206e-06.
WARNING: covariance vector named 'covar1_cl0_cl0_cl2_cl0' had 3 variances floored, minimum variance found was 1.491465e-06.
WARNING: covariance vector named 'covar1_cl0_cl0_cl1' had 2 variances floored, minimum variance found was 8.560796e-06.
WARNING: covariance vector named 'covar1_cl0_cl0_cl1_cl3' had 12 variances floored, minimum variance found was 1.243077e-07.
WARNING: covariance vector named 'covar1_cl0_cl0_cl1_cl2' had 5 variances floored, minimum variance found was 3.413692e-06.
WARNING: covariance vector named 'covar1_cl0_cl0_cl1_cl1' had 9 variances floored, minimum variance found was 2.398532e-06.
WARNING: covariance vector named 'covar1_cl0_cl0_cl1_cl0' had 3 variances floored, minimum variance found was 5.627423e-06.
WARNING: covariance vector named 'covar1_cl0_cl0_cl1_cl0_cl0' had 20 variances floored, minimum variance found was 7.083253e-11.
WARNING: covariance vector named 'covar1_cl0_cl0_cl0' had 2 variances floored, minimum variance found was 5.228780e-06.
WARNING: covariance vector named 'covar1_cl0_cl0_cl0_cl4' had 4 variances floored, minimum variance found was 5.802448e-06.
WARNING: covariance vector named 'covar1_cl0_cl0_cl0_cl3' had 5 variances floored, minimum variance found was 3.593051e-06.
WARNING: covariance vector named 'covar1_cl0_cl0_cl0_cl2' had 1 variances floored, minimum variance found was 8.020085e-06.
WARNING: covariance vector named 'covar1_cl0_cl0_cl0_cl2_cl2' had 10 variances floored, minimum variance found was 2.541547e-08.
WARNING: covariance vector named 'covar1_cl0_cl0_cl0_cl2_cl1' had 4 variances floored, minimum variance found was 7.787642e-06.
WARNING: covariance vector named 'covar1_cl0_cl0_cl0_cl2_cl0' had 1 variances floored, minimum variance found was 9.222507e-06.
WARNING: covariance vector named 'covar1_cl0_cl0_cl0_cl1' had 4 variances floored, minimum variance found was 4.218077e-06.
WARNING: covariance vector named 'covar1_cl0_cl0_cl0_cl1_cl1' had 20 variances floored, minimum variance found was 6.521888e-12.
WARNING: covariance vector named 'covar1_cl0_cl0_cl0_cl1_cl0' had 10 variances floored, minimum variance found was 3.513018e-06.
WARNING: covariance vector named 'covar1_cl0_cl0_cl0_cl0' had 4 variances floored, minimum variance found was 3.649413e-06.
WARNING: covariance vector named 'covar1_cl0_cl0_cl0_cl0_cl5' had 2 variances floored, minimum variance found was 2.228060e-06.
WARNING: covariance vector named 'covar1_cl0_cl0_cl0_cl0_cl4' had 11 variances floored, minimum variance found was 2.466600e-07.
WARNING: covariance vector named 'covar1_cl0_cl0_cl0_cl0_cl3' had 8 variances floored, minimum variance found was 2.973370e-06.
WARNING: covariance vector named 'covar1_cl0_cl0_cl0_cl0_cl2' had 5 variances floored, minimum variance found was 7.993387e-07.
WARNING: covariance vector named 'covar1_cl0_cl0_cl0_cl0_cl1' had 7 variances floored, minimum variance found was 4.606563e-06.
WARNING: covariance vector named 'covar1_cl0_cl0_cl0_cl0_cl1_cl3' had 17 variances floored, minimum variance found was 6.876056e-08.
WARNING: covariance vector named 'covar1_cl0_cl0_cl0_cl0_cl1_cl2' had 17 variances floored, minimum variance found was 3.787876e-08.
WARNING: covariance vector named 'covar1_cl0_cl0_cl0_cl0_cl1_cl1' had 10 variances floored, minimum variance found was 1.295131e-06.
WARNING: covariance vector named 'covar1_cl0_cl0_cl0_cl0_cl1_cl0' had 9 variances floored, minimum variance found was 2.426507e-06.
WARNING: covariance vector named 'covar1_cl0_cl0_cl0_cl0_cl0' had 7 variances floored, minimum variance found was 3.883594e-06.
Maximum number of EM iterations reached (1). Stopping
### Final time (seconds) just for EM stage: User: 0.016024, System: 0.002036, CPU 0.018060
____ PROGRAM ENDED SUCCESSFULLY WITH STATUS 0 AT Tuesday August 18 2015, 19:52:08 PDT ____
