Creating Junction Tree
DONE creating Junction Tree
Segment 0, after CE, log(prob(evidence)) = -801356.315701, per frame =-304.814118, per numUFrams = -304.814118
EMIter0: Total data log prob from 2629 frames processed is: -8.013563157e+05
NOTE: storing current accumulators (from training 1 segments) to file 'accumulators/acc_0_1_32comp.data' and exiting.
WARNING: zero accumulator values for mean vector 'mean0_cl2_cl0'
WARNING: zero accumulator values for mean vector 'mean0_cl1_cl0'
WARNING: zero accumulator values for mean vector 'mean0_cl0_cl1_cl0'
WARNING: zero accumulator values for mean vector 'mean0_cl0_cl0_cl0'
WARNING: zero accumulator values for mean vector 'mean1_cl2_cl0'
WARNING: zero accumulator values for mean vector 'mean1_cl1_cl0'
WARNING: zero accumulator values for mean vector 'mean1_cl0_cl2_cl0'
WARNING: zero accumulator values for mean vector 'mean1_cl0_cl1_cl0_cl0'
WARNING: zero accumulator values for mean vector 'mean1_cl0_cl0_cl1_cl0'
WARNING: zero accumulator values for mean vector 'mean1_cl0_cl0_cl0_cl0'
WARNING: zero accumulator values for covariance vector 'covar0_cl2_cl0'
WARNING: zero accumulator values for covariance vector 'covar0_cl1_cl0'
WARNING: zero accumulator values for covariance vector 'covar0_cl0_cl1_cl0'
WARNING: zero accumulator values for covariance vector 'covar0_cl0_cl0_cl0'
WARNING: zero accumulator values for covariance vector 'covar1_cl2_cl0'
WARNING: zero accumulator values for covariance vector 'covar1_cl1_cl0'
WARNING: zero accumulator values for covariance vector 'covar1_cl0_cl2_cl0'
WARNING: zero accumulator values for covariance vector 'covar1_cl0_cl1_cl0_cl0'
WARNING: zero accumulator values for covariance vector 'covar1_cl0_cl0_cl1_cl0'
WARNING: zero accumulator values for covariance vector 'covar1_cl0_cl0_cl0_cl0'
WARNING: zero accumulator values for Diag Gaussian 'gc_0_cl2_cl0'
WARNING: zero accumulator values for Diag Gaussian 'gc_0_cl1_cl0'
WARNING: zero accumulator values for Diag Gaussian 'gc_0_cl0_cl1_cl0'
WARNING: zero accumulator values for Diag Gaussian 'gc_0_cl0_cl0_cl0'
WARNING: zero accumulator values for Diag Gaussian 'gc_1_cl2_cl0'
WARNING: zero accumulator values for Diag Gaussian 'gc_1_cl1_cl0'
WARNING: zero accumulator values for Diag Gaussian 'gc_1_cl0_cl2_cl0'
WARNING: zero accumulator values for Diag Gaussian 'gc_1_cl0_cl1_cl0_cl0'
WARNING: zero accumulator values for Diag Gaussian 'gc_1_cl0_cl0_cl1_cl0'
WARNING: zero accumulator values for Diag Gaussian 'gc_1_cl0_cl0_cl0_cl0'
____ PROGRAM ENDED SUCCESSFULLY WITH STATUS 0 AT Monday August 17 2015, 11:16:47 PDT ____
