Creating Junction Tree
DONE creating Junction Tree
Loading accumulators from 'accumulators/acc_0_1_16comp.data'
WARNING: covariance vector named 'covar0_cl2' had 89 variances floored, minimum variance found was -1.513364e-04.
WARNING: Gaussian Component named 'gc_0_cl2_cl0' did not receive any accumulated probability in EM iteration. Global missed increment count is 0. Also check child mean 'mean0_cl2_cl0' and covar 'covar0_cl2_cl0'
WARNING: Mean vec 'mean0_cl2_cl0' received only -1.000000e+17 accumulated log probability (min is -6.000000e+02) in EM iteration, using previous meansWARNING: Diag covariance vec 'covar0_cl2_cl0' received only -1.000000e+17 accumulated log probability (min is -6.000000e+02) in EM iteration, using previous values.WARNING: Gaussian Component named 'gc_0_cl1_cl0' did not receive any accumulated probability in EM iteration. Global missed increment count is 0. Also check child mean 'mean0_cl1_cl0' and covar 'covar0_cl1_cl0'
WARNING: Mean vec 'mean0_cl1_cl0' received only -1.000000e+17 accumulated log probability (min is -6.000000e+02) in EM iteration, using previous meansWARNING: Diag covariance vec 'covar0_cl1_cl0' received only -1.000000e+17 accumulated log probability (min is -6.000000e+02) in EM iteration, using previous values.WARNING: covariance vector named 'covar0_cl0_cl0' had 77 variances floored, minimum variance found was -1.468445e-04.
WARNING: Gaussian Component named 'gc_0_cl0_cl0_cl0' did not receive any accumulated probability in EM iteration. Global missed increment count is 0. Also check child mean 'mean0_cl0_cl0_cl0' and covar 'covar0_cl0_cl0_cl0'
WARNING: Mean vec 'mean0_cl0_cl0_cl0' received only -1.000000e+17 accumulated log probability (min is -6.000000e+02) in EM iteration, using previous meansWARNING: Diag covariance vec 'covar0_cl0_cl0_cl0' received only -1.000000e+17 accumulated log probability (min is -6.000000e+02) in EM iteration, using previous values.WARNING: covariance vector named 'covar1_cl2_cl0' had 83 variances floored, minimum variance found was -5.200471e-04.
WARNING: covariance vector named 'covar1_cl1' had 71 variances floored, minimum variance found was -7.586640e-05.
WARNING: Gaussian Component named 'gc_1_cl1_cl0' did not receive any accumulated probability in EM iteration. Global missed increment count is 0. Also check child mean 'mean1_cl1_cl0' and covar 'covar1_cl1_cl0'
WARNING: Mean vec 'mean1_cl1_cl0' received only -1.000000e+17 accumulated log probability (min is -6.000000e+02) in EM iteration, using previous meansWARNING: Diag covariance vec 'covar1_cl1_cl0' received only -1.000000e+17 accumulated log probability (min is -6.000000e+02) in EM iteration, using previous values.WARNING: covariance vector named 'covar1_cl0_cl0_cl0' had 90 variances floored, minimum variance found was -1.801702e-04.
WARNING: Gaussian Component named 'gc_1_cl0_cl0_cl0_cl0' did not receive any accumulated probability in EM iteration. Global missed increment count is 0. Also check child mean 'mean1_cl0_cl0_cl0_cl0' and covar 'covar1_cl0_cl0_cl0_cl0'
WARNING: Mean vec 'mean1_cl0_cl0_cl0_cl0' received only -1.000000e+17 accumulated log probability (min is -6.000000e+02) in EM iteration, using previous meansWARNING: Diag covariance vec 'covar1_cl0_cl0_cl0_cl0' received only -1.000000e+17 accumulated log probability (min is -6.000000e+02) in EM iteration, using previous values.NOTE: DPMF 'dpmf0' has 3/0 elements vanishing/splitting
NOTE: DPMF 'dpmf1' has 3/0 elements vanishing/splitting
NOTE: saving only 18 used means out of a total of 24
NOTE: saving only 18 used covariances out of a total of 24
NOTE: saving only 18 used components out of a total of 24
NOTE: saving only 18 used means out of a total of 24
NOTE: saving only 18 used covariances out of a total of 24
NOTE: saving only 18 used components out of a total of 24
Maximum number of EM iterations reached (1). Stopping
### Final time (seconds) just for EM stage: User: 0.003185, System: 0.000819, CPU 0.004004
____ PROGRAM ENDED SUCCESSFULLY WITH STATUS 0 AT Monday August 17 2015, 11:16:46 PDT ____
