Creating Junction Tree
DONE creating Junction Tree
Loading accumulators from 'accumulators/acc_0_0_8comp.data'
WARNING: covariance vector named 'covar0' had 2 variances floored, minimum variance found was 6.485311e-06.
WARNING: covariance vector named 'covar0_cl7' had 5 variances floored, minimum variance found was 8.067643e-07.
WARNING: covariance vector named 'covar0_cl6' had 5 variances floored, minimum variance found was 4.595823e-06.
WARNING: covariance vector named 'covar0_cl5' had 5 variances floored, minimum variance found was 1.041066e-06.
WARNING: covariance vector named 'covar0_cl5_cl0' had 5 variances floored, minimum variance found was 8.612246e-07.
WARNING: covariance vector named 'covar0_cl4' had 5 variances floored, minimum variance found was 2.912509e-06.
WARNING: covariance vector named 'covar0_cl4_cl0' had 4 variances floored, minimum variance found was 1.741336e-06.
WARNING: covariance vector named 'covar0_cl3' had 1 variances floored, minimum variance found was 9.353636e-06.
WARNING: covariance vector named 'covar0_cl2' had 5 variances floored, minimum variance found was 2.683411e-06.
WARNING: covariance vector named 'covar0_cl2_cl2' had 6 variances floored, minimum variance found was 2.134706e-06.
WARNING: covariance vector named 'covar0_cl2_cl1' had 5 variances floored, minimum variance found was 2.094203e-06.
WARNING: covariance vector named 'covar0_cl2_cl0' had 4 variances floored, minimum variance found was 3.164516e-06.
WARNING: covariance vector named 'covar0_cl2_cl0_cl0' had 4 variances floored, minimum variance found was 1.222569e-06.
WARNING: covariance vector named 'covar0_cl1' had 5 variances floored, minimum variance found was 4.627113e-06.
WARNING: covariance vector named 'covar0_cl1_cl0' had 4 variances floored, minimum variance found was 1.969639e-06.
WARNING: covariance vector named 'covar0_cl1_cl0_cl3' had 5 variances floored, minimum variance found was 2.016068e-06.
WARNING: covariance vector named 'covar0_cl1_cl0_cl2' had 8 variances floored, minimum variance found was 1.813037e-06.
WARNING: covariance vector named 'covar0_cl1_cl0_cl1' had 6 variances floored, minimum variance found was 8.506042e-07.
WARNING: covariance vector named 'covar0_cl1_cl0_cl1_cl0' had 8 variances floored, minimum variance found was 5.462092e-08.
WARNING: covariance vector named 'covar0_cl1_cl0_cl0' had 7 variances floored, minimum variance found was 1.256434e-06.
WARNING: covariance vector named 'covar0_cl1_cl0_cl0_cl1' had 6 variances floored, minimum variance found was 1.576201e-06.
WARNING: covariance vector named 'covar0_cl1_cl0_cl0_cl1_cl1' had 7 variances floored, minimum variance found was 3.155309e-06.
WARNING: covariance vector named 'covar0_cl1_cl0_cl0_cl0' had 8 variances floored, minimum variance found was 9.340487e-07.
WARNING: covariance vector named 'covar0_cl0' had 14 variances floored, minimum variance found was 7.354725e-10.
WARNING: covariance vector named 'covar0_cl0_cl7' had 14 variances floored, minimum variance found was 3.210803e-08.
WARNING: covariance vector named 'covar0_cl0_cl6' had 15 variances floored, minimum variance found was 1.806994e-10.
WARNING: covariance vector named 'covar0_cl0_cl6_cl0' had 14 variances floored, minimum variance found was 6.368810e-10.
WARNING: covariance vector named 'covar0_cl0_cl5' had 15 variances floored, minimum variance found was 4.910865e-09.
WARNING: covariance vector named 'covar0_cl0_cl5_cl1' had 14 variances floored, minimum variance found was 3.292936e-10.
WARNING: covariance vector named 'covar0_cl0_cl5_cl0' had 15 variances floored, minimum variance found was 3.804006e-10.
WARNING: covariance vector named 'covar0_cl0_cl4' had 15 variances floored, minimum variance found was 4.980789e-10.
WARNING: covariance vector named 'covar0_cl0_cl4_cl1' had 16 variances floored, minimum variance found was 1.350938e-08.
WARNING: covariance vector named 'covar0_cl0_cl4_cl0' had 19 variances floored, minimum variance found was 1.761972e-09.
WARNING: covariance vector named 'covar0_cl0_cl4_cl0_cl1' had 18 variances floored, minimum variance found was 5.009833e-09.
WARNING: covariance vector named 'covar0_cl0_cl4_cl0_cl0' had 18 variances floored, minimum variance found was 8.696617e-11.
WARNING: covariance vector named 'covar0_cl0_cl3' had 13 variances floored, minimum variance found was 4.124704e-07.
WARNING: covariance vector named 'covar0_cl0_cl3_cl3' had 14 variances floored, minimum variance found was 4.464123e-07.
WARNING: covariance vector named 'covar0_cl0_cl3_cl2' had 11 variances floored, minimum variance found was 1.022291e-07.
WARNING: covariance vector named 'covar0_cl0_cl3_cl1' had 10 variances floored, minimum variance found was 2.732699e-06.
WARNING: covariance vector named 'covar0_cl0_cl3_cl0' had 12 variances floored, minimum variance found was 6.812479e-07.
WARNING: covariance vector named 'covar0_cl0_cl2' had 13 variances floored, minimum variance found was 5.707482e-07.
WARNING: covariance vector named 'covar0_cl0_cl1' had 10 variances floored, minimum variance found was 2.121019e-07.
WARNING: covariance vector named 'covar0_cl0_cl1_cl9' had 11 variances floored, minimum variance found was 1.550902e-07.
WARNING: covariance vector named 'covar0_cl0_cl1_cl8' had 12 variances floored, minimum variance found was 1.698705e-07.
WARNING: covariance vector named 'covar0_cl0_cl1_cl7' had 10 variances floored, minimum variance found was 1.530837e-07.
WARNING: covariance vector named 'covar0_cl0_cl1_cl6' had 11 variances floored, minimum variance found was 1.793554e-07.
WARNING: covariance vector named 'covar0_cl0_cl1_cl5' had 9 variances floored, minimum variance found was 1.080125e-07.
WARNING: covariance vector named 'covar0_cl0_cl1_cl4' had 10 variances floored, minimum variance found was 1.388432e-07.
WARNING: covariance vector named 'covar0_cl0_cl1_cl4_cl1' had 11 variances floored, minimum variance found was 2.644218e-07.
WARNING: covariance vector named 'covar0_cl0_cl1_cl4_cl0' had 10 variances floored, minimum variance found was 4.261150e-07.
WARNING: covariance vector named 'covar0_cl0_cl1_cl3' had 10 variances floored, minimum variance found was 5.827029e-07.
WARNING: covariance vector named 'covar0_cl0_cl1_cl3_cl4' had 12 variances floored, minimum variance found was 6.847634e-07.
WARNING: covariance vector named 'covar0_cl0_cl1_cl3_cl3' had 7 variances floored, minimum variance found was 2.525706e-07.
WARNING: covariance vector named 'covar0_cl0_cl1_cl3_cl2' had 10 variances floored, minimum variance found was 6.063847e-07.
WARNING: covariance vector named 'covar0_cl0_cl1_cl3_cl1' had 13 variances floored, minimum variance found was 1.972428e-07.
WARNING: covariance vector named 'covar0_cl0_cl1_cl3_cl0' had 10 variances floored, minimum variance found was 2.815942e-07.
WARNING: covariance vector named 'covar0_cl0_cl1_cl3_cl0_cl0' had 11 variances floored, minimum variance found was 1.425806e-07.
WARNING: covariance vector named 'covar0_cl0_cl1_cl2' had 10 variances floored, minimum variance found was 4.716859e-07.
WARNING: covariance vector named 'covar0_cl0_cl1_cl2_cl1' had 10 variances floored, minimum variance found was 1.433633e-07.
WARNING: covariance vector named 'covar0_cl0_cl1_cl2_cl1_cl0' had 9 variances floored, minimum variance found was 3.007937e-08.
WARNING: covariance vector named 'covar0_cl0_cl1_cl2_cl0' had 11 variances floored, minimum variance found was 4.253611e-07.
WARNING: covariance vector named 'covar0_cl0_cl1_cl2_cl0_cl1' had 11 variances floored, minimum variance found was 3.111515e-07.
WARNING: covariance vector named 'covar0_cl0_cl1_cl2_cl0_cl0' had 10 variances floored, minimum variance found was 2.827497e-07.
WARNING: covariance vector named 'covar0_cl0_cl1_cl1' had 10 variances floored, minimum variance found was 2.436016e-07.
WARNING: covariance vector named 'covar0_cl0_cl1_cl1_cl4' had 11 variances floored, minimum variance found was 9.805659e-08.
WARNING: covariance vector named 'covar0_cl0_cl1_cl1_cl3' had 10 variances floored, minimum variance found was 2.078601e-07.
WARNING: covariance vector named 'covar0_cl0_cl1_cl1_cl2' had 12 variances floored, minimum variance found was 2.526380e-07.
WARNING: covariance vector named 'covar0_cl0_cl1_cl1_cl1' had 12 variances floored, minimum variance found was 5.606838e-07.
WARNING: covariance vector named 'covar0_cl0_cl1_cl1_cl1_cl2' had 13 variances floored, minimum variance found was 6.786726e-07.
WARNING: covariance vector named 'covar0_cl0_cl1_cl1_cl1_cl1' had 12 variances floored, minimum variance found was 7.322452e-07.
WARNING: covariance vector named 'covar0_cl0_cl1_cl1_cl1_cl0' had 12 variances floored, minimum variance found was 3.347041e-07.
WARNING: covariance vector named 'covar0_cl0_cl1_cl1_cl0' had 8 variances floored, minimum variance found was 1.517240e-06.
WARNING: covariance vector named 'covar0_cl0_cl1_cl0' had 10 variances floored, minimum variance found was 2.181510e-07.
WARNING: covariance vector named 'covar0_cl0_cl1_cl0_cl6' had 10 variances floored, minimum variance found was 3.890842e-07.
WARNING: covariance vector named 'covar0_cl0_cl1_cl0_cl5' had 13 variances floored, minimum variance found was 3.201994e-07.
WARNING: covariance vector named 'covar0_cl0_cl1_cl0_cl4' had 9 variances floored, minimum variance found was 1.407663e-07.
WARNING: covariance vector named 'covar0_cl0_cl1_cl0_cl3' had 10 variances floored, minimum variance found was 5.265740e-07.
WARNING: covariance vector named 'covar0_cl0_cl1_cl0_cl2' had 9 variances floored, minimum variance found was 1.071141e-07.
WARNING: covariance vector named 'covar0_cl0_cl1_cl0_cl1' had 10 variances floored, minimum variance found was 2.672944e-07.
WARNING: covariance vector named 'covar0_cl0_cl1_cl0_cl1_cl0' had 11 variances floored, minimum variance found was 2.954984e-07.
WARNING: covariance vector named 'covar0_cl0_cl1_cl0_cl0' had 9 variances floored, minimum variance found was 8.574710e-08.
WARNING: covariance vector named 'covar0_cl0_cl1_cl0_cl0_cl0' had 10 variances floored, minimum variance found was 4.623739e-07.
WARNING: covariance vector named 'covar0_cl0_cl0' had 7 variances floored, minimum variance found was 1.046716e-06.
WARNING: covariance vector named 'covar0_cl0_cl0_cl4' had 8 variances floored, minimum variance found was 3.918105e-07.
WARNING: covariance vector named 'covar0_cl0_cl0_cl3' had 6 variances floored, minimum variance found was 9.604158e-07.
WARNING: covariance vector named 'covar0_cl0_cl0_cl2' had 7 variances floored, minimum variance found was 1.889375e-06.
WARNING: covariance vector named 'covar0_cl0_cl0_cl2_cl0' had 12 variances floored, minimum variance found was 5.071517e-07.
WARNING: covariance vector named 'covar0_cl0_cl0_cl1' had 8 variances floored, minimum variance found was 9.410347e-07.
WARNING: covariance vector named 'covar0_cl0_cl0_cl1_cl2' had 8 variances floored, minimum variance found was 8.241619e-07.
WARNING: covariance vector named 'covar0_cl0_cl0_cl1_cl1' had 8 variances floored, minimum variance found was 5.545224e-07.
WARNING: covariance vector named 'covar0_cl0_cl0_cl1_cl0' had 8 variances floored, minimum variance found was 7.597089e-07.
WARNING: covariance vector named 'covar0_cl0_cl0_cl0' had 8 variances floored, minimum variance found was 1.404742e-06.
WARNING: covariance vector named 'covar0_cl0_cl0_cl0_cl3' had 8 variances floored, minimum variance found was 1.145713e-06.
WARNING: covariance vector named 'covar0_cl0_cl0_cl0_cl2' had 8 variances floored, minimum variance found was 6.959564e-07.
WARNING: covariance vector named 'covar0_cl0_cl0_cl0_cl1' had 8 variances floored, minimum variance found was 9.530118e-07.
WARNING: covariance vector named 'covar0_cl0_cl0_cl0_cl0' had 2 variances floored, minimum variance found was 2.191608e-06.
WARNING: covariance vector named 'covar1' had 3 variances floored, minimum variance found was 8.410209e-06.
WARNING: covariance vector named 'covar1_cl2' had 2 variances floored, minimum variance found was 8.769739e-06.
WARNING: covariance vector named 'covar1_cl0' had 4 variances floored, minimum variance found was 5.048786e-06.
WARNING: covariance vector named 'covar1_cl0_cl3' had 6 variances floored, minimum variance found was 4.716453e-06.
WARNING: covariance vector named 'covar1_cl0_cl2' had 4 variances floored, minimum variance found was 2.189879e-08.
WARNING: covariance vector named 'covar1_cl0_cl1' had 7 variances floored, minimum variance found was 4.660643e-06.
WARNING: covariance vector named 'covar1_cl0_cl0' had 12 variances floored, minimum variance found was 1.335426e-06.
WARNING: covariance vector named 'covar1_cl0_cl0_cl0' had 11 variances floored, minimum variance found was 1.636290e-06.
WARNING: covariance vector named 'covar1_cl0_cl0_cl0_cl0' had 13 variances floored, minimum variance found was 6.972469e-07.
NOTE: DPMF 'dpmf0' has 0/1 elements vanishing/splitting
Maximum number of EM iterations reached (1). Stopping
### Final time (seconds) just for EM stage: User: 0.004473, System: 0.000964, CPU 0.005437
____ PROGRAM ENDED SUCCESSFULLY WITH STATUS 0 AT Wednesday August 19 2015, 16:50:19 PDT ____
