Creating Junction Tree
DONE creating Junction Tree
Loading accumulators from 'accumulators/acc_0_2_16comp.data'
WARNING: covariance vector named 'covar0' had 2 variances floored, minimum variance found was 7.009576e-06.
WARNING: covariance vector named 'covar0_cl8' had 4 variances floored, minimum variance found was 3.915092e-06.
WARNING: covariance vector named 'covar0_cl7' had 4 variances floored, minimum variance found was 1.129398e-06.
WARNING: covariance vector named 'covar0_cl6' had 5 variances floored, minimum variance found was 2.835020e-06.
WARNING: covariance vector named 'covar0_cl5' had 5 variances floored, minimum variance found was 2.381503e-06.
WARNING: covariance vector named 'covar0_cl5_cl3' had 10 variances floored, minimum variance found was 5.098933e-07.
WARNING: covariance vector named 'covar0_cl5_cl2' had 8 variances floored, minimum variance found was 8.620696e-07.
WARNING: covariance vector named 'covar0_cl5_cl1' had 6 variances floored, minimum variance found was 2.307109e-06.
WARNING: covariance vector named 'covar0_cl5_cl0' had 6 variances floored, minimum variance found was 3.307517e-06.
WARNING: covariance vector named 'covar0_cl4' had 2 variances floored, minimum variance found was 8.193688e-06.
WARNING: covariance vector named 'covar0_cl3' had 6 variances floored, minimum variance found was 2.806180e-06.
WARNING: covariance vector named 'covar0_cl2' had 6 variances floored, minimum variance found was 2.294530e-06.
WARNING: covariance vector named 'covar0_cl2_cl1' had 5 variances floored, minimum variance found was 2.006939e-06.
WARNING: covariance vector named 'covar0_cl2_cl0' had 5 variances floored, minimum variance found was 2.898234e-06.
WARNING: covariance vector named 'covar0_cl2_cl0_cl0' had 5 variances floored, minimum variance found was 2.358539e-06.
WARNING: covariance vector named 'covar0_cl1' had 5 variances floored, minimum variance found was 6.180920e-06.
WARNING: covariance vector named 'covar0_cl1_cl1' had 8 variances floored, minimum variance found was 6.048272e-07.
WARNING: covariance vector named 'covar0_cl1_cl0' had 5 variances floored, minimum variance found was 1.699273e-06.
WARNING: covariance vector named 'covar0_cl1_cl0_cl2' had 5 variances floored, minimum variance found was 9.660718e-07.
WARNING: covariance vector named 'covar0_cl1_cl0_cl1' had 6 variances floored, minimum variance found was 1.405270e-06.
WARNING: covariance vector named 'covar0_cl1_cl0_cl1_cl1' had 9 variances floored, minimum variance found was 8.306637e-07.
WARNING: covariance vector named 'covar0_cl1_cl0_cl1_cl0' had 7 variances floored, minimum variance found was 8.582746e-07.
WARNING: covariance vector named 'covar0_cl1_cl0_cl0' had 5 variances floored, minimum variance found was 9.555189e-07.
WARNING: covariance vector named 'covar0_cl1_cl0_cl0_cl3' had 8 variances floored, minimum variance found was 1.124551e-06.
WARNING: covariance vector named 'covar0_cl1_cl0_cl0_cl2' had 7 variances floored, minimum variance found was 1.281316e-06.
WARNING: covariance vector named 'covar0_cl1_cl0_cl0_cl1' had 8 variances floored, minimum variance found was 4.382399e-07.
WARNING: covariance vector named 'covar0_cl1_cl0_cl0_cl0' had 8 variances floored, minimum variance found was 1.680451e-06.
WARNING: covariance vector named 'covar0_cl0' had 11 variances floored, minimum variance found was 2.284189e-07.
WARNING: covariance vector named 'covar0_cl0_cl4' had 14 variances floored, minimum variance found was 4.015575e-07.
WARNING: covariance vector named 'covar0_cl0_cl4_cl1' had 15 variances floored, minimum variance found was 8.614361e-08.
WARNING: covariance vector named 'covar0_cl0_cl4_cl0' had 14 variances floored, minimum variance found was 4.715632e-07.
WARNING: covariance vector named 'covar0_cl0_cl3' had 10 variances floored, minimum variance found was 5.107186e-07.
WARNING: covariance vector named 'covar0_cl0_cl3_cl0' had 9 variances floored, minimum variance found was 2.551758e-06.
WARNING: covariance vector named 'covar0_cl0_cl3_cl0_cl0' had 13 variances floored, minimum variance found was 5.546394e-07.
WARNING: covariance vector named 'covar0_cl0_cl2' had 18 variances floored, minimum variance found was 7.740360e-09.
WARNING: covariance vector named 'covar0_cl0_cl2_cl4' had 19 variances floored, minimum variance found was 5.146014e-09.
WARNING: covariance vector named 'covar0_cl0_cl2_cl3' had 17 variances floored, minimum variance found was 2.392360e-08.
WARNING: covariance vector named 'covar0_cl0_cl2_cl2' had 18 variances floored, minimum variance found was 4.389989e-11.
WARNING: covariance vector named 'covar0_cl0_cl2_cl1' had 15 variances floored, minimum variance found was 7.659872e-09.
WARNING: covariance vector named 'covar0_cl0_cl2_cl1_cl5' had 15 variances floored, minimum variance found was 1.636971e-09.
WARNING: covariance vector named 'covar0_cl0_cl2_cl1_cl4' had 16 variances floored, minimum variance found was 2.964263e-10.
WARNING: covariance vector named 'covar0_cl0_cl2_cl1_cl3' had 15 variances floored, minimum variance found was 9.082933e-10.
WARNING: covariance vector named 'covar0_cl0_cl2_cl1_cl2' had 17 variances floored, minimum variance found was 1.107941e-09.
WARNING: covariance vector named 'covar0_cl0_cl2_cl1_cl1' had 14 variances floored, minimum variance found was 2.300721e-08.
WARNING: covariance vector named 'covar0_cl0_cl2_cl1_cl1_cl1' had 17 variances floored, minimum variance found was 3.540717e-10.
WARNING: covariance vector named 'covar0_cl0_cl2_cl1_cl1_cl0' had 15 variances floored, minimum variance found was 5.168022e-12.
WARNING: covariance vector named 'covar0_cl0_cl2_cl1_cl0' had 14 variances floored, minimum variance found was 6.134574e-10.
WARNING: covariance vector named 'covar0_cl0_cl2_cl1_cl0_cl0' had 14 variances floored, minimum variance found was 1.545578e-11.
WARNING: covariance vector named 'covar0_cl0_cl2_cl0' had 14 variances floored, minimum variance found was 1.646162e-12.
WARNING: covariance vector named 'covar0_cl0_cl1' had 10 variances floored, minimum variance found was 5.375778e-07.
WARNING: covariance vector named 'covar0_cl0_cl1_cl10' had 10 variances floored, minimum variance found was 4.802780e-07.
WARNING: covariance vector named 'covar0_cl0_cl1_cl9' had 11 variances floored, minimum variance found was 3.880111e-07.
WARNING: covariance vector named 'covar0_cl0_cl1_cl8' had 10 variances floored, minimum variance found was 1.944197e-07.
WARNING: covariance vector named 'covar0_cl0_cl1_cl7' had 10 variances floored, minimum variance found was 2.248057e-07.
WARNING: covariance vector named 'covar0_cl0_cl1_cl7_cl0' had 10 variances floored, minimum variance found was 3.813724e-07.
WARNING: covariance vector named 'covar0_cl0_cl1_cl6' had 10 variances floored, minimum variance found was 4.156366e-07.
WARNING: covariance vector named 'covar0_cl0_cl1_cl6_cl0' had 12 variances floored, minimum variance found was 2.813758e-07.
WARNING: covariance vector named 'covar0_cl0_cl1_cl5' had 11 variances floored, minimum variance found was 1.878663e-07.
WARNING: covariance vector named 'covar0_cl0_cl1_cl5_cl0' had 13 variances floored, minimum variance found was 8.427921e-08.
WARNING: covariance vector named 'covar0_cl0_cl1_cl4' had 10 variances floored, minimum variance found was 5.051765e-07.
WARNING: covariance vector named 'covar0_cl0_cl1_cl3' had 10 variances floored, minimum variance found was 3.606726e-07.
WARNING: covariance vector named 'covar0_cl0_cl1_cl3_cl1' had 13 variances floored, minimum variance found was 1.612620e-07.
WARNING: covariance vector named 'covar0_cl0_cl1_cl3_cl0' had 12 variances floored, minimum variance found was 5.942202e-07.
WARNING: covariance vector named 'covar0_cl0_cl1_cl2' had 10 variances floored, minimum variance found was 4.470301e-07.
WARNING: covariance vector named 'covar0_cl0_cl1_cl2_cl6' had 14 variances floored, minimum variance found was 6.622972e-08.
WARNING: covariance vector named 'covar0_cl0_cl1_cl2_cl5' had 10 variances floored, minimum variance found was 2.852584e-07.
WARNING: covariance vector named 'covar0_cl0_cl1_cl2_cl4' had 13 variances floored, minimum variance found was 3.784264e-07.
WARNING: covariance vector named 'covar0_cl0_cl1_cl2_cl3' had 11 variances floored, minimum variance found was 3.454835e-07.
WARNING: covariance vector named 'covar0_cl0_cl1_cl2_cl2' had 11 variances floored, minimum variance found was 1.556564e-07.
WARNING: covariance vector named 'covar0_cl0_cl1_cl2_cl1' had 11 variances floored, minimum variance found was 1.346081e-07.
WARNING: covariance vector named 'covar0_cl0_cl1_cl2_cl0' had 11 variances floored, minimum variance found was 4.984234e-07.
WARNING: covariance vector named 'covar0_cl0_cl1_cl1' had 10 variances floored, minimum variance found was 2.596941e-07.
WARNING: covariance vector named 'covar0_cl0_cl1_cl1_cl6' had 15 variances floored, minimum variance found was 5.457044e-08.
WARNING: covariance vector named 'covar0_cl0_cl1_cl1_cl5' had 12 variances floored, minimum variance found was 3.556863e-07.
WARNING: covariance vector named 'covar0_cl0_cl1_cl1_cl4' had 12 variances floored, minimum variance found was 2.831207e-07.
WARNING: covariance vector named 'covar0_cl0_cl1_cl1_cl4_cl0' had 13 variances floored, minimum variance found was 2.109577e-07.
WARNING: covariance vector named 'covar0_cl0_cl1_cl1_cl3' had 12 variances floored, minimum variance found was 4.862445e-07.
WARNING: covariance vector named 'covar0_cl0_cl1_cl1_cl2' had 11 variances floored, minimum variance found was 7.216491e-07.
WARNING: covariance vector named 'covar0_cl0_cl1_cl1_cl2_cl0' had 11 variances floored, minimum variance found was 4.504496e-07.
WARNING: covariance vector named 'covar0_cl0_cl1_cl1_cl1' had 12 variances floored, minimum variance found was 1.540291e-07.
WARNING: covariance vector named 'covar0_cl0_cl1_cl1_cl1_cl2' had 13 variances floored, minimum variance found was 3.280370e-08.
WARNING: covariance vector named 'covar0_cl0_cl1_cl1_cl1_cl1' had 13 variances floored, minimum variance found was 1.774836e-07.
WARNING: covariance vector named 'covar0_cl0_cl1_cl1_cl1_cl0' had 12 variances floored, minimum variance found was 5.365038e-07.
WARNING: covariance vector named 'covar0_cl0_cl1_cl1_cl0' had 10 variances floored, minimum variance found was 2.066618e-07.
WARNING: covariance vector named 'covar0_cl0_cl1_cl1_cl0_cl0' had 15 variances floored, minimum variance found was 3.220585e-08.
WARNING: covariance vector named 'covar0_cl0_cl1_cl0' had 10 variances floored, minimum variance found was 2.085841e-07.
WARNING: covariance vector named 'covar0_cl0_cl1_cl0_cl5' had 10 variances floored, minimum variance found was 3.622847e-07.
WARNING: covariance vector named 'covar0_cl0_cl1_cl0_cl4' had 11 variances floored, minimum variance found was 1.432791e-07.
WARNING: covariance vector named 'covar0_cl0_cl1_cl0_cl3' had 9 variances floored, minimum variance found was 7.691592e-08.
WARNING: covariance vector named 'covar0_cl0_cl1_cl0_cl2' had 8 variances floored, minimum variance found was 4.258253e-08.
WARNING: covariance vector named 'covar0_cl0_cl1_cl0_cl1' had 10 variances floored, minimum variance found was 1.218191e-07.
WARNING: covariance vector named 'covar0_cl0_cl1_cl0_cl1_cl2' had 11 variances floored, minimum variance found was 8.910907e-08.
WARNING: covariance vector named 'covar0_cl0_cl1_cl0_cl1_cl1' had 9 variances floored, minimum variance found was 7.386331e-08.
WARNING: covariance vector named 'covar0_cl0_cl1_cl0_cl1_cl0' had 10 variances floored, minimum variance found was 1.832996e-07.
WARNING: covariance vector named 'covar0_cl0_cl1_cl0_cl0' had 10 variances floored, minimum variance found was 1.842559e-07.
WARNING: covariance vector named 'covar0_cl0_cl0' had 8 variances floored, minimum variance found was 1.960840e-07.
WARNING: covariance vector named 'covar0_cl0_cl0_cl5' had 8 variances floored, minimum variance found was 1.814840e-07.
WARNING: covariance vector named 'covar0_cl0_cl0_cl4' had 9 variances floored, minimum variance found was 5.947360e-07.
WARNING: covariance vector named 'covar0_cl0_cl0_cl3' had 6 variances floored, minimum variance found was 1.921310e-06.
WARNING: covariance vector named 'covar0_cl0_cl0_cl3_cl0' had 9 variances floored, minimum variance found was 7.266681e-07.
WARNING: covariance vector named 'covar0_cl0_cl0_cl2' had 7 variances floored, minimum variance found was 1.838520e-06.
WARNING: covariance vector named 'covar0_cl0_cl0_cl2_cl1' had 6 variances floored, minimum variance found was 1.293718e-06.
WARNING: covariance vector named 'covar0_cl0_cl0_cl2_cl0' had 8 variances floored, minimum variance found was 9.705404e-07.
WARNING: covariance vector named 'covar0_cl0_cl0_cl1' had 8 variances floored, minimum variance found was 7.548241e-07.
WARNING: covariance vector named 'covar0_cl0_cl0_cl1_cl2' had 8 variances floored, minimum variance found was 5.686623e-07.
WARNING: covariance vector named 'covar0_cl0_cl0_cl1_cl1' had 8 variances floored, minimum variance found was 4.730443e-07.
WARNING: covariance vector named 'covar0_cl0_cl0_cl1_cl0' had 8 variances floored, minimum variance found was 1.067985e-06.
WARNING: covariance vector named 'covar0_cl0_cl0_cl0' had 8 variances floored, minimum variance found was 1.291462e-06.
WARNING: covariance vector named 'covar0_cl0_cl0_cl0_cl1' had 8 variances floored, minimum variance found was 1.188883e-06.
WARNING: covariance vector named 'covar0_cl0_cl0_cl0_cl0' had 8 variances floored, minimum variance found was 2.322138e-06.
WARNING: covariance vector named 'covar1' had 3 variances floored, minimum variance found was 8.347648e-06.
WARNING: covariance vector named 'covar1_cl2' had 3 variances floored, minimum variance found was 8.434327e-06.
WARNING: covariance vector named 'covar1_cl0' had 4 variances floored, minimum variance found was 5.280519e-06.
WARNING: covariance vector named 'covar1_cl0_cl2' had 4 variances floored, minimum variance found was 3.185159e-08.
WARNING: covariance vector named 'covar1_cl0_cl1' had 6 variances floored, minimum variance found was 1.457686e-08.
WARNING: covariance vector named 'covar1_cl0_cl1_cl1' had 7 variances floored, minimum variance found was 3.986023e-06.
WARNING: covariance vector named 'covar1_cl0_cl1_cl0' had 5 variances floored, minimum variance found was 2.790900e-06.
WARNING: covariance vector named 'covar1_cl0_cl0' had 10 variances floored, minimum variance found was 2.477887e-06.
WARNING: covariance vector named 'covar1_cl0_cl0_cl1' had 13 variances floored, minimum variance found was 4.744730e-07.
WARNING: covariance vector named 'covar1_cl0_cl0_cl0' had 13 variances floored, minimum variance found was 6.175286e-07.
WARNING: covariance vector named 'covar1_cl0_cl0_cl0_cl1' had 14 variances floored, minimum variance found was 8.636814e-07.
WARNING: covariance vector named 'covar1_cl0_cl0_cl0_cl0' had 12 variances floored, minimum variance found was 1.388097e-06.
Maximum number of EM iterations reached (1). Stopping
### Final time (seconds) just for EM stage: User: 0.005826, System: 0.001275, CPU 0.007101
____ PROGRAM ENDED SUCCESSFULLY WITH STATUS 0 AT Wednesday August 19 2015, 16:40:10 PDT ____
