Creating Junction Tree
DONE creating Junction Tree
Loading accumulators from 'accumulators/acc_0_1_16comp.data'
WARNING: covariance vector named 'covar0' had 2 variances floored, minimum variance found was 6.993432e-06.
WARNING: covariance vector named 'covar0_cl8' had 4 variances floored, minimum variance found was 3.752633e-06.
WARNING: covariance vector named 'covar0_cl7' had 4 variances floored, minimum variance found was 1.082562e-06.
WARNING: covariance vector named 'covar0_cl6' had 5 variances floored, minimum variance found was 2.951554e-06.
WARNING: covariance vector named 'covar0_cl5' had 5 variances floored, minimum variance found was 2.525637e-06.
WARNING: covariance vector named 'covar0_cl5_cl2' had 7 variances floored, minimum variance found was 9.247165e-07.
WARNING: covariance vector named 'covar0_cl5_cl1' had 6 variances floored, minimum variance found was 2.205986e-06.
WARNING: covariance vector named 'covar0_cl5_cl0' had 6 variances floored, minimum variance found was 3.345860e-06.
WARNING: covariance vector named 'covar0_cl4' had 2 variances floored, minimum variance found was 8.160078e-06.
WARNING: covariance vector named 'covar0_cl3' had 6 variances floored, minimum variance found was 2.874500e-06.
WARNING: covariance vector named 'covar0_cl2' had 6 variances floored, minimum variance found was 2.300555e-06.
WARNING: covariance vector named 'covar0_cl2_cl1' had 5 variances floored, minimum variance found was 1.982442e-06.
WARNING: covariance vector named 'covar0_cl2_cl0' had 5 variances floored, minimum variance found was 2.862787e-06.
WARNING: covariance vector named 'covar0_cl2_cl0_cl0' had 6 variances floored, minimum variance found was 2.452036e-06.
WARNING: covariance vector named 'covar0_cl1' had 5 variances floored, minimum variance found was 6.180815e-06.
WARNING: covariance vector named 'covar0_cl1_cl1' had 8 variances floored, minimum variance found was 6.048099e-07.
WARNING: covariance vector named 'covar0_cl1_cl0' had 5 variances floored, minimum variance found was 1.702436e-06.
WARNING: covariance vector named 'covar0_cl1_cl0_cl2' had 5 variances floored, minimum variance found was 9.686269e-07.
WARNING: covariance vector named 'covar0_cl1_cl0_cl1' had 6 variances floored, minimum variance found was 1.416635e-06.
WARNING: covariance vector named 'covar0_cl1_cl0_cl1_cl1' had 9 variances floored, minimum variance found was 7.290431e-07.
WARNING: covariance vector named 'covar0_cl1_cl0_cl1_cl0' had 7 variances floored, minimum variance found was 8.569049e-07.
WARNING: covariance vector named 'covar0_cl1_cl0_cl0' had 5 variances floored, minimum variance found was 9.641795e-07.
WARNING: covariance vector named 'covar0_cl1_cl0_cl0_cl3' had 8 variances floored, minimum variance found was 1.129391e-06.
WARNING: covariance vector named 'covar0_cl1_cl0_cl0_cl2' had 7 variances floored, minimum variance found was 1.279086e-06.
WARNING: covariance vector named 'covar0_cl1_cl0_cl0_cl1' had 8 variances floored, minimum variance found was 4.370917e-07.
WARNING: covariance vector named 'covar0_cl1_cl0_cl0_cl0' had 8 variances floored, minimum variance found was 1.647941e-06.
WARNING: covariance vector named 'covar0_cl0' had 11 variances floored, minimum variance found was 2.497260e-07.
WARNING: covariance vector named 'covar0_cl0_cl4' had 14 variances floored, minimum variance found was 3.820312e-07.
WARNING: covariance vector named 'covar0_cl0_cl4_cl1' had 14 variances floored, minimum variance found was 9.381772e-08.
WARNING: covariance vector named 'covar0_cl0_cl4_cl0' had 14 variances floored, minimum variance found was 4.670098e-07.
WARNING: covariance vector named 'covar0_cl0_cl3' had 10 variances floored, minimum variance found was 5.122769e-07.
WARNING: covariance vector named 'covar0_cl0_cl3_cl0' had 8 variances floored, minimum variance found was 2.562496e-06.
WARNING: covariance vector named 'covar0_cl0_cl3_cl0_cl0' had 13 variances floored, minimum variance found was 5.950614e-07.
WARNING: covariance vector named 'covar0_cl0_cl2' had 18 variances floored, minimum variance found was 7.835039e-09.
WARNING: covariance vector named 'covar0_cl0_cl2_cl4' had 19 variances floored, minimum variance found was 5.628886e-09.
WARNING: covariance vector named 'covar0_cl0_cl2_cl3' had 17 variances floored, minimum variance found was 2.167714e-08.
WARNING: covariance vector named 'covar0_cl0_cl2_cl2' had 18 variances floored, minimum variance found was 7.907915e-11.
WARNING: covariance vector named 'covar0_cl0_cl2_cl1' had 15 variances floored, minimum variance found was 7.210517e-09.
WARNING: covariance vector named 'covar0_cl0_cl2_cl1_cl5' had 15 variances floored, minimum variance found was 1.971215e-09.
WARNING: covariance vector named 'covar0_cl0_cl2_cl1_cl4' had 15 variances floored, minimum variance found was 4.276002e-10.
WARNING: covariance vector named 'covar0_cl0_cl2_cl1_cl3' had 15 variances floored, minimum variance found was 1.138564e-09.
WARNING: covariance vector named 'covar0_cl0_cl2_cl1_cl2' had 17 variances floored, minimum variance found was 1.124433e-09.
WARNING: covariance vector named 'covar0_cl0_cl2_cl1_cl1' had 14 variances floored, minimum variance found was 2.305947e-08.
WARNING: covariance vector named 'covar0_cl0_cl2_cl1_cl1_cl1' had 16 variances floored, minimum variance found was 4.158741e-10.
WARNING: covariance vector named 'covar0_cl0_cl2_cl1_cl1_cl0' had 14 variances floored, minimum variance found was 1.545007e-11.
WARNING: covariance vector named 'covar0_cl0_cl2_cl1_cl0' had 14 variances floored, minimum variance found was 7.155834e-10.
WARNING: covariance vector named 'covar0_cl0_cl2_cl1_cl0_cl0' had 14 variances floored, minimum variance found was 1.655976e-11.
WARNING: covariance vector named 'covar0_cl0_cl2_cl0' had 14 variances floored, minimum variance found was 1.603720e-12.
WARNING: covariance vector named 'covar0_cl0_cl1' had 10 variances floored, minimum variance found was 5.350699e-07.
WARNING: covariance vector named 'covar0_cl0_cl1_cl10' had 10 variances floored, minimum variance found was 4.686572e-07.
WARNING: covariance vector named 'covar0_cl0_cl1_cl9' had 12 variances floored, minimum variance found was 3.744040e-07.
WARNING: covariance vector named 'covar0_cl0_cl1_cl8' had 10 variances floored, minimum variance found was 1.875711e-07.
WARNING: covariance vector named 'covar0_cl0_cl1_cl7' had 10 variances floored, minimum variance found was 2.203743e-07.
WARNING: covariance vector named 'covar0_cl0_cl1_cl7_cl0' had 10 variances floored, minimum variance found was 4.165371e-07.
WARNING: covariance vector named 'covar0_cl0_cl1_cl6' had 10 variances floored, minimum variance found was 4.157867e-07.
WARNING: covariance vector named 'covar0_cl0_cl1_cl6_cl0' had 12 variances floored, minimum variance found was 3.897390e-07.
WARNING: covariance vector named 'covar0_cl0_cl1_cl5' had 11 variances floored, minimum variance found was 1.868999e-07.
WARNING: covariance vector named 'covar0_cl0_cl1_cl5_cl0' had 13 variances floored, minimum variance found was 8.593721e-08.
WARNING: covariance vector named 'covar0_cl0_cl1_cl4' had 10 variances floored, minimum variance found was 4.832934e-07.
WARNING: covariance vector named 'covar0_cl0_cl1_cl3' had 11 variances floored, minimum variance found was 3.661522e-07.
WARNING: covariance vector named 'covar0_cl0_cl1_cl3_cl1' had 12 variances floored, minimum variance found was 1.721722e-07.
WARNING: covariance vector named 'covar0_cl0_cl1_cl3_cl0' had 11 variances floored, minimum variance found was 6.059648e-07.
WARNING: covariance vector named 'covar0_cl0_cl1_cl2' had 10 variances floored, minimum variance found was 4.400569e-07.
WARNING: covariance vector named 'covar0_cl0_cl1_cl2_cl6' had 14 variances floored, minimum variance found was 6.559421e-08.
WARNING: covariance vector named 'covar0_cl0_cl1_cl2_cl5' had 10 variances floored, minimum variance found was 2.983047e-07.
WARNING: covariance vector named 'covar0_cl0_cl1_cl2_cl4' had 13 variances floored, minimum variance found was 3.711493e-07.
WARNING: covariance vector named 'covar0_cl0_cl1_cl2_cl3' had 11 variances floored, minimum variance found was 3.065702e-07.
WARNING: covariance vector named 'covar0_cl0_cl1_cl2_cl2' had 11 variances floored, minimum variance found was 1.531356e-07.
WARNING: covariance vector named 'covar0_cl0_cl1_cl2_cl1' had 11 variances floored, minimum variance found was 1.347492e-07.
WARNING: covariance vector named 'covar0_cl0_cl1_cl2_cl0' had 11 variances floored, minimum variance found was 4.914783e-07.
WARNING: covariance vector named 'covar0_cl0_cl1_cl1' had 10 variances floored, minimum variance found was 2.682977e-07.
WARNING: covariance vector named 'covar0_cl0_cl1_cl1_cl6' had 15 variances floored, minimum variance found was 5.572974e-08.
WARNING: covariance vector named 'covar0_cl0_cl1_cl1_cl5' had 12 variances floored, minimum variance found was 3.560633e-07.
WARNING: covariance vector named 'covar0_cl0_cl1_cl1_cl4' had 11 variances floored, minimum variance found was 2.922289e-07.
WARNING: covariance vector named 'covar0_cl0_cl1_cl1_cl4_cl0' had 13 variances floored, minimum variance found was 1.912911e-07.
WARNING: covariance vector named 'covar0_cl0_cl1_cl1_cl3' had 12 variances floored, minimum variance found was 4.848012e-07.
WARNING: covariance vector named 'covar0_cl0_cl1_cl1_cl2' had 11 variances floored, minimum variance found was 7.122113e-07.
WARNING: covariance vector named 'covar0_cl0_cl1_cl1_cl2_cl0' had 11 variances floored, minimum variance found was 4.551592e-07.
WARNING: covariance vector named 'covar0_cl0_cl1_cl1_cl1' had 11 variances floored, minimum variance found was 1.500857e-07.
WARNING: covariance vector named 'covar0_cl0_cl1_cl1_cl1_cl2' had 13 variances floored, minimum variance found was 6.152491e-08.
WARNING: covariance vector named 'covar0_cl0_cl1_cl1_cl1_cl1' had 12 variances floored, minimum variance found was 1.690570e-07.
WARNING: covariance vector named 'covar0_cl0_cl1_cl1_cl1_cl0' had 12 variances floored, minimum variance found was 5.307132e-07.
WARNING: covariance vector named 'covar0_cl0_cl1_cl1_cl0' had 10 variances floored, minimum variance found was 2.074963e-07.
WARNING: covariance vector named 'covar0_cl0_cl1_cl1_cl0_cl0' had 13 variances floored, minimum variance found was 4.157271e-08.
WARNING: covariance vector named 'covar0_cl0_cl1_cl0' had 10 variances floored, minimum variance found was 2.063183e-07.
WARNING: covariance vector named 'covar0_cl0_cl1_cl0_cl5' had 10 variances floored, minimum variance found was 3.680051e-07.
WARNING: covariance vector named 'covar0_cl0_cl1_cl0_cl4' had 11 variances floored, minimum variance found was 1.438526e-07.
WARNING: covariance vector named 'covar0_cl0_cl1_cl0_cl3' had 9 variances floored, minimum variance found was 7.935876e-08.
WARNING: covariance vector named 'covar0_cl0_cl1_cl0_cl2' had 8 variances floored, minimum variance found was 4.467339e-08.
WARNING: covariance vector named 'covar0_cl0_cl1_cl0_cl1' had 10 variances floored, minimum variance found was 1.262151e-07.
WARNING: covariance vector named 'covar0_cl0_cl1_cl0_cl1_cl2' had 11 variances floored, minimum variance found was 9.059887e-08.
WARNING: covariance vector named 'covar0_cl0_cl1_cl0_cl1_cl1' had 9 variances floored, minimum variance found was 7.371494e-08.
WARNING: covariance vector named 'covar0_cl0_cl1_cl0_cl1_cl0' had 10 variances floored, minimum variance found was 1.805671e-07.
WARNING: covariance vector named 'covar0_cl0_cl1_cl0_cl0' had 10 variances floored, minimum variance found was 1.844973e-07.
WARNING: covariance vector named 'covar0_cl0_cl0' had 8 variances floored, minimum variance found was 2.016487e-07.
WARNING: covariance vector named 'covar0_cl0_cl0_cl5' had 9 variances floored, minimum variance found was 2.055343e-07.
WARNING: covariance vector named 'covar0_cl0_cl0_cl4' had 9 variances floored, minimum variance found was 6.011185e-07.
WARNING: covariance vector named 'covar0_cl0_cl0_cl3' had 6 variances floored, minimum variance found was 1.903505e-06.
WARNING: covariance vector named 'covar0_cl0_cl0_cl3_cl0' had 9 variances floored, minimum variance found was 7.094068e-07.
WARNING: covariance vector named 'covar0_cl0_cl0_cl2' had 7 variances floored, minimum variance found was 1.838359e-06.
WARNING: covariance vector named 'covar0_cl0_cl0_cl2_cl1' had 6 variances floored, minimum variance found was 1.286186e-06.
WARNING: covariance vector named 'covar0_cl0_cl0_cl2_cl0' had 8 variances floored, minimum variance found was 1.113545e-06.
WARNING: covariance vector named 'covar0_cl0_cl0_cl1' had 8 variances floored, minimum variance found was 8.029278e-07.
WARNING: covariance vector named 'covar0_cl0_cl0_cl1_cl2' had 8 variances floored, minimum variance found was 6.377898e-07.
WARNING: covariance vector named 'covar0_cl0_cl0_cl1_cl1' had 8 variances floored, minimum variance found was 4.736579e-07.
WARNING: covariance vector named 'covar0_cl0_cl0_cl1_cl0' had 8 variances floored, minimum variance found was 1.059701e-06.
WARNING: covariance vector named 'covar0_cl0_cl0_cl0' had 8 variances floored, minimum variance found was 1.295570e-06.
WARNING: covariance vector named 'covar0_cl0_cl0_cl0_cl1' had 8 variances floored, minimum variance found was 1.189699e-06.
WARNING: covariance vector named 'covar0_cl0_cl0_cl0_cl0' had 8 variances floored, minimum variance found was 2.318443e-06.
WARNING: covariance vector named 'covar1' had 3 variances floored, minimum variance found was 8.349334e-06.
WARNING: covariance vector named 'covar1_cl2' had 3 variances floored, minimum variance found was 8.436089e-06.
WARNING: covariance vector named 'covar1_cl0' had 4 variances floored, minimum variance found was 5.276345e-06.
WARNING: covariance vector named 'covar1_cl0_cl2' had 4 variances floored, minimum variance found was 3.185157e-08.
WARNING: covariance vector named 'covar1_cl0_cl1' had 6 variances floored, minimum variance found was 1.457740e-08.
WARNING: covariance vector named 'covar1_cl0_cl1_cl1' had 7 variances floored, minimum variance found was 3.985519e-06.
WARNING: covariance vector named 'covar1_cl0_cl1_cl0' had 5 variances floored, minimum variance found was 2.803788e-06.
WARNING: covariance vector named 'covar1_cl0_cl0' had 10 variances floored, minimum variance found was 2.477680e-06.
WARNING: covariance vector named 'covar1_cl0_cl0_cl1' had 13 variances floored, minimum variance found was 4.744756e-07.
WARNING: covariance vector named 'covar1_cl0_cl0_cl0' had 13 variances floored, minimum variance found was 6.175216e-07.
WARNING: covariance vector named 'covar1_cl0_cl0_cl0_cl1' had 14 variances floored, minimum variance found was 8.636907e-07.
WARNING: covariance vector named 'covar1_cl0_cl0_cl0_cl0' had 12 variances floored, minimum variance found was 1.388171e-06.
NOTE: DPMF 'dpmf0' has 0/1 elements vanishing/splitting
Maximum number of EM iterations reached (1). Stopping
### Final time (seconds) just for EM stage: User: 0.005112, System: 0.001033, CPU 0.006145
____ PROGRAM ENDED SUCCESSFULLY WITH STATUS 0 AT Wednesday August 19 2015, 16:40:09 PDT ____
