Creating Junction Tree
DONE creating Junction Tree
Loading accumulators from 'accumulators/acc_0_2_8comp.data'
WARNING: covariance vector named 'covar0' had 2 variances floored, minimum variance found was 6.508379e-06.
WARNING: covariance vector named 'covar0_cl7' had 5 variances floored, minimum variance found was 7.766942e-07.
WARNING: covariance vector named 'covar0_cl6' had 5 variances floored, minimum variance found was 4.647498e-06.
WARNING: covariance vector named 'covar0_cl5' had 5 variances floored, minimum variance found was 1.042226e-06.
WARNING: covariance vector named 'covar0_cl5_cl0' had 5 variances floored, minimum variance found was 1.044743e-06.
WARNING: covariance vector named 'covar0_cl4' had 4 variances floored, minimum variance found was 2.935226e-06.
WARNING: covariance vector named 'covar0_cl4_cl0' had 4 variances floored, minimum variance found was 1.687793e-06.
WARNING: covariance vector named 'covar0_cl3' had 1 variances floored, minimum variance found was 9.381151e-06.
WARNING: covariance vector named 'covar0_cl2' had 6 variances floored, minimum variance found was 2.564198e-06.
WARNING: covariance vector named 'covar0_cl2_cl4' had 8 variances floored, minimum variance found was 1.056079e-06.
WARNING: covariance vector named 'covar0_cl2_cl2' had 6 variances floored, minimum variance found was 2.194185e-06.
WARNING: covariance vector named 'covar0_cl2_cl1' had 5 variances floored, minimum variance found was 2.118239e-06.
WARNING: covariance vector named 'covar0_cl2_cl0' had 4 variances floored, minimum variance found was 2.965094e-06.
WARNING: covariance vector named 'covar0_cl2_cl0_cl0' had 6 variances floored, minimum variance found was 1.089519e-06.
WARNING: covariance vector named 'covar0_cl1' had 5 variances floored, minimum variance found was 4.625974e-06.
WARNING: covariance vector named 'covar0_cl1_cl0' had 4 variances floored, minimum variance found was 1.986314e-06.
WARNING: covariance vector named 'covar0_cl1_cl0_cl3' had 5 variances floored, minimum variance found was 1.992739e-06.
WARNING: covariance vector named 'covar0_cl1_cl0_cl2' had 8 variances floored, minimum variance found was 1.825667e-06.
WARNING: covariance vector named 'covar0_cl1_cl0_cl1' had 5 variances floored, minimum variance found was 8.353990e-07.
WARNING: covariance vector named 'covar0_cl1_cl0_cl1_cl0' had 8 variances floored, minimum variance found was 5.716454e-08.
WARNING: covariance vector named 'covar0_cl1_cl0_cl0' had 6 variances floored, minimum variance found was 1.244156e-06.
WARNING: covariance vector named 'covar0_cl1_cl0_cl0_cl1' had 6 variances floored, minimum variance found was 1.465813e-06.
WARNING: covariance vector named 'covar0_cl1_cl0_cl0_cl1_cl1' had 6 variances floored, minimum variance found was 2.662066e-06.
WARNING: covariance vector named 'covar0_cl1_cl0_cl0_cl0' had 8 variances floored, minimum variance found was 9.326566e-07.
WARNING: covariance vector named 'covar0_cl0' had 14 variances floored, minimum variance found was 5.849109e-10.
WARNING: covariance vector named 'covar0_cl0_cl7' had 14 variances floored, minimum variance found was 3.207406e-08.
WARNING: covariance vector named 'covar0_cl0_cl6' had 14 variances floored, minimum variance found was 1.613209e-10.
WARNING: covariance vector named 'covar0_cl0_cl6_cl0' had 14 variances floored, minimum variance found was 4.280927e-10.
WARNING: covariance vector named 'covar0_cl0_cl5' had 15 variances floored, minimum variance found was 4.941394e-09.
WARNING: covariance vector named 'covar0_cl0_cl5_cl1' had 14 variances floored, minimum variance found was 2.489080e-10.
WARNING: covariance vector named 'covar0_cl0_cl5_cl0' had 15 variances floored, minimum variance found was 4.047725e-10.
WARNING: covariance vector named 'covar0_cl0_cl4' had 15 variances floored, minimum variance found was 4.865700e-10.
WARNING: covariance vector named 'covar0_cl0_cl4_cl1' had 16 variances floored, minimum variance found was 1.282110e-08.
WARNING: covariance vector named 'covar0_cl0_cl4_cl0' had 19 variances floored, minimum variance found was 1.581333e-09.
WARNING: covariance vector named 'covar0_cl0_cl4_cl0_cl1' had 18 variances floored, minimum variance found was 6.345072e-09.
WARNING: covariance vector named 'covar0_cl0_cl4_cl0_cl0' had 18 variances floored, minimum variance found was 8.543521e-11.
WARNING: covariance vector named 'covar0_cl0_cl3' had 13 variances floored, minimum variance found was 4.268232e-07.
WARNING: covariance vector named 'covar0_cl0_cl3_cl3' had 15 variances floored, minimum variance found was 4.594870e-07.
WARNING: covariance vector named 'covar0_cl0_cl3_cl2' had 11 variances floored, minimum variance found was 1.030930e-07.
WARNING: covariance vector named 'covar0_cl0_cl3_cl1' had 10 variances floored, minimum variance found was 2.726752e-06.
WARNING: covariance vector named 'covar0_cl0_cl3_cl0' had 12 variances floored, minimum variance found was 6.771124e-07.
WARNING: covariance vector named 'covar0_cl0_cl2' had 13 variances floored, minimum variance found was 5.695178e-07.
WARNING: covariance vector named 'covar0_cl0_cl1' had 10 variances floored, minimum variance found was 2.114205e-07.
WARNING: covariance vector named 'covar0_cl0_cl1_cl9' had 10 variances floored, minimum variance found was 8.350359e-08.
WARNING: covariance vector named 'covar0_cl0_cl1_cl8' had 12 variances floored, minimum variance found was 1.405014e-07.
WARNING: covariance vector named 'covar0_cl0_cl1_cl7' had 10 variances floored, minimum variance found was 1.481872e-07.
WARNING: covariance vector named 'covar0_cl0_cl1_cl6' had 12 variances floored, minimum variance found was 2.414636e-07.
WARNING: covariance vector named 'covar0_cl0_cl1_cl5' had 9 variances floored, minimum variance found was 1.189113e-07.
WARNING: covariance vector named 'covar0_cl0_cl1_cl4' had 11 variances floored, minimum variance found was 1.142820e-07.
WARNING: covariance vector named 'covar0_cl0_cl1_cl4_cl1' had 11 variances floored, minimum variance found was 2.956303e-07.
WARNING: covariance vector named 'covar0_cl0_cl1_cl4_cl0' had 10 variances floored, minimum variance found was 3.206859e-07.
WARNING: covariance vector named 'covar0_cl0_cl1_cl3' had 10 variances floored, minimum variance found was 5.682853e-07.
WARNING: covariance vector named 'covar0_cl0_cl1_cl3_cl4' had 14 variances floored, minimum variance found was 2.481325e-07.
WARNING: covariance vector named 'covar0_cl0_cl1_cl3_cl3' had 7 variances floored, minimum variance found was 2.396125e-07.
WARNING: covariance vector named 'covar0_cl0_cl1_cl3_cl2' had 12 variances floored, minimum variance found was 6.354043e-07.
WARNING: covariance vector named 'covar0_cl0_cl1_cl3_cl1' had 13 variances floored, minimum variance found was 1.718595e-07.
WARNING: covariance vector named 'covar0_cl0_cl1_cl3_cl0' had 10 variances floored, minimum variance found was 2.936513e-07.
WARNING: covariance vector named 'covar0_cl0_cl1_cl3_cl0_cl0' had 12 variances floored, minimum variance found was 1.644142e-07.
WARNING: covariance vector named 'covar0_cl0_cl1_cl2' had 10 variances floored, minimum variance found was 4.835832e-07.
WARNING: covariance vector named 'covar0_cl0_cl1_cl2_cl1' had 10 variances floored, minimum variance found was 1.434236e-07.
WARNING: covariance vector named 'covar0_cl0_cl1_cl2_cl1_cl0' had 12 variances floored, minimum variance found was 2.212524e-08.
WARNING: covariance vector named 'covar0_cl0_cl1_cl2_cl0' had 11 variances floored, minimum variance found was 4.412687e-07.
WARNING: covariance vector named 'covar0_cl0_cl1_cl2_cl0_cl1' had 11 variances floored, minimum variance found was 2.862637e-07.
WARNING: covariance vector named 'covar0_cl0_cl1_cl2_cl0_cl0' had 11 variances floored, minimum variance found was 2.708121e-07.
WARNING: covariance vector named 'covar0_cl0_cl1_cl1' had 11 variances floored, minimum variance found was 2.294468e-07.
WARNING: covariance vector named 'covar0_cl0_cl1_cl1_cl4' had 11 variances floored, minimum variance found was 1.014956e-07.
WARNING: covariance vector named 'covar0_cl0_cl1_cl1_cl3' had 10 variances floored, minimum variance found was 2.036504e-07.
WARNING: covariance vector named 'covar0_cl0_cl1_cl1_cl2' had 12 variances floored, minimum variance found was 2.477079e-07.
WARNING: covariance vector named 'covar0_cl0_cl1_cl1_cl1' had 12 variances floored, minimum variance found was 5.590038e-07.
WARNING: covariance vector named 'covar0_cl0_cl1_cl1_cl1_cl2' had 13 variances floored, minimum variance found was 7.014575e-07.
WARNING: covariance vector named 'covar0_cl0_cl1_cl1_cl1_cl1' had 12 variances floored, minimum variance found was 6.892807e-07.
WARNING: covariance vector named 'covar0_cl0_cl1_cl1_cl1_cl0' had 11 variances floored, minimum variance found was 4.711650e-07.
WARNING: covariance vector named 'covar0_cl0_cl1_cl1_cl0' had 8 variances floored, minimum variance found was 1.503602e-06.
WARNING: covariance vector named 'covar0_cl0_cl1_cl0' had 10 variances floored, minimum variance found was 2.228503e-07.
WARNING: covariance vector named 'covar0_cl0_cl1_cl0_cl6' had 13 variances floored, minimum variance found was 4.595412e-07.
WARNING: covariance vector named 'covar0_cl0_cl1_cl0_cl5' had 11 variances floored, minimum variance found was 3.259452e-07.
WARNING: covariance vector named 'covar0_cl0_cl1_cl0_cl4' had 9 variances floored, minimum variance found was 1.402383e-07.
WARNING: covariance vector named 'covar0_cl0_cl1_cl0_cl3' had 10 variances floored, minimum variance found was 5.406754e-07.
WARNING: covariance vector named 'covar0_cl0_cl1_cl0_cl2' had 9 variances floored, minimum variance found was 1.070318e-07.
WARNING: covariance vector named 'covar0_cl0_cl1_cl0_cl1' had 11 variances floored, minimum variance found was 2.748804e-07.
WARNING: covariance vector named 'covar0_cl0_cl1_cl0_cl1_cl0' had 11 variances floored, minimum variance found was 2.896840e-07.
WARNING: covariance vector named 'covar0_cl0_cl1_cl0_cl0' had 9 variances floored, minimum variance found was 8.309079e-08.
WARNING: covariance vector named 'covar0_cl0_cl1_cl0_cl0_cl0' had 10 variances floored, minimum variance found was 4.529866e-07.
WARNING: covariance vector named 'covar0_cl0_cl0' had 7 variances floored, minimum variance found was 1.044263e-06.
WARNING: covariance vector named 'covar0_cl0_cl0_cl4' had 9 variances floored, minimum variance found was 3.756531e-07.
WARNING: covariance vector named 'covar0_cl0_cl0_cl3' had 6 variances floored, minimum variance found was 9.484170e-07.
WARNING: covariance vector named 'covar0_cl0_cl0_cl2' had 7 variances floored, minimum variance found was 1.879417e-06.
WARNING: covariance vector named 'covar0_cl0_cl0_cl2_cl0' had 13 variances floored, minimum variance found was 2.786979e-07.
WARNING: covariance vector named 'covar0_cl0_cl0_cl1' had 8 variances floored, minimum variance found was 9.198475e-07.
WARNING: covariance vector named 'covar0_cl0_cl0_cl1_cl2' had 8 variances floored, minimum variance found was 8.379110e-07.
WARNING: covariance vector named 'covar0_cl0_cl0_cl1_cl1' had 8 variances floored, minimum variance found was 6.125652e-07.
WARNING: covariance vector named 'covar0_cl0_cl0_cl1_cl0' had 8 variances floored, minimum variance found was 7.533667e-07.
WARNING: covariance vector named 'covar0_cl0_cl0_cl0' had 8 variances floored, minimum variance found was 1.380087e-06.
WARNING: covariance vector named 'covar0_cl0_cl0_cl0_cl3' had 9 variances floored, minimum variance found was 1.206605e-06.
WARNING: covariance vector named 'covar0_cl0_cl0_cl0_cl2' had 8 variances floored, minimum variance found was 6.607759e-07.
WARNING: covariance vector named 'covar0_cl0_cl0_cl0_cl1' had 8 variances floored, minimum variance found was 9.253862e-07.
WARNING: covariance vector named 'covar0_cl0_cl0_cl0_cl0' had 2 variances floored, minimum variance found was 2.218541e-06.
WARNING: covariance vector named 'covar1' had 3 variances floored, minimum variance found was 8.400368e-06.
WARNING: covariance vector named 'covar1_cl2' had 2 variances floored, minimum variance found was 8.749539e-06.
WARNING: covariance vector named 'covar1_cl0' had 4 variances floored, minimum variance found was 5.082261e-06.
WARNING: covariance vector named 'covar1_cl0_cl3' had 6 variances floored, minimum variance found was 4.780201e-06.
WARNING: covariance vector named 'covar1_cl0_cl2' had 4 variances floored, minimum variance found was 2.187603e-08.
WARNING: covariance vector named 'covar1_cl0_cl1' had 7 variances floored, minimum variance found was 4.594462e-06.
WARNING: covariance vector named 'covar1_cl0_cl0' had 12 variances floored, minimum variance found was 1.333963e-06.
WARNING: covariance vector named 'covar1_cl0_cl0_cl0' had 11 variances floored, minimum variance found was 1.632076e-06.
WARNING: covariance vector named 'covar1_cl0_cl0_cl0_cl0' had 13 variances floored, minimum variance found was 6.969622e-07.
Maximum number of EM iterations reached (1). Stopping
### Final time (seconds) just for EM stage: User: 0.006481, System: 0.001639, CPU 0.008120
____ PROGRAM ENDED SUCCESSFULLY WITH STATUS 0 AT Wednesday August 19 2015, 16:50:20 PDT ____
