Creating Junction Tree
DONE creating Junction Tree
Loading accumulators from 'accumulators/acc_0_0_64comp.data'
WARNING: covariance vector named 'covar0_cl7' had 36 variances floored, minimum variance found was -2.772019e-07.
WARNING: covariance vector named 'covar0_cl3_cl1_cl0' had 4 variances floored, minimum variance found was 2.638913e-07.
WARNING: covariance vector named 'covar0_cl2_cl1_cl4_cl1' had 3 variances floored, minimum variance found was 1.805071e-07.
WARNING: covariance vector named 'covar0_cl2_cl1_cl2_cl0' had 3 variances floored, minimum variance found was 3.057129e-06.
WARNING: covariance vector named 'covar0_cl2_cl0_cl2_cl2' had 2 variances floored, minimum variance found was 3.548811e-07.
WARNING: covariance vector named 'covar0_cl2_cl0_cl2_cl0' had 1 variances floored, minimum variance found was 1.813066e-06.
WARNING: covariance vector named 'covar0_cl2_cl0_cl0_cl4' had 1 variances floored, minimum variance found was 3.990280e-06.
WARNING: covariance vector named 'covar0_cl2_cl0_cl0_cl3' had 2 variances floored, minimum variance found was 7.648110e-07.
WARNING: covariance vector named 'covar0_cl1_cl5_cl2' had 1 variances floored, minimum variance found was 8.102343e-06.
WARNING: covariance vector named 'covar0_cl1_cl5_cl1' had 2 variances floored, minimum variance found was 1.255484e-06.
WARNING: covariance vector named 'covar0_cl1_cl4_cl3' had 36 variances floored, minimum variance found was -1.808023e-07.
WARNING: covariance vector named 'covar0_cl1_cl3_cl6' had 2 variances floored, minimum variance found was 3.102607e-06.
WARNING: covariance vector named 'covar0_cl1_cl3_cl5' had 1 variances floored, minimum variance found was 4.093013e-06.
WARNING: covariance vector named 'covar0_cl1_cl3_cl3' had 3 variances floored, minimum variance found was 9.454621e-07.
WARNING: covariance vector named 'covar0_cl1_cl3_cl0_cl0' had 4 variances floored, minimum variance found was 6.102031e-07.
WARNING: covariance vector named 'covar0_cl1_cl2_cl7' had 1 variances floored, minimum variance found was 2.792948e-06.
WARNING: covariance vector named 'covar0_cl1_cl2_cl4' had 3 variances floored, minimum variance found was 8.231312e-07.
WARNING: covariance vector named 'covar0_cl1_cl2_cl3' had 2 variances floored, minimum variance found was 1.377639e-10.
WARNING: covariance vector named 'covar0_cl1_cl1_cl7' had 1 variances floored, minimum variance found was 4.920769e-06.
WARNING: covariance vector named 'covar0_cl1_cl0_cl5' had 1 variances floored, minimum variance found was 5.362922e-06.
WARNING: covariance vector named 'covar0_cl1_cl0_cl2_cl5' had 1 variances floored, minimum variance found was 3.741852e-06.
WARNING: covariance vector named 'covar0_cl1_cl0_cl0_cl3' had 1 variances floored, minimum variance found was 2.195962e-06.
WARNING: covariance vector named 'covar0_cl0_cl12' had 3 variances floored, minimum variance found was 9.752704e-07.
WARNING: covariance vector named 'covar0_cl0_cl7_cl0' had 36 variances floored, minimum variance found was -1.735211e-09.
WARNING: covariance vector named 'covar0_cl0_cl6_cl5' had 4 variances floored, minimum variance found was 1.219212e-07.
WARNING: covariance vector named 'covar0_cl0_cl5_cl4' had 1 variances floored, minimum variance found was 7.001529e-06.
WARNING: covariance vector named 'covar0_cl0_cl5_cl3' had 6 variances floored, minimum variance found was 1.029244e-08.
WARNING: covariance vector named 'covar0_cl0_cl5_cl1_cl0' had 3 variances floored, minimum variance found was 1.823215e-07.
WARNING: covariance vector named 'covar0_cl0_cl4_cl5' had 6 variances floored, minimum variance found was 4.468367e-08.
WARNING: covariance vector named 'covar0_cl0_cl4_cl2_cl0' had 36 variances floored, minimum variance found was -4.677673e-08.
WARNING: covariance vector named 'covar0_cl0_cl3_cl2_cl2' had 1 variances floored, minimum variance found was 7.669803e-06.
WARNING: covariance vector named 'covar0_cl0_cl3_cl0_cl5' had 36 variances floored, minimum variance found was -1.700305e-08.
WARNING: covariance vector named 'covar0_cl0_cl3_cl0_cl1_cl0' had 36 variances floored, minimum variance found was -1.283003e-08.
WARNING: covariance vector named 'covar0_cl0_cl2_cl9' had 5 variances floored, minimum variance found was 3.152261e-07.
WARNING: covariance vector named 'covar0_cl0_cl2_cl3_cl1' had 4 variances floored, minimum variance found was 6.909235e-08.
WARNING: covariance vector named 'covar0_cl0_cl2_cl2_cl8' had 4 variances floored, minimum variance found was 1.149200e-08.
WARNING: covariance vector named 'covar0_cl0_cl2_cl2_cl7' had 2 variances floored, minimum variance found was 7.804409e-07.
WARNING: covariance vector named 'covar0_cl0_cl2_cl2_cl2' had 1 variances floored, minimum variance found was 4.298614e-07.
WARNING: covariance vector named 'covar0_cl0_cl2_cl2_cl0_cl0' had 2 variances floored, minimum variance found was 1.103081e-06.
WARNING: covariance vector named 'covar0_cl0_cl2_cl1_cl3' had 36 variances floored, minimum variance found was -1.702092e-09.
WARNING: covariance vector named 'covar0_cl0_cl2_cl1_cl1' had 1 variances floored, minimum variance found was 2.497871e-07.
WARNING: covariance vector named 'covar0_cl0_cl2_cl0' had 3 variances floored, minimum variance found was 5.792318e-07.
WARNING: covariance vector named 'covar0_cl0_cl2_cl0_cl10' had 4 variances floored, minimum variance found was 1.268772e-08.
WARNING: covariance vector named 'covar0_cl0_cl2_cl0_cl9' had 3 variances floored, minimum variance found was 6.770156e-07.
WARNING: covariance vector named 'covar0_cl0_cl2_cl0_cl8' had 3 variances floored, minimum variance found was 5.714096e-08.
WARNING: covariance vector named 'covar0_cl0_cl2_cl0_cl7' had 3 variances floored, minimum variance found was 1.100762e-06.
WARNING: covariance vector named 'covar0_cl0_cl2_cl0_cl6' had 3 variances floored, minimum variance found was 8.115893e-07.
WARNING: covariance vector named 'covar0_cl0_cl2_cl0_cl6_cl0' had 8 variances floored, minimum variance found was 4.043653e-12.
WARNING: covariance vector named 'covar0_cl0_cl2_cl0_cl5' had 3 variances floored, minimum variance found was 5.963770e-07.
WARNING: covariance vector named 'covar0_cl0_cl2_cl0_cl5_cl1' had 3 variances floored, minimum variance found was 3.017891e-08.
WARNING: covariance vector named 'covar0_cl0_cl2_cl0_cl5_cl0' had 3 variances floored, minimum variance found was 7.759480e-07.
WARNING: covariance vector named 'covar0_cl0_cl2_cl0_cl4' had 3 variances floored, minimum variance found was 3.430818e-08.
WARNING: covariance vector named 'covar0_cl0_cl2_cl0_cl3' had 3 variances floored, minimum variance found was 1.721482e-06.
WARNING: covariance vector named 'covar0_cl0_cl2_cl0_cl3_cl2' had 36 variances floored, minimum variance found was -6.664526e-10.
WARNING: covariance vector named 'covar0_cl0_cl2_cl0_cl3_cl1' had 3 variances floored, minimum variance found was 6.657076e-08.
WARNING: covariance vector named 'covar0_cl0_cl2_cl0_cl3_cl0' had 3 variances floored, minimum variance found was 1.402152e-07.
WARNING: covariance vector named 'covar0_cl0_cl2_cl0_cl2' had 3 variances floored, minimum variance found was 8.311075e-08.
WARNING: covariance vector named 'covar0_cl0_cl2_cl0_cl2_cl5' had 3 variances floored, minimum variance found was 5.068833e-07.
WARNING: covariance vector named 'covar0_cl0_cl2_cl0_cl2_cl4' had 3 variances floored, minimum variance found was 1.794761e-07.
WARNING: covariance vector named 'covar0_cl0_cl2_cl0_cl2_cl3' had 3 variances floored, minimum variance found was 1.500123e-07.
WARNING: covariance vector named 'covar0_cl0_cl2_cl0_cl2_cl2' had 3 variances floored, minimum variance found was 1.706269e-07.
WARNING: covariance vector named 'covar0_cl0_cl2_cl0_cl2_cl1' had 3 variances floored, minimum variance found was 2.372498e-07.
WARNING: covariance vector named 'covar0_cl0_cl2_cl0_cl2_cl0' had 3 variances floored, minimum variance found was 6.851336e-08.
WARNING: covariance vector named 'covar0_cl0_cl2_cl0_cl1' had 1 variances floored, minimum variance found was 5.253954e-07.
WARNING: covariance vector named 'covar0_cl0_cl2_cl0_cl1_cl0' had 2 variances floored, minimum variance found was 9.549027e-10.
WARNING: covariance vector named 'covar0_cl0_cl1_cl12' had 4 variances floored, minimum variance found was 1.280265e-06.
WARNING: covariance vector named 'covar0_cl0_cl1_cl6_cl2' had 36 variances floored, minimum variance found was -1.421117e-09.
WARNING: covariance vector named 'covar0_cl0_cl1_cl5_cl3' had 2 variances floored, minimum variance found was 8.101109e-07.
WARNING: covariance vector named 'covar0_cl0_cl1_cl4_cl4' had 4 variances floored, minimum variance found was 3.120626e-07.
WARNING: covariance vector named 'covar0_cl0_cl1_cl4_cl3' had 1 variances floored, minimum variance found was 7.523147e-07.
WARNING: covariance vector named 'covar0_cl0_cl1_cl4_cl1' had 1 variances floored, minimum variance found was 1.216420e-06.
WARNING: covariance vector named 'covar0_cl0_cl1_cl1_cl6' had 4 variances floored, minimum variance found was 3.799818e-07.
WARNING: covariance vector named 'covar0_cl0_cl1_cl1_cl2_cl0' had 4 variances floored, minimum variance found was 2.552399e-07.
WARNING: covariance vector named 'covar0_cl0_cl1_cl1_cl1_cl3' had 5 variances floored, minimum variance found was 1.207501e-07.
WARNING: covariance vector named 'covar0_cl0_cl1_cl1_cl1_cl2' had 2 variances floored, minimum variance found was 2.633631e-07.
WARNING: covariance vector named 'covar0_cl0_cl1_cl0_cl2_cl4' had 3 variances floored, minimum variance found was 2.419473e-06.
WARNING: covariance vector named 'covar0_cl0_cl1_cl0_cl2_cl3' had 5 variances floored, minimum variance found was 3.711355e-06.
WARNING: covariance vector named 'covar0_cl0_cl1_cl0_cl1_cl8' had 4 variances floored, minimum variance found was 1.897570e-07.
WARNING: covariance vector named 'covar0_cl0_cl1_cl0_cl1_cl3_cl3' had 36 variances floored, minimum variance found was -3.246001e-09.
WARNING: covariance vector named 'covar0_cl0_cl1_cl0_cl1_cl3_cl1' had 1 variances floored, minimum variance found was 9.793109e-06.
WARNING: covariance vector named 'covar0_cl0_cl1_cl0_cl1_cl3_cl0' had 5 variances floored, minimum variance found was 9.478994e-09.
WARNING: covariance vector named 'covar0_cl0_cl1_cl0_cl1_cl2_cl0' had 1 variances floored, minimum variance found was 7.644735e-06.
WARNING: covariance vector named 'covar0_cl0_cl1_cl0_cl1_cl0_cl4' had 3 variances floored, minimum variance found was 1.341719e-08.
WARNING: covariance vector named 'covar0_cl0_cl1_cl0_cl0_cl0_cl0' had 36 variances floored, minimum variance found was -7.219790e-09.
WARNING: covariance vector named 'covar0_cl0_cl0_cl1' had 2 variances floored, minimum variance found was 7.241684e-07.
WARNING: covariance vector named 'covar0_cl0_cl0_cl0_cl5_cl1' had 1 variances floored, minimum variance found was 1.918225e-06.
WARNING: covariance vector named 'covar0_cl0_cl0_cl0_cl4_cl0' had 2 variances floored, minimum variance found was 1.492223e-06.
WARNING: covariance vector named 'covar0_cl0_cl0_cl0_cl2_cl4' had 1 variances floored, minimum variance found was 3.686332e-06.
WARNING: covariance vector named 'covar0_cl0_cl0_cl0_cl0_cl0' had 2 variances floored, minimum variance found was 8.565557e-10.
Maximum number of EM iterations reached (1). Stopping
### Final time (seconds) just for EM stage: User: 0.022409, System: 0.002343, CPU 0.024752
____ PROGRAM ENDED SUCCESSFULLY WITH STATUS 0 AT Tuesday August 11 2015, 20:24:55 PDT ____
