Creating Junction Tree
DONE creating Junction Tree
Loading accumulators from 'accumulators/acc_0_1_16comp.data'
WARNING: covariance vector named 'covar0_cl2_cl0_cl1_cl0' had 4 variances floored, minimum variance found was 5.640529e-08.
WARNING: covariance vector named 'covar0_cl1_cl0_cl0_cl0' had 1 variances floored, minimum variance found was 5.066649e-06.
WARNING: covariance vector named 'covar0_cl0_cl6_cl1' had 3 variances floored, minimum variance found was 9.445034e-07.
WARNING: covariance vector named 'covar0_cl0_cl5_cl0_cl0' had 1 variances floored, minimum variance found was 7.325353e-06.
WARNING: covariance vector named 'covar0_cl0_cl4_cl2_cl1' had 1 variances floored, minimum variance found was 1.610560e-06.
WARNING: covariance vector named 'covar0_cl0_cl2' had 3 variances floored, minimum variance found was 6.232872e-07.
WARNING: covariance vector named 'covar0_cl0_cl2_cl7' had 3 variances floored, minimum variance found was 2.035570e-07.
WARNING: covariance vector named 'covar0_cl0_cl2_cl6' had 3 variances floored, minimum variance found was 2.102039e-07.
WARNING: covariance vector named 'covar0_cl0_cl2_cl5' had 3 variances floored, minimum variance found was 1.360463e-06.
WARNING: covariance vector named 'covar0_cl0_cl2_cl4' had 3 variances floored, minimum variance found was 8.447876e-07.
WARNING: covariance vector named 'covar0_cl0_cl2_cl4_cl0' had 3 variances floored, minimum variance found was 5.231948e-08.
WARNING: covariance vector named 'covar0_cl0_cl2_cl3' had 3 variances floored, minimum variance found was 3.223532e-06.
WARNING: covariance vector named 'covar0_cl0_cl2_cl3_cl2' had 3 variances floored, minimum variance found was 8.517076e-07.
WARNING: covariance vector named 'covar0_cl0_cl2_cl3_cl1' had 3 variances floored, minimum variance found was 3.242754e-07.
WARNING: covariance vector named 'covar0_cl0_cl2_cl3_cl0' had 3 variances floored, minimum variance found was 1.223302e-06.
WARNING: covariance vector named 'covar0_cl0_cl2_cl1' had 3 variances floored, minimum variance found was 5.336965e-07.
WARNING: covariance vector named 'covar0_cl0_cl2_cl1_cl0' had 4 variances floored, minimum variance found was 3.557073e-08.
WARNING: covariance vector named 'covar0_cl0_cl2_cl2' had 1 variances floored, minimum variance found was 7.778694e-06.
WARNING: covariance vector named 'covar0_cl0_cl2_cl2_cl0' had 1 variances floored, minimum variance found was 4.213983e-06.
WARNING: covariance vector named 'covar0_cl0_cl2_cl0_cl0_cl2' had 2 variances floored, minimum variance found was 5.037949e-06.
WARNING: covariance vector named 'covar0_cl0_cl1_cl3_cl2' had 1 variances floored, minimum variance found was 9.135373e-06.
WARNING: covariance vector named 'covar0_cl0_cl1_cl1_cl4_cl1' had 2 variances floored, minimum variance found was 4.073171e-09.
WARNING: covariance vector named 'covar0_cl0_cl1_cl1_cl1_cl0' had 1 variances floored, minimum variance found was 3.655784e-06.
WARNING: covariance vector named 'covar0_cl0_cl0_cl0_cl1_cl0' had 1 variances floored, minimum variance found was 9.256706e-06.
Maximum number of EM iterations reached (1). Stopping
### Final time (seconds) just for EM stage: User: 0.017813, System: 0.002792, CPU 0.020605
____ PROGRAM ENDED SUCCESSFULLY WITH STATUS 0 AT Tuesday August 11 2015, 20:46:32 PDT ____
