Creating Junction Tree
DONE creating Junction Tree
Loading accumulators from 'accumulators/acc_0_1_2comp.data'
WARNING: covariance vector named 'covar0_cl2' had 17 variances floored, minimum variance found was -5.215430e-05.
WARNING: covariance vector named 'covar0_cl0_cl4' had 3 variances floored, minimum variance found was 1.231407e-06.
WARNING: covariance vector named 'covar0_cl0_cl4_cl5' had 2 variances floored, minimum variance found was 4.313856e-07.
WARNING: covariance vector named 'covar0_cl0_cl4_cl4' had 2 variances floored, minimum variance found was 1.198330e-06.
WARNING: covariance vector named 'covar0_cl0_cl4_cl3' had 3 variances floored, minimum variance found was 2.123720e-07.
WARNING: covariance vector named 'covar0_cl0_cl4_cl3_cl0' had 3 variances floored, minimum variance found was 1.224999e-07.
WARNING: covariance vector named 'covar0_cl0_cl4_cl2' had 2 variances floored, minimum variance found was 5.335129e-08.
WARNING: covariance vector named 'covar0_cl0_cl4_cl2_cl5' had 2 variances floored, minimum variance found was 5.625001e-07.
WARNING: covariance vector named 'covar0_cl0_cl4_cl2_cl4' had 3 variances floored, minimum variance found was 2.249998e-08.
WARNING: covariance vector named 'covar0_cl0_cl4_cl2_cl3' had 2 variances floored, minimum variance found was 2.569602e-06.
WARNING: covariance vector named 'covar0_cl0_cl4_cl2_cl2' had 3 variances floored, minimum variance found was 3.687592e-08.
WARNING: covariance vector named 'covar0_cl0_cl4_cl2_cl1' had 3 variances floored, minimum variance found was 1.718391e-06.
WARNING: covariance vector named 'covar0_cl0_cl4_cl2_cl0' had 3 variances floored, minimum variance found was 7.880117e-07.
WARNING: covariance vector named 'covar0_cl0_cl4_cl1' had 3 variances floored, minimum variance found was 1.044989e-07.
WARNING: covariance vector named 'covar0_cl0_cl4_cl1_cl1' had 24 variances floored, minimum variance found was -1.011755e-05.
WARNING: covariance vector named 'covar0_cl0_cl4_cl1_cl0' had 3 variances floored, minimum variance found was 3.416079e-07.
WARNING: covariance vector named 'covar0_cl0_cl4_cl0' had 2 variances floored, minimum variance found was 1.555380e-07.
WARNING: covariance vector named 'covar0_cl0_cl4_cl0_cl8' had 2 variances floored, minimum variance found was 1.086667e-06.
WARNING: covariance vector named 'covar0_cl0_cl4_cl0_cl7' had 2 variances floored, minimum variance found was 1.886450e-07.
WARNING: covariance vector named 'covar0_cl0_cl4_cl0_cl6' had 3 variances floored, minimum variance found was 1.624390e-07.
WARNING: covariance vector named 'covar0_cl0_cl4_cl0_cl5' had 2 variances floored, minimum variance found was 9.784781e-07.
WARNING: covariance vector named 'covar0_cl0_cl4_cl0_cl5_cl1' had 2 variances floored, minimum variance found was 4.519016e-07.
WARNING: covariance vector named 'covar0_cl0_cl4_cl0_cl5_cl0' had 3 variances floored, minimum variance found was 8.666731e-08.
WARNING: covariance vector named 'covar0_cl0_cl4_cl0_cl4' had 3 variances floored, minimum variance found was 1.724112e-06.
WARNING: covariance vector named 'covar0_cl0_cl4_cl0_cl3' had 2 variances floored, minimum variance found was 1.136982e-06.
WARNING: covariance vector named 'covar0_cl0_cl4_cl0_cl3_cl2' had 4 variances floored, minimum variance found was 1.600001e-07.
WARNING: covariance vector named 'covar0_cl0_cl4_cl0_cl3_cl1' had 2 variances floored, minimum variance found was 1.000014e-08.
WARNING: covariance vector named 'covar0_cl0_cl4_cl0_cl3_cl0' had 3 variances floored, minimum variance found was 5.768761e-07.
WARNING: covariance vector named 'covar0_cl0_cl4_cl0_cl2' had 3 variances floored, minimum variance found was 1.742729e-07.
WARNING: covariance vector named 'covar0_cl0_cl4_cl0_cl2_cl4' had 3 variances floored, minimum variance found was 4.224998e-07.
WARNING: covariance vector named 'covar0_cl0_cl4_cl0_cl2_cl3' had 25 variances floored, minimum variance found was -1.411751e-06.
WARNING: covariance vector named 'covar0_cl0_cl4_cl0_cl2_cl2' had 3 variances floored, minimum variance found was 6.740080e-07.
WARNING: covariance vector named 'covar0_cl0_cl4_cl0_cl2_cl1' had 2 variances floored, minimum variance found was 3.716045e-07.
WARNING: covariance vector named 'covar0_cl0_cl4_cl0_cl2_cl0' had 2 variances floored, minimum variance found was 6.843841e-07.
WARNING: covariance vector named 'covar0_cl0_cl4_cl0_cl1' had 2 variances floored, minimum variance found was 1.398288e-06.
WARNING: covariance vector named 'covar0_cl0_cl4_cl0_cl1_cl4' had 1 variances floored, minimum variance found was 1.562500e-06.
WARNING: covariance vector named 'covar0_cl0_cl4_cl0_cl1_cl3' had 3 variances floored, minimum variance found was 4.224999e-07.
WARNING: covariance vector named 'covar0_cl0_cl4_cl0_cl1_cl2' had 2 variances floored, minimum variance found was 3.095253e-06.
WARNING: covariance vector named 'covar0_cl0_cl4_cl0_cl1_cl1' had 2 variances floored, minimum variance found was 2.445477e-06.
WARNING: covariance vector named 'covar0_cl0_cl4_cl0_cl1_cl0' had 2 variances floored, minimum variance found was 1.002223e-06.
WARNING: covariance vector named 'covar0_cl0_cl4_cl0_cl0' had 1 variances floored, minimum variance found was 1.579854e-06.
WARNING: covariance vector named 'covar0_cl0_cl4_cl0_cl0_cl1' had 2 variances floored, minimum variance found was 8.333427e-07.
WARNING: covariance vector named 'covar0_cl0_cl4_cl0_cl0_cl1_cl4' had 3 variances floored, minimum variance found was 1.882222e-06.
WARNING: covariance vector named 'covar0_cl0_cl4_cl0_cl0_cl1_cl3' had 3 variances floored, minimum variance found was 6.150245e-07.
WARNING: covariance vector named 'covar0_cl0_cl4_cl0_cl0_cl1_cl2' had 2 variances floored, minimum variance found was 2.602224e-06.
WARNING: covariance vector named 'covar0_cl0_cl4_cl0_cl0_cl1_cl1' had 3 variances floored, minimum variance found was 2.387172e-07.
WARNING: covariance vector named 'covar0_cl0_cl4_cl0_cl0_cl1_cl1_cl1' had 3 variances floored, minimum variance found was -4.417711e-15.
WARNING: covariance vector named 'covar0_cl0_cl4_cl0_cl0_cl1_cl1_cl0' had 2 variances floored, minimum variance found was 1.015552e-06.
WARNING: covariance vector named 'covar0_cl0_cl4_cl0_cl0_cl1_cl0' had 1 variances floored, minimum variance found was 2.219927e-06.
WARNING: covariance vector named 'covar0_cl0_cl4_cl0_cl0_cl0' had 2 variances floored, minimum variance found was 4.243856e-07.
WARNING: covariance vector named 'covar0_cl0_cl3_cl6' had 24 variances floored, minimum variance found was -3.803467e-06.
WARNING: covariance vector named 'covar0_cl0_cl3_cl0_cl0_cl1' had 24 variances floored, minimum variance found was -5.003983e-06.
WARNING: covariance vector named 'covar0_cl0_cl2_cl3_cl3' had 25 variances floored, minimum variance found was -2.440823e-06.
WARNING: covariance vector named 'covar0_cl0_cl2_cl1_cl9' had 25 variances floored, minimum variance found was -2.982651e-06.
WARNING: covariance vector named 'covar0_cl0_cl2_cl1_cl3_cl2' had 25 variances floored, minimum variance found was -2.983380e-06.
WARNING: covariance vector named 'covar0_cl0_cl2_cl1_cl2_cl0_cl2' had 25 variances floored, minimum variance found was -1.448730e-06.
WARNING: covariance vector named 'covar0_cl0_cl2_cl1_cl0_cl2_cl0' had 25 variances floored, minimum variance found was -1.183891e-06.
WARNING: covariance vector named 'covar0_cl0_cl2_cl1_cl0_cl1_cl1' had 25 variances floored, minimum variance found was -3.508402e-06.
WARNING: covariance vector named 'covar0_cl0_cl2_cl0_cl4_cl0' had 25 variances floored, minimum variance found was -1.638794e-06.
WARNING: covariance vector named 'covar0_cl0_cl2_cl0_cl2_cl5' had 25 variances floored, minimum variance found was -9.342386e-07.
WARNING: covariance vector named 'covar0_cl0_cl2_cl0_cl2_cl3' had 2 variances floored, minimum variance found was 3.279673e-06.
WARNING: covariance vector named 'covar0_cl0_cl2_cl0_cl1_cl1' had 25 variances floored, minimum variance found was -2.532764e-06.
WARNING: covariance vector named 'covar0_cl0_cl2_cl0_cl1_cl0' had 25 variances floored, minimum variance found was -1.504455e-06.
WARNING: covariance vector named 'covar0_cl0_cl1_cl4_cl1_cl0' had 25 variances floored, minimum variance found was -9.464583e-07.
WARNING: covariance vector named 'covar0_cl0_cl1_cl3_cl0_cl4' had 25 variances floored, minimum variance found was -1.856819e-06.
WARNING: covariance vector named 'covar0_cl0_cl1_cl2_cl0_cl1' had 25 variances floored, minimum variance found was -5.409180e-06.
WARNING: covariance vector named 'covar0_cl0_cl1_cl1_cl8' had 25 variances floored, minimum variance found was -1.746961e-06.
WARNING: covariance vector named 'covar0_cl0_cl1_cl1_cl5_cl1' had 25 variances floored, minimum variance found was -9.215203e-07.
WARNING: covariance vector named 'covar0_cl0_cl1_cl1_cl5_cl0' had 25 variances floored, minimum variance found was -1.160531e-06.
WARNING: covariance vector named 'covar0_cl0_cl1_cl1_cl3_cl1' had 25 variances floored, minimum variance found was -2.263641e-06.
WARNING: covariance vector named 'covar0_cl0_cl1_cl1_cl1_cl1_cl1' had 25 variances floored, minimum variance found was -1.632007e-06.
WARNING: covariance vector named 'covar0_cl0_cl1_cl1_cl0_cl1_cl1' had 25 variances floored, minimum variance found was -1.702328e-06.
WARNING: covariance vector named 'covar0_cl0_cl1_cl0_cl0_cl9' had 25 variances floored, minimum variance found was -1.841695e-06.
WARNING: covariance vector named 'covar0_cl0_cl0_cl6_cl2_cl0' had 25 variances floored, minimum variance found was -3.631424e-06.
WARNING: covariance vector named 'covar0_cl0_cl0_cl5_cl4' had 25 variances floored, minimum variance found was -3.587586e-06.
WARNING: covariance vector named 'covar0_cl0_cl0_cl5_cl0_cl1' had 25 variances floored, minimum variance found was -1.765679e-06.
WARNING: covariance vector named 'covar0_cl0_cl0_cl3_cl5' had 25 variances floored, minimum variance found was -3.118301e-06.
WARNING: covariance vector named 'covar0_cl0_cl0_cl3_cl0_cl5' had 25 variances floored, minimum variance found was -8.971701e-07.
WARNING: covariance vector named 'covar0_cl0_cl0_cl2_cl2_cl0' had 1 variances floored, minimum variance found was 1.848209e-06.
WARNING: covariance vector named 'covar0_cl0_cl0_cl2_cl1_cl3' had 1 variances floored, minimum variance found was 9.605475e-06.
WARNING: covariance vector named 'covar0_cl0_cl0_cl2_cl1_cl2' had 1 variances floored, minimum variance found was 2.986685e-06.
WARNING: covariance vector named 'covar0_cl0_cl0_cl2_cl1_cl1' had 2 variances floored, minimum variance found was 9.795165e-07.
WARNING: covariance vector named 'covar0_cl0_cl0_cl2_cl0' had 3 variances floored, minimum variance found was 7.852028e-08.
WARNING: covariance vector named 'covar0_cl0_cl0_cl2_cl0_cl1' had 3 variances floored, minimum variance found was 5.600556e-09.
WARNING: covariance vector named 'covar0_cl0_cl0_cl2_cl0_cl0' had 3 variances floored, minimum variance found was 2.710574e-07.
WARNING: covariance vector named 'covar0_cl0_cl0_cl2_cl0_cl0_cl0' had 3 variances floored, minimum variance found was 6.249942e-08.
WARNING: covariance vector named 'covar0_cl0_cl0_cl1_cl10' had 25 variances floored, minimum variance found was -1.612647e-06.
WARNING: covariance vector named 'covar0_cl0_cl0_cl1_cl6_cl2' had 1 variances floored, minimum variance found was 5.041063e-06.
WARNING: covariance vector named 'covar0_cl0_cl0_cl1_cl4_cl1' had 25 variances floored, minimum variance found was -6.982193e-07.
WARNING: covariance vector named 'covar0_cl0_cl0_cl1_cl3_cl2' had 25 variances floored, minimum variance found was -3.101901e-06.
WARNING: covariance vector named 'covar0_cl0_cl0_cl1_cl3_cl1' had 25 variances floored, minimum variance found was -1.808876e-06.
WARNING: covariance vector named 'covar0_cl0_cl0_cl1_cl2_cl5' had 25 variances floored, minimum variance found was -2.967663e-06.
WARNING: covariance vector named 'covar0_cl0_cl0_cl1_cl2_cl4' had 1 variances floored, minimum variance found was 9.741967e-06.
WARNING: covariance vector named 'covar0_cl0_cl0_cl1_cl2_cl0_cl0' had 25 variances floored, minimum variance found was -8.807840e-07.
WARNING: covariance vector named 'covar0_cl0_cl0_cl1_cl0_cl8' had 1 variances floored, minimum variance found was 1.776784e-06.
WARNING: covariance vector named 'covar0_cl0_cl0_cl1_cl0_cl7' had 1 variances floored, minimum variance found was 2.592958e-06.
WARNING: covariance vector named 'covar0_cl0_cl0_cl1_cl0_cl2_cl1' had 25 variances floored, minimum variance found was -2.439258e-06.
WARNING: covariance vector named 'covar0_cl0_cl0_cl1_cl0_cl0_cl0' had 25 variances floored, minimum variance found was -1.695397e-06.
WARNING: covariance vector named 'covar0_cl0_cl0_cl0_cl10' had 25 variances floored, minimum variance found was -2.219335e-06.
WARNING: covariance vector named 'covar0_cl0_cl0_cl0_cl8' had 1 variances floored, minimum variance found was 2.819428e-07.
WARNING: covariance vector named 'covar0_cl0_cl0_cl0_cl4_cl0' had 1 variances floored, minimum variance found was -8.152226e-08.
WARNING: covariance vector named 'covar0_cl0_cl0_cl0_cl2_cl3' had 25 variances floored, minimum variance found was -2.378845e-06.
WARNING: covariance vector named 'covar0_cl0_cl0_cl0_cl0_cl1' had 25 variances floored, minimum variance found was -1.003535e-06.
WARNING: covariance vector named 'covar1_cl6_cl3' had 25 variances floored, minimum variance found was -1.887820e-05.
WARNING: covariance vector named 'covar1_cl6_cl0_cl0' had 24 variances floored, minimum variance found was -9.002127e-06.
WARNING: covariance vector named 'covar1_cl5_cl1_cl1' had 25 variances floored, minimum variance found was -4.032977e-06.
WARNING: covariance vector named 'covar1_cl5_cl1_cl0' had 25 variances floored, minimum variance found was -5.695628e-06.
WARNING: covariance vector named 'covar1_cl4_cl9' had 25 variances floored, minimum variance found was -6.300566e-06.
WARNING: covariance vector named 'covar1_cl4_cl0_cl2' had 1 variances floored, minimum variance found was -1.200386e-05.
WARNING: covariance vector named 'covar1_cl3_cl7' had 25 variances floored, minimum variance found was -1.124407e-05.
WARNING: covariance vector named 'covar1_cl3_cl3_cl0' had 25 variances floored, minimum variance found was -6.365063e-06.
WARNING: covariance vector named 'covar1_cl3_cl2_cl0' had 25 variances floored, minimum variance found was -3.690522e-06.
WARNING: covariance vector named 'covar1_cl3_cl1_cl4' had 24 variances floored, minimum variance found was -1.493709e-05.
WARNING: covariance vector named 'covar1_cl3_cl1_cl2' had 24 variances floored, minimum variance found was -3.217507e-06.
WARNING: covariance vector named 'covar1_cl3_cl1_cl1' had 25 variances floored, minimum variance found was -1.886561e-05.
WARNING: covariance vector named 'covar1_cl3_cl0_cl5' had 25 variances floored, minimum variance found was -7.585785e-06.
WARNING: covariance vector named 'covar1_cl3_cl0_cl0_cl0' had 24 variances floored, minimum variance found was -9.345957e-06.
WARNING: covariance vector named 'covar1_cl2_cl7_cl1' had 25 variances floored, minimum variance found was -7.289222e-06.
WARNING: covariance vector named 'covar1_cl2_cl7_cl0' had 25 variances floored, minimum variance found was -1.883398e-06.
WARNING: covariance vector named 'covar1_cl2_cl6_cl2' had 25 variances floored, minimum variance found was -6.626486e-06.
WARNING: covariance vector named 'covar1_cl2_cl3_cl4' had 25 variances floored, minimum variance found was -1.799620e-06.
WARNING: covariance vector named 'covar1_cl2_cl2_cl2' had 25 variances floored, minimum variance found was -6.903701e-06.
WARNING: covariance vector named 'covar1_cl2_cl2_cl1' had 25 variances floored, minimum variance found was -6.900561e-06.
WARNING: covariance vector named 'covar1_cl1_cl8' had 24 variances floored, minimum variance found was -1.324033e-05.
WARNING: covariance vector named 'covar1_cl1_cl4_cl4' had 23 variances floored, minimum variance found was -1.887820e-05.
WARNING: covariance vector named 'covar1_cl1_cl4_cl1' had 23 variances floored, minimum variance found was -2.912113e-05.
WARNING: covariance vector named 'covar1_cl1_cl4_cl0' had 20 variances floored, minimum variance found was -5.333399e-06.
WARNING: covariance vector named 'covar1_cl1_cl3_cl5' had 25 variances floored, minimum variance found was -9.038369e-06.
WARNING: covariance vector named 'covar1_cl1_cl3_cl0_cl1' had 25 variances floored, minimum variance found was -7.439850e-06.
WARNING: covariance vector named 'covar1_cl1_cl3_cl0_cl0' had 25 variances floored, minimum variance found was -1.375950e-05.
WARNING: covariance vector named 'covar1_cl1_cl2_cl4' had 24 variances floored, minimum variance found was -9.954612e-06.
WARNING: covariance vector named 'covar1_cl1_cl2_cl2' had 22 variances floored, minimum variance found was -1.409169e-05.
WARNING: covariance vector named 'covar1_cl1_cl2_cl0_cl2' had 23 variances floored, minimum variance found was -1.660613e-05.
WARNING: covariance vector named 'covar1_cl1_cl2_cl0_cl1' had 22 variances floored, minimum variance found was -7.188665e-06.
WARNING: covariance vector named 'covar1_cl1_cl1_cl5' had 23 variances floored, minimum variance found was -1.519190e-05.
WARNING: covariance vector named 'covar1_cl1_cl1_cl3' had 23 variances floored, minimum variance found was -1.999034e-05.
WARNING: covariance vector named 'covar1_cl1_cl1_cl2' had 22 variances floored, minimum variance found was -2.928958e-05.
WARNING: covariance vector named 'covar1_cl1_cl1_cl1' had 24 variances floored, minimum variance found was -1.104514e-05.
WARNING: covariance vector named 'covar1_cl1_cl0_cl10' had 25 variances floored, minimum variance found was -7.556919e-06.
WARNING: covariance vector named 'covar1_cl1_cl0_cl6' had 1 variances floored, minimum variance found was 7.393335e-07.
WARNING: covariance vector named 'covar1_cl1_cl0_cl4_cl0' had 25 variances floored, minimum variance found was -4.177613e-06.
WARNING: covariance vector named 'covar1_cl1_cl0_cl3_cl1' had 25 variances floored, minimum variance found was -8.719573e-06.
WARNING: covariance vector named 'covar1_cl1_cl0_cl2_cl4' had 25 variances floored, minimum variance found was -9.468570e-06.
WARNING: covariance vector named 'covar1_cl1_cl0_cl1_cl3' had 20 variances floored, minimum variance found was -2.840252e-05.
WARNING: covariance vector named 'covar1_cl1_cl0_cl1_cl2' had 20 variances floored, minimum variance found was -1.025544e-05.
WARNING: covariance vector named 'covar1_cl1_cl0_cl0_cl8' had 1 variances floored, minimum variance found was 9.664646e-09.
WARNING: covariance vector named 'covar1_cl1_cl0_cl0_cl4_cl0' had 25 variances floored, minimum variance found was -6.896992e-06.
WARNING: covariance vector named 'covar1_cl1_cl0_cl0_cl3_cl2' had 23 variances floored, minimum variance found was -1.451929e-05.
WARNING: covariance vector named 'covar1_cl1_cl0_cl0_cl1_cl0' had 24 variances floored, minimum variance found was -7.067664e-06.
WARNING: covariance vector named 'covar1_cl1_cl0_cl0_cl0_cl4' had 24 variances floored, minimum variance found was -1.087069e-05.
WARNING: covariance vector named 'covar1_cl1_cl0_cl0_cl0_cl3' had 25 variances floored, minimum variance found was -6.705269e-06.
WARNING: covariance vector named 'covar1_cl1_cl0_cl0_cl0_cl2' had 25 variances floored, minimum variance found was -9.026946e-06.
WARNING: covariance vector named 'covar1_cl0_cl4' had 23 variances floored, minimum variance found was -1.042660e-04.
WARNING: covariance vector named 'covar1_cl0_cl0_cl3' had 18 variances floored, minimum variance found was -4.496583e-05.
NOTE: DPMF 'dpmf0' has 5/6 elements vanishing/splitting
NOTE: DPMF 'dpmf1' has 1/3 elements vanishing/splitting
NOTE: saving only 703 used means out of a total of 709
NOTE: saving only 703 used covariances out of a total of 709
NOTE: saving only 703 used components out of a total of 709
NOTE: saving only 703 used means out of a total of 709
NOTE: saving only 703 used covariances out of a total of 709
NOTE: saving only 703 used components out of a total of 709
Maximum number of EM iterations reached (1). Stopping
### Final time (seconds) just for EM stage: User: 0.033102, System: 0.003036, CPU 0.036138
____ PROGRAM ENDED SUCCESSFULLY WITH STATUS 0 AT Thursday August 20 2015, 17:07:58 PDT ____
