Creating Junction Tree
DONE creating Junction Tree
Loading accumulators from 'accumulators/acc_0_1_64comp.data'
WARNING: covariance vector named 'covar0_cl4_cl0' had 3 variances floored, minimum variance found was -1.774843e-15.
WARNING: covariance vector named 'covar0_cl3_cl0' had 3 variances floored, minimum variance found was 1.055391e-06.
WARNING: covariance vector named 'covar0_cl3_cl0_cl1' had 18 variances floored, minimum variance found was -8.028015e-06.
WARNING: covariance vector named 'covar0_cl3_cl0_cl0' had 2 variances floored, minimum variance found was 1.473879e-06.
WARNING: covariance vector named 'covar0_cl2_cl0' had 2 variances floored, minimum variance found was 9.501790e-08.
WARNING: covariance vector named 'covar0_cl2_cl0_cl4' had 2 variances floored, minimum variance found was 1.650000e-07.
WARNING: covariance vector named 'covar0_cl2_cl0_cl3' had 3 variances floored, minimum variance found was 2.888879e-08.
WARNING: covariance vector named 'covar0_cl2_cl0_cl2' had 2 variances floored, minimum variance found was 2.500053e-09.
WARNING: covariance vector named 'covar0_cl2_cl0_cl0' had 2 variances floored, minimum variance found was 1.865512e-06.
WARNING: covariance vector named 'covar0_cl2_cl0_cl0_cl3' had 3 variances floored, minimum variance found was 1.088888e-07.
WARNING: covariance vector named 'covar0_cl2_cl0_cl0_cl2' had 2 variances floored, minimum variance found was 1.695546e-06.
WARNING: covariance vector named 'covar0_cl2_cl0_cl0_cl1' had 2 variances floored, minimum variance found was 5.144736e-07.
WARNING: covariance vector named 'covar0_cl2_cl0_cl0_cl1_cl1' had 2 variances floored, minimum variance found was 2.833386e-06.
WARNING: covariance vector named 'covar0_cl2_cl0_cl0_cl1_cl0' had 2 variances floored, minimum variance found was 1.559648e-06.
WARNING: covariance vector named 'covar0_cl2_cl0_cl0_cl0' had 3 variances floored, minimum variance found was 4.717143e-07.
WARNING: covariance vector named 'covar0_cl2_cl0_cl0_cl0_cl8' had 3 variances floored, minimum variance found was 1.697194e-06.
WARNING: covariance vector named 'covar0_cl2_cl0_cl0_cl0_cl7' had 3 variances floored, minimum variance found was 2.249876e-08.
WARNING: covariance vector named 'covar0_cl2_cl0_cl0_cl0_cl6' had 3 variances floored, minimum variance found was 6.017340e-07.
WARNING: covariance vector named 'covar0_cl2_cl0_cl0_cl0_cl5' had 3 variances floored, minimum variance found was 1.488890e-07.
WARNING: covariance vector named 'covar0_cl2_cl0_cl0_cl0_cl4' had 2 variances floored, minimum variance found was 1.415556e-06.
WARNING: covariance vector named 'covar0_cl2_cl0_cl0_cl0_cl3' had 2 variances floored, minimum variance found was 6.022128e-07.
WARNING: covariance vector named 'covar0_cl2_cl0_cl0_cl0_cl3_cl1' had 22 variances floored, minimum variance found was -6.555176e-06.
WARNING: covariance vector named 'covar0_cl2_cl0_cl0_cl0_cl3_cl0' had 2 variances floored, minimum variance found was 1.555537e-08.
WARNING: covariance vector named 'covar0_cl2_cl0_cl0_cl0_cl2' had 3 variances floored, minimum variance found was 4.549216e-07.
WARNING: covariance vector named 'covar0_cl2_cl0_cl0_cl0_cl2_cl3' had 3 variances floored, minimum variance found was 2.249998e-08.
WARNING: covariance vector named 'covar0_cl2_cl0_cl0_cl0_cl2_cl2' had 3 variances floored, minimum variance found was 1.000000e-06.
WARNING: covariance vector named 'covar0_cl2_cl0_cl0_cl0_cl2_cl1' had 3 variances floored, minimum variance found was 1.625110e-07.
WARNING: covariance vector named 'covar0_cl2_cl0_cl0_cl0_cl2_cl0' had 3 variances floored, minimum variance found was 1.149990e-07.
WARNING: covariance vector named 'covar0_cl2_cl0_cl0_cl0_cl1' had 3 variances floored, minimum variance found was 3.353492e-07.
WARNING: covariance vector named 'covar0_cl2_cl0_cl0_cl0_cl1_cl4' had 1 variances floored, minimum variance found was 1.882583e-06.
WARNING: covariance vector named 'covar0_cl2_cl0_cl0_cl0_cl1_cl3' had 1 variances floored, minimum variance found was 1.584225e-06.
WARNING: covariance vector named 'covar0_cl2_cl0_cl0_cl0_cl1_cl3_cl1' had 2 variances floored, minimum variance found was 4.900000e-07.
WARNING: covariance vector named 'covar0_cl2_cl0_cl0_cl0_cl1_cl3_cl0' had 3 variances floored, minimum variance found was 2.500013e-09.
WARNING: covariance vector named 'covar0_cl2_cl0_cl0_cl0_cl1_cl2' had 2 variances floored, minimum variance found was 1.021028e-06.
WARNING: covariance vector named 'covar0_cl2_cl0_cl0_cl0_cl1_cl2_cl2' had 25 variances floored, minimum variance found was -4.261398e-06.
WARNING: covariance vector named 'covar0_cl2_cl0_cl0_cl0_cl1_cl2_cl1' had 2 variances floored, minimum variance found was 4.199997e-07.
WARNING: covariance vector named 'covar0_cl2_cl0_cl0_cl0_cl1_cl2_cl0' had 2 variances floored, minimum variance found was 1.824371e-06.
WARNING: covariance vector named 'covar0_cl2_cl0_cl0_cl0_cl1_cl1' had 3 variances floored, minimum variance found was 3.965872e-08.
WARNING: covariance vector named 'covar0_cl2_cl0_cl0_cl0_cl1_cl1_cl1' had 3 variances floored, minimum variance found was 1.566502e-08.
WARNING: covariance vector named 'covar0_cl2_cl0_cl0_cl0_cl1_cl1_cl0' had 3 variances floored, minimum variance found was 2.250027e-08.
WARNING: covariance vector named 'covar0_cl2_cl0_cl0_cl0_cl1_cl0' had 2 variances floored, minimum variance found was 5.660668e-07.
WARNING: covariance vector named 'covar0_cl2_cl0_cl0_cl0_cl0' had 1 variances floored, minimum variance found was 1.691481e-06.
WARNING: covariance vector named 'covar0_cl2_cl0_cl0_cl0_cl0_cl5' had 1 variances floored, minimum variance found was 1.690000e-06.
WARNING: covariance vector named 'covar0_cl2_cl0_cl0_cl0_cl0_cl4' had 2 variances floored, minimum variance found was 2.899248e-06.
WARNING: covariance vector named 'covar0_cl2_cl0_cl0_cl0_cl0_cl3' had 3 variances floored, minimum variance found was 4.275623e-08.
WARNING: covariance vector named 'covar0_cl2_cl0_cl0_cl0_cl0_cl3_cl2' had 4 variances floored, minimum variance found was 2.574801e-14.
WARNING: covariance vector named 'covar0_cl2_cl0_cl0_cl0_cl0_cl3_cl1' had 3 variances floored, minimum variance found was 2.617572e-07.
WARNING: covariance vector named 'covar0_cl2_cl0_cl0_cl0_cl0_cl3_cl0' had 3 variances floored, minimum variance found was 2.231923e-07.
WARNING: covariance vector named 'covar0_cl2_cl0_cl0_cl0_cl0_cl2' had 2 variances floored, minimum variance found was 2.597545e-07.
WARNING: covariance vector named 'covar0_cl2_cl0_cl0_cl0_cl0_cl2_cl0' had 3 variances floored, minimum variance found was 2.025000e-07.
WARNING: covariance vector named 'covar0_cl2_cl0_cl0_cl0_cl0_cl1' had 2 variances floored, minimum variance found was 7.285705e-07.
WARNING: covariance vector named 'covar0_cl2_cl0_cl0_cl0_cl0_cl1_cl1' had 25 variances floored, minimum variance found was -2.191854e-06.
WARNING: covariance vector named 'covar0_cl2_cl0_cl0_cl0_cl0_cl1_cl0' had 2 variances floored, minimum variance found was 2.486669e-06.
WARNING: covariance vector named 'covar0_cl2_cl0_cl0_cl0_cl0_cl0' had 3 variances floored, minimum variance found was 2.264008e-07.
WARNING: covariance vector named 'covar0_cl1_cl11' had 25 variances floored, minimum variance found was -1.028693e-05.
WARNING: covariance vector named 'covar0_cl1_cl8_cl0' had 25 variances floored, minimum variance found was -3.624205e-06.
WARNING: covariance vector named 'covar0_cl1_cl5_cl1' had 25 variances floored, minimum variance found was -2.647532e-06.
WARNING: covariance vector named 'covar0_cl1_cl3_cl3' had 25 variances floored, minimum variance found was -6.492447e-06.
WARNING: covariance vector named 'covar0_cl1_cl0_cl7' had 25 variances floored, minimum variance found was -1.126617e-06.
WARNING: covariance vector named 'covar0_cl1_cl0_cl6' had 1 variances floored, minimum variance found was 1.203964e-06.
WARNING: covariance vector named 'covar0_cl1_cl0_cl3_cl2' had 1 variances floored, minimum variance found was 3.397450e-06.
WARNING: covariance vector named 'covar0_cl1_cl0_cl0_cl0_cl9' had 25 variances floored, minimum variance found was -1.057457e-06.
WARNING: covariance vector named 'covar0_cl0_cl6_cl3' had 25 variances floored, minimum variance found was -1.044220e-06.
WARNING: covariance vector named 'covar0_cl0_cl6_cl1' had 25 variances floored, minimum variance found was -1.754214e-06.
WARNING: covariance vector named 'covar0_cl0_cl5_cl7' had 25 variances floored, minimum variance found was -6.937774e-06.
WARNING: covariance vector named 'covar0_cl0_cl5_cl3_cl1' had 25 variances floored, minimum variance found was -2.570974e-06.
WARNING: covariance vector named 'covar0_cl0_cl5_cl3_cl0' had 25 variances floored, minimum variance found was -1.863621e-06.
WARNING: covariance vector named 'covar0_cl0_cl4_cl6' had 25 variances floored, minimum variance found was -1.192353e-06.
WARNING: covariance vector named 'covar0_cl0_cl4_cl1_cl2' had 25 variances floored, minimum variance found was -7.728968e-07.
WARNING: covariance vector named 'covar0_cl0_cl4_cl0_cl2' had 25 variances floored, minimum variance found was -1.096932e-06.
WARNING: covariance vector named 'covar0_cl0_cl3_cl1_cl0_cl1' had 25 variances floored, minimum variance found was -4.649633e-07.
WARNING: covariance vector named 'covar0_cl0_cl2_cl6' had 1 variances floored, minimum variance found was 2.772228e-06.
WARNING: covariance vector named 'covar0_cl0_cl2_cl4_cl0' had 25 variances floored, minimum variance found was -1.324781e-06.
WARNING: covariance vector named 'covar0_cl0_cl2_cl3_cl3_cl1' had 25 variances floored, minimum variance found was -1.719757e-06.
WARNING: covariance vector named 'covar0_cl0_cl2_cl3_cl0_cl1' had 25 variances floored, minimum variance found was -1.017637e-06.
WARNING: covariance vector named 'covar0_cl0_cl2_cl2_cl0_cl2' had 25 variances floored, minimum variance found was -3.113310e-06.
WARNING: covariance vector named 'covar0_cl0_cl2_cl1_cl4' had 1 variances floored, minimum variance found was 9.357384e-06.
WARNING: covariance vector named 'covar0_cl0_cl2_cl0_cl3_cl1' had 1 variances floored, minimum variance found was -2.372397e-09.
WARNING: covariance vector named 'covar0_cl0_cl2_cl0_cl1_cl5' had 25 variances floored, minimum variance found was -7.753699e-07.
WARNING: covariance vector named 'covar0_cl0_cl2_cl0_cl1_cl3' had 25 variances floored, minimum variance found was -1.740842e-06.
WARNING: covariance vector named 'covar0_cl0_cl2_cl0_cl0_cl1_cl0' had 1 variances floored, minimum variance found was -1.537034e-09.
WARNING: covariance vector named 'covar0_cl0_cl1_cl1_cl7' had 25 variances floored, minimum variance found was -8.946845e-07.
WARNING: covariance vector named 'covar0_cl0_cl1_cl1_cl1_cl3' had 25 variances floored, minimum variance found was -1.594482e-06.
WARNING: covariance vector named 'covar0_cl0_cl1_cl1_cl0_cl3' had 1 variances floored, minimum variance found was 9.398802e-06.
WARNING: covariance vector named 'covar0_cl0_cl1_cl1_cl0_cl0_cl1' had 25 variances floored, minimum variance found was -8.421484e-07.
WARNING: covariance vector named 'covar0_cl0_cl1_cl1_cl0_cl0_cl0' had 25 variances floored, minimum variance found was -3.777191e-06.
WARNING: covariance vector named 'covar0_cl0_cl1_cl0_cl5' had 25 variances floored, minimum variance found was -2.117886e-06.
WARNING: covariance vector named 'covar0_cl0_cl1_cl0_cl4' had 25 variances floored, minimum variance found was -8.075842e-07.
WARNING: covariance vector named 'covar0_cl0_cl1_cl0_cl0_cl1' had 25 variances floored, minimum variance found was -2.705117e-06.
WARNING: covariance vector named 'covar0_cl0_cl0_cl7_cl0' had 25 variances floored, minimum variance found was -3.577185e-06.
WARNING: covariance vector named 'covar0_cl0_cl0_cl6_cl1' had 25 variances floored, minimum variance found was -8.007346e-07.
WARNING: covariance vector named 'covar0_cl0_cl0_cl6_cl0' had 25 variances floored, minimum variance found was -1.693325e-06.
WARNING: covariance vector named 'covar0_cl0_cl0_cl3_cl4' had 25 variances floored, minimum variance found was -1.500253e-05.
WARNING: covariance vector named 'covar0_cl0_cl0_cl2_cl2_cl0' had 25 variances floored, minimum variance found was -2.522212e-06.
WARNING: covariance vector named 'covar0_cl0_cl0_cl2_cl0_cl0_cl0' had 25 variances floored, minimum variance found was -3.287730e-06.
WARNING: covariance vector named 'covar0_cl0_cl0_cl1_cl5' had 25 variances floored, minimum variance found was -3.042664e-06.
WARNING: covariance vector named 'covar0_cl0_cl0_cl1_cl4' had 25 variances floored, minimum variance found was -6.907715e-06.
WARNING: covariance vector named 'covar0_cl0_cl0_cl1_cl0_cl3' had 25 variances floored, minimum variance found was -2.239149e-06.
WARNING: covariance vector named 'covar0_cl0_cl0_cl1_cl0_cl0_cl0' had 25 variances floored, minimum variance found was -6.861147e-06.
WARNING: covariance vector named 'covar0_cl0_cl0_cl0_cl5_cl3' had 25 variances floored, minimum variance found was -8.029987e-07.
WARNING: covariance vector named 'covar0_cl0_cl0_cl0_cl3_cl2' had 25 variances floored, minimum variance found was -1.392365e-06.
WARNING: covariance vector named 'covar0_cl0_cl0_cl0_cl2_cl1_cl2' had 25 variances floored, minimum variance found was -4.399222e-07.
WARNING: covariance vector named 'covar0_cl0_cl0_cl0_cl1_cl8' had 25 variances floored, minimum variance found was -1.219543e-06.
WARNING: covariance vector named 'covar0_cl0_cl0_cl0_cl1_cl1_cl0' had 25 variances floored, minimum variance found was -1.136853e-06.
WARNING: covariance vector named 'covar0_cl0_cl0_cl0_cl1_cl0_cl0_cl0' had 25 variances floored, minimum variance found was -1.034199e-06.
WARNING: covariance vector named 'covar0_cl0_cl0_cl0_cl0_cl9' had 25 variances floored, minimum variance found was -2.963739e-06.
WARNING: covariance vector named 'covar0_cl0_cl0_cl0_cl0_cl4_cl1' had 1 variances floored, minimum variance found was 9.608808e-07.
WARNING: covariance vector named 'covar0_cl0_cl0_cl0_cl0_cl2_cl1' had 1 variances floored, minimum variance found was 1.784208e-06.
WARNING: covariance vector named 'covar0_cl0_cl0_cl0_cl0_cl2_cl0' had 1 variances floored, minimum variance found was 8.384967e-06.
WARNING: covariance vector named 'covar0_cl0_cl0_cl0_cl0_cl1_cl3' had 25 variances floored, minimum variance found was -2.264194e-06.
WARNING: covariance vector named 'covar1_cl13' had 25 variances floored, minimum variance found was -8.113080e-06.
WARNING: covariance vector named 'covar1_cl12' had 24 variances floored, minimum variance found was -1.404571e-05.
WARNING: covariance vector named 'covar1_cl9' had 25 variances floored, minimum variance found was -1.127202e-05.
WARNING: covariance vector named 'covar1_cl8_cl1' had 25 variances floored, minimum variance found was -6.081702e-06.
WARNING: covariance vector named 'covar1_cl7_cl2' had 25 variances floored, minimum variance found was -1.133065e-05.
WARNING: covariance vector named 'covar1_cl7_cl1' had 1 variances floored, minimum variance found was 3.519755e-06.
WARNING: covariance vector named 'covar1_cl5_cl4' had 24 variances floored, minimum variance found was -1.185038e-05.
WARNING: covariance vector named 'covar1_cl5_cl0_cl0' had 25 variances floored, minimum variance found was -8.360309e-06.
WARNING: covariance vector named 'covar1_cl4_cl6' had 23 variances floored, minimum variance found was -1.097118e-05.
WARNING: covariance vector named 'covar1_cl4_cl0_cl1' had 23 variances floored, minimum variance found was -1.479452e-05.
WARNING: covariance vector named 'covar1_cl4_cl0_cl2' had 24 variances floored, minimum variance found was -1.365116e-05.
WARNING: covariance vector named 'covar1_cl3_cl0_cl3' had 25 variances floored, minimum variance found was -1.179757e-05.
WARNING: covariance vector named 'covar1_cl2_cl3_cl1' had 25 variances floored, minimum variance found was -1.021112e-05.
WARNING: covariance vector named 'covar1_cl1_cl6' had 25 variances floored, minimum variance found was -1.563113e-06.
WARNING: covariance vector named 'covar1_cl1_cl4_cl1' had 25 variances floored, minimum variance found was -3.797418e-06.
WARNING: covariance vector named 'covar1_cl1_cl3_cl5' had 25 variances floored, minimum variance found was -3.371078e-06.
WARNING: covariance vector named 'covar1_cl1_cl3_cl3_cl0' had 25 variances floored, minimum variance found was -2.146238e-06.
WARNING: covariance vector named 'covar1_cl1_cl3_cl1_cl0' had 25 variances floored, minimum variance found was -9.546864e-07.
WARNING: covariance vector named 'covar1_cl1_cl2_cl7' had 25 variances floored, minimum variance found was -3.804611e-06.
WARNING: covariance vector named 'covar1_cl1_cl2_cl2_cl0' had 25 variances floored, minimum variance found was -7.631125e-06.
WARNING: covariance vector named 'covar1_cl1_cl2_cl1_cl0' had 24 variances floored, minimum variance found was -5.930382e-06.
WARNING: covariance vector named 'covar1_cl1_cl1_cl5' had 25 variances floored, minimum variance found was -1.844475e-06.
WARNING: covariance vector named 'covar1_cl1_cl1_cl0_cl2' had 25 variances floored, minimum variance found was -7.090517e-06.
WARNING: covariance vector named 'covar1_cl1_cl1_cl0_cl1' had 25 variances floored, minimum variance found was -1.890940e-05.
WARNING: covariance vector named 'covar1_cl1_cl0_cl6' had 25 variances floored, minimum variance found was -4.249500e-06.
WARNING: covariance vector named 'covar1_cl1_cl0_cl5' had 25 variances floored, minimum variance found was -2.865018e-06.
WARNING: covariance vector named 'covar1_cl1_cl0_cl0_cl7' had 25 variances floored, minimum variance found was -7.179297e-06.
WARNING: covariance vector named 'covar1_cl0_cl4' had 23 variances floored, minimum variance found was -2.027971e-05.
WARNING: covariance vector named 'covar1_cl0_cl1_cl4' had 22 variances floored, minimum variance found was -5.925723e-05.
WARNING: covariance vector named 'covar1_cl0_cl0_cl10' had 25 variances floored, minimum variance found was -1.525305e-05.
WARNING: covariance vector named 'covar1_cl0_cl0_cl7' had 22 variances floored, minimum variance found was -2.384151e-05.
WARNING: covariance vector named 'covar1_cl0_cl0_cl5_cl2' had 24 variances floored, minimum variance found was -1.306974e-05.
WARNING: covariance vector named 'covar1_cl0_cl0_cl3_cl1' had 22 variances floored, minimum variance found was -1.518164e-05.
WARNING: covariance vector named 'covar1_cl0_cl0_cl2_cl2' had 24 variances floored, minimum variance found was -2.200350e-05.
WARNING: covariance vector named 'covar1_cl0_cl0_cl2_cl0_cl6' had 23 variances floored, minimum variance found was -5.354927e-06.
WARNING: covariance vector named 'covar1_cl0_cl0_cl2_cl0_cl5' had 23 variances floored, minimum variance found was -6.178373e-06.
WARNING: covariance vector named 'covar1_cl0_cl0_cl2_cl0_cl0_cl4' had 25 variances floored, minimum variance found was -7.044016e-06.
WARNING: covariance vector named 'covar1_cl0_cl0_cl2_cl0_cl0_cl3' had 24 variances floored, minimum variance found was -1.513623e-05.
WARNING: covariance vector named 'covar1_cl0_cl0_cl2_cl0_cl0_cl2' had 25 variances floored, minimum variance found was -1.188294e-05.
WARNING: covariance vector named 'covar1_cl0_cl0_cl0_cl4_cl1' had 22 variances floored, minimum variance found was -1.523436e-05.
WARNING: covariance vector named 'covar1_cl0_cl0_cl0_cl4_cl0' had 24 variances floored, minimum variance found was -2.137309e-05.
WARNING: covariance vector named 'covar1_cl0_cl0_cl0_cl1_cl2' had 24 variances floored, minimum variance found was -1.524565e-05.
NOTE: DPMF 'dpmf0' has 3/5 elements vanishing/splitting
NOTE: DPMF 'dpmf1' has 1/2 elements vanishing/splitting
NOTE: saving only 696 used means out of a total of 700
NOTE: saving only 696 used covariances out of a total of 700
NOTE: saving only 696 used components out of a total of 700
NOTE: saving only 696 used means out of a total of 700
NOTE: saving only 696 used covariances out of a total of 700
NOTE: saving only 696 used components out of a total of 700
Maximum number of EM iterations reached (1). Stopping
### Final time (seconds) just for EM stage: User: 0.038320, System: 0.004048, CPU 0.042368
____ PROGRAM ENDED SUCCESSFULLY WITH STATUS 0 AT Thursday August 20 2015, 17:05:18 PDT ____
