Creating Junction Tree
DONE creating Junction Tree
Loading accumulators from 'accumulators/acc_0_0_64comp.data'
WARNING: covariance vector named 'covar0_cl4_cl0' had 3 variances floored, minimum variance found was 4.079092e-14.
WARNING: covariance vector named 'covar0_cl3_cl0' had 3 variances floored, minimum variance found was 1.055392e-06.
WARNING: covariance vector named 'covar0_cl3_cl0_cl1' had 18 variances floored, minimum variance found was -8.028015e-06.
WARNING: covariance vector named 'covar0_cl3_cl0_cl0' had 2 variances floored, minimum variance found was 1.473874e-06.
WARNING: covariance vector named 'covar0_cl2_cl0' had 2 variances floored, minimum variance found was 9.629324e-08.
WARNING: covariance vector named 'covar0_cl2_cl0_cl4' had 2 variances floored, minimum variance found was 1.650000e-07.
WARNING: covariance vector named 'covar0_cl2_cl0_cl3' had 3 variances floored, minimum variance found was 2.888883e-08.
WARNING: covariance vector named 'covar0_cl2_cl0_cl2' had 2 variances floored, minimum variance found was 2.499932e-09.
WARNING: covariance vector named 'covar0_cl2_cl0_cl0' had 2 variances floored, minimum variance found was 2.109631e-06.
WARNING: covariance vector named 'covar0_cl2_cl0_cl0_cl3' had 3 variances floored, minimum variance found was 1.088887e-07.
WARNING: covariance vector named 'covar0_cl2_cl0_cl0_cl2' had 2 variances floored, minimum variance found was 1.695514e-06.
WARNING: covariance vector named 'covar0_cl2_cl0_cl0_cl1' had 2 variances floored, minimum variance found was 5.145857e-07.
WARNING: covariance vector named 'covar0_cl2_cl0_cl0_cl1_cl1' had 2 variances floored, minimum variance found was 2.833353e-06.
WARNING: covariance vector named 'covar0_cl2_cl0_cl0_cl1_cl0' had 2 variances floored, minimum variance found was 1.559646e-06.
WARNING: covariance vector named 'covar0_cl2_cl0_cl0_cl0' had 3 variances floored, minimum variance found was 4.806415e-07.
WARNING: covariance vector named 'covar0_cl2_cl0_cl0_cl0_cl8' had 3 variances floored, minimum variance found was 8.965706e-07.
WARNING: covariance vector named 'covar0_cl2_cl0_cl0_cl0_cl7' had 3 variances floored, minimum variance found was 2.249876e-08.
WARNING: covariance vector named 'covar0_cl2_cl0_cl0_cl0_cl6' had 3 variances floored, minimum variance found was 6.012848e-07.
WARNING: covariance vector named 'covar0_cl2_cl0_cl0_cl0_cl5' had 3 variances floored, minimum variance found was 1.488890e-07.
WARNING: covariance vector named 'covar0_cl2_cl0_cl0_cl0_cl4' had 2 variances floored, minimum variance found was 1.415556e-06.
WARNING: covariance vector named 'covar0_cl2_cl0_cl0_cl0_cl3' had 2 variances floored, minimum variance found was 6.023292e-07.
WARNING: covariance vector named 'covar0_cl2_cl0_cl0_cl0_cl3_cl1' had 22 variances floored, minimum variance found was -6.555176e-06.
WARNING: covariance vector named 'covar0_cl2_cl0_cl0_cl0_cl3_cl0' had 2 variances floored, minimum variance found was 1.555537e-08.
WARNING: covariance vector named 'covar0_cl2_cl0_cl0_cl0_cl2' had 3 variances floored, minimum variance found was 4.549312e-07.
WARNING: covariance vector named 'covar0_cl2_cl0_cl0_cl0_cl2_cl3' had 3 variances floored, minimum variance found was 2.249998e-08.
WARNING: covariance vector named 'covar0_cl2_cl0_cl0_cl0_cl2_cl2' had 3 variances floored, minimum variance found was 1.000000e-06.
WARNING: covariance vector named 'covar0_cl2_cl0_cl0_cl0_cl2_cl1' had 3 variances floored, minimum variance found was 1.625192e-07.
WARNING: covariance vector named 'covar0_cl2_cl0_cl0_cl0_cl2_cl0' had 3 variances floored, minimum variance found was 1.149994e-07.
WARNING: covariance vector named 'covar0_cl2_cl0_cl0_cl0_cl1' had 3 variances floored, minimum variance found was 3.366241e-07.
WARNING: covariance vector named 'covar0_cl2_cl0_cl0_cl0_cl1_cl4' had 1 variances floored, minimum variance found was 1.828513e-06.
WARNING: covariance vector named 'covar0_cl2_cl0_cl0_cl0_cl1_cl3' had 1 variances floored, minimum variance found was 1.571438e-06.
WARNING: covariance vector named 'covar0_cl2_cl0_cl0_cl0_cl1_cl3_cl1' had 2 variances floored, minimum variance found was 4.900000e-07.
WARNING: covariance vector named 'covar0_cl2_cl0_cl0_cl0_cl1_cl3_cl0' had 3 variances floored, minimum variance found was 2.500013e-09.
WARNING: covariance vector named 'covar0_cl2_cl0_cl0_cl0_cl1_cl2' had 2 variances floored, minimum variance found was 1.021895e-06.
WARNING: covariance vector named 'covar0_cl2_cl0_cl0_cl0_cl1_cl2_cl2' had 25 variances floored, minimum variance found was -4.261398e-06.
WARNING: covariance vector named 'covar0_cl2_cl0_cl0_cl0_cl1_cl2_cl1' had 2 variances floored, minimum variance found was 4.199999e-07.
WARNING: covariance vector named 'covar0_cl2_cl0_cl0_cl0_cl1_cl2_cl0' had 2 variances floored, minimum variance found was 1.819804e-06.
WARNING: covariance vector named 'covar0_cl2_cl0_cl0_cl0_cl1_cl1' had 3 variances floored, minimum variance found was 4.805428e-08.
WARNING: covariance vector named 'covar0_cl2_cl0_cl0_cl0_cl1_cl1_cl1' had 3 variances floored, minimum variance found was 3.416849e-08.
WARNING: covariance vector named 'covar0_cl2_cl0_cl0_cl0_cl1_cl1_cl0' had 3 variances floored, minimum variance found was 2.250027e-08.
WARNING: covariance vector named 'covar0_cl2_cl0_cl0_cl0_cl1_cl0' had 2 variances floored, minimum variance found was 5.660799e-07.
WARNING: covariance vector named 'covar0_cl2_cl0_cl0_cl0_cl0' had 1 variances floored, minimum variance found was 1.690238e-06.
WARNING: covariance vector named 'covar0_cl2_cl0_cl0_cl0_cl0_cl5' had 1 variances floored, minimum variance found was 1.690000e-06.
WARNING: covariance vector named 'covar0_cl2_cl0_cl0_cl0_cl0_cl4' had 2 variances floored, minimum variance found was 2.899079e-06.
WARNING: covariance vector named 'covar0_cl2_cl0_cl0_cl0_cl0_cl3' had 3 variances floored, minimum variance found was 4.276558e-08.
WARNING: covariance vector named 'covar0_cl2_cl0_cl0_cl0_cl0_cl3_cl2' had 4 variances floored, minimum variance found was 2.574801e-14.
WARNING: covariance vector named 'covar0_cl2_cl0_cl0_cl0_cl0_cl3_cl1' had 3 variances floored, minimum variance found was 2.617567e-07.
WARNING: covariance vector named 'covar0_cl2_cl0_cl0_cl0_cl0_cl3_cl0' had 3 variances floored, minimum variance found was 2.231915e-07.
WARNING: covariance vector named 'covar0_cl2_cl0_cl0_cl0_cl0_cl2' had 2 variances floored, minimum variance found was 2.597529e-07.
WARNING: covariance vector named 'covar0_cl2_cl0_cl0_cl0_cl0_cl2_cl0' had 3 variances floored, minimum variance found was 2.025000e-07.
WARNING: covariance vector named 'covar0_cl2_cl0_cl0_cl0_cl0_cl1' had 2 variances floored, minimum variance found was 7.285817e-07.
WARNING: covariance vector named 'covar0_cl2_cl0_cl0_cl0_cl0_cl1_cl1' had 25 variances floored, minimum variance found was -2.191854e-06.
WARNING: covariance vector named 'covar0_cl2_cl0_cl0_cl0_cl0_cl1_cl0' had 2 variances floored, minimum variance found was 2.486669e-06.
WARNING: covariance vector named 'covar0_cl2_cl0_cl0_cl0_cl0_cl0' had 3 variances floored, minimum variance found was 2.264008e-07.
WARNING: covariance vector named 'covar0_cl1_cl11' had 25 variances floored, minimum variance found was -1.028693e-05.
WARNING: covariance vector named 'covar0_cl1_cl8_cl0' had 25 variances floored, minimum variance found was -3.621689e-06.
WARNING: covariance vector named 'covar0_cl1_cl5_cl1' had 25 variances floored, minimum variance found was -2.647532e-06.
WARNING: covariance vector named 'covar0_cl1_cl3_cl3' had 25 variances floored, minimum variance found was -6.492447e-06.
WARNING: covariance vector named 'covar0_cl1_cl0_cl7' had 25 variances floored, minimum variance found was -1.126617e-06.
WARNING: covariance vector named 'covar0_cl1_cl0_cl6' had 1 variances floored, minimum variance found was 1.203964e-06.
WARNING: covariance vector named 'covar0_cl1_cl0_cl3_cl2' had 1 variances floored, minimum variance found was 3.397450e-06.
WARNING: covariance vector named 'covar0_cl1_cl0_cl0_cl0_cl9' had 25 variances floored, minimum variance found was -1.057457e-06.
WARNING: covariance vector named 'covar0_cl0_cl6_cl3' had 25 variances floored, minimum variance found was -1.044220e-06.
WARNING: covariance vector named 'covar0_cl0_cl6_cl1' had 25 variances floored, minimum variance found was -1.754214e-06.
WARNING: covariance vector named 'covar0_cl0_cl5_cl7' had 25 variances floored, minimum variance found was -4.650194e-06.
WARNING: covariance vector named 'covar0_cl0_cl5_cl3_cl1' had 25 variances floored, minimum variance found was -2.570974e-06.
WARNING: covariance vector named 'covar0_cl0_cl5_cl3_cl0' had 25 variances floored, minimum variance found was -1.863621e-06.
WARNING: covariance vector named 'covar0_cl0_cl4_cl6' had 25 variances floored, minimum variance found was -1.077248e-06.
WARNING: covariance vector named 'covar0_cl0_cl4_cl1_cl2' had 25 variances floored, minimum variance found was -7.728968e-07.
WARNING: covariance vector named 'covar0_cl0_cl4_cl0_cl2' had 25 variances floored, minimum variance found was -1.096932e-06.
WARNING: covariance vector named 'covar0_cl0_cl3_cl1_cl0_cl1' had 25 variances floored, minimum variance found was -4.649633e-07.
WARNING: covariance vector named 'covar0_cl0_cl2_cl6' had 1 variances floored, minimum variance found was 2.772331e-06.
WARNING: covariance vector named 'covar0_cl0_cl2_cl4_cl0' had 25 variances floored, minimum variance found was -1.324781e-06.
WARNING: covariance vector named 'covar0_cl0_cl2_cl3_cl3_cl1' had 25 variances floored, minimum variance found was -1.719757e-06.
WARNING: covariance vector named 'covar0_cl0_cl2_cl3_cl0_cl1' had 25 variances floored, minimum variance found was -1.017637e-06.
WARNING: covariance vector named 'covar0_cl0_cl2_cl2_cl0_cl2' had 25 variances floored, minimum variance found was -3.113310e-06.
WARNING: covariance vector named 'covar0_cl0_cl2_cl1_cl4' had 1 variances floored, minimum variance found was 9.356017e-06.
WARNING: covariance vector named 'covar0_cl0_cl2_cl0_cl3_cl1' had 1 variances floored, minimum variance found was -2.372409e-09.
WARNING: covariance vector named 'covar0_cl0_cl2_cl0_cl1_cl5' had 25 variances floored, minimum variance found was -7.753699e-07.
WARNING: covariance vector named 'covar0_cl0_cl2_cl0_cl1_cl3' had 25 variances floored, minimum variance found was -1.739887e-06.
WARNING: covariance vector named 'covar0_cl0_cl2_cl0_cl0_cl1_cl0' had 1 variances floored, minimum variance found was -1.543258e-09.
WARNING: covariance vector named 'covar0_cl0_cl1_cl1_cl7' had 25 variances floored, minimum variance found was -8.946845e-07.
WARNING: covariance vector named 'covar0_cl0_cl1_cl1_cl1_cl3' had 25 variances floored, minimum variance found was -1.594482e-06.
WARNING: covariance vector named 'covar0_cl0_cl1_cl1_cl0_cl3' had 1 variances floored, minimum variance found was 9.398833e-06.
WARNING: covariance vector named 'covar0_cl0_cl1_cl1_cl0_cl0_cl1' had 25 variances floored, minimum variance found was -8.421484e-07.
WARNING: covariance vector named 'covar0_cl0_cl1_cl1_cl0_cl0_cl0' had 25 variances floored, minimum variance found was -3.777191e-06.
WARNING: covariance vector named 'covar0_cl0_cl1_cl0_cl5' had 25 variances floored, minimum variance found was -2.117886e-06.
WARNING: covariance vector named 'covar0_cl0_cl1_cl0_cl4' had 25 variances floored, minimum variance found was -8.075842e-07.
WARNING: covariance vector named 'covar0_cl0_cl1_cl0_cl0_cl1' had 25 variances floored, minimum variance found was -2.705117e-06.
WARNING: covariance vector named 'covar0_cl0_cl0_cl7_cl0' had 25 variances floored, minimum variance found was -3.577185e-06.
WARNING: covariance vector named 'covar0_cl0_cl0_cl6_cl1' had 25 variances floored, minimum variance found was -8.007346e-07.
WARNING: covariance vector named 'covar0_cl0_cl0_cl6_cl0' had 25 variances floored, minimum variance found was -1.692286e-06.
WARNING: covariance vector named 'covar0_cl0_cl0_cl3_cl4' had 25 variances floored, minimum variance found was -1.500253e-05.
WARNING: covariance vector named 'covar0_cl0_cl0_cl2_cl2_cl0' had 25 variances floored, minimum variance found was -2.522212e-06.
WARNING: covariance vector named 'covar0_cl0_cl0_cl2_cl0_cl0_cl0' had 25 variances floored, minimum variance found was -3.285751e-06.
WARNING: covariance vector named 'covar0_cl0_cl0_cl1_cl5' had 25 variances floored, minimum variance found was -3.042664e-06.
WARNING: covariance vector named 'covar0_cl0_cl0_cl1_cl4' had 25 variances floored, minimum variance found was -6.907715e-06.
WARNING: covariance vector named 'covar0_cl0_cl0_cl1_cl0_cl3' had 25 variances floored, minimum variance found was -2.236313e-06.
WARNING: covariance vector named 'covar0_cl0_cl0_cl1_cl0_cl0_cl0' had 25 variances floored, minimum variance found was -6.857361e-06.
WARNING: covariance vector named 'covar0_cl0_cl0_cl0_cl5_cl3' had 25 variances floored, minimum variance found was -8.024836e-07.
WARNING: covariance vector named 'covar0_cl0_cl0_cl0_cl3_cl2' had 25 variances floored, minimum variance found was -1.392365e-06.
WARNING: covariance vector named 'covar0_cl0_cl0_cl0_cl2_cl1_cl2' had 25 variances floored, minimum variance found was -4.399222e-07.
WARNING: covariance vector named 'covar0_cl0_cl0_cl0_cl1_cl8' had 25 variances floored, minimum variance found was -1.219543e-06.
WARNING: covariance vector named 'covar0_cl0_cl0_cl0_cl1_cl1_cl0' had 25 variances floored, minimum variance found was -1.135881e-06.
WARNING: covariance vector named 'covar0_cl0_cl0_cl0_cl1_cl0_cl0_cl0' had 25 variances floored, minimum variance found was -1.034199e-06.
WARNING: covariance vector named 'covar0_cl0_cl0_cl0_cl0_cl9' had 25 variances floored, minimum variance found was -2.963739e-06.
WARNING: covariance vector named 'covar0_cl0_cl0_cl0_cl0_cl4_cl1' had 1 variances floored, minimum variance found was 9.611734e-07.
WARNING: covariance vector named 'covar0_cl0_cl0_cl0_cl0_cl2_cl0' had 1 variances floored, minimum variance found was 8.384969e-06.
WARNING: covariance vector named 'covar0_cl0_cl0_cl0_cl0_cl1_cl3' had 25 variances floored, minimum variance found was -2.264194e-06.
WARNING: covariance vector named 'covar1_cl13' had 25 variances floored, minimum variance found was -8.100891e-06.
WARNING: covariance vector named 'covar1_cl12' had 24 variances floored, minimum variance found was -1.403253e-05.
WARNING: covariance vector named 'covar1_cl9' had 25 variances floored, minimum variance found was -1.125183e-05.
WARNING: covariance vector named 'covar1_cl8_cl1' had 25 variances floored, minimum variance found was -6.074509e-06.
WARNING: covariance vector named 'covar1_cl7_cl2' had 25 variances floored, minimum variance found was -1.132040e-05.
WARNING: covariance vector named 'covar1_cl7_cl1' had 1 variances floored, minimum variance found was 3.523193e-06.
WARNING: covariance vector named 'covar1_cl5_cl4' had 24 variances floored, minimum variance found was -1.184271e-05.
WARNING: covariance vector named 'covar1_cl5_cl0_cl0' had 25 variances floored, minimum variance found was -8.349671e-06.
WARNING: covariance vector named 'covar1_cl4_cl6' had 23 variances floored, minimum variance found was -1.096191e-05.
WARNING: covariance vector named 'covar1_cl4_cl0_cl1' had 23 variances floored, minimum variance found was -1.478201e-05.
WARNING: covariance vector named 'covar1_cl4_cl0_cl2' had 24 variances floored, minimum variance found was -1.364365e-05.
WARNING: covariance vector named 'covar1_cl3_cl0_cl3' had 25 variances floored, minimum variance found was -1.178742e-05.
WARNING: covariance vector named 'covar1_cl2_cl3_cl1' had 25 variances floored, minimum variance found was -1.019263e-05.
WARNING: covariance vector named 'covar1_cl1_cl6' had 25 variances floored, minimum variance found was -1.561806e-06.
WARNING: covariance vector named 'covar1_cl1_cl4_cl1' had 25 variances floored, minimum variance found was -3.794910e-06.
WARNING: covariance vector named 'covar1_cl1_cl3_cl5' had 25 variances floored, minimum variance found was -3.368594e-06.
WARNING: covariance vector named 'covar1_cl1_cl3_cl3_cl0' had 25 variances floored, minimum variance found was -2.142960e-06.
WARNING: covariance vector named 'covar1_cl1_cl3_cl1_cl0' had 25 variances floored, minimum variance found was -9.534544e-07.
WARNING: covariance vector named 'covar1_cl1_cl2_cl7' had 25 variances floored, minimum variance found was -3.802183e-06.
WARNING: covariance vector named 'covar1_cl1_cl2_cl2_cl0' had 25 variances floored, minimum variance found was -7.626587e-06.
WARNING: covariance vector named 'covar1_cl1_cl2_cl1_cl0' had 24 variances floored, minimum variance found was -5.926300e-06.
WARNING: covariance vector named 'covar1_cl1_cl1_cl5' had 25 variances floored, minimum variance found was -1.843212e-06.
WARNING: covariance vector named 'covar1_cl1_cl1_cl0_cl2' had 25 variances floored, minimum variance found was -7.084412e-06.
WARNING: covariance vector named 'covar1_cl1_cl1_cl0_cl1' had 25 variances floored, minimum variance found was -1.889380e-05.
WARNING: covariance vector named 'covar1_cl1_cl0_cl6' had 25 variances floored, minimum variance found was -4.243469e-06.
WARNING: covariance vector named 'covar1_cl1_cl0_cl5' had 25 variances floored, minimum variance found was -2.863061e-06.
WARNING: covariance vector named 'covar1_cl1_cl0_cl0_cl7' had 25 variances floored, minimum variance found was -7.170776e-06.
WARNING: covariance vector named 'covar1_cl0_cl4' had 23 variances floored, minimum variance found was -2.025717e-05.
WARNING: covariance vector named 'covar1_cl0_cl1_cl4' had 22 variances floored, minimum variance found was -5.922235e-05.
WARNING: covariance vector named 'covar1_cl0_cl0_cl10' had 25 variances floored, minimum variance found was -1.523741e-05.
WARNING: covariance vector named 'covar1_cl0_cl0_cl7' had 22 variances floored, minimum variance found was -2.381616e-05.
WARNING: covariance vector named 'covar1_cl0_cl0_cl5_cl2' had 24 variances floored, minimum variance found was -1.305624e-05.
WARNING: covariance vector named 'covar1_cl0_cl0_cl3_cl1' had 22 variances floored, minimum variance found was -1.517334e-05.
WARNING: covariance vector named 'covar1_cl0_cl0_cl2_cl2' had 24 variances floored, minimum variance found was -2.198358e-05.
WARNING: covariance vector named 'covar1_cl0_cl0_cl2_cl0_cl6' had 23 variances floored, minimum variance found was -5.349182e-06.
WARNING: covariance vector named 'covar1_cl0_cl0_cl2_cl0_cl5' had 23 variances floored, minimum variance found was -6.173615e-06.
WARNING: covariance vector named 'covar1_cl0_cl0_cl2_cl0_cl0_cl4' had 25 variances floored, minimum variance found was -7.037903e-06.
WARNING: covariance vector named 'covar1_cl0_cl0_cl2_cl0_cl0_cl3' had 24 variances floored, minimum variance found was -1.512756e-05.
WARNING: covariance vector named 'covar1_cl0_cl0_cl2_cl0_cl0_cl2' had 25 variances floored, minimum variance found was -1.187286e-05.
WARNING: covariance vector named 'covar1_cl0_cl0_cl0_cl4_cl1' had 22 variances floored, minimum variance found was -1.522516e-05.
WARNING: covariance vector named 'covar1_cl0_cl0_cl0_cl4_cl0' had 24 variances floored, minimum variance found was -2.135660e-05.
WARNING: covariance vector named 'covar1_cl0_cl0_cl0_cl1_cl2' had 24 variances floored, minimum variance found was -1.523743e-05.
NOTE: DPMF 'dpmf0' has 0/5 elements vanishing/splitting
NOTE: DPMF 'dpmf1' has 0/2 elements vanishing/splitting
Maximum number of EM iterations reached (1). Stopping
### Final time (seconds) just for EM stage: User: 0.033067, System: 0.003713, CPU 0.036780
____ PROGRAM ENDED SUCCESSFULLY WITH STATUS 0 AT Thursday August 20 2015, 17:05:17 PDT ____
