Creating Junction Tree
DONE creating Junction Tree
Loading accumulators from 'accumulators/acc_0_2_64comp.data'
WARNING: covariance vector named 'covar0_cl4_cl0' had 3 variances floored, minimum variance found was -1.774843e-15.
WARNING: covariance vector named 'covar0_cl3_cl0' had 3 variances floored, minimum variance found was 1.055391e-06.
WARNING: covariance vector named 'covar0_cl3_cl0_cl1' had 18 variances floored, minimum variance found was -8.028015e-06.
WARNING: covariance vector named 'covar0_cl3_cl0_cl0' had 2 variances floored, minimum variance found was 1.473736e-06.
WARNING: covariance vector named 'covar0_cl2_cl0' had 2 variances floored, minimum variance found was 9.194396e-08.
WARNING: covariance vector named 'covar0_cl2_cl0_cl4' had 2 variances floored, minimum variance found was 1.650000e-07.
WARNING: covariance vector named 'covar0_cl2_cl0_cl3' had 3 variances floored, minimum variance found was 2.888871e-08.
WARNING: covariance vector named 'covar0_cl2_cl0_cl2' had 2 variances floored, minimum variance found was 2.500072e-09.
WARNING: covariance vector named 'covar0_cl2_cl0_cl0' had 2 variances floored, minimum variance found was 1.802046e-06.
WARNING: covariance vector named 'covar0_cl2_cl0_cl0_cl3' had 3 variances floored, minimum variance found was 1.088888e-07.
WARNING: covariance vector named 'covar0_cl2_cl0_cl0_cl2' had 2 variances floored, minimum variance found was 1.695552e-06.
WARNING: covariance vector named 'covar0_cl2_cl0_cl0_cl1' had 2 variances floored, minimum variance found was 5.144984e-07.
WARNING: covariance vector named 'covar0_cl2_cl0_cl0_cl1_cl1' had 2 variances floored, minimum variance found was 2.833386e-06.
WARNING: covariance vector named 'covar0_cl2_cl0_cl0_cl1_cl0' had 2 variances floored, minimum variance found was 1.559648e-06.
WARNING: covariance vector named 'covar0_cl2_cl0_cl0_cl0' had 3 variances floored, minimum variance found was 4.828331e-07.
WARNING: covariance vector named 'covar0_cl2_cl0_cl0_cl0_cl8' had 3 variances floored, minimum variance found was 1.789622e-06.
WARNING: covariance vector named 'covar0_cl2_cl0_cl0_cl0_cl7' had 3 variances floored, minimum variance found was 2.249876e-08.
WARNING: covariance vector named 'covar0_cl2_cl0_cl0_cl0_cl6' had 3 variances floored, minimum variance found was 6.017365e-07.
WARNING: covariance vector named 'covar0_cl2_cl0_cl0_cl0_cl5' had 3 variances floored, minimum variance found was 1.488890e-07.
WARNING: covariance vector named 'covar0_cl2_cl0_cl0_cl0_cl4' had 2 variances floored, minimum variance found was 1.415556e-06.
WARNING: covariance vector named 'covar0_cl2_cl0_cl0_cl0_cl3' had 2 variances floored, minimum variance found was 6.021244e-07.
WARNING: covariance vector named 'covar0_cl2_cl0_cl0_cl0_cl3_cl1' had 22 variances floored, minimum variance found was -6.555176e-06.
WARNING: covariance vector named 'covar0_cl2_cl0_cl0_cl0_cl3_cl0' had 2 variances floored, minimum variance found was 1.555537e-08.
WARNING: covariance vector named 'covar0_cl2_cl0_cl0_cl0_cl2' had 3 variances floored, minimum variance found was 4.549064e-07.
WARNING: covariance vector named 'covar0_cl2_cl0_cl0_cl0_cl2_cl3' had 3 variances floored, minimum variance found was 2.249998e-08.
WARNING: covariance vector named 'covar0_cl2_cl0_cl0_cl0_cl2_cl2' had 3 variances floored, minimum variance found was 1.000000e-06.
WARNING: covariance vector named 'covar0_cl2_cl0_cl0_cl0_cl2_cl1' had 3 variances floored, minimum variance found was 1.625108e-07.
WARNING: covariance vector named 'covar0_cl2_cl0_cl0_cl0_cl2_cl0' had 3 variances floored, minimum variance found was 1.149991e-07.
WARNING: covariance vector named 'covar0_cl2_cl0_cl0_cl0_cl1' had 3 variances floored, minimum variance found was 3.286815e-07.
WARNING: covariance vector named 'covar0_cl2_cl0_cl0_cl0_cl1_cl4' had 1 variances floored, minimum variance found was 1.914012e-06.
WARNING: covariance vector named 'covar0_cl2_cl0_cl0_cl0_cl1_cl3' had 1 variances floored, minimum variance found was 1.584207e-06.
WARNING: covariance vector named 'covar0_cl2_cl0_cl0_cl0_cl1_cl3_cl1' had 2 variances floored, minimum variance found was 4.900000e-07.
WARNING: covariance vector named 'covar0_cl2_cl0_cl0_cl0_cl1_cl3_cl0' had 3 variances floored, minimum variance found was 2.500013e-09.
WARNING: covariance vector named 'covar0_cl2_cl0_cl0_cl0_cl1_cl2' had 2 variances floored, minimum variance found was 1.021006e-06.
WARNING: covariance vector named 'covar0_cl2_cl0_cl0_cl0_cl1_cl2_cl2' had 25 variances floored, minimum variance found was -4.261398e-06.
WARNING: covariance vector named 'covar0_cl2_cl0_cl0_cl0_cl1_cl2_cl1' had 2 variances floored, minimum variance found was 4.199997e-07.
WARNING: covariance vector named 'covar0_cl2_cl0_cl0_cl0_cl1_cl2_cl0' had 2 variances floored, minimum variance found was 1.827178e-06.
WARNING: covariance vector named 'covar0_cl2_cl0_cl0_cl0_cl1_cl1' had 3 variances floored, minimum variance found was 3.941597e-08.
WARNING: covariance vector named 'covar0_cl2_cl0_cl0_cl0_cl1_cl1_cl1' had 3 variances floored, minimum variance found was 1.555556e-08.
WARNING: covariance vector named 'covar0_cl2_cl0_cl0_cl0_cl1_cl1_cl0' had 3 variances floored, minimum variance found was 2.250027e-08.
WARNING: covariance vector named 'covar0_cl2_cl0_cl0_cl0_cl1_cl0' had 2 variances floored, minimum variance found was 5.660578e-07.
WARNING: covariance vector named 'covar0_cl2_cl0_cl0_cl0_cl0' had 1 variances floored, minimum variance found was 1.691544e-06.
WARNING: covariance vector named 'covar0_cl2_cl0_cl0_cl0_cl0_cl5' had 1 variances floored, minimum variance found was 1.690000e-06.
WARNING: covariance vector named 'covar0_cl2_cl0_cl0_cl0_cl0_cl4' had 2 variances floored, minimum variance found was 2.899235e-06.
WARNING: covariance vector named 'covar0_cl2_cl0_cl0_cl0_cl0_cl3' had 3 variances floored, minimum variance found was 4.275690e-08.
WARNING: covariance vector named 'covar0_cl2_cl0_cl0_cl0_cl0_cl3_cl2' had 4 variances floored, minimum variance found was 2.574801e-14.
WARNING: covariance vector named 'covar0_cl2_cl0_cl0_cl0_cl0_cl3_cl1' had 3 variances floored, minimum variance found was 2.617573e-07.
WARNING: covariance vector named 'covar0_cl2_cl0_cl0_cl0_cl0_cl3_cl0' had 3 variances floored, minimum variance found was 2.231923e-07.
WARNING: covariance vector named 'covar0_cl2_cl0_cl0_cl0_cl0_cl2' had 2 variances floored, minimum variance found was 2.597536e-07.
WARNING: covariance vector named 'covar0_cl2_cl0_cl0_cl0_cl0_cl2_cl0' had 3 variances floored, minimum variance found was 2.025000e-07.
WARNING: covariance vector named 'covar0_cl2_cl0_cl0_cl0_cl0_cl1' had 2 variances floored, minimum variance found was 7.285659e-07.
WARNING: covariance vector named 'covar0_cl2_cl0_cl0_cl0_cl0_cl1_cl1' had 25 variances floored, minimum variance found was -2.191854e-06.
WARNING: covariance vector named 'covar0_cl2_cl0_cl0_cl0_cl0_cl1_cl0' had 2 variances floored, minimum variance found was 2.486669e-06.
WARNING: covariance vector named 'covar0_cl2_cl0_cl0_cl0_cl0_cl0' had 3 variances floored, minimum variance found was 2.264009e-07.
WARNING: covariance vector named 'covar0_cl1_cl11' had 25 variances floored, minimum variance found was -1.028693e-05.
WARNING: covariance vector named 'covar0_cl1_cl8_cl0' had 25 variances floored, minimum variance found was -3.619173e-06.
WARNING: covariance vector named 'covar0_cl1_cl5_cl1' had 25 variances floored, minimum variance found was -2.647532e-06.
WARNING: covariance vector named 'covar0_cl1_cl3_cl3' had 25 variances floored, minimum variance found was -6.492447e-06.
WARNING: covariance vector named 'covar0_cl1_cl0_cl7' had 25 variances floored, minimum variance found was -1.126617e-06.
WARNING: covariance vector named 'covar0_cl1_cl0_cl6' had 1 variances floored, minimum variance found was 1.203964e-06.
WARNING: covariance vector named 'covar0_cl1_cl0_cl3_cl2' had 1 variances floored, minimum variance found was 3.397450e-06.
WARNING: covariance vector named 'covar0_cl1_cl0_cl0_cl0_cl9' had 25 variances floored, minimum variance found was -1.057457e-06.
WARNING: covariance vector named 'covar0_cl0_cl6_cl3' had 25 variances floored, minimum variance found was -1.044220e-06.
WARNING: covariance vector named 'covar0_cl0_cl6_cl1' had 25 variances floored, minimum variance found was -1.754214e-06.
WARNING: covariance vector named 'covar0_cl0_cl5_cl7' had 25 variances floored, minimum variance found was -6.937775e-06.
WARNING: covariance vector named 'covar0_cl0_cl5_cl3_cl1' had 25 variances floored, minimum variance found was -2.570974e-06.
WARNING: covariance vector named 'covar0_cl0_cl5_cl3_cl0' had 25 variances floored, minimum variance found was -1.863621e-06.
WARNING: covariance vector named 'covar0_cl0_cl4_cl6' had 25 variances floored, minimum variance found was -1.192353e-06.
WARNING: covariance vector named 'covar0_cl0_cl4_cl1_cl2' had 25 variances floored, minimum variance found was -7.728968e-07.
WARNING: covariance vector named 'covar0_cl0_cl4_cl0_cl2' had 25 variances floored, minimum variance found was -1.096932e-06.
WARNING: covariance vector named 'covar0_cl0_cl3_cl1_cl0_cl1' had 25 variances floored, minimum variance found was -4.649633e-07.
WARNING: covariance vector named 'covar0_cl0_cl2_cl6' had 1 variances floored, minimum variance found was 2.764958e-06.
WARNING: covariance vector named 'covar0_cl0_cl2_cl4_cl0' had 25 variances floored, minimum variance found was -1.324781e-06.
WARNING: covariance vector named 'covar0_cl0_cl2_cl3_cl3_cl1' had 25 variances floored, minimum variance found was -1.719757e-06.
WARNING: covariance vector named 'covar0_cl0_cl2_cl3_cl0_cl1' had 25 variances floored, minimum variance found was -1.017637e-06.
WARNING: covariance vector named 'covar0_cl0_cl2_cl2_cl0_cl2' had 25 variances floored, minimum variance found was -3.113310e-06.
WARNING: covariance vector named 'covar0_cl0_cl2_cl1_cl4' had 1 variances floored, minimum variance found was 9.357335e-06.
WARNING: covariance vector named 'covar0_cl0_cl2_cl0_cl3_cl1' had 1 variances floored, minimum variance found was -2.372386e-09.
WARNING: covariance vector named 'covar0_cl0_cl2_cl0_cl1_cl5' had 25 variances floored, minimum variance found was -7.753699e-07.
WARNING: covariance vector named 'covar0_cl0_cl2_cl0_cl1_cl3' had 25 variances floored, minimum variance found was -1.738933e-06.
WARNING: covariance vector named 'covar0_cl0_cl2_cl0_cl0_cl1_cl0' had 1 variances floored, minimum variance found was -1.536977e-09.
WARNING: covariance vector named 'covar0_cl0_cl1_cl1_cl7' had 25 variances floored, minimum variance found was -8.946845e-07.
WARNING: covariance vector named 'covar0_cl0_cl1_cl1_cl1_cl3' had 25 variances floored, minimum variance found was -1.594482e-06.
WARNING: covariance vector named 'covar0_cl0_cl1_cl1_cl0_cl3' had 1 variances floored, minimum variance found was 9.398696e-06.
WARNING: covariance vector named 'covar0_cl0_cl1_cl1_cl0_cl0_cl1' had 25 variances floored, minimum variance found was -8.421484e-07.
WARNING: covariance vector named 'covar0_cl0_cl1_cl1_cl0_cl0_cl0' had 25 variances floored, minimum variance found was -3.777191e-06.
WARNING: covariance vector named 'covar0_cl0_cl1_cl0_cl5' had 25 variances floored, minimum variance found was -2.117886e-06.
WARNING: covariance vector named 'covar0_cl0_cl1_cl0_cl4' had 25 variances floored, minimum variance found was -8.075842e-07.
WARNING: covariance vector named 'covar0_cl0_cl1_cl0_cl0_cl1' had 25 variances floored, minimum variance found was -2.705117e-06.
WARNING: covariance vector named 'covar0_cl0_cl0_cl7_cl0' had 25 variances floored, minimum variance found was -3.577185e-06.
WARNING: covariance vector named 'covar0_cl0_cl0_cl6_cl1' had 25 variances floored, minimum variance found was -8.007346e-07.
WARNING: covariance vector named 'covar0_cl0_cl0_cl6_cl0' had 25 variances floored, minimum variance found was -1.691247e-06.
WARNING: covariance vector named 'covar0_cl0_cl0_cl3_cl4' had 25 variances floored, minimum variance found was -1.500253e-05.
WARNING: covariance vector named 'covar0_cl0_cl0_cl2_cl2_cl0' had 25 variances floored, minimum variance found was -2.522212e-06.
WARNING: covariance vector named 'covar0_cl0_cl0_cl2_cl0_cl0_cl0' had 25 variances floored, minimum variance found was -3.283772e-06.
WARNING: covariance vector named 'covar0_cl0_cl0_cl1_cl5' had 25 variances floored, minimum variance found was -3.042664e-06.
WARNING: covariance vector named 'covar0_cl0_cl0_cl1_cl4' had 25 variances floored, minimum variance found was -6.907715e-06.
WARNING: covariance vector named 'covar0_cl0_cl0_cl1_cl0_cl3' had 25 variances floored, minimum variance found was -2.233477e-06.
WARNING: covariance vector named 'covar0_cl0_cl0_cl1_cl0_cl0_cl0' had 25 variances floored, minimum variance found was -6.853575e-06.
WARNING: covariance vector named 'covar0_cl0_cl0_cl0_cl5_cl3' had 25 variances floored, minimum variance found was -8.019684e-07.
WARNING: covariance vector named 'covar0_cl0_cl0_cl0_cl3_cl2' had 25 variances floored, minimum variance found was -1.392365e-06.
WARNING: covariance vector named 'covar0_cl0_cl0_cl0_cl2_cl1_cl2' had 25 variances floored, minimum variance found was -4.399222e-07.
WARNING: covariance vector named 'covar0_cl0_cl0_cl0_cl1_cl8' had 25 variances floored, minimum variance found was -1.219543e-06.
WARNING: covariance vector named 'covar0_cl0_cl0_cl0_cl1_cl1_cl0' had 25 variances floored, minimum variance found was -1.134909e-06.
WARNING: covariance vector named 'covar0_cl0_cl0_cl0_cl1_cl0_cl0_cl0' had 25 variances floored, minimum variance found was -1.034199e-06.
WARNING: covariance vector named 'covar0_cl0_cl0_cl0_cl0_cl9' had 25 variances floored, minimum variance found was -2.963739e-06.
WARNING: covariance vector named 'covar0_cl0_cl0_cl0_cl0_cl4_cl1' had 1 variances floored, minimum variance found was 9.614660e-07.
WARNING: covariance vector named 'covar0_cl0_cl0_cl0_cl0_cl2_cl1' had 1 variances floored, minimum variance found was 1.784620e-06.
WARNING: covariance vector named 'covar0_cl0_cl0_cl0_cl0_cl2_cl0' had 1 variances floored, minimum variance found was 8.384965e-06.
WARNING: covariance vector named 'covar0_cl0_cl0_cl0_cl0_cl1_cl3' had 25 variances floored, minimum variance found was -2.264194e-06.
WARNING: covariance vector named 'covar1_cl13' had 25 variances floored, minimum variance found was -8.088702e-06.
WARNING: covariance vector named 'covar1_cl12' had 24 variances floored, minimum variance found was -1.401935e-05.
WARNING: covariance vector named 'covar1_cl9' had 25 variances floored, minimum variance found was -1.123165e-05.
WARNING: covariance vector named 'covar1_cl8_cl1' had 25 variances floored, minimum variance found was -6.067316e-06.
WARNING: covariance vector named 'covar1_cl7_cl2' had 25 variances floored, minimum variance found was -1.131016e-05.
WARNING: covariance vector named 'covar1_cl7_cl1' had 1 variances floored, minimum variance found was 3.526631e-06.
WARNING: covariance vector named 'covar1_cl5_cl4' had 24 variances floored, minimum variance found was -1.183505e-05.
WARNING: covariance vector named 'covar1_cl5_cl0_cl0' had 25 variances floored, minimum variance found was -8.339032e-06.
WARNING: covariance vector named 'covar1_cl4_cl6' had 23 variances floored, minimum variance found was -1.095265e-05.
WARNING: covariance vector named 'covar1_cl4_cl0_cl1' had 23 variances floored, minimum variance found was -1.476951e-05.
WARNING: covariance vector named 'covar1_cl4_cl0_cl2' had 24 variances floored, minimum variance found was -1.363614e-05.
WARNING: covariance vector named 'covar1_cl3_cl0_cl3' had 25 variances floored, minimum variance found was -1.177727e-05.
WARNING: covariance vector named 'covar1_cl2_cl3_cl1' had 25 variances floored, minimum variance found was -1.017413e-05.
WARNING: covariance vector named 'covar1_cl1_cl6' had 25 variances floored, minimum variance found was -1.560500e-06.
WARNING: covariance vector named 'covar1_cl1_cl4_cl1' had 25 variances floored, minimum variance found was -3.792402e-06.
WARNING: covariance vector named 'covar1_cl1_cl3_cl5' had 25 variances floored, minimum variance found was -3.366109e-06.
WARNING: covariance vector named 'covar1_cl1_cl3_cl3_cl0' had 25 variances floored, minimum variance found was -2.139682e-06.
WARNING: covariance vector named 'covar1_cl1_cl3_cl1_cl0' had 25 variances floored, minimum variance found was -9.522226e-07.
WARNING: covariance vector named 'covar1_cl1_cl2_cl7' had 25 variances floored, minimum variance found was -3.799755e-06.
WARNING: covariance vector named 'covar1_cl1_cl2_cl2_cl0' had 25 variances floored, minimum variance found was -7.622048e-06.
WARNING: covariance vector named 'covar1_cl1_cl2_cl1_cl0' had 24 variances floored, minimum variance found was -5.922218e-06.
WARNING: covariance vector named 'covar1_cl1_cl1_cl5' had 25 variances floored, minimum variance found was -1.841949e-06.
WARNING: covariance vector named 'covar1_cl1_cl1_cl0_cl2' had 25 variances floored, minimum variance found was -7.078306e-06.
WARNING: covariance vector named 'covar1_cl1_cl1_cl0_cl1' had 25 variances floored, minimum variance found was -1.887820e-05.
WARNING: covariance vector named 'covar1_cl1_cl0_cl6' had 25 variances floored, minimum variance found was -4.237439e-06.
WARNING: covariance vector named 'covar1_cl1_cl0_cl5' had 25 variances floored, minimum variance found was -2.861104e-06.
WARNING: covariance vector named 'covar1_cl1_cl0_cl0_cl9' had 25 variances floored, minimum variance found was -4.032977e-06.
WARNING: covariance vector named 'covar1_cl1_cl0_cl0_cl7' had 25 variances floored, minimum variance found was -7.162255e-06.
WARNING: covariance vector named 'covar1_cl0_cl4' had 23 variances floored, minimum variance found was -2.023463e-05.
WARNING: covariance vector named 'covar1_cl0_cl1_cl4' had 22 variances floored, minimum variance found was -5.918747e-05.
WARNING: covariance vector named 'covar1_cl0_cl0_cl10' had 25 variances floored, minimum variance found was -1.522173e-05.
WARNING: covariance vector named 'covar1_cl0_cl0_cl7' had 22 variances floored, minimum variance found was -2.379082e-05.
WARNING: covariance vector named 'covar1_cl0_cl0_cl5_cl2' had 24 variances floored, minimum variance found was -1.304275e-05.
WARNING: covariance vector named 'covar1_cl0_cl0_cl3_cl1' had 22 variances floored, minimum variance found was -1.516504e-05.
WARNING: covariance vector named 'covar1_cl0_cl0_cl2_cl2' had 24 variances floored, minimum variance found was -2.196366e-05.
WARNING: covariance vector named 'covar1_cl0_cl0_cl2_cl0_cl6' had 23 variances floored, minimum variance found was -5.343438e-06.
WARNING: covariance vector named 'covar1_cl0_cl0_cl2_cl0_cl5' had 23 variances floored, minimum variance found was -6.168857e-06.
WARNING: covariance vector named 'covar1_cl0_cl0_cl2_cl0_cl0_cl4' had 25 variances floored, minimum variance found was -7.031790e-06.
WARNING: covariance vector named 'covar1_cl0_cl0_cl2_cl0_cl0_cl3' had 24 variances floored, minimum variance found was -1.511889e-05.
WARNING: covariance vector named 'covar1_cl0_cl0_cl2_cl0_cl0_cl2' had 25 variances floored, minimum variance found was -1.186279e-05.
WARNING: covariance vector named 'covar1_cl0_cl0_cl0_cl4_cl1' had 22 variances floored, minimum variance found was -1.521596e-05.
WARNING: covariance vector named 'covar1_cl0_cl0_cl0_cl4_cl0' had 24 variances floored, minimum variance found was -2.134011e-05.
WARNING: covariance vector named 'covar1_cl0_cl0_cl0_cl1_cl2' had 23 variances floored, minimum variance found was -1.522921e-05.
NOTE: DPMF 'dpmf0' has 1/0 elements vanishing/splitting
NOTE: saving only 695 used means out of a total of 696
NOTE: saving only 695 used covariances out of a total of 696
NOTE: saving only 695 used components out of a total of 696
NOTE: saving only 695 used means out of a total of 696
NOTE: saving only 695 used covariances out of a total of 696
NOTE: saving only 695 used components out of a total of 696
Maximum number of EM iterations reached (1). Stopping
### Final time (seconds) just for EM stage: User: 0.037459, System: 0.004228, CPU 0.041687
____ PROGRAM ENDED SUCCESSFULLY WITH STATUS 0 AT Thursday August 20 2015, 17:05:19 PDT ____
