Creating Junction Tree
DONE creating Junction Tree
Loading accumulators from 'accumulators/acc_0_2_2comp.data'
WARNING: covariance vector named 'covar0_cl2' had 17 variances floored, minimum variance found was -5.215430e-05.
WARNING: covariance vector named 'covar0_cl0_cl4' had 3 variances floored, minimum variance found was 1.231407e-06.
WARNING: covariance vector named 'covar0_cl0_cl4_cl5' had 2 variances floored, minimum variance found was 4.313856e-07.
WARNING: covariance vector named 'covar0_cl0_cl4_cl4' had 2 variances floored, minimum variance found was 1.198330e-06.
WARNING: covariance vector named 'covar0_cl0_cl4_cl3' had 3 variances floored, minimum variance found was 2.123720e-07.
WARNING: covariance vector named 'covar0_cl0_cl4_cl3_cl0' had 3 variances floored, minimum variance found was 1.224999e-07.
WARNING: covariance vector named 'covar0_cl0_cl4_cl2' had 2 variances floored, minimum variance found was 5.335125e-08.
WARNING: covariance vector named 'covar0_cl0_cl4_cl2_cl5' had 2 variances floored, minimum variance found was 5.625001e-07.
WARNING: covariance vector named 'covar0_cl0_cl4_cl2_cl4' had 3 variances floored, minimum variance found was 2.249998e-08.
WARNING: covariance vector named 'covar0_cl0_cl4_cl2_cl3' had 2 variances floored, minimum variance found was 2.569602e-06.
WARNING: covariance vector named 'covar0_cl0_cl4_cl2_cl2' had 3 variances floored, minimum variance found was 3.687592e-08.
WARNING: covariance vector named 'covar0_cl0_cl4_cl2_cl1' had 3 variances floored, minimum variance found was 1.718391e-06.
WARNING: covariance vector named 'covar0_cl0_cl4_cl2_cl0' had 3 variances floored, minimum variance found was 7.880117e-07.
WARNING: covariance vector named 'covar0_cl0_cl4_cl1' had 3 variances floored, minimum variance found was 1.044989e-07.
WARNING: covariance vector named 'covar0_cl0_cl4_cl1_cl1' had 24 variances floored, minimum variance found was -1.011755e-05.
WARNING: covariance vector named 'covar0_cl0_cl4_cl1_cl0' had 3 variances floored, minimum variance found was 3.416080e-07.
WARNING: covariance vector named 'covar0_cl0_cl4_cl0' had 2 variances floored, minimum variance found was 1.555403e-07.
WARNING: covariance vector named 'covar0_cl0_cl4_cl0_cl8' had 2 variances floored, minimum variance found was 1.086667e-06.
WARNING: covariance vector named 'covar0_cl0_cl4_cl0_cl7' had 2 variances floored, minimum variance found was 1.886537e-07.
WARNING: covariance vector named 'covar0_cl0_cl4_cl0_cl6' had 3 variances floored, minimum variance found was 1.624594e-07.
WARNING: covariance vector named 'covar0_cl0_cl4_cl0_cl5' had 2 variances floored, minimum variance found was 9.897275e-07.
WARNING: covariance vector named 'covar0_cl0_cl4_cl0_cl5_cl1' had 2 variances floored, minimum variance found was 4.519015e-07.
WARNING: covariance vector named 'covar0_cl0_cl4_cl0_cl5_cl0' had 3 variances floored, minimum variance found was 8.666731e-08.
WARNING: covariance vector named 'covar0_cl0_cl4_cl0_cl4' had 3 variances floored, minimum variance found was 1.724115e-06.
WARNING: covariance vector named 'covar0_cl0_cl4_cl0_cl3' had 2 variances floored, minimum variance found was 1.136982e-06.
WARNING: covariance vector named 'covar0_cl0_cl4_cl0_cl3_cl2' had 4 variances floored, minimum variance found was 1.600001e-07.
WARNING: covariance vector named 'covar0_cl0_cl4_cl0_cl3_cl1' had 2 variances floored, minimum variance found was 1.000014e-08.
WARNING: covariance vector named 'covar0_cl0_cl4_cl0_cl3_cl0' had 3 variances floored, minimum variance found was 5.768761e-07.
WARNING: covariance vector named 'covar0_cl0_cl4_cl0_cl2' had 3 variances floored, minimum variance found was 1.753131e-07.
WARNING: covariance vector named 'covar0_cl0_cl4_cl0_cl2_cl4' had 3 variances floored, minimum variance found was 4.224998e-07.
WARNING: covariance vector named 'covar0_cl0_cl4_cl0_cl2_cl3' had 25 variances floored, minimum variance found was -1.411751e-06.
WARNING: covariance vector named 'covar0_cl0_cl4_cl0_cl2_cl2' had 3 variances floored, minimum variance found was 6.740019e-07.
WARNING: covariance vector named 'covar0_cl0_cl4_cl0_cl2_cl1' had 2 variances floored, minimum variance found was 3.658118e-07.
WARNING: covariance vector named 'covar0_cl0_cl4_cl0_cl2_cl0' had 2 variances floored, minimum variance found was 6.843441e-07.
WARNING: covariance vector named 'covar0_cl0_cl4_cl0_cl1' had 2 variances floored, minimum variance found was 1.315900e-06.
WARNING: covariance vector named 'covar0_cl0_cl4_cl0_cl1_cl4' had 1 variances floored, minimum variance found was 1.562500e-06.
WARNING: covariance vector named 'covar0_cl0_cl4_cl0_cl1_cl3' had 3 variances floored, minimum variance found was 4.224999e-07.
WARNING: covariance vector named 'covar0_cl0_cl4_cl0_cl1_cl2' had 2 variances floored, minimum variance found was 3.095263e-06.
WARNING: covariance vector named 'covar0_cl0_cl4_cl0_cl1_cl1' had 2 variances floored, minimum variance found was 2.445363e-06.
WARNING: covariance vector named 'covar0_cl0_cl4_cl0_cl1_cl0' had 2 variances floored, minimum variance found was 1.002223e-06.
WARNING: covariance vector named 'covar0_cl0_cl4_cl0_cl0' had 1 variances floored, minimum variance found was 1.579853e-06.
WARNING: covariance vector named 'covar0_cl0_cl4_cl0_cl0_cl1' had 2 variances floored, minimum variance found was 8.527012e-07.
WARNING: covariance vector named 'covar0_cl0_cl4_cl0_cl0_cl1_cl4' had 3 variances floored, minimum variance found was 1.882224e-06.
WARNING: covariance vector named 'covar0_cl0_cl4_cl0_cl0_cl1_cl3' had 3 variances floored, minimum variance found was 6.150261e-07.
WARNING: covariance vector named 'covar0_cl0_cl4_cl0_cl0_cl1_cl2' had 2 variances floored, minimum variance found was 2.602224e-06.
WARNING: covariance vector named 'covar0_cl0_cl4_cl0_cl0_cl1_cl1' had 3 variances floored, minimum variance found was 2.387491e-07.
WARNING: covariance vector named 'covar0_cl0_cl4_cl0_cl0_cl1_cl1_cl1' had 3 variances floored, minimum variance found was -4.417179e-15.
WARNING: covariance vector named 'covar0_cl0_cl4_cl0_cl0_cl1_cl1_cl0' had 2 variances floored, minimum variance found was 1.015552e-06.
WARNING: covariance vector named 'covar0_cl0_cl4_cl0_cl0_cl1_cl0' had 1 variances floored, minimum variance found was 2.219980e-06.
WARNING: covariance vector named 'covar0_cl0_cl4_cl0_cl0_cl0' had 2 variances floored, minimum variance found was 4.243965e-07.
WARNING: covariance vector named 'covar0_cl0_cl3_cl6' had 24 variances floored, minimum variance found was -3.803467e-06.
WARNING: covariance vector named 'covar0_cl0_cl3_cl0_cl0_cl1' had 24 variances floored, minimum variance found was -5.003983e-06.
WARNING: covariance vector named 'covar0_cl0_cl2_cl3_cl3' had 25 variances floored, minimum variance found was -2.440823e-06.
WARNING: covariance vector named 'covar0_cl0_cl2_cl1_cl9' had 25 variances floored, minimum variance found was -2.982651e-06.
WARNING: covariance vector named 'covar0_cl0_cl2_cl1_cl3_cl2' had 25 variances floored, minimum variance found was -2.985416e-06.
WARNING: covariance vector named 'covar0_cl0_cl2_cl1_cl2_cl0_cl2' had 25 variances floored, minimum variance found was -1.448730e-06.
WARNING: covariance vector named 'covar0_cl0_cl2_cl1_cl0_cl2_cl0' had 25 variances floored, minimum variance found was -1.183891e-06.
WARNING: covariance vector named 'covar0_cl0_cl2_cl1_cl0_cl1_cl1' had 25 variances floored, minimum variance found was -3.511254e-06.
WARNING: covariance vector named 'covar0_cl0_cl2_cl0_cl4_cl0' had 25 variances floored, minimum variance found was -1.638794e-06.
WARNING: covariance vector named 'covar0_cl0_cl2_cl0_cl2_cl5' had 25 variances floored, minimum variance found was -9.342386e-07.
WARNING: covariance vector named 'covar0_cl0_cl2_cl0_cl2_cl3' had 2 variances floored, minimum variance found was 3.279768e-06.
WARNING: covariance vector named 'covar0_cl0_cl2_cl0_cl1_cl1' had 25 variances floored, minimum variance found was -2.532764e-06.
WARNING: covariance vector named 'covar0_cl0_cl2_cl0_cl1_cl0' had 25 variances floored, minimum variance found was -1.504455e-06.
WARNING: covariance vector named 'covar0_cl0_cl1_cl4_cl1_cl0' had 25 variances floored, minimum variance found was -9.483338e-07.
WARNING: covariance vector named 'covar0_cl0_cl1_cl3_cl0_cl4' had 25 variances floored, minimum variance found was -1.856819e-06.
WARNING: covariance vector named 'covar0_cl0_cl1_cl2_cl0_cl1' had 25 variances floored, minimum variance found was -5.409180e-06.
WARNING: covariance vector named 'covar0_cl0_cl1_cl1_cl8' had 25 variances floored, minimum variance found was -1.746961e-06.
WARNING: covariance vector named 'covar0_cl0_cl1_cl1_cl5_cl1' had 25 variances floored, minimum variance found was -9.215203e-07.
WARNING: covariance vector named 'covar0_cl0_cl1_cl1_cl5_cl0' had 25 variances floored, minimum variance found was -1.160531e-06.
WARNING: covariance vector named 'covar0_cl0_cl1_cl1_cl3_cl1' had 25 variances floored, minimum variance found was -2.263641e-06.
WARNING: covariance vector named 'covar0_cl0_cl1_cl1_cl1_cl1_cl1' had 25 variances floored, minimum variance found was -1.633132e-06.
WARNING: covariance vector named 'covar0_cl0_cl1_cl1_cl0_cl1_cl1' had 25 variances floored, minimum variance found was -1.702328e-06.
WARNING: covariance vector named 'covar0_cl0_cl1_cl0_cl0_cl9' had 25 variances floored, minimum variance found was -1.843339e-06.
WARNING: covariance vector named 'covar0_cl0_cl0_cl6_cl2_cl0' had 25 variances floored, minimum variance found was -3.631424e-06.
WARNING: covariance vector named 'covar0_cl0_cl0_cl5_cl4' had 25 variances floored, minimum variance found was -3.587586e-06.
WARNING: covariance vector named 'covar0_cl0_cl0_cl5_cl0_cl1' had 25 variances floored, minimum variance found was -1.765679e-06.
WARNING: covariance vector named 'covar0_cl0_cl0_cl3_cl5' had 25 variances floored, minimum variance found was -3.118301e-06.
WARNING: covariance vector named 'covar0_cl0_cl0_cl3_cl0_cl5' had 25 variances floored, minimum variance found was -8.971701e-07.
WARNING: covariance vector named 'covar0_cl0_cl0_cl2_cl2_cl0' had 1 variances floored, minimum variance found was 1.848219e-06.
WARNING: covariance vector named 'covar0_cl0_cl0_cl2_cl1_cl3' had 1 variances floored, minimum variance found was 9.605475e-06.
WARNING: covariance vector named 'covar0_cl0_cl0_cl2_cl1_cl2' had 1 variances floored, minimum variance found was 2.960820e-06.
WARNING: covariance vector named 'covar0_cl0_cl0_cl2_cl1_cl1' had 2 variances floored, minimum variance found was 9.795165e-07.
WARNING: covariance vector named 'covar0_cl0_cl0_cl2_cl0' had 3 variances floored, minimum variance found was 7.852056e-08.
WARNING: covariance vector named 'covar0_cl0_cl0_cl2_cl0_cl1' had 3 variances floored, minimum variance found was 5.600597e-09.
WARNING: covariance vector named 'covar0_cl0_cl0_cl2_cl0_cl0' had 3 variances floored, minimum variance found was 2.707231e-07.
WARNING: covariance vector named 'covar0_cl0_cl0_cl2_cl0_cl0_cl0' had 3 variances floored, minimum variance found was 6.249942e-08.
WARNING: covariance vector named 'covar0_cl0_cl0_cl1_cl10' had 25 variances floored, minimum variance found was -1.612647e-06.
WARNING: covariance vector named 'covar0_cl0_cl0_cl1_cl6_cl2' had 1 variances floored, minimum variance found was 5.041078e-06.
WARNING: covariance vector named 'covar0_cl0_cl0_cl1_cl4_cl1' had 25 variances floored, minimum variance found was -6.982193e-07.
WARNING: covariance vector named 'covar0_cl0_cl0_cl1_cl3_cl2' had 25 variances floored, minimum variance found was -3.101901e-06.
WARNING: covariance vector named 'covar0_cl0_cl0_cl1_cl3_cl1' had 25 variances floored, minimum variance found was -1.808876e-06.
WARNING: covariance vector named 'covar0_cl0_cl0_cl1_cl2_cl5' had 25 variances floored, minimum variance found was -2.967663e-06.
WARNING: covariance vector named 'covar0_cl0_cl0_cl1_cl2_cl4' had 1 variances floored, minimum variance found was 9.741967e-06.
WARNING: covariance vector named 'covar0_cl0_cl0_cl1_cl2_cl0_cl0' had 25 variances floored, minimum variance found was -8.807840e-07.
WARNING: covariance vector named 'covar0_cl0_cl0_cl1_cl0_cl8' had 1 variances floored, minimum variance found was 1.776784e-06.
WARNING: covariance vector named 'covar0_cl0_cl0_cl1_cl0_cl7' had 1 variances floored, minimum variance found was 2.592958e-06.
WARNING: covariance vector named 'covar0_cl0_cl0_cl1_cl0_cl2_cl1' had 25 variances floored, minimum variance found was -2.439258e-06.
WARNING: covariance vector named 'covar0_cl0_cl0_cl1_cl0_cl0_cl0' had 25 variances floored, minimum variance found was -1.695397e-06.
WARNING: covariance vector named 'covar0_cl0_cl0_cl0_cl10' had 25 variances floored, minimum variance found was -2.219335e-06.
WARNING: covariance vector named 'covar0_cl0_cl0_cl0_cl8' had 1 variances floored, minimum variance found was 2.819428e-07.
WARNING: covariance vector named 'covar0_cl0_cl0_cl0_cl4_cl0' had 1 variances floored, minimum variance found was -6.743722e-08.
WARNING: covariance vector named 'covar0_cl0_cl0_cl0_cl2_cl3' had 25 variances floored, minimum variance found was -2.378845e-06.
WARNING: covariance vector named 'covar0_cl0_cl0_cl0_cl0_cl1' had 25 variances floored, minimum variance found was -1.003535e-06.
WARNING: covariance vector named 'covar1_cl6_cl3' had 25 variances floored, minimum variance found was -1.889380e-05.
WARNING: covariance vector named 'covar1_cl6_cl0_cl0' had 24 variances floored, minimum variance found was -9.011841e-06.
WARNING: covariance vector named 'covar1_cl5_cl1_cl1' had 25 variances floored, minimum variance found was -4.038528e-06.
WARNING: covariance vector named 'covar1_cl5_cl1_cl0' had 25 variances floored, minimum variance found was -5.700684e-06.
WARNING: covariance vector named 'covar1_cl4_cl9' had 25 variances floored, minimum variance found was -6.306015e-06.
WARNING: covariance vector named 'covar1_cl4_cl0_cl2' had 1 variances floored, minimum variance found was -1.201148e-05.
WARNING: covariance vector named 'covar1_cl3_cl9' had 24 variances floored, minimum variance found was -7.595732e-06.
WARNING: covariance vector named 'covar1_cl3_cl7' had 25 variances floored, minimum variance found was -1.125183e-05.
WARNING: covariance vector named 'covar1_cl3_cl3_cl0' had 25 variances floored, minimum variance found was -6.369156e-06.
WARNING: covariance vector named 'covar1_cl3_cl2_cl0' had 25 variances floored, minimum variance found was -3.694153e-06.
WARNING: covariance vector named 'covar1_cl3_cl1_cl4' had 24 variances floored, minimum variance found was -1.494592e-05.
WARNING: covariance vector named 'covar1_cl3_cl1_cl2' had 24 variances floored, minimum variance found was -3.223206e-06.
WARNING: covariance vector named 'covar1_cl3_cl1_cl1' had 25 variances floored, minimum variance found was -1.888123e-05.
WARNING: covariance vector named 'covar1_cl3_cl0_cl5' had 25 variances floored, minimum variance found was -7.591248e-06.
WARNING: covariance vector named 'covar1_cl3_cl0_cl0_cl0' had 24 variances floored, minimum variance found was -9.357056e-06.
WARNING: covariance vector named 'covar1_cl2_cl7_cl1' had 25 variances floored, minimum variance found was -7.294403e-06.
WARNING: covariance vector named 'covar1_cl2_cl7_cl0' had 25 variances floored, minimum variance found was -1.885986e-06.
WARNING: covariance vector named 'covar1_cl2_cl6_cl2' had 25 variances floored, minimum variance found was -6.630798e-06.
WARNING: covariance vector named 'covar1_cl2_cl3_cl4' had 25 variances floored, minimum variance found was -1.801285e-06.
WARNING: covariance vector named 'covar1_cl2_cl2_cl2' had 25 variances floored, minimum variance found was -6.907715e-06.
WARNING: covariance vector named 'covar1_cl2_cl2_cl1' had 25 variances floored, minimum variance found was -6.905731e-06.
WARNING: covariance vector named 'covar1_cl1_cl8' had 24 variances floored, minimum variance found was -1.325037e-05.
WARNING: covariance vector named 'covar1_cl1_cl4_cl4' had 23 variances floored, minimum variance found was -1.889380e-05.
WARNING: covariance vector named 'covar1_cl1_cl4_cl1' had 23 variances floored, minimum variance found was -2.913614e-05.
WARNING: covariance vector named 'covar1_cl1_cl4_cl0' had 20 variances floored, minimum variance found was -5.341401e-06.
WARNING: covariance vector named 'covar1_cl1_cl3_cl5' had 25 variances floored, minimum variance found was -9.054565e-06.
WARNING: covariance vector named 'covar1_cl1_cl3_cl0_cl1' had 25 variances floored, minimum variance found was -7.449707e-06.
WARNING: covariance vector named 'covar1_cl1_cl3_cl0_cl0' had 25 variances floored, minimum variance found was -1.376733e-05.
WARNING: covariance vector named 'covar1_cl1_cl2_cl4' had 24 variances floored, minimum variance found was -9.965515e-06.
WARNING: covariance vector named 'covar1_cl1_cl2_cl2' had 22 variances floored, minimum variance found was -1.410162e-05.
WARNING: covariance vector named 'covar1_cl1_cl2_cl0_cl2' had 23 variances floored, minimum variance found was -1.664124e-05.
WARNING: covariance vector named 'covar1_cl1_cl2_cl0_cl1' had 22 variances floored, minimum variance found was -7.195984e-06.
WARNING: covariance vector named 'covar1_cl1_cl1_cl5' had 23 variances floored, minimum variance found was -1.520044e-05.
WARNING: covariance vector named 'covar1_cl1_cl1_cl3' had 23 variances floored, minimum variance found was -2.000650e-05.
WARNING: covariance vector named 'covar1_cl1_cl1_cl2' had 22 variances floored, minimum variance found was -2.930505e-05.
WARNING: covariance vector named 'covar1_cl1_cl1_cl1' had 24 variances floored, minimum variance found was -1.106345e-05.
WARNING: covariance vector named 'covar1_cl1_cl0_cl10' had 25 variances floored, minimum variance found was -7.563919e-06.
WARNING: covariance vector named 'covar1_cl1_cl0_cl6' had 1 variances floored, minimum variance found was 7.367553e-07.
WARNING: covariance vector named 'covar1_cl1_cl0_cl4_cl0' had 25 variances floored, minimum variance found was -4.188172e-06.
WARNING: covariance vector named 'covar1_cl1_cl0_cl3_cl1' had 25 variances floored, minimum variance found was -8.728271e-06.
WARNING: covariance vector named 'covar1_cl1_cl0_cl2_cl4' had 25 variances floored, minimum variance found was -9.478394e-06.
WARNING: covariance vector named 'covar1_cl1_cl0_cl1_cl3' had 20 variances floored, minimum variance found was -2.841797e-05.
WARNING: covariance vector named 'covar1_cl1_cl0_cl1_cl2' had 20 variances floored, minimum variance found was -1.026331e-05.
WARNING: covariance vector named 'covar1_cl1_cl0_cl0_cl8' had 1 variances floored, minimum variance found was 9.664536e-09.
WARNING: covariance vector named 'covar1_cl1_cl0_cl0_cl4_cl0' had 25 variances floored, minimum variance found was -6.905731e-06.
WARNING: covariance vector named 'covar1_cl1_cl0_cl0_cl3_cl2' had 23 variances floored, minimum variance found was -1.453513e-05.
WARNING: covariance vector named 'covar1_cl1_cl0_cl0_cl1_cl0' had 24 variances floored, minimum variance found was -7.074341e-06.
WARNING: covariance vector named 'covar1_cl1_cl0_cl0_cl0_cl4' had 24 variances floored, minimum variance found was -1.088126e-05.
WARNING: covariance vector named 'covar1_cl1_cl0_cl0_cl0_cl3' had 25 variances floored, minimum variance found was -6.712021e-06.
WARNING: covariance vector named 'covar1_cl1_cl0_cl0_cl0_cl2' had 25 variances floored, minimum variance found was -9.039246e-06.
WARNING: covariance vector named 'covar1_cl0_cl4' had 23 variances floored, minimum variance found was -1.043353e-04.
WARNING: covariance vector named 'covar1_cl0_cl0_cl3' had 18 variances floored, minimum variance found was -4.499640e-05.
Maximum number of EM iterations reached (1). Stopping
### Final time (seconds) just for EM stage: User: 0.033467, System: 0.003110, CPU 0.036577
____ PROGRAM ENDED SUCCESSFULLY WITH STATUS 0 AT Thursday August 20 2015, 17:07:59 PDT ____
