Creating Junction Tree
DONE creating Junction Tree
Loading accumulators from 'accumulators/acc_0_1_64comp.data'
WARNING: covariance vector named 'covar0' had 3 variances floored, minimum variance found was 3.264563e-08.
WARNING: covariance vector named 'covar0_cl3' had 3 variances floored, minimum variance found was 1.033856e-06.
WARNING: covariance vector named 'covar0_cl3_cl4' had 3 variances floored, minimum variance found was 2.500118e-09.
WARNING: covariance vector named 'covar0_cl3_cl3' had 3 variances floored, minimum variance found was 1.173701e-06.
WARNING: covariance vector named 'covar0_cl3_cl2' had 2 variances floored, minimum variance found was 1.288673e-06.
WARNING: covariance vector named 'covar0_cl3_cl1' had 2 variances floored, minimum variance found was 1.670590e-07.
WARNING: covariance vector named 'covar0_cl3_cl1_cl0' had 3 variances floored, minimum variance found was 1.000047e-08.
WARNING: covariance vector named 'covar0_cl3_cl0' had 2 variances floored, minimum variance found was 4.761940e-07.
WARNING: covariance vector named 'covar0_cl3_cl0_cl0' had 3 variances floored, minimum variance found was 2.175420e-06.
WARNING: covariance vector named 'covar0_cl3_cl0_cl0_cl0' had 23 variances floored, minimum variance found was -1.331381e-05.
WARNING: covariance vector named 'covar0_cl2_cl0_cl0' had 3 variances floored, minimum variance found was 2.109750e-07.
WARNING: covariance vector named 'covar0_cl2_cl0_cl0_cl1' had 3 variances floored, minimum variance found was 3.288039e-07.
WARNING: covariance vector named 'covar0_cl2_cl0_cl0_cl0' had 3 variances floored, minimum variance found was 3.870403e-07.
WARNING: covariance vector named 'covar0_cl2_cl0_cl0_cl0_cl5' had 25 variances floored, minimum variance found was -2.120499e-06.
WARNING: covariance vector named 'covar0_cl2_cl0_cl0_cl0_cl4' had 25 variances floored, minimum variance found was -1.409033e-05.
WARNING: covariance vector named 'covar0_cl2_cl0_cl0_cl0_cl3' had 2 variances floored, minimum variance found was 7.510611e-07.
WARNING: covariance vector named 'covar0_cl2_cl0_cl0_cl0_cl2' had 1 variances floored, minimum variance found was 1.513522e-06.
WARNING: covariance vector named 'covar0_cl2_cl0_cl0_cl0_cl1' had 2 variances floored, minimum variance found was 4.270031e-07.
WARNING: covariance vector named 'covar0_cl2_cl0_cl0_cl0_cl1_cl1' had 25 variances floored, minimum variance found was -7.535462e-06.
WARNING: covariance vector named 'covar0_cl2_cl0_cl0_cl0_cl1_cl0' had 2 variances floored, minimum variance found was 4.621714e-07.
WARNING: covariance vector named 'covar0_cl2_cl0_cl0_cl0_cl0' had 1 variances floored, minimum variance found was 1.924009e-06.
WARNING: covariance vector named 'covar0_cl2_cl0_cl0_cl0_cl0_cl4' had 2 variances floored, minimum variance found was 4.199999e-07.
WARNING: covariance vector named 'covar0_cl2_cl0_cl0_cl0_cl0_cl3' had 2 variances floored, minimum variance found was 8.130708e-07.
WARNING: covariance vector named 'covar0_cl2_cl0_cl0_cl0_cl0_cl2' had 3 variances floored, minimum variance found was 7.407094e-07.
WARNING: covariance vector named 'covar0_cl2_cl0_cl0_cl0_cl0_cl1' had 3 variances floored, minimum variance found was 6.332899e-08.
WARNING: covariance vector named 'covar0_cl2_cl0_cl0_cl0_cl0_cl0' had 2 variances floored, minimum variance found was 1.815793e-06.
WARNING: covariance vector named 'covar0_cl1_cl2_cl5' had 25 variances floored, minimum variance found was -5.890274e-06.
WARNING: covariance vector named 'covar0_cl1_cl1_cl1_cl4' had 25 variances floored, minimum variance found was -1.868874e-06.
WARNING: covariance vector named 'covar0_cl1_cl0_cl6' had 25 variances floored, minimum variance found was -2.323242e-06.
WARNING: covariance vector named 'covar0_cl1_cl0_cl1_cl6' had 25 variances floored, minimum variance found was -3.262817e-06.
WARNING: covariance vector named 'covar0_cl1_cl0_cl1_cl4' had 25 variances floored, minimum variance found was -3.341033e-06.
WARNING: covariance vector named 'covar0_cl1_cl0_cl1_cl1_cl2' had 25 variances floored, minimum variance found was -2.479647e-06.
WARNING: covariance vector named 'covar0_cl1_cl0_cl1_cl1_cl1' had 25 variances floored, minimum variance found was -2.804184e-06.
WARNING: covariance vector named 'covar0_cl0_cl8_cl3' had 25 variances floored, minimum variance found was -3.784542e-06.
WARNING: covariance vector named 'covar0_cl0_cl2_cl2_cl4_cl0' had 25 variances floored, minimum variance found was -3.220536e-06.
WARNING: covariance vector named 'covar0_cl0_cl2_cl1_cl3' had 25 variances floored, minimum variance found was -1.857290e-06.
WARNING: covariance vector named 'covar0_cl0_cl1_cl6_cl0' had 25 variances floored, minimum variance found was -2.551072e-07.
WARNING: covariance vector named 'covar0_cl0_cl1_cl4_cl0_cl0' had 25 variances floored, minimum variance found was -8.224386e-07.
WARNING: covariance vector named 'covar0_cl0_cl1_cl1_cl4' had 25 variances floored, minimum variance found was -3.113310e-06.
WARNING: covariance vector named 'covar0_cl0_cl1_cl1_cl0_cl2_cl0' had 25 variances floored, minimum variance found was -1.198105e-06.
WARNING: covariance vector named 'covar0_cl0_cl1_cl0_cl0_cl1_cl0' had 25 variances floored, minimum variance found was -4.737085e-07.
WARNING: covariance vector named 'covar0_cl0_cl0_cl5_cl0' had 25 variances floored, minimum variance found was -3.649330e-06.
WARNING: covariance vector named 'covar0_cl0_cl0_cl3_cl7' had 25 variances floored, minimum variance found was -1.325089e-06.
WARNING: covariance vector named 'covar0_cl0_cl0_cl2_cl7' had 25 variances floored, minimum variance found was -3.511254e-06.
WARNING: covariance vector named 'covar0_cl0_cl0_cl2_cl2_cl0' had 25 variances floored, minimum variance found was -2.735390e-06.
WARNING: covariance vector named 'covar0_cl0_cl0_cl2_cl1_cl0' had 25 variances floored, minimum variance found was -1.623289e-06.
WARNING: covariance vector named 'covar0_cl0_cl0_cl1_cl1_cl2' had 25 variances floored, minimum variance found was -1.969825e-06.
WARNING: covariance vector named 'covar0_cl0_cl0_cl1_cl0_cl6' had 25 variances floored, minimum variance found was -4.486792e-07.
WARNING: covariance vector named 'covar0_cl0_cl0_cl1_cl0_cl1_cl3' had 25 variances floored, minimum variance found was -7.235487e-07.
WARNING: covariance vector named 'covar0_cl0_cl0_cl0_cl7_cl0' had 25 variances floored, minimum variance found was -8.410425e-07.
WARNING: covariance vector named 'covar0_cl0_cl0_cl0_cl5_cl2' had 1 variances floored, minimum variance found was -1.426365e-08.
WARNING: covariance vector named 'covar0_cl0_cl0_cl0_cl3_cl0_cl2' had 25 variances floored, minimum variance found was -2.115631e-06.
WARNING: covariance vector named 'covar0_cl0_cl0_cl0_cl2_cl0_cl0' had 25 variances floored, minimum variance found was -3.223206e-06.
WARNING: covariance vector named 'covar0_cl0_cl0_cl0_cl0_cl0' had 2 variances floored, minimum variance found was 3.411077e-07.
WARNING: covariance vector named 'covar0_cl0_cl0_cl0_cl0_cl0_cl6' had 2 variances floored, minimum variance found was 1.422035e-06.
WARNING: covariance vector named 'covar0_cl0_cl0_cl0_cl0_cl0_cl5' had 3 variances floored, minimum variance found was 3.344552e-07.
WARNING: covariance vector named 'covar0_cl0_cl0_cl0_cl0_cl0_cl4' had 2 variances floored, minimum variance found was 1.044096e-06.
WARNING: covariance vector named 'covar0_cl0_cl0_cl0_cl0_cl0_cl4_cl1' had 25 variances floored, minimum variance found was -3.428406e-06.
WARNING: covariance vector named 'covar0_cl0_cl0_cl0_cl0_cl0_cl4_cl0' had 1 variances floored, minimum variance found was 1.335557e-06.
WARNING: covariance vector named 'covar0_cl0_cl0_cl0_cl0_cl0_cl3' had 2 variances floored, minimum variance found was 6.824835e-07.
WARNING: covariance vector named 'covar0_cl0_cl0_cl0_cl0_cl0_cl3_cl2' had 1 variances floored, minimum variance found was 5.062500e-06.
WARNING: covariance vector named 'covar0_cl0_cl0_cl0_cl0_cl0_cl3_cl1' had 3 variances floored, minimum variance found was 2.022222e-07.
WARNING: covariance vector named 'covar0_cl0_cl0_cl0_cl0_cl0_cl3_cl0' had 2 variances floored, minimum variance found was 1.484805e-06.
WARNING: covariance vector named 'covar0_cl0_cl0_cl0_cl0_cl0_cl3_cl0_cl0' had 25 variances floored, minimum variance found was -7.141327e-06.
WARNING: covariance vector named 'covar0_cl0_cl0_cl0_cl0_cl0_cl2' had 2 variances floored, minimum variance found was 6.434759e-07.
WARNING: covariance vector named 'covar0_cl0_cl0_cl0_cl0_cl0_cl2_cl2' had 25 variances floored, minimum variance found was -1.337769e-06.
WARNING: covariance vector named 'covar0_cl0_cl0_cl0_cl0_cl0_cl2_cl1' had 1 variances floored, minimum variance found was 2.306861e-06.
WARNING: covariance vector named 'covar0_cl0_cl0_cl0_cl0_cl0_cl2_cl0' had 3 variances floored, minimum variance found was 3.960021e-07.
WARNING: covariance vector named 'covar0_cl0_cl0_cl0_cl0_cl0_cl1' had 2 variances floored, minimum variance found was 1.024526e-06.
WARNING: covariance vector named 'covar0_cl0_cl0_cl0_cl0_cl0_cl1_cl2' had 3 variances floored, minimum variance found was 1.063592e-07.
WARNING: covariance vector named 'covar0_cl0_cl0_cl0_cl0_cl0_cl1_cl1' had 3 variances floored, minimum variance found was 2.336240e-07.
WARNING: covariance vector named 'covar0_cl0_cl0_cl0_cl0_cl0_cl1_cl0' had 1 variances floored, minimum variance found was 1.284256e-06.
WARNING: covariance vector named 'covar0_cl0_cl0_cl0_cl0_cl0_cl1_cl0_cl2' had 2 variances floored, minimum variance found was 4.224998e-07.
WARNING: covariance vector named 'covar0_cl0_cl0_cl0_cl0_cl0_cl1_cl0_cl1' had 2 variances floored, minimum variance found was 2.815780e-06.
WARNING: covariance vector named 'covar0_cl0_cl0_cl0_cl0_cl0_cl1_cl0_cl0' had 3 variances floored, minimum variance found was 1.973935e-07.
WARNING: covariance vector named 'covar0_cl0_cl0_cl0_cl0_cl0_cl0_cl4' had 25 variances floored, minimum variance found was -2.323242e-06.
WARNING: covariance vector named 'covar0_cl0_cl0_cl0_cl0_cl0_cl0_cl1_cl1' had 25 variances floored, minimum variance found was -2.606900e-06.
WARNING: covariance vector named 'covar0_cl0_cl0_cl0_cl0_cl0_cl0_cl1_cl0' had 1 variances floored, minimum variance found was 2.017009e-06.
WARNING: covariance vector named 'covar0_cl0_cl0_cl0_cl0_cl0_cl0_cl0_cl4' had 25 variances floored, minimum variance found was -1.368943e-06.
WARNING: covariance vector named 'covar0_cl0_cl0_cl0_cl0_cl0_cl0_cl0_cl3' had 2 variances floored, minimum variance found was 4.309022e-07.
WARNING: covariance vector named 'covar0_cl0_cl0_cl0_cl0_cl0_cl0_cl0_cl0' had 1 variances floored, minimum variance found was 3.092085e-06.
WARNING: covariance vector named 'covar1_cl12' had 25 variances floored, minimum variance found was -8.945251e-06.
WARNING: covariance vector named 'covar1_cl8_cl0' had 24 variances floored, minimum variance found was -7.316528e-06.
WARNING: covariance vector named 'covar1_cl7_cl1' had 24 variances floored, minimum variance found was -6.555176e-06.
WARNING: covariance vector named 'covar1_cl7_cl0' had 25 variances floored, minimum variance found was -7.170776e-06.
WARNING: covariance vector named 'covar1_cl6_cl2' had 25 variances floored, minimum variance found was -6.074509e-06.
WARNING: covariance vector named 'covar1_cl6_cl1' had 25 variances floored, minimum variance found was -1.370773e-05.
WARNING: covariance vector named 'covar1_cl5_cl4' had 25 variances floored, minimum variance found was -1.010413e-05.
WARNING: covariance vector named 'covar1_cl3_cl7' had 24 variances floored, minimum variance found was -8.628296e-06.
WARNING: covariance vector named 'covar1_cl3_cl6_cl0' had 25 variances floored, minimum variance found was -7.498108e-06.
WARNING: covariance vector named 'covar1_cl3_cl2_cl1' had 24 variances floored, minimum variance found was -3.905243e-06.
WARNING: covariance vector named 'covar1_cl2_cl7' had 25 variances floored, minimum variance found was -9.609619e-06.
WARNING: covariance vector named 'covar1_cl2_cl6' had 23 variances floored, minimum variance found was -1.187286e-05.
WARNING: covariance vector named 'covar1_cl2_cl2_cl2' had 25 variances floored, minimum variance found was -7.972718e-06.
WARNING: covariance vector named 'covar1_cl2_cl1_cl0' had 23 variances floored, minimum variance found was -7.021332e-06.
WARNING: covariance vector named 'covar1_cl2_cl0_cl0' had 25 variances floored, minimum variance found was -2.858887e-05.
WARNING: covariance vector named 'covar1_cl1_cl11' had 25 variances floored, minimum variance found was -8.754578e-07.
WARNING: covariance vector named 'covar1_cl1_cl3_cl6' had 25 variances floored, minimum variance found was -2.318710e-06.
WARNING: covariance vector named 'covar1_cl1_cl3_cl5' had 25 variances floored, minimum variance found was -3.441834e-06.
WARNING: covariance vector named 'covar1_cl1_cl3_cl4' had 25 variances floored, minimum variance found was -3.691010e-06.
WARNING: covariance vector named 'covar1_cl1_cl2_cl0_cl1' had 25 variances floored, minimum variance found was -4.506470e-06.
WARNING: covariance vector named 'covar1_cl1_cl0_cl6_cl0' had 25 variances floored, minimum variance found was -5.984100e-06.
WARNING: covariance vector named 'covar1_cl1_cl0_cl3' had 1 variances floored, minimum variance found was 9.630105e-06.
WARNING: covariance vector named 'covar1_cl1_cl0_cl0_cl4' had 25 variances floored, minimum variance found was -7.023941e-06.
WARNING: covariance vector named 'covar1_cl0_cl1_cl5' had 20 variances floored, minimum variance found was -1.124060e-05.
WARNING: covariance vector named 'covar1_cl0_cl0_cl11' had 23 variances floored, minimum variance found was -1.330652e-05.
WARNING: covariance vector named 'covar1_cl0_cl0_cl8' had 21 variances floored, minimum variance found was -1.369705e-05.
WARNING: covariance vector named 'covar1_cl0_cl0_cl6_cl0' had 1 variances floored, minimum variance found was 1.657146e-06.
WARNING: covariance vector named 'covar1_cl0_cl0_cl3_cl3' had 24 variances floored, minimum variance found was -2.839545e-05.
WARNING: covariance vector named 'covar1_cl0_cl0_cl1_cl0_cl1_cl1_cl3' had 23 variances floored, minimum variance found was -5.569458e-06.
WARNING: covariance vector named 'covar1_cl0_cl0_cl0_cl9' had 22 variances floored, minimum variance found was -1.410162e-05.
WARNING: covariance vector named 'covar1_cl0_cl0_cl0_cl8' had 23 variances floored, minimum variance found was -2.593774e-05.
WARNING: covariance vector named 'covar1_cl0_cl0_cl0_cl6' had 24 variances floored, minimum variance found was -1.930350e-05.
WARNING: covariance vector named 'covar1_cl0_cl0_cl0_cl5_cl0' had 24 variances floored, minimum variance found was -9.965515e-06.
WARNING: covariance vector named 'covar1_cl0_cl0_cl0_cl3_cl1' had 25 variances floored, minimum variance found was -1.331781e-05.
WARNING: covariance vector named 'covar1_cl0_cl0_cl0_cl3_cl0' had 24 variances floored, minimum variance found was -7.584473e-06.
WARNING: covariance vector named 'covar1_cl0_cl0_cl0_cl1_cl3' had 23 variances floored, minimum variance found was -1.116333e-05.
NOTE: DPMF 'dpmf1' has 0/1 elements vanishing/splitting
Maximum number of EM iterations reached (1). Stopping
### Final time (seconds) just for EM stage: User: 0.029717, System: 0.002779, CPU 0.032496
____ PROGRAM ENDED SUCCESSFULLY WITH STATUS 0 AT Thursday August 20 2015, 12:21:56 PDT ____
