Creating Junction Tree
DONE creating Junction Tree
Loading accumulators from 'accumulators/acc_0_2_64comp.data'
WARNING: covariance vector named 'covar0' had 3 variances floored, minimum variance found was 3.264563e-08.
WARNING: covariance vector named 'covar0_cl3' had 3 variances floored, minimum variance found was 1.033857e-06.
WARNING: covariance vector named 'covar0_cl3_cl4' had 3 variances floored, minimum variance found was 2.500118e-09.
WARNING: covariance vector named 'covar0_cl3_cl3' had 3 variances floored, minimum variance found was 1.173704e-06.
WARNING: covariance vector named 'covar0_cl3_cl2' had 2 variances floored, minimum variance found was 1.288649e-06.
WARNING: covariance vector named 'covar0_cl3_cl1' had 2 variances floored, minimum variance found was 1.670645e-07.
WARNING: covariance vector named 'covar0_cl3_cl1_cl0' had 3 variances floored, minimum variance found was 1.000047e-08.
WARNING: covariance vector named 'covar0_cl3_cl0' had 2 variances floored, minimum variance found was 4.761941e-07.
WARNING: covariance vector named 'covar0_cl3_cl0_cl0' had 3 variances floored, minimum variance found was 2.175420e-06.
WARNING: covariance vector named 'covar0_cl3_cl0_cl0_cl0' had 23 variances floored, minimum variance found was -1.331381e-05.
WARNING: covariance vector named 'covar0_cl2_cl0_cl0' had 3 variances floored, minimum variance found was 2.109546e-07.
WARNING: covariance vector named 'covar0_cl2_cl0_cl0_cl1' had 3 variances floored, minimum variance found was 3.288039e-07.
WARNING: covariance vector named 'covar0_cl2_cl0_cl0_cl0' had 3 variances floored, minimum variance found was 3.870407e-07.
WARNING: covariance vector named 'covar0_cl2_cl0_cl0_cl0_cl5' had 25 variances floored, minimum variance found was -2.120499e-06.
WARNING: covariance vector named 'covar0_cl2_cl0_cl0_cl0_cl4' had 25 variances floored, minimum variance found was -1.409033e-05.
WARNING: covariance vector named 'covar0_cl2_cl0_cl0_cl0_cl3' had 2 variances floored, minimum variance found was 7.510143e-07.
WARNING: covariance vector named 'covar0_cl2_cl0_cl0_cl0_cl2' had 1 variances floored, minimum variance found was 1.513460e-06.
WARNING: covariance vector named 'covar0_cl2_cl0_cl0_cl0_cl1' had 2 variances floored, minimum variance found was 4.267092e-07.
WARNING: covariance vector named 'covar0_cl2_cl0_cl0_cl0_cl1_cl1' had 25 variances floored, minimum variance found was -7.535462e-06.
WARNING: covariance vector named 'covar0_cl2_cl0_cl0_cl0_cl1_cl0' had 2 variances floored, minimum variance found was 4.621713e-07.
WARNING: covariance vector named 'covar0_cl2_cl0_cl0_cl0_cl0' had 1 variances floored, minimum variance found was 1.923590e-06.
WARNING: covariance vector named 'covar0_cl2_cl0_cl0_cl0_cl0_cl4' had 2 variances floored, minimum variance found was 4.199999e-07.
WARNING: covariance vector named 'covar0_cl2_cl0_cl0_cl0_cl0_cl3' had 2 variances floored, minimum variance found was 8.130703e-07.
WARNING: covariance vector named 'covar0_cl2_cl0_cl0_cl0_cl0_cl2' had 3 variances floored, minimum variance found was 7.407136e-07.
WARNING: covariance vector named 'covar0_cl2_cl0_cl0_cl0_cl0_cl1' had 3 variances floored, minimum variance found was 6.332872e-08.
WARNING: covariance vector named 'covar0_cl2_cl0_cl0_cl0_cl0_cl0' had 2 variances floored, minimum variance found was 1.816047e-06.
WARNING: covariance vector named 'covar0_cl1_cl2_cl5' had 25 variances floored, minimum variance found was -5.890274e-06.
WARNING: covariance vector named 'covar0_cl1_cl1_cl1_cl4' had 25 variances floored, minimum variance found was -1.868874e-06.
WARNING: covariance vector named 'covar0_cl1_cl0_cl6' had 25 variances floored, minimum variance found was -2.323242e-06.
WARNING: covariance vector named 'covar0_cl1_cl0_cl1_cl6' had 25 variances floored, minimum variance found was -3.262817e-06.
WARNING: covariance vector named 'covar0_cl1_cl0_cl1_cl4' had 25 variances floored, minimum variance found was -3.341033e-06.
WARNING: covariance vector named 'covar0_cl1_cl0_cl1_cl1_cl2' had 25 variances floored, minimum variance found was -2.479647e-06.
WARNING: covariance vector named 'covar0_cl1_cl0_cl1_cl1_cl1' had 25 variances floored, minimum variance found was -2.804184e-06.
WARNING: covariance vector named 'covar0_cl0_cl8_cl3' had 25 variances floored, minimum variance found was -3.784542e-06.
WARNING: covariance vector named 'covar0_cl0_cl2_cl2_cl4_cl0' had 25 variances floored, minimum variance found was -3.220536e-06.
WARNING: covariance vector named 'covar0_cl0_cl2_cl1_cl3' had 25 variances floored, minimum variance found was -1.857290e-06.
WARNING: covariance vector named 'covar0_cl0_cl1_cl6_cl0' had 25 variances floored, minimum variance found was -2.551072e-07.
WARNING: covariance vector named 'covar0_cl0_cl1_cl4_cl0_cl0' had 25 variances floored, minimum variance found was -8.224387e-07.
WARNING: covariance vector named 'covar0_cl0_cl1_cl1_cl4' had 25 variances floored, minimum variance found was -3.113310e-06.
WARNING: covariance vector named 'covar0_cl0_cl1_cl1_cl0_cl2_cl0' had 25 variances floored, minimum variance found was -1.198105e-06.
WARNING: covariance vector named 'covar0_cl0_cl1_cl0_cl0_cl1_cl0' had 25 variances floored, minimum variance found was -4.737085e-07.
WARNING: covariance vector named 'covar0_cl0_cl0_cl5_cl0' had 25 variances floored, minimum variance found was -3.649330e-06.
WARNING: covariance vector named 'covar0_cl0_cl0_cl3_cl7' had 25 variances floored, minimum variance found was -1.325089e-06.
WARNING: covariance vector named 'covar0_cl0_cl0_cl2_cl7' had 25 variances floored, minimum variance found was -3.511254e-06.
WARNING: covariance vector named 'covar0_cl0_cl0_cl2_cl2_cl0' had 25 variances floored, minimum variance found was -2.735390e-06.
WARNING: covariance vector named 'covar0_cl0_cl0_cl2_cl1_cl0' had 25 variances floored, minimum variance found was -1.623289e-06.
WARNING: covariance vector named 'covar0_cl0_cl0_cl1_cl1_cl2' had 25 variances floored, minimum variance found was -1.969825e-06.
WARNING: covariance vector named 'covar0_cl0_cl0_cl1_cl0_cl6' had 25 variances floored, minimum variance found was -4.486792e-07.
WARNING: covariance vector named 'covar0_cl0_cl0_cl1_cl0_cl1_cl3' had 25 variances floored, minimum variance found was -7.235487e-07.
WARNING: covariance vector named 'covar0_cl0_cl0_cl0_cl7_cl0' had 25 variances floored, minimum variance found was -8.410425e-07.
WARNING: covariance vector named 'covar0_cl0_cl0_cl0_cl5_cl2' had 1 variances floored, minimum variance found was -1.426291e-08.
WARNING: covariance vector named 'covar0_cl0_cl0_cl0_cl3_cl0_cl2' had 25 variances floored, minimum variance found was -2.115631e-06.
WARNING: covariance vector named 'covar0_cl0_cl0_cl0_cl2_cl0_cl0' had 25 variances floored, minimum variance found was -3.223206e-06.
WARNING: covariance vector named 'covar0_cl0_cl0_cl0_cl0_cl0' had 2 variances floored, minimum variance found was 3.411189e-07.
WARNING: covariance vector named 'covar0_cl0_cl0_cl0_cl0_cl0_cl6' had 2 variances floored, minimum variance found was 1.422041e-06.
WARNING: covariance vector named 'covar0_cl0_cl0_cl0_cl0_cl0_cl5' had 3 variances floored, minimum variance found was 3.344583e-07.
WARNING: covariance vector named 'covar0_cl0_cl0_cl0_cl0_cl0_cl4' had 2 variances floored, minimum variance found was 1.044098e-06.
WARNING: covariance vector named 'covar0_cl0_cl0_cl0_cl0_cl0_cl4_cl1' had 25 variances floored, minimum variance found was -3.428406e-06.
WARNING: covariance vector named 'covar0_cl0_cl0_cl0_cl0_cl0_cl4_cl0' had 1 variances floored, minimum variance found was 1.335557e-06.
WARNING: covariance vector named 'covar0_cl0_cl0_cl0_cl0_cl0_cl3' had 2 variances floored, minimum variance found was 6.822979e-07.
WARNING: covariance vector named 'covar0_cl0_cl0_cl0_cl0_cl0_cl3_cl2' had 1 variances floored, minimum variance found was 5.062500e-06.
WARNING: covariance vector named 'covar0_cl0_cl0_cl0_cl0_cl0_cl3_cl1' had 3 variances floored, minimum variance found was 2.022222e-07.
WARNING: covariance vector named 'covar0_cl0_cl0_cl0_cl0_cl0_cl3_cl0' had 2 variances floored, minimum variance found was 1.488405e-06.
WARNING: covariance vector named 'covar0_cl0_cl0_cl0_cl0_cl0_cl3_cl0_cl0' had 25 variances floored, minimum variance found was -7.141327e-06.
WARNING: covariance vector named 'covar0_cl0_cl0_cl0_cl0_cl0_cl2' had 2 variances floored, minimum variance found was 6.434724e-07.
WARNING: covariance vector named 'covar0_cl0_cl0_cl0_cl0_cl0_cl2_cl2' had 25 variances floored, minimum variance found was -1.337769e-06.
WARNING: covariance vector named 'covar0_cl0_cl0_cl0_cl0_cl0_cl2_cl1' had 1 variances floored, minimum variance found was 2.306861e-06.
WARNING: covariance vector named 'covar0_cl0_cl0_cl0_cl0_cl0_cl2_cl0' had 3 variances floored, minimum variance found was 3.960020e-07.
WARNING: covariance vector named 'covar0_cl0_cl0_cl0_cl0_cl0_cl1' had 2 variances floored, minimum variance found was 1.026638e-06.
WARNING: covariance vector named 'covar0_cl0_cl0_cl0_cl0_cl0_cl1_cl2' had 3 variances floored, minimum variance found was 1.063595e-07.
WARNING: covariance vector named 'covar0_cl0_cl0_cl0_cl0_cl0_cl1_cl1' had 3 variances floored, minimum variance found was 2.327650e-07.
WARNING: covariance vector named 'covar0_cl0_cl0_cl0_cl0_cl0_cl1_cl0' had 1 variances floored, minimum variance found was 1.282735e-06.
WARNING: covariance vector named 'covar0_cl0_cl0_cl0_cl0_cl0_cl1_cl0_cl2' had 2 variances floored, minimum variance found was 4.224998e-07.
WARNING: covariance vector named 'covar0_cl0_cl0_cl0_cl0_cl0_cl1_cl0_cl1' had 2 variances floored, minimum variance found was 2.815781e-06.
WARNING: covariance vector named 'covar0_cl0_cl0_cl0_cl0_cl0_cl1_cl0_cl0' had 3 variances floored, minimum variance found was 1.973943e-07.
WARNING: covariance vector named 'covar0_cl0_cl0_cl0_cl0_cl0_cl0_cl4' had 25 variances floored, minimum variance found was -2.323242e-06.
WARNING: covariance vector named 'covar0_cl0_cl0_cl0_cl0_cl0_cl0_cl1_cl1' had 25 variances floored, minimum variance found was -2.607788e-06.
WARNING: covariance vector named 'covar0_cl0_cl0_cl0_cl0_cl0_cl0_cl1_cl0' had 1 variances floored, minimum variance found was 2.015568e-06.
WARNING: covariance vector named 'covar0_cl0_cl0_cl0_cl0_cl0_cl0_cl0_cl4' had 25 variances floored, minimum variance found was -1.368943e-06.
WARNING: covariance vector named 'covar0_cl0_cl0_cl0_cl0_cl0_cl0_cl0_cl3' had 2 variances floored, minimum variance found was 4.334991e-07.
WARNING: covariance vector named 'covar0_cl0_cl0_cl0_cl0_cl0_cl0_cl0_cl0' had 1 variances floored, minimum variance found was 3.091399e-06.
WARNING: covariance vector named 'covar1_cl12' had 25 variances floored, minimum variance found was -8.945251e-06.
WARNING: covariance vector named 'covar1_cl8_cl0' had 24 variances floored, minimum variance found was -7.316528e-06.
WARNING: covariance vector named 'covar1_cl7_cl1' had 24 variances floored, minimum variance found was -6.555176e-06.
WARNING: covariance vector named 'covar1_cl7_cl0' had 25 variances floored, minimum variance found was -7.170776e-06.
WARNING: covariance vector named 'covar1_cl6_cl2' had 25 variances floored, minimum variance found was -6.074509e-06.
WARNING: covariance vector named 'covar1_cl6_cl1' had 25 variances floored, minimum variance found was -1.370773e-05.
WARNING: covariance vector named 'covar1_cl5_cl4' had 25 variances floored, minimum variance found was -1.010413e-05.
WARNING: covariance vector named 'covar1_cl3_cl7' had 24 variances floored, minimum variance found was -8.628296e-06.
WARNING: covariance vector named 'covar1_cl3_cl6_cl0' had 25 variances floored, minimum variance found was -7.498108e-06.
WARNING: covariance vector named 'covar1_cl3_cl2_cl1' had 24 variances floored, minimum variance found was -3.905243e-06.
WARNING: covariance vector named 'covar1_cl2_cl7' had 25 variances floored, minimum variance found was -9.609619e-06.
WARNING: covariance vector named 'covar1_cl2_cl6' had 23 variances floored, minimum variance found was -1.187286e-05.
WARNING: covariance vector named 'covar1_cl2_cl2_cl2' had 25 variances floored, minimum variance found was -7.972718e-06.
WARNING: covariance vector named 'covar1_cl2_cl1_cl0' had 23 variances floored, minimum variance found was -7.021332e-06.
WARNING: covariance vector named 'covar1_cl2_cl0_cl0' had 25 variances floored, minimum variance found was -2.858887e-05.
WARNING: covariance vector named 'covar1_cl1_cl11' had 25 variances floored, minimum variance found was -8.754578e-07.
WARNING: covariance vector named 'covar1_cl1_cl3_cl6' had 25 variances floored, minimum variance found was -2.318710e-06.
WARNING: covariance vector named 'covar1_cl1_cl3_cl5' had 25 variances floored, minimum variance found was -3.441834e-06.
WARNING: covariance vector named 'covar1_cl1_cl3_cl4' had 25 variances floored, minimum variance found was -3.691010e-06.
WARNING: covariance vector named 'covar1_cl1_cl2_cl0_cl1' had 25 variances floored, minimum variance found was -4.506470e-06.
WARNING: covariance vector named 'covar1_cl1_cl0_cl6_cl0' had 25 variances floored, minimum variance found was -5.984100e-06.
WARNING: covariance vector named 'covar1_cl1_cl0_cl3' had 1 variances floored, minimum variance found was 9.630105e-06.
WARNING: covariance vector named 'covar1_cl1_cl0_cl0_cl4' had 25 variances floored, minimum variance found was -7.023941e-06.
WARNING: covariance vector named 'covar1_cl0_cl1_cl5' had 20 variances floored, minimum variance found was -1.124060e-05.
WARNING: covariance vector named 'covar1_cl0_cl0_cl11' had 23 variances floored, minimum variance found was -1.330652e-05.
WARNING: covariance vector named 'covar1_cl0_cl0_cl8' had 21 variances floored, minimum variance found was -1.369705e-05.
WARNING: covariance vector named 'covar1_cl0_cl0_cl6_cl0' had 1 variances floored, minimum variance found was 1.657146e-06.
WARNING: covariance vector named 'covar1_cl0_cl0_cl3_cl3' had 24 variances floored, minimum variance found was -2.839545e-05.
WARNING: covariance vector named 'covar1_cl0_cl0_cl1_cl0_cl1_cl1_cl3' had 23 variances floored, minimum variance found was -5.569458e-06.
WARNING: covariance vector named 'covar1_cl0_cl0_cl0_cl9' had 22 variances floored, minimum variance found was -1.410162e-05.
WARNING: covariance vector named 'covar1_cl0_cl0_cl0_cl8' had 23 variances floored, minimum variance found was -2.593774e-05.
WARNING: covariance vector named 'covar1_cl0_cl0_cl0_cl6' had 24 variances floored, minimum variance found was -1.930350e-05.
WARNING: covariance vector named 'covar1_cl0_cl0_cl0_cl5_cl0' had 24 variances floored, minimum variance found was -9.965515e-06.
WARNING: covariance vector named 'covar1_cl0_cl0_cl0_cl3_cl1' had 25 variances floored, minimum variance found was -1.331781e-05.
WARNING: covariance vector named 'covar1_cl0_cl0_cl0_cl3_cl0' had 24 variances floored, minimum variance found was -7.584473e-06.
WARNING: covariance vector named 'covar1_cl0_cl0_cl0_cl1_cl3' had 23 variances floored, minimum variance found was -1.116333e-05.
Maximum number of EM iterations reached (1). Stopping
### Final time (seconds) just for EM stage: User: 0.031940, System: 0.003108, CPU 0.035048
____ PROGRAM ENDED SUCCESSFULLY WITH STATUS 0 AT Thursday August 20 2015, 12:21:57 PDT ____
