Creating Junction Tree
DONE creating Junction Tree
Loading accumulators from 'accumulators/acc_0_0_64comp.data'
WARNING: covariance vector named 'covar0' had 3 variances floored, minimum variance found was 3.264569e-08.
WARNING: covariance vector named 'covar0_cl3' had 3 variances floored, minimum variance found was 1.033849e-06.
WARNING: covariance vector named 'covar0_cl3_cl4' had 3 variances floored, minimum variance found was 2.500118e-09.
WARNING: covariance vector named 'covar0_cl3_cl3' had 3 variances floored, minimum variance found was 1.173700e-06.
WARNING: covariance vector named 'covar0_cl3_cl2' had 2 variances floored, minimum variance found was 1.288734e-06.
WARNING: covariance vector named 'covar0_cl3_cl1' had 2 variances floored, minimum variance found was 1.670786e-07.
WARNING: covariance vector named 'covar0_cl3_cl1_cl0' had 3 variances floored, minimum variance found was 1.000047e-08.
WARNING: covariance vector named 'covar0_cl3_cl0' had 2 variances floored, minimum variance found was 4.761920e-07.
WARNING: covariance vector named 'covar0_cl3_cl0_cl0' had 3 variances floored, minimum variance found was 2.175422e-06.
WARNING: covariance vector named 'covar0_cl3_cl0_cl0_cl0' had 23 variances floored, minimum variance found was -1.331381e-05.
WARNING: covariance vector named 'covar0_cl2_cl0_cl0' had 3 variances floored, minimum variance found was 2.110824e-07.
WARNING: covariance vector named 'covar0_cl2_cl0_cl0_cl1' had 3 variances floored, minimum variance found was 3.288041e-07.
WARNING: covariance vector named 'covar0_cl2_cl0_cl0_cl0' had 3 variances floored, minimum variance found was 3.870414e-07.
WARNING: covariance vector named 'covar0_cl2_cl0_cl0_cl0_cl5' had 25 variances floored, minimum variance found was -2.120499e-06.
WARNING: covariance vector named 'covar0_cl2_cl0_cl0_cl0_cl4' had 25 variances floored, minimum variance found was -1.409033e-05.
WARNING: covariance vector named 'covar0_cl2_cl0_cl0_cl0_cl3' had 2 variances floored, minimum variance found was 7.511338e-07.
WARNING: covariance vector named 'covar0_cl2_cl0_cl0_cl0_cl2' had 1 variances floored, minimum variance found was 1.513833e-06.
WARNING: covariance vector named 'covar0_cl2_cl0_cl0_cl0_cl1' had 2 variances floored, minimum variance found was 4.270213e-07.
WARNING: covariance vector named 'covar0_cl2_cl0_cl0_cl0_cl1_cl1' had 25 variances floored, minimum variance found was -7.535462e-06.
WARNING: covariance vector named 'covar0_cl2_cl0_cl0_cl0_cl1_cl0' had 2 variances floored, minimum variance found was 4.621699e-07.
WARNING: covariance vector named 'covar0_cl2_cl0_cl0_cl0_cl0' had 1 variances floored, minimum variance found was 1.925208e-06.
WARNING: covariance vector named 'covar0_cl2_cl0_cl0_cl0_cl0_cl4' had 2 variances floored, minimum variance found was 4.199999e-07.
WARNING: covariance vector named 'covar0_cl2_cl0_cl0_cl0_cl0_cl3' had 2 variances floored, minimum variance found was 8.130704e-07.
WARNING: covariance vector named 'covar0_cl2_cl0_cl0_cl0_cl0_cl2' had 3 variances floored, minimum variance found was 7.407051e-07.
WARNING: covariance vector named 'covar0_cl2_cl0_cl0_cl0_cl0_cl1' had 3 variances floored, minimum variance found was 6.333217e-08.
WARNING: covariance vector named 'covar0_cl2_cl0_cl0_cl0_cl0_cl0' had 2 variances floored, minimum variance found was 1.812442e-06.
WARNING: covariance vector named 'covar0_cl1_cl2_cl5' had 25 variances floored, minimum variance found was -5.890274e-06.
WARNING: covariance vector named 'covar0_cl1_cl1_cl1_cl4' had 25 variances floored, minimum variance found was -1.868874e-06.
WARNING: covariance vector named 'covar0_cl1_cl0_cl6' had 25 variances floored, minimum variance found was -2.323242e-06.
WARNING: covariance vector named 'covar0_cl1_cl0_cl1_cl6' had 25 variances floored, minimum variance found was -3.262817e-06.
WARNING: covariance vector named 'covar0_cl1_cl0_cl1_cl4' had 25 variances floored, minimum variance found was -3.341033e-06.
WARNING: covariance vector named 'covar0_cl1_cl0_cl1_cl1_cl2' had 25 variances floored, minimum variance found was -2.479647e-06.
WARNING: covariance vector named 'covar0_cl1_cl0_cl1_cl1_cl1' had 25 variances floored, minimum variance found was -2.804184e-06.
WARNING: covariance vector named 'covar0_cl0_cl8_cl3' had 25 variances floored, minimum variance found was -3.784544e-06.
WARNING: covariance vector named 'covar0_cl0_cl2_cl2_cl4_cl0' had 25 variances floored, minimum variance found was -3.220536e-06.
WARNING: covariance vector named 'covar0_cl0_cl2_cl1_cl3' had 25 variances floored, minimum variance found was -1.857290e-06.
WARNING: covariance vector named 'covar0_cl0_cl1_cl6_cl0' had 25 variances floored, minimum variance found was -2.551072e-07.
WARNING: covariance vector named 'covar0_cl0_cl1_cl4_cl0_cl0' had 25 variances floored, minimum variance found was -8.224389e-07.
WARNING: covariance vector named 'covar0_cl0_cl1_cl1_cl4' had 25 variances floored, minimum variance found was -3.113310e-06.
WARNING: covariance vector named 'covar0_cl0_cl1_cl1_cl0_cl2_cl0' had 25 variances floored, minimum variance found was -1.198105e-06.
WARNING: covariance vector named 'covar0_cl0_cl1_cl0_cl0_cl1_cl0' had 25 variances floored, minimum variance found was -4.737085e-07.
WARNING: covariance vector named 'covar0_cl0_cl0_cl5_cl0' had 25 variances floored, minimum variance found was -3.649330e-06.
WARNING: covariance vector named 'covar0_cl0_cl0_cl3_cl7' had 25 variances floored, minimum variance found was -1.325089e-06.
WARNING: covariance vector named 'covar0_cl0_cl0_cl2_cl7' had 25 variances floored, minimum variance found was -3.514107e-06.
WARNING: covariance vector named 'covar0_cl0_cl0_cl2_cl2_cl0' had 25 variances floored, minimum variance found was -2.735390e-06.
WARNING: covariance vector named 'covar0_cl0_cl0_cl2_cl1_cl0' had 25 variances floored, minimum variance found was -1.623289e-06.
WARNING: covariance vector named 'covar0_cl0_cl0_cl1_cl1_cl2' had 25 variances floored, minimum variance found was -1.969825e-06.
WARNING: covariance vector named 'covar0_cl0_cl0_cl1_cl0_cl6' had 25 variances floored, minimum variance found was -4.486792e-07.
WARNING: covariance vector named 'covar0_cl0_cl0_cl1_cl0_cl1_cl3' had 25 variances floored, minimum variance found was -7.235487e-07.
WARNING: covariance vector named 'covar0_cl0_cl0_cl0_cl7_cl0' had 25 variances floored, minimum variance found was -8.410425e-07.
WARNING: covariance vector named 'covar0_cl0_cl0_cl0_cl5_cl2' had 1 variances floored, minimum variance found was -1.425768e-08.
WARNING: covariance vector named 'covar0_cl0_cl0_cl0_cl3_cl0_cl2' had 25 variances floored, minimum variance found was -2.115631e-06.
WARNING: covariance vector named 'covar0_cl0_cl0_cl0_cl2_cl0_cl0' had 25 variances floored, minimum variance found was -3.223206e-06.
WARNING: covariance vector named 'covar0_cl0_cl0_cl0_cl0_cl0' had 2 variances floored, minimum variance found was 3.410938e-07.
WARNING: covariance vector named 'covar0_cl0_cl0_cl0_cl0_cl0_cl6' had 2 variances floored, minimum variance found was 1.422029e-06.
WARNING: covariance vector named 'covar0_cl0_cl0_cl0_cl0_cl0_cl5' had 3 variances floored, minimum variance found was 3.344466e-07.
WARNING: covariance vector named 'covar0_cl0_cl0_cl0_cl0_cl0_cl4' had 2 variances floored, minimum variance found was 1.044100e-06.
WARNING: covariance vector named 'covar0_cl0_cl0_cl0_cl0_cl0_cl4_cl1' had 25 variances floored, minimum variance found was -3.428406e-06.
WARNING: covariance vector named 'covar0_cl0_cl0_cl0_cl0_cl0_cl4_cl0' had 1 variances floored, minimum variance found was 1.335557e-06.
WARNING: covariance vector named 'covar0_cl0_cl0_cl0_cl0_cl0_cl3' had 2 variances floored, minimum variance found was 6.819594e-07.
WARNING: covariance vector named 'covar0_cl0_cl0_cl0_cl0_cl0_cl3_cl2' had 1 variances floored, minimum variance found was 5.062500e-06.
WARNING: covariance vector named 'covar0_cl0_cl0_cl0_cl0_cl0_cl3_cl1' had 3 variances floored, minimum variance found was 2.022222e-07.
WARNING: covariance vector named 'covar0_cl0_cl0_cl0_cl0_cl0_cl3_cl0' had 2 variances floored, minimum variance found was 1.481700e-06.
WARNING: covariance vector named 'covar0_cl0_cl0_cl0_cl0_cl0_cl3_cl0_cl0' had 25 variances floored, minimum variance found was -7.141327e-06.
WARNING: covariance vector named 'covar0_cl0_cl0_cl0_cl0_cl0_cl2' had 2 variances floored, minimum variance found was 6.435088e-07.
WARNING: covariance vector named 'covar0_cl0_cl0_cl0_cl0_cl0_cl2_cl2' had 25 variances floored, minimum variance found was -1.337769e-06.
WARNING: covariance vector named 'covar0_cl0_cl0_cl0_cl0_cl0_cl2_cl1' had 1 variances floored, minimum variance found was 2.306860e-06.
WARNING: covariance vector named 'covar0_cl0_cl0_cl0_cl0_cl0_cl2_cl0' had 3 variances floored, minimum variance found was 3.959993e-07.
WARNING: covariance vector named 'covar0_cl0_cl0_cl0_cl0_cl0_cl1' had 2 variances floored, minimum variance found was 1.022828e-06.
WARNING: covariance vector named 'covar0_cl0_cl0_cl0_cl0_cl0_cl1_cl2' had 3 variances floored, minimum variance found was 1.063590e-07.
WARNING: covariance vector named 'covar0_cl0_cl0_cl0_cl0_cl0_cl1_cl1' had 3 variances floored, minimum variance found was 2.227865e-07.
WARNING: covariance vector named 'covar0_cl0_cl0_cl0_cl0_cl0_cl1_cl0' had 1 variances floored, minimum variance found was 1.335006e-06.
WARNING: covariance vector named 'covar0_cl0_cl0_cl0_cl0_cl0_cl1_cl0_cl2' had 2 variances floored, minimum variance found was 4.224998e-07.
WARNING: covariance vector named 'covar0_cl0_cl0_cl0_cl0_cl0_cl1_cl0_cl1' had 2 variances floored, minimum variance found was 2.815781e-06.
WARNING: covariance vector named 'covar0_cl0_cl0_cl0_cl0_cl0_cl1_cl0_cl0' had 3 variances floored, minimum variance found was 1.973927e-07.
WARNING: covariance vector named 'covar0_cl0_cl0_cl0_cl0_cl0_cl0_cl4' had 25 variances floored, minimum variance found was -2.323242e-06.
WARNING: covariance vector named 'covar0_cl0_cl0_cl0_cl0_cl0_cl0_cl1_cl1' had 25 variances floored, minimum variance found was -2.605867e-06.
WARNING: covariance vector named 'covar0_cl0_cl0_cl0_cl0_cl0_cl0_cl1_cl0' had 1 variances floored, minimum variance found was 2.017666e-06.
WARNING: covariance vector named 'covar0_cl0_cl0_cl0_cl0_cl0_cl0_cl0_cl4' had 23 variances floored, minimum variance found was -6.106107e-07.
WARNING: covariance vector named 'covar0_cl0_cl0_cl0_cl0_cl0_cl0_cl0_cl3' had 2 variances floored, minimum variance found was 4.404309e-07.
WARNING: covariance vector named 'covar0_cl0_cl0_cl0_cl0_cl0_cl0_cl0_cl0' had 1 variances floored, minimum variance found was 3.087096e-06.
WARNING: covariance vector named 'covar1_cl12' had 25 variances floored, minimum variance found was -8.952943e-06.
WARNING: covariance vector named 'covar1_cl8_cl0' had 24 variances floored, minimum variance found was -7.321510e-06.
WARNING: covariance vector named 'covar1_cl7_cl1' had 24 variances floored, minimum variance found was -6.559423e-06.
WARNING: covariance vector named 'covar1_cl7_cl0' had 25 variances floored, minimum variance found was -7.183747e-06.
WARNING: covariance vector named 'covar1_cl6_cl2' had 25 variances floored, minimum variance found was -6.081702e-06.
WARNING: covariance vector named 'covar1_cl6_cl1' had 25 variances floored, minimum variance found was -1.371801e-05.
WARNING: covariance vector named 'covar1_cl5_cl4' had 25 variances floored, minimum variance found was -1.011323e-05.
WARNING: covariance vector named 'covar1_cl3_cl7' had 24 variances floored, minimum variance found was -8.638256e-06.
WARNING: covariance vector named 'covar1_cl3_cl6_cl0' had 25 variances floored, minimum variance found was -7.502517e-06.
WARNING: covariance vector named 'covar1_cl3_cl2_cl1' had 24 variances floored, minimum variance found was -3.910501e-06.
WARNING: covariance vector named 'covar1_cl2_cl7' had 25 variances floored, minimum variance found was -9.619151e-06.
WARNING: covariance vector named 'covar1_cl2_cl6' had 23 variances floored, minimum variance found was -1.188294e-05.
WARNING: covariance vector named 'covar1_cl2_cl2_cl2' had 25 variances floored, minimum variance found was -7.983032e-06.
WARNING: covariance vector named 'covar1_cl2_cl1_cl0' had 23 variances floored, minimum variance found was -7.034027e-06.
WARNING: covariance vector named 'covar1_cl2_cl0_cl0' had 25 variances floored, minimum variance found was -2.860384e-05.
WARNING: covariance vector named 'covar1_cl1_cl11' had 25 variances floored, minimum variance found was -8.763116e-07.
WARNING: covariance vector named 'covar1_cl1_cl3_cl6' had 25 variances floored, minimum variance found was -2.321482e-06.
WARNING: covariance vector named 'covar1_cl1_cl3_cl5' had 25 variances floored, minimum variance found was -3.444862e-06.
WARNING: covariance vector named 'covar1_cl1_cl3_cl4' had 25 variances floored, minimum variance found was -3.697768e-06.
WARNING: covariance vector named 'covar1_cl1_cl2_cl0_cl1' had 25 variances floored, minimum variance found was -4.512786e-06.
WARNING: covariance vector named 'covar1_cl1_cl0_cl6_cl0' had 25 variances floored, minimum variance found was -5.988737e-06.
WARNING: covariance vector named 'covar1_cl1_cl0_cl3' had 1 variances floored, minimum variance found was 9.627388e-06.
WARNING: covariance vector named 'covar1_cl1_cl0_cl0_cl4' had 25 variances floored, minimum variance found was -7.028392e-06.
WARNING: covariance vector named 'covar1_cl0_cl1_cl5' had 20 variances floored, minimum variance found was -1.124974e-05.
WARNING: covariance vector named 'covar1_cl0_cl0_cl11' had 23 variances floored, minimum variance found was -1.331626e-05.
WARNING: covariance vector named 'covar1_cl0_cl0_cl8' had 21 variances floored, minimum variance found was -1.371131e-05.
WARNING: covariance vector named 'covar1_cl0_cl0_cl6_cl0' had 1 variances floored, minimum variance found was 1.656098e-06.
WARNING: covariance vector named 'covar1_cl0_cl0_cl3_cl3' had 24 variances floored, minimum variance found was -2.841118e-05.
WARNING: covariance vector named 'covar1_cl0_cl0_cl1_cl0_cl1_cl1_cl3' had 23 variances floored, minimum variance found was -5.573719e-06.
WARNING: covariance vector named 'covar1_cl0_cl0_cl0_cl9' had 22 variances floored, minimum variance found was -1.411156e-05.
WARNING: covariance vector named 'covar1_cl0_cl0_cl0_cl8' had 23 variances floored, minimum variance found was -2.596016e-05.
WARNING: covariance vector named 'covar1_cl0_cl0_cl0_cl6' had 24 variances floored, minimum variance found was -1.932784e-05.
WARNING: covariance vector named 'covar1_cl0_cl0_cl0_cl5_cl0' had 24 variances floored, minimum variance found was -9.976418e-06.
WARNING: covariance vector named 'covar1_cl0_cl0_cl0_cl3_cl1' had 25 variances floored, minimum variance found was -1.332828e-05.
WARNING: covariance vector named 'covar1_cl0_cl0_cl0_cl3_cl0' had 24 variances floored, minimum variance found was -7.590979e-06.
WARNING: covariance vector named 'covar1_cl0_cl0_cl0_cl1_cl3' had 23 variances floored, minimum variance found was -1.117511e-05.
NOTE: DPMF 'dpmf1' has 0/2 elements vanishing/splitting
Maximum number of EM iterations reached (1). Stopping
### Final time (seconds) just for EM stage: User: 0.029782, System: 0.002807, CPU 0.032589
____ PROGRAM ENDED SUCCESSFULLY WITH STATUS 0 AT Thursday August 20 2015, 12:21:56 PDT ____
